"<Event xmlns='http://schemas.microsoft.com/win/2004/08/events/event'><System><Provider Name='Microsoft-Windows-Security-Auditing' Guid='{54849625-5478-4994-a5ba-3e3b0328c30d}'/><EventID>5059</EventID><Version>1</Version><Level>0</Level><Task>12292</Task><Opcode>0</Opcode><Keywords>0x8020000000000000</Keywords><TimeCreated SystemTime='2022-10-24T14:04:18.3653405Z'/><EventRecordID>20031</EventRecordID><Correlation ActivityID='{8268e5b5-e7e9-0000-1be6-6882e9e7d801}'/><Execution ProcessID='660' ThreadID='748'/><Channel>Security</Channel><Computer>vagrant-10</Computer><Security/></System><EventData><Data Name='SubjectUserSid'>S-1-5-18</Data><Data Name='SubjectUserName'>VAGRANT-10$</Data><Data Name='SubjectDomainName'>WORKGROUP</Data><Data Name='SubjectLogonId'>0x3e7</Data><Data Name='ClientProcessId'>384</Data><Data Name='ClientCreationTime'>2022-10-24T20:45:50.2044542Z</Data><Data Name='ProviderName'>Microsoft Software Key Storage Provider</Data><Data Name='AlgorithmName'>RSA</Data><Data Name='KeyName'>4df1daa9-d8f8-bc26-7c8d-ae64f563cfde</Data><Data Name='KeyType'>%%2500</Data><Data Name='Operation'>%%2464</Data><Data Name='ReturnCode'>0x0</Data></EventData><RenderingInfo Culture='en-US'><Message>Key migration operation.

Subject:
	Security ID:		S-1-5-18
	Account Name:		VAGRANT-10$
	Account Domain:		WORKGROUP
	Logon ID:		0x3E7

Process Information:
	Process ID:		384
	Process Creation Time:	‎2022‎-‎10‎-‎24T20:45:50.204454200Z

Cryptographic Parameters:
	Provider Name:	Microsoft Software Key Storage Provider
	Algorithm Name:	RSA
	Key Name:	4df1daa9-d8f8-bc26-7c8d-ae64f563cfde
	Key Type:	User key.

Additional Information:
	Operation:	Export of persistent cryptographic key.
	Return Code:	0x0</Message><Level>Information</Level><Task>Other System Events</Task><Opcode>Info</Opcode><Channel>Security</Channel><Provider>Microsoft Windows security auditing.</Provider><Keywords><Keyword>Audit Success</Keyword></Keywords></RenderingInfo></Event>"
"<Event xmlns='http://schemas.microsoft.com/win/2004/08/events/event'><System><Provider Name='Microsoft-Windows-Security-Auditing' Guid='{54849625-5478-4994-a5ba-3e3b0328c30d}'/><EventID>5061</EventID><Version>0</Version><Level>0</Level><Task>12290</Task><Opcode>0</Opcode><Keywords>0x8020000000000000</Keywords><TimeCreated SystemTime='2022-10-24T14:04:18.3643755Z'/><EventRecordID>20028</EventRecordID><Correlation ActivityID='{8268e5b5-e7e9-0000-1be6-6882e9e7d801}'/><Execution ProcessID='660' ThreadID='748'/><Channel>Security</Channel><Computer>vagrant-10</Computer><Security/></System><EventData><Data Name='SubjectUserSid'>S-1-5-18</Data><Data Name='SubjectUserName'>VAGRANT-10$</Data><Data Name='SubjectDomainName'>WORKGROUP</Data><Data Name='SubjectLogonId'>0x3e7</Data><Data Name='ProviderName'>Microsoft Software Key Storage Provider</Data><Data Name='AlgorithmName'>RSA</Data><Data Name='KeyName'>4df1daa9-d8f8-bc26-7c8d-ae64f563cfde</Data><Data Name='KeyType'>%%2500</Data><Data Name='Operation'>%%2480</Data><Data Name='ReturnCode'>0x0</Data></EventData><RenderingInfo Culture='en-US'><Message>Cryptographic operation.

Subject:
	Security ID:		S-1-5-18
	Account Name:		VAGRANT-10$
	Account Domain:		WORKGROUP
	Logon ID:		0x3E7

Cryptographic Parameters:
	Provider Name:	Microsoft Software Key Storage Provider
	Algorithm Name:	RSA
	Key Name:	4df1daa9-d8f8-bc26-7c8d-ae64f563cfde
	Key Type:	User key.

Cryptographic Operation:
	Operation:	Open Key.
	Return Code:	0x0</Message><Level>Information</Level><Task>System Integrity</Task><Opcode>Info</Opcode><Channel>Security</Channel><Provider>Microsoft Windows security auditing.</Provider><Keywords><Keyword>Audit Success</Keyword></Keywords></RenderingInfo></Event>"
"<Event xmlns='http://schemas.microsoft.com/win/2004/08/events/event'><System><Provider Name='Microsoft-Windows-Security-Auditing' Guid='{54849625-5478-4994-a5ba-3e3b0328c30d}'/><EventID>5058</EventID><Version>1</Version><Level>0</Level><Task>12292</Task><Opcode>0</Opcode><Keywords>0x8020000000000000</Keywords><TimeCreated SystemTime='2022-10-24T14:04:18.3648565Z'/><EventRecordID>20029</EventRecordID><Correlation ActivityID='{8268e5b5-e7e9-0000-1be6-6882e9e7d801}'/><Execution ProcessID='660' ThreadID='748'/><Channel>Security</Channel><Computer>vagrant-10</Computer><Security/></System><EventData><Data Name='SubjectUserSid'>S-1-5-18</Data><Data Name='SubjectUserName'>VAGRANT-10$</Data><Data Name='SubjectDomainName'>WORKGROUP</Data><Data Name='SubjectLogonId'>0x3e7</Data><Data Name='ClientProcessId'>384</Data><Data Name='ClientCreationTime'>2022-10-24T20:45:50.2044542Z</Data><Data Name='ProviderName'>Microsoft Software Key Storage Provider</Data><Data Name='AlgorithmName'>UNKNOWN</Data><Data Name='KeyName'>4df1daa9-d8f8-bc26-7c8d-ae64f563cfde</Data><Data Name='KeyType'>%%2500</Data><Data Name='KeyFilePath'>C:\ProgramData\Microsoft\Crypto\SystemKeys\1aa135d237be4945f94c882756764c98_ef486c7a-d018-43ce-bc87-fd5ce10088a9</Data><Data Name='Operation'>%%2458</Data><Data Name='ReturnCode'>0x0</Data></EventData><RenderingInfo Culture='en-US'><Message>Key file operation.

Subject:
	Security ID:		S-1-5-18
	Account Name:		VAGRANT-10$
	Account Domain:		WORKGROUP
	Logon ID:		0x3E7

Process Information:
	Process ID:		384
	Process Creation Time:	‎2022‎-‎10‎-‎24T20:45:50.204454200Z

Cryptographic Parameters:
	Provider Name:	Microsoft Software Key Storage Provider
	Algorithm Name:	UNKNOWN
	Key Name:	4df1daa9-d8f8-bc26-7c8d-ae64f563cfde
	Key Type:	User key.

Key File Operation Information:
	File Path:	C:\ProgramData\Microsoft\Crypto\SystemKeys\1aa135d237be4945f94c882756764c98_ef486c7a-d018-43ce-bc87-fd5ce10088a9
	Operation:	Read persisted key from file.
	Return Code:	0x0</Message><Level>Information</Level><Task>Other System Events</Task><Opcode>Info</Opcode><Channel>Security</Channel><Provider>Microsoft Windows security auditing.</Provider><Keywords><Keyword>Audit Success</Keyword></Keywords></RenderingInfo></Event>"
"<Event xmlns='http://schemas.microsoft.com/win/2004/08/events/event'><System><Provider Name='Microsoft-Windows-Security-Auditing' Guid='{54849625-5478-4994-a5ba-3e3b0328c30d}'/><EventID>5058</EventID><Version>1</Version><Level>0</Level><Task>12292</Task><Opcode>0</Opcode><Keywords>0x8020000000000000</Keywords><TimeCreated SystemTime='2022-10-24T14:04:18.3637508Z'/><EventRecordID>20027</EventRecordID><Correlation ActivityID='{8268e5b5-e7e9-0000-1be6-6882e9e7d801}'/><Execution ProcessID='660' ThreadID='748'/><Channel>Security</Channel><Computer>vagrant-10</Computer><Security/></System><EventData><Data Name='SubjectUserSid'>S-1-5-18</Data><Data Name='SubjectUserName'>VAGRANT-10$</Data><Data Name='SubjectDomainName'>WORKGROUP</Data><Data Name='SubjectLogonId'>0x3e7</Data><Data Name='ClientProcessId'>384</Data><Data Name='ClientCreationTime'>2022-10-24T20:45:50.2044542Z</Data><Data Name='ProviderName'>Microsoft Software Key Storage Provider</Data><Data Name='AlgorithmName'>UNKNOWN</Data><Data Name='KeyName'>4df1daa9-d8f8-bc26-7c8d-ae64f563cfde</Data><Data Name='KeyType'>%%2500</Data><Data Name='KeyFilePath'>C:\ProgramData\Microsoft\Crypto\SystemKeys\1aa135d237be4945f94c882756764c98_ef486c7a-d018-43ce-bc87-fd5ce10088a9</Data><Data Name='Operation'>%%2458</Data><Data Name='ReturnCode'>0x0</Data></EventData><RenderingInfo Culture='en-US'><Message>Key file operation.

Subject:
	Security ID:		S-1-5-18
	Account Name:		VAGRANT-10$
	Account Domain:		WORKGROUP
	Logon ID:		0x3E7

Process Information:
	Process ID:		384
	Process Creation Time:	‎2022‎-‎10‎-‎24T20:45:50.204454200Z

Cryptographic Parameters:
	Provider Name:	Microsoft Software Key Storage Provider
	Algorithm Name:	UNKNOWN
	Key Name:	4df1daa9-d8f8-bc26-7c8d-ae64f563cfde
	Key Type:	User key.

Key File Operation Information:
	File Path:	C:\ProgramData\Microsoft\Crypto\SystemKeys\1aa135d237be4945f94c882756764c98_ef486c7a-d018-43ce-bc87-fd5ce10088a9
	Operation:	Read persisted key from file.
	Return Code:	0x0</Message><Level>Information</Level><Task>Other System Events</Task><Opcode>Info</Opcode><Channel>Security</Channel><Provider>Microsoft Windows security auditing.</Provider><Keywords><Keyword>Audit Success</Keyword></Keywords></RenderingInfo></Event>"
"<Event xmlns='http://schemas.microsoft.com/win/2004/08/events/event'><System><Provider Name='Microsoft-Windows-Security-Auditing' Guid='{54849625-5478-4994-a5ba-3e3b0328c30d}'/><EventID>5379</EventID><Version>0</Version><Level>0</Level><Task>13824</Task><Opcode>0</Opcode><Keywords>0x8020000000000000</Keywords><TimeCreated SystemTime='2022-10-24T14:04:18.3560280Z'/><EventRecordID>20024</EventRecordID><Correlation ActivityID='{8268e5b5-e7e9-0000-1be6-6882e9e7d801}'/><Execution ProcessID='660' ThreadID='748'/><Channel>Security</Channel><Computer>vagrant-10</Computer><Security/></System><EventData><Data Name='SubjectUserSid'>S-1-5-18</Data><Data Name='SubjectUserName'>VAGRANT-10$</Data><Data Name='SubjectDomainName'>WORKGROUP</Data><Data Name='SubjectLogonId'>0x3e7</Data><Data Name='TargetName'>WindowsLive:(token):name=02qbubtnkdphetbe;serviceuri=*</Data><Data Name='Type'>0</Data><Data Name='CountOfCredentialsReturned'>0</Data><Data Name='ReadOperation'>%%8100</Data><Data Name='ReturnCode'>3221226021</Data><Data Name='ProcessCreationTime'>2022-10-24T20:45:50.2044542Z</Data><Data Name='ClientProcessId'>384</Data></EventData><RenderingInfo Culture='en-US'><Message>Credential Manager credentials were read.

Subject:
	Security ID:		S-1-5-18
	Account Name:		VAGRANT-10$
	Account Domain:		WORKGROUP
	Logon ID:		0x3E7
	Read Operation:		Enumerate Credentials

This event occurs when a user performs a read operation on stored credentials in Credential Manager.</Message><Level>Information</Level><Task>User Account Management</Task><Opcode>Info</Opcode><Channel>Security</Channel><Provider>Microsoft Windows security auditing.</Provider><Keywords><Keyword>Audit Success</Keyword></Keywords></RenderingInfo></Event>"
"<Event xmlns='http://schemas.microsoft.com/win/2004/08/events/event'><System><Provider Name='Microsoft-Windows-Security-Auditing' Guid='{54849625-5478-4994-a5ba-3e3b0328c30d}'/><EventID>5379</EventID><Version>0</Version><Level>0</Level><Task>13824</Task><Opcode>0</Opcode><Keywords>0x8020000000000000</Keywords><TimeCreated SystemTime='2022-10-24T14:04:18.3563691Z'/><EventRecordID>20025</EventRecordID><Correlation ActivityID='{8268e5b5-e7e9-0000-1be6-6882e9e7d801}'/><Execution ProcessID='660' ThreadID='748'/><Channel>Security</Channel><Computer>vagrant-10</Computer><Security/></System><EventData><Data Name='SubjectUserSid'>S-1-5-18</Data><Data Name='SubjectUserName'>VAGRANT-10$</Data><Data Name='SubjectDomainName'>WORKGROUP</Data><Data Name='SubjectLogonId'>0x3e7</Data><Data Name='TargetName'>WindowsLive:(cert):name=02qbubtnkdphetbe;serviceuri=*</Data><Data Name='Type'>0</Data><Data Name='CountOfCredentialsReturned'>0</Data><Data Name='ReadOperation'>%%8100</Data><Data Name='ReturnCode'>3221226021</Data><Data Name='ProcessCreationTime'>2022-10-24T20:45:50.2044542Z</Data><Data Name='ClientProcessId'>384</Data></EventData><RenderingInfo Culture='en-US'><Message>Credential Manager credentials were read.

Subject:
	Security ID:		S-1-5-18
	Account Name:		VAGRANT-10$
	Account Domain:		WORKGROUP
	Logon ID:		0x3E7
	Read Operation:		Enumerate Credentials

This event occurs when a user performs a read operation on stored credentials in Credential Manager.</Message><Level>Information</Level><Task>User Account Management</Task><Opcode>Info</Opcode><Channel>Security</Channel><Provider>Microsoft Windows security auditing.</Provider><Keywords><Keyword>Audit Success</Keyword></Keywords></RenderingInfo></Event>"
"<Event xmlns='http://schemas.microsoft.com/win/2004/08/events/event'><System><Provider Name='Microsoft-Windows-Security-Auditing' Guid='{54849625-5478-4994-a5ba-3e3b0328c30d}'/><EventID>5379</EventID><Version>0</Version><Level>0</Level><Task>13824</Task><Opcode>0</Opcode><Keywords>0x8020000000000000</Keywords><TimeCreated SystemTime='2022-10-24T14:04:18.3564544Z'/><EventRecordID>20026</EventRecordID><Correlation ActivityID='{8268e5b5-e7e9-0000-1be6-6882e9e7d801}'/><Execution ProcessID='660' ThreadID='748'/><Channel>Security</Channel><Computer>vagrant-10</Computer><Security/></System><EventData><Data Name='SubjectUserSid'>S-1-5-18</Data><Data Name='SubjectUserName'>VAGRANT-10$</Data><Data Name='SubjectDomainName'>WORKGROUP</Data><Data Name='SubjectLogonId'>0x3e7</Data><Data Name='TargetName'>WindowsLive:target=virtualapp/didlogical</Data><Data Name='Type'>0</Data><Data Name='CountOfCredentialsReturned'>0</Data><Data Name='ReadOperation'>%%8100</Data><Data Name='ReturnCode'>3221226021</Data><Data Name='ProcessCreationTime'>2022-10-24T20:45:50.2044542Z</Data><Data Name='ClientProcessId'>384</Data></EventData><RenderingInfo Culture='en-US'><Message>Credential Manager credentials were read.

Subject:
	Security ID:		S-1-5-18
	Account Name:		VAGRANT-10$
	Account Domain:		WORKGROUP
	Logon ID:		0x3E7
	Read Operation:		Enumerate Credentials

This event occurs when a user performs a read operation on stored credentials in Credential Manager.</Message><Level>Information</Level><Task>User Account Management</Task><Opcode>Info</Opcode><Channel>Security</Channel><Provider>Microsoft Windows security auditing.</Provider><Keywords><Keyword>Audit Success</Keyword></Keywords></RenderingInfo></Event>"
