icrosoft-Windows-Sysmon","x86_64","vagrant-10","ef486c7a-d018-43ce-bc87-fd5ce10088a9","fe80::650c:205f:e854:a4c3, 192.168.103.3","08:00:27:e3:04:fd","vagrant-10","19043.1348",windows,"10.0.19041.1348 (WinBuild.160101.0800)","Windows 10 Enterprise Evaluation","Windows 10 Enterprise Evaluation",windows,windows,"10.0",information,"File created:
RuleName: DLL
UtcTime: 2022-10-24 14:05:07.044
ProcessGuid: {ef486c7a-9b92-6356-3201-000000001500}
ProcessId: 1424
Image: C:\Windows\SysWOW64\crypt.exe
TargetFilename: C:\Windows\Temp\_MEI14242\api-ms-win-core-rtlsupport-l1-1-0.dll
CreationUtcTime: 2022-10-24 14:05:07.044
User: NT AUTHORITY\SYSTEM","-",wineventlog,"Microsoft-Windows-Sysmon/Operational","vagrant-10","-","-","-","-","-","-","-","-","-","2022-10-24 14:05:07.044","-","-","-","-","-","-","-","-","-","-","-","-","C:\Windows\SysWOW64\crypt.exe","-","-","-","-","-","-","-","-","-","-","-","-","-","-","-","-","-","-","-","-","-","-","-","-","-","-","-","{ef486c7a-9b92-6356-3201-000000001500}",1424,"-","-","-","-","-","-","-","-","-","-",DLL,"-","-","-","-","-","-","-","-","-","-","-","-","-","-","-","-","-","-","-","-","-","-","C:\Windows\Temp\_MEI14242\api-ms-win-core-rtlsupport-l1-1-0.dll","-","-","-","-","-","-","-","-","-","-","-","-","-","-","-","NT AUTHORITY\SYSTEM","2022-10-24 14:05:07.044","-","-","-","-","-","-","-","-","-","-","-","-","-","-","-","-","-","-","-","-","-",11,"-",Info,"2,064","3,220","{5770385f-c22a-43e0-bf4c-06f5698ffbd9}","Microsoft-Windows-Sysmon",1808,"File created (rule: FileCreate)","NT AUTHORITY","S-1-5-18",SYSTEM,User,2
"Oct 24, 2022 @ 22:05:07.046","cfJPCoQBQo9Iz8vx2_xz",".ds-winlogbeat-8.4.3-2022.10.17-000001","-","8d24c149-a762-44f9-ba0d-58433a72abc0","vagrant-10","24130491-308c-4270-b613-e4ed7c62ad4a","vagrant-10",winlogbeat,"8.4.3","8.0.0","File created (rule: FileCreate)",11,"Oct 24, 2022 @ 22:05:07.918",event,"<Event xmlns='http://schemas.microsoft.com/win/2004/08/events/event'><System><Provider Name='Microsoft-Windows-Sysmon' Guid='{5770385f-c22a-43e0-bf4c-06f5698ffbd9}'/><EventID>11</EventID><Version>2</Version><Level>4</Level><Task>11</Task><Opcode>0</Opcode><Keywords>0x8000000000000000</Keywords><TimeCreated SystemTime='2022-10-24T14:05:07.0465978Z'/><EventRecordID>1809</EventRecordID><Correlation/><Execution ProcessID='2064' ThreadID='3220'/><Channel>Microsoft-Windows-Sysmon/Operational</Channel><Computer>vagrant-10</Computer><Security UserID='S-1-5-18'/></System><EventData><Data Name='RuleName'>DLL</Data><Data Name='UtcTime'>2022-10-24 14:05:07.044</Data><Data Name='ProcessGuid'>{ef486c7a-9b92-6356-3201-000000001500}</Data><Data Name='ProcessId'>1424</Data><Data Name='Image'>C:\Windows\SysWOW64\crypt.exe</Data><Data Name='TargetFilename'>C:\Windows\Temp\_MEI14242\api-ms-win-core-string-l1-1-0.dll</Data><Data Name='CreationUtcTime'>2022-10-24 14:05:07.044</Data><Data Name='User'>NT AUTHORITY\SYSTEM</Data></EventData><RenderingInfo Culture='en-US'><Message>File created:
RuleName: DLL
UtcTime: 2022-10-24 14:05:07.044
ProcessGuid: {ef486c7a-9b92-6356-3201-000000001500}
ProcessId: 1424
Image: C:\Windows\SysWOW64\crypt.exe
TargetFilename: C:\Windows\Temp\_MEI14242\api-ms-win-core-string-l1-1-0.dll
CreationUtcTime: 2022-10-24 14:05:07.044
User: NT AUTHORITY\SYSTEM</Message><Level>Information</Level><Task>File created (rule: FileCreate)</Task><Opcode>Info</Opcode><Channel></Channel><Provider></Provider><Keywords></Keywords></RenderingInfo></Event>","-","Microsoft-Windows-Sysmon","x86_64","vagrant-10","ef486c7a-d018-43ce-bc87-fd5ce10088a9","fe80::650c:205f:e854:a4c3, 192.168.103.3","08:00:27:e3:04:fd","vagrant-10","19043.1348",windows,"10.0.19041.1348 (WinBuild.160101.0800)","Windows 10 Enterprise Evaluation","Windows 10 Enterprise Evaluation",windows,windows,"10.0",information,"File created:
RuleName: DLL
UtcTime: 2022-10-24 14:05:07.044
ProcessGuid: {ef486c7a-9b92-6356-3201-000000001500}
ProcessId: 1424
Image: C:\Windows\SysWOW64\crypt.exe
TargetFilename: C:\Windows\Temp\_MEI14242\api-ms-win-core-string-l1-1-0.dll
CreationUtcTime: 2022-10-24 14:05:07.044
User: NT AUTHORITY\SYSTEM","-",wineventlog,"Microsoft-Windows-Sysmon/Operational","vagrant-10","-","-","-","-","-","-","-","-","-","2022-10-24 14:05:07.044","-","-","-","-","-","-","-","-","-","-","-","-","C:\Windows\SysWOW64\crypt.exe","-","-","-","-","-","-","-","-","-","-","-","-","-","-","-","-","-","-","-","-","-","-","-","-","-","-","-","{ef486c7a-9b92-6356-3201-000000001500}",1424,"-","-","-","-","-","-","-","-","-","-",DLL,"-","-","-","-","-","-","-","-","-","-","-","-","-","-","-","-","-","-","-","-","-","-","C:\Windows\Temp\_MEI14242\api-ms-win-core-string-l1-1-0.dll","-","-","-","-","-","-","-","-","-","-","-","-","-","-","-","NT AUTHORITY\SYSTEM","2022-10-24 14:05:07.044","-","-","-","-","-","-","-","-","-","-","-","-","-","-","-","-","-","-","-","-","-",11,"-",Info,"2,064","3,220","{5770385f-c22a-43e0-bf4c-06f5698ffbd9}","Microsoft-Windows-Sysmon",1809,"File created (rule: FileCreate)","NT AUTHORITY","S-1-5-18",SYSTEM,User,2
"Oct 24, 2022 @ 22:05:07.045","OvJPCoQBQo9Iz8vx2_xj",".ds-winlogbeat-8.4.3-2022.10.17-000001","-","8d24c149-a762-44f9-ba0d-58433a72abc0","vagrant-10","24130491-308c-4270-b613-e4ed7c62ad4a","vagrant-10",winlogbeat,"8.4.3","8.0.0","File created (rule: FileCreate)",11,"Oct 24, 2022 @ 22:05:07.916",event,"<Event xmlns='http://schemas.microsoft.com/win/2004/08/events/event'><System><Provider Name='Microsoft-Windows-Sysmon' Guid='{5770385f-c22a-43e0-bf4c-06f5698ffbd9}'/><EventID>11</EventID><Version>2</Version><Level>4</Level><Task>11</Task><Opcode>0</Opcode><Keywords>0x8000000000000000</Keywords><TimeCreated SystemTime='2022-10-24T14:05:07.0451139Z'/><EventRecordID>1805</EventRecordID><Correlation/><Execution ProcessID='2064' ThreadID='3220'/><Channel>Microsoft-Windows-Sysmon/Operational</Channel><Computer>vagrant-10</Computer><Security UserID='S-1-5-18'/></System><EventData><Data Name='RuleName'>DLL</Data><Data Name='UtcTime'>2022-10-24 14:05:07.044</Data><Data Name='ProcessGuid'>{ef486c7a-9b92-6356-3201-000000001500}</Data><Data Name='ProcessId'>1424</Data><Data Name='Image'>C:\Windows\SysWOW64\crypt.exe</Data><Data Name='TargetFilename'>C:\Windows\Temp\_MEI14242\api-ms-win-core-processthreads-l1-1-0.dll</Data><Data Name='CreationUtcTime'>2022-10-24 14:05:07.044</Data><Data Name='User'>NT AUTHORITY\SYSTEM</Data></EventData><RenderingInfo Culture='en-US'><Message>File created:
RuleName: DLL
UtcTime: 2022-10-24 14:05:07.044
ProcessGuid: {ef486c7a-9b92-6356-3201-000000001500}
ProcessId: 1424
Image: C:\Windows\SysWOW64\crypt.exe
TargetFilename: C:\Windows\Temp\_MEI14242\api-ms-win-core-processthreads-l1-1-0.dll
CreationUtcTime: 2022-10-24 14:05:07.044
User: NT AUTHORITY\SYSTEM</Message><Level>Information</Level><Task>File created (rule: FileCreate)</Task><Opcode>Info</Opcode><Channel></Channel><Provider></Provider><Keywords></Keywords></RenderingInfo></Event>","-","Microsoft-Windows-Sysmon","x86_64","vagrant-10","ef486c7a-d018-43ce-bc87-fd5ce10088a9","fe80::650c:205f:e854:a4c3, 192.168.103.3","08:00:27:e3:04:fd","vagrant-10","19043.1348",windows,"10.0.19041.1348 (WinBuild.160101.0800)","Windows 10 Enterprise Evaluation","Windows 10 Enterprise Evaluation",windows,windows,"10.0",information,"File created:
RuleName: DLL
UtcTime: 2022-10-24 14:05:07.044
ProcessGuid: {ef486c7a-9b92-6356-3201-000000001500}
ProcessId: 1424
Image: C:\Windows\SysWOW64\crypt.exe
TargetFilename: C:\Windows\Temp\_MEI14242\api-ms-win-core-processthreads-l1-1-0.dll
CreationUtcTime: 2022-10-24 14:05:07.044
User: NT AUTHORITY\SYSTEM","-",wineventlog,"Microsoft-Windows-Sysmon/Operational","vagrant-10","-","-","-","-","-","-","-","-","-","2022-10-24 14:05:07.044","-","-","-","-","-","-","-","-","-","-","-","-","C:\Windows\SysWOW64\crypt.exe","-","-","-","-","-","-","-","-","-","-","-","-","-","-","-","-","-","-","-","-","-","-","-","-","-","-","-","{ef486c7a-9b92-6356-3201-000000001500}",1424,"-","-","-","-","-","-","-","-","-","-",DLL,"-","-","-","-","-","-","-","-","-","-","-","-","-","-","-","-","-","-","-","-","-","-","C:\Windows\Temp\_MEI14242\api-ms-win-core-processthreads-l1-1-0.dll","-","-","-","-","-","-","-","-","-","-","-","-","-","-","-","NT AUTHORITY\SYSTEM","2022-10-24 14:05:07.044","-","-","-","-","-","-","-","-","-","-","-","-","-","-","-","-","-","-","-","-","-",11,"-",Info,"2,064","3,220","{5770385f-c22a-43e0-bf4c-06f5698ffbd9}","Microsoft-Windows-Sysmon",1805,"File created (rule: FileCreate)","NT AUTHORITY","S-1-5-18",SYSTEM,User,2
"Oct 24, 2022 @ 22:05:07.045","O_JPCoQBQo9Iz8vx2_xj",".ds-winlogbeat-8.4.3-2022.10.17-000001","-","8d24c149-a762-44f9-ba0d-58433a72abc0","vagrant-10","24130491-308c-4270-b613-e4ed7c62ad4a","vagrant-10",winlogbeat,"8.4.3","8.0.0","File created (rule: FileCreate)",11,"Oct 24, 2022 @ 22:05:07.916",event,"<Event xmlns='http://schemas.microsoft.com/win/2004/08/events/event'><System><Provider Name='Microsoft-Windows-Sysmon' Guid='{5770385f-c22a-43e0-bf4c-06f5698ffbd9}'/><EventID>11</EventID><Version>2</Version><Level>4</Level><Task>11</Task><Opcode>0</Opcode><Keywords>0x8000000000000000</Keywords><TimeCreated SystemTime='2022-10-24T14:05:07.0451323Z'/><EventRecordID>1806</EventRecordID><Correlation/><Execution ProcessID='2064' ThreadID='3220'/><Channel>Microsoft-Windows-Sysmon/Operational</Channel><Computer>vagrant-10</Computer><Security UserID='S-1-5-18'/></System><EventData><Data Name='RuleName'>DLL</Data><Data Name='UtcTime'>2022-10-24 14:05:07.044</Data><Data Name='ProcessGuid'>{ef486c7a-9b92-6356-3201-000000001500}</Data><Data Name='ProcessId'>1424</Data><Data Name='Image'>C:\Windows\SysWOW64\crypt.exe</Data><Data Name='TargetFilename'>C:\Windows\Temp\_MEI14242\api-ms-win-core-processthreads-l1-1-1.dll</Data><Data Name='CreationUtcTime'>2022-10-24 14:05:07.044</Data><Data Name='User'>NT AUTHORITY\SYSTEM</Data></EventData><RenderingInfo Culture='en-US'><Message>File created:
RuleName: DLL
UtcTime: 2022-10-24 14:05:07.044
ProcessGuid: {ef486c7a-9b92-6356-3201-000000001500}
ProcessId: 1424
Image: C:\Windows\SysWOW64\crypt.exe
TargetFilename: C:\Windows\Temp\_MEI14242\api-ms-win-core-processthreads-l1-1-1.dll
CreationUtcTime: 2022-10-24 14:05:07.044
User: NT AUTHORITY\SYSTEM</Message><Level>Information</Level><Task>File created (rule: FileCreate)</Task><Opcode>Info</Opcode><Channel></Channel><Provider></Provider><Keywords></Keywords></RenderingInfo></Event>","-","Microsoft-Windows-Sysmon","x86_64","vagrant-10","ef486c7a-d018-43ce-bc87-fd5ce10088a9","fe80::650c:205f:e854:a4c3, 192.168.103.3","08:00:27:e3:04:fd","vagrant-10","19043.1348",windows,"10.0.19041.1348 (WinBuild.160101.0800)","Windows 10 Enterprise Evaluation","Windows 10 Enterprise Evaluation",windows,windows,"10.0",information,"File created:
RuleName: DLL
UtcTime: 2022-10-24 14:05:07.044
ProcessGuid: {ef486c7a-9b92-6356-3201-000000001500}
ProcessId: 1424
Image: C:\Windows\SysWOW64\crypt.exe
TargetFilename: C:\Windows\Temp\_MEI14242\api-ms-win-core-processthreads-l1-1-1.dll
CreationUtcTime: 2022-10-24 14:05:07.044
User: NT AUTHORITY\SYSTEM","-",wineventlog,"Microsoft-Windows-Sysmon/Operational","vagrant-10","-","-","-","-","-","-","-","-","-","2022-10-24 14:05:07.044","-","-","-","-","-","-","-","-","-","-","-","-","C:\Windows\SysWOW64\crypt.exe","-","-","-","-","-","-","-","-","-","-","-","-","-","-","-","-","-","-","-","-","-","-","-","-","-","-","-","{ef486c7a-9b92-6356-3201-000000001500}",1424,"-","-","-","-","-","-","-","-","-","-",DLL,"-","-","-","-","-","-","-","-","-","-","-","-","-","-","-","-","-","-","-","-","-","-","C:\Windows\Temp\_MEI14242\api-ms-win-core-processthreads-l1-1-1.dll","-","-","-","-","-","-","-","-","-","-","-","-","-","-","-","NT AUTHORITY\SYSTEM","2022-10-24 14:05:07.044","-","-","-","-","-","-","-","-","-","-","-","-","-","-","-","-","-","-","-","-","-",11,"-",Info,"2,064","3,220","{5770385f-c22a-43e0-bf4c-06f5698ffbd9}","Microsoft-Windows-Sysmon",1806,"File created (rule: FileCreate)","NT AUTHORITY","S-1-5-18",SYSTEM,User,2
"Oct 24, 2022 @ 22:05:07.045","PPJPCoQBQo9Iz8vx2_xj",".ds-winlogbeat-8.4.3-2022.10.17-000001","-","8d24c149-a762-44f9-ba0d-58433a72abc0","vagrant-10","24130491-308c-4270-b613-e4ed7c62ad4a","vagrant-10",winlogbeat,"8.4.3","8.0.0","File created (rule: FileCreate)",11,"Oct 24, 2022 @ 22:05:07.916",event,"<Event xmlns='http://schemas.microsoft.com/win/2004/08/events/event'><System><Provider Name='Microsoft-Windows-Sysmon' Guid='{5770385f-c22a-43e0-bf4c-06f5698ffbd9}'/><EventID>11</EventID><Version>2</Version><Level>4</Level><Task>11</Task><Opcode>0</Opcode><Keywords>0x8000000000000000</Keywords><TimeCreated SystemTime='2022-10-24T14:05:07.0456600Z'/><EventRecordID>1807</EventRecordID><Correlation/><Execution ProcessID='2064' ThreadID='3220'/><Channel>Microsoft-Windows-Sysmon/Operational</Channel><Computer>vagrant-10</Computer><Security UserID='S-1-5-18'/></System><EventData><Data Name='RuleName'>DLL</Data><Data Name='UtcTime'>2022-10-24 14:05:07.044</Data><Data Name='ProcessGuid'>{ef486c7a-9b92-6356-3201-000000001500}</Data><Data Name='ProcessId'>1424</Data><Data Name='Image'>C:\Windows\SysWOW64\crypt.exe</Data><Data Name='TargetFilename'>C:\Windows\Temp\_MEI14242\api-ms-win-core-profile-l1-1-0.dll</Data><Data Name='CreationUtcTime'>2022-10-24 14:05:07.044</Data><Data Name='User'>NT AUTHORITY\SYSTEM</Data></EventData><RenderingInfo Culture='en-US'><Message>File created:
RuleName: DLL
UtcTime: 2022-10-24 14:05:07.044
ProcessGuid: {ef486c7a-9b92-6356-3201-000000001500}
ProcessId: 1424
Image: C:\Windows\SysWOW64\crypt.exe
TargetFilename: C:\Windows\Temp\_MEI14242\api-ms-win-core-profile-l1-1-0.dll
CreationUtcTime: 2022-10-24 14:05:07.044
User: NT AUTHORITY\SYSTEM</Message><Level>Information</Level><Task>File created (rule: FileCreate)</Task><Opcode>Info</Opcode><Channel></Channel><Provider></Provider><Keywords></Keywords></RenderingInfo></Event>","-","Microsoft-Windows-Sysmon","x86_64","vagrant-10","ef486c7a-d018-43ce-bc87-fd5ce10088a9","fe80::650c:205f:e854:a4c3, 192.168.103.3","08:00:27:e3:04:fd","vagrant-10","19043.1348",windows,"10.0.19041.1348 (WinBuild.160101.0800)","Windows 10 Enterprise Evaluation","Windows 10 Enterprise Evaluation",windows,windows,"10.0",information,"File created:
RuleName: DLL
UtcTime: 2022-10-24 14:05:07.044
ProcessGuid: {ef486c7a-9b92-6356-3201-000000001500}
ProcessId: 1424
Image: C:\Windows\SysWOW64\crypt.exe
TargetFilename: C:\Windows\Temp\_MEI14242\api-ms-win-core-profile-l1-1-0.dll
CreationUtcTime: 2022-10-24 14:05:07.044
User: NT AUTHORITY\SYSTEM","-",wineventlog,"Microsoft-Windows-Sysmon/Operational","vagrant-10","-","-","-","-","-","-","-","-","-","2022-10-24 14:05:07.044","-","-","-","-","-","-","-","-","-","-","-","-","C:\Windows\SysWOW64\crypt.exe","-","-","-","-","-","-","-","-","-","-","-","-","-","-","-","-","-","-","-","-","-","-","-","-","-","-","-","{ef486c7a-9b92-6356-3201-000000001500}",1424,"-","-","-","-","-","-","-","-","-","-",DLL,"-","-","-","-","-","-","-","-","-","-","-","-","-","-","-","-","-","-","-","-","-","-","C:\Windows\Temp\_MEI14242\api-ms-win-core-profile-l1-1-0.dll","-","-","-","-","-","-","-","-","-","-","-","-","-","-","-","NT AUTHORITY\SYSTEM","2022-10-24 14:05:07.044","-","-","-","-","-","-","-","-","-","-","-","-","-","-","-","-","-","-","-","-","-",11,"-",Info,"2,064","3,220","{5770385f-c22a-43e0-bf4c-06f5698ffbd9}","Microsoft-Windows-Sysmon",1807,"File created (rule: FileCreate)","NT AUTHORITY","S-1-5-18",SYSTEM,User,2
"Oct 24, 2022 @ 22:05:07.045","bfJPCoQBQo9Iz8vx2_xz",".ds-winlogbeat-8.4.3-2022.10.17-000001","-","8d24c149-a762-44f9-ba0d-58433a72abc0","vagrant-10","24130491-308c-4270-b613-e4ed7c62ad4a","vagrant-10",winlogbeat,"8.4.3","8.0.0","File created (rule: FileCreate)",11,"Oct 24, 2022 @ 22:05:07.918",event,"<Event xmlns='http://schemas.microsoft.com/win/2004/08/events/event'><System><Provider Name='Microsoft-Windows-Sysmon' Guid='{5770385f-c22a-43e0-bf4c-06f5698ffbd9}'/><EventID>11</EventID><Version>2</Version><Level>4</Level><Task>11</Task><Opcode>0</Opcode><Keywords>0x8000000000000000</Keywords><TimeCreated SystemTime='2022-10-24T14:05:07.0451139Z'/><EventRecordID>1805</EventRecordID><Correlation/><Execution ProcessID='2064' ThreadID='3220'/><Channel>Microsoft-Windows-Sysmon/Operational</Channel><Computer>vagrant-10</Computer><Security UserID='S-1-5-18'/></System><EventData><Data Name='RuleName'>DLL</Data><Data Name='UtcTime'>2022-10-24 14:05:07.044</Data><Data Name='ProcessGuid'>{ef486c7a-9b92-6356-3201-000000001500}</Data><Data Name='ProcessId'>1424</Data><Data Name='Image'>C:\Windows\SysWOW64\crypt.exe</Data><Data Name='TargetFilename'>C:\Windows\Temp\_MEI14242\api-ms-win-core-processthreads-l1-1-0.dll</Data><Data Name='CreationUtcTime'>2022-10-24 14:05:07.044</Data><Data Name='User'>NT AUTHORITY\SYSTEM</Data></EventData><RenderingInfo Culture='en-US'><Message>File created:
RuleName: DLL
UtcTime: 2022-10-24 14:05:07.044
ProcessGuid: {ef486c7a-9b92-6356-3201-000000001500}
ProcessId: 1424
Image: C:\Windows\SysWOW64\crypt.exe
TargetFilename: C:\Windows\Temp\_MEI14242\api-ms-win-core-processthreads-l1-1-0.dll
CreationUtcTime: 2022-10-24 14:05:07.044
User: NT AUTHORITY\SYSTEM</Message><Level>Information</Level><Task>File created (rule: FileCreate)</Task><Opcode>Info</Opcode><Channel></Channel><Provider></Provider><Keywords></Keywords></RenderingInfo></Event>","-","Microsoft-Windows-Sysmon","x86_64","vagrant-10","ef486c7a-d018-43ce-bc87-fd5ce10088a9","fe80::650c:205f:e854:a4c3, 192.168.103.3","08:00:27:e3:04:fd","vagrant-10","19043.1348",windows,"10.0.19041.1348 (WinBuild.160101.0800)","Windows 10 Enterprise Evaluation","Windows 10 Enterprise Evaluation",windows,windows,"10.0",information,"File created:
RuleName: DLL
UtcTime: 2022-10-24 14:05:07.044
ProcessGuid: {ef486c7a-9b92-6356-3201-000000001500}
ProcessId: 1424
Image: C:\Windows\SysWOW64\crypt.exe
TargetFilename: C:\Windows\Temp\_MEI14242\api-ms-win-core-processthreads-l1-1-0.dll
CreationUtcTime: 2022-10-24 14:05:07.044
User: NT AUTHORITY\SYSTEM","-",wineventlog,"Microsoft-Windows-Sysmon/Operational","vagrant-10","-","-","-","-","-","-","-","-","-","2022-10-24 14:05:07.044","-","-","-","-","-","-","-","-","-","-","-","-","C:\Windows\SysWOW64\crypt.exe","-","-","-","-","-","-","-","-","-","-","-","-","-","-","-","-","-","-","-","-","-","-","-","-","-","-","-","{ef486c7a-9b92-6356-3201-000000001500}",1424,"-","-","-","-","-","-","-","-","-","-",DLL,"-","-","-","-","-","-","-","-","-","-","-","-","-","-","-","-","-","-","-","-","-","-","C:\Windows\Temp\_MEI14242\api-ms-win-core-processthreads-l1-1-0.dll","-","-","-","-","-","-","-","-","-","-","-","-","-","-","-","NT AUTHORITY\SYSTEM","2022-10-24 14:05:07.044","-","-","-","-","-","-","-","-","-","-","-","-","-","-","-","-","-","-","-","-","-",11,"-",Info,"2,064","3,220","{5770385f-c22a-43e0-bf4c-06f5698ffbd9}","Microsoft-Windows-Sysmon",1805,"File created (rule: FileCreate)","NT AUTHORITY","S-1-5-18",SYSTEM,User,2
"Oct 24, 2022 @ 22:05:07.045","bvJPCoQBQo9Iz8vx2_xz",".ds-winlogbeat-8.4.3-2022.10.17-000001","-","8d24c149-a762-44f9-ba0d-58433a72abc0","vagrant-10","24130491-308c-4270-b613-e4ed7c62ad4a","vagrant-10",winlogbeat,"8.4.3","8.0.0","File created (rule: FileCreate)",11,"Oct 24, 2022 @ 22:05:07.918",event,"<Event xmlns='http://schemas.microsoft.com/win/2004/08/events/event'><System><Provider Name='Microsoft-Windows-Sysmon' Guid='{5770385f-c22a-43e0-bf4c-06f5698ffbd9}'/><EventID>11</EventID><Version>2</Version><Level>4</Level><Task>11</Task><Opcode>0</Opcode><Keywords>0x8000000000000000</Keywords><TimeCreated SystemTime='2022-10-24T14:05:07.0451323Z'/><EventRecordID>1806</EventRecordID><Correlation/><Execution ProcessID='2064' ThreadID='3220'/><Channel>Microsoft-Windows-Sysmon/Operational</Channel><Computer>vagrant-10</Computer><Security UserID='S-1-5-18'/></System><EventData><Data Name='RuleName'>DLL</Data><Data Name='UtcTime'>2022-10-24 14:05:07.044</Data><Data Name='ProcessGuid'>{ef486c7a-9b92-6356-3201-000000001500}</Data><Data Name='ProcessId'>1424</Data><Data Name='Image'>C:\Windows\SysWOW64\crypt.exe</Data><Data Name='TargetFilename'>C:\Windows\Temp\_MEI14242\api-ms-win-core-processthreads-l1-1-1.dll</Data><Data Name='CreationUtcTime'>2022-10-24 14:05:07.044</Data><Data Name='User'>NT AUTHORITY\SYSTEM</Data></EventData><RenderingInfo Culture='en-US'><Message>File created:
RuleName: DLL
UtcTime: 2022-10-24 14:05:07.044
ProcessGuid: {ef486c7a-9b92-6356-3201-000000001500}
ProcessId: 1424
Image: C:\Windows\SysWOW64\crypt.exe
TargetFilename: C:\Windows\Temp\_MEI14242\api-ms-win-core-processthreads-l1-1-1.dll
CreationUtcTime: 2022-10-24 14:05:07.044
User: NT AUTHORITY\SYSTEM</Message><Level>Information</Level><Task>File created (rule: FileCreate)</Task><Opcode>Info</Opcode><Channel></Channel><Provider></Provider><Keywords></Keywords></RenderingInfo></Event>","-","Microsoft-Windows-Sysmon","x86_64","vagrant-10","ef486c7a-d018-43ce-bc87-fd5ce10088a9","fe80::650c:205f:e854:a4c3, 192.168.103.3","08:00:27:e3:04:fd","vagrant-10","19043.1348",windows,"10.0.19041.1348 (WinBuild.160101.0800)","Windows 10 Enterprise Evaluation","Windows 10 Enterprise Evaluation",windows,windows,"10.0",information,"File created:
RuleName: DLL
UtcTime: 2022-10-24 14:05:07.044
ProcessGuid: {ef486c7a-9b92-6356-3201-000000001500}
ProcessId: 1424
Image: C:\Windows\SysWOW64\crypt.exe
TargetFilename: C:\Windows\Temp\_MEI14242\api-ms-win-core-processthreads-l1-1-1.dll
CreationUtcTime: 2022-10-24 14:05:07.044
User: NT AUTHORITY\SYSTEM","-",wineventlog,"Microsoft-Windows-Sysmon/Operational","vagrant-10","-","-","-","-","-","-","-","-","-","2022-10-24 14:05:07.044","-","-","-","-","-","-","-","-","-","-","-","-","C:\Windows\SysWOW64\crypt.exe","-","-","-","-","-","-","-","-","-","-","-","-","-","-","-","-","-","-","-","-","-","-","-","-","-","-","-","{ef486c7a-9b92-6356-3201-000000001500}",1424,"-","-","-","-","-","-","-","-","-","-",DLL,"-","-","-","-","-","-","-","-","-","-","-","-","-","-","-","-","-","-","-","-","-","-","C:\Windows\Temp\_MEI14242\api-ms-win-core-processthreads-l1-1-1.dll","-","-","-","-","-","-","-","-","-","-","-","-","-","-","-","NT AUTHORITY\SYSTEM","2022-10-24 14:05:07.044","-","-","-","-","-","-","-","-","-","-","-","-","-","-","-","-","-","-","-","-","-",11,"-",Info,"2,064","3,220","{5770385f-c22a-43e0-bf4c-06f5698ffbd9}","Microsoft-Windows-Sysmon",1806,"File created (rule: FileCreate)","NT AUTHORITY","S-1-5-18",SYSTEM,User,2
"Oct 24, 2022 @ 22:05:07.045","b_JPCoQBQo9Iz8vx2_xz",".ds-winlogbeat-8.4.3-2022.10.17-000001","-","8d24c149-a762-44f9-ba0d-58433a72abc0","vagrant-10","24130491-308c-4270-b613-e4ed7c62ad4a","vagrant-10",winlogbeat,"8.4.3","8.0.0","File created (rule: FileCreate)",11,"Oct 24, 2022 @ 22:05:07.918",event,"<Event xmlns='http://schemas.microsoft.com/win/2004/08/events/event'><System><Provider Name='Microsoft-Windows-Sysmon' Guid='{5770385f-c22a-43e0-bf4c-06f5698ffbd9}'/><EventID>11</EventID><Version>2</Version><Level>4</Level><Task>11</Task><Opcode>0</Opcode><Keywords>0x8000000000000000</Keywords><TimeCreated SystemTime='2022-10-24T14:05:07.0456600Z'/><EventRecordID>1807</EventRecordID><Correlation/><Execution ProcessID='2064' ThreadID='3220'/><Channel>Microsoft-Windows-Sysmon/Operational</Channel><Computer>vagrant-10</Computer><Security UserID='S-1-5-18'/></System><EventData><Data Name='RuleName'>DLL</Data><Data Name='UtcTime'>2022-10-24 14:05:07.044</Data><Data Name='ProcessGuid'>{ef486c7a-9b92-6356-3201-000000001500}</Data><Data Name='ProcessId'>1424</Data><Data Name='Image'>C:\Windows\SysWOW64\crypt.exe</Data><Data Name='TargetFilename'>C:\Windows\Temp\_MEI14242\api-ms-win-core-profile-l1-1-0.dll</Data><Data Name='CreationUtcTime'>2022-10-24 14:05:07.044</Data><Data Name='User'>NT AUTHORITY\SYSTEM</Data></EventData><RenderingInfo Culture='en-US'><Message>File created:
RuleName: DLL
UtcTime: 2022-10-24 14:05:07.044
ProcessGuid: {ef486c7a-9b92-6356-3201-000000001500}
ProcessId: 1424
Image: C:\Windows\SysWOW64\crypt.exe
TargetFilename: C:\Windows\Temp\_MEI14242\api-ms-win-core-profile-l1-1-0.dll
CreationUtcTime: 2022-10-24 14:05:07.044
User: NT AUTHORITY\SYSTEM</Message><Level>Information</Level><Task>File created (rule: FileCreate)</Task><Opcode>Info</Opcode><Channel></Channel><Provider></Provider><Keywords></Keywords></RenderingInfo></Event>","-","Microsoft-Windows-Sysmon","x86_64","vagrant-10","ef486c7a-d018-43ce-bc87-fd5ce10088a9","fe80::650c:205f:e854:a4c3, 192.168.103.3","08:00:27:e3:04:fd","vagrant-10","19043.1348",windows,"10.0.19041.1348 (WinBuild.160101.0800)","Windows 10 Enterprise Evaluation","Windows 10 Enterprise Evaluation",windows,windows,"10.0",information,"File created:
RuleName: DLL
UtcTime: 2022-10-24 14:05:07.044
ProcessGuid: {ef486c7a-9b92-6356-3201-000000001500}
ProcessId: 1424
Image: C:\Windows\SysWOW64\crypt.exe
TargetFilename: C:\Windows\Temp\_MEI14242\api-ms-win-core-profile-l1-1-0.dll
CreationUtcTime: 2022-10-24 14:05:07.044
User: NT AUTHORITY\SYSTEM","-",wineventlog,"Microsoft-Windows-Sysmon/Operational","vagrant-10","-","-","-","-","-","-","-","-","-","2022-10-24 14:05:07.044","-","-","-","-","-","-","-","-","-","-","-","-","C:\Windows\SysWOW64\crypt.exe","-","-","-","-","-","-","-","-","-","-","-","-","-","-","-","-","-","-","-","-","-","-","-","-","-","-","-","{ef486c7a-9b92-6356-3201-000000001500}",1424,"-","-","-","-","-","-","-","-","-","-",DLL,"-","-","-","-","-","-","-","-","-","-","-","-","-","-","-","-","-","-","-","-","-","-","C:\Windows\Temp\_MEI14242\api-ms-win-core-profile-l1-1-0.dll","-","-","-","-","-","-","-","-","-","-","-","-","-","-","-","NT AUTHORITY\SYSTEM","2022-10-24 14:05:07.044","-","-","-","-","-","-","-","-","-","-","-","-","-","-","-","-","-","-","-","-","-",11,"-",Info,"2,064","3,220","{5770385f-c22a-43e0-bf4c-06f5698ffbd9}","Microsoft-Windows-Sysmon",1807,"File created (rule: FileCreate)","NT AUTHORITY","S-1-5-18",SYSTEM,User,2
"Oct 24, 2022 @ 22:05:07.044","OfJPCoQBQo9Iz8vx2_xj",".ds-winlogbeat-8.4.3-2022.10.17-000001","-","8d24c149-a762-44f9-ba0d-58433a72abc0","vagrant-10","24130491-308c-4270-b613-e4ed7c62ad4a","vagrant-10",winlogbeat,"8.4.3","8.0.0","File created (rule: FileCreate)",11,"Oct 24, 2022 @ 22:05:07.916",event,"<Event xmlns='http://schemas.microsoft.com/win/2004/08/events/event'><System><Provider Name='Microsoft-Windows-Sysmon' Guid='{5770385f-c22a-43e0-bf4c-06f5698ffbd9}'/><EventID>11</EventID><Version>2</Version><Level>4</Level><Task>11</Task><Opcode>0</Opcode><Keywords>0x8000000000000000</Keywords><TimeCreated SystemTime='2022-10-24T14:05:07.0440007Z'/><EventRecordID>1804</EventRecordID><Correlation/><Execution ProcessID='2064' ThreadID='3220'/><Channel>Microsoft-Windows-Sysmon/Operational</Channel><Computer>vagrant-10</Computer><Security UserID='S-1-5-18'/></System><EventData><Data Name='RuleName'>DLL</Data><Data Name='UtcTime'>2022-10-24 14:05:07.032</Data><Data Name='ProcessGuid'>{ef486c7a-9b92-6356-3201-000000001500}</Data><Data Name='ProcessId'>1424</Data><Data Name='Image'>C:\Windows\SysWOW64\crypt.exe</Data><Data Name='TargetFilename'>C:\Windows\Temp\_MEI14242\api-ms-win-core-processenvironment-l1-1-0.dll</Data><Data Name='CreationUtcTime'>2022-10-24 14:05:07.032</Data><Data Name='User'>NT AUTHORITY\SYSTEM</Data></EventData><RenderingInfo Culture='en-US'><Message>File created:
RuleName: DLL
UtcTime: 2022-10-24 14:05:07.032
ProcessGuid: {ef486c7a-9b92-6356-3201-000000001500}
ProcessId: 1424
Image: C:\Windows\SysWOW64\crypt.exe
TargetFilename: C:\Windows\Temp\_MEI14242\api-ms-win-core-processenvironment-l1-1-0.dll
CreationUtcTime: 2022-10-24 14:05:07.032
User: NT AUTHORITY\SYSTEM</Message><Level>Information</Level><Task>File created (rule: FileCreate)</Task><Opcode>Info</Opcode><Channel></Channel><Provider></Provider><Keywords></Keywords></RenderingInfo></Event>","-","Microsoft-Windows-Sysmon","x86_64","vagrant-10","ef486c7a-d018-43ce-bc87-fd5ce10088a9","fe80::650c:205f:e854:a4c3, 192.168.103.3","08:00:27:e3:04:fd","vagrant-10","19043.1348",windows,"10.0.19041.1348 (WinBuild.160101.0800)","Windows 10 Enterprise Evaluation","Windows 10 Enterprise Evaluation",windows,windows,"10.0",information,"File created:
RuleName: DLL
UtcTime: 2022-10-24 14:05:07.032
ProcessGuid: {ef486c7a-9b92-6356-3201-000000001500}
ProcessId: 1424
Image: C:\Windows\SysWOW64\crypt.exe
TargetFilename: C:\Windows\Temp\_MEI14242\api-ms-win-core-processenvironment-l1-1-0.dll
CreationUtcTime: 2022-10-24 14:05:07.032
User: NT AUTHORITY\SYSTEM","-",wineventlog,"Microsoft-Windows-Sysmon/Operational","vagrant-10","-","-","-","-","-","-","-","-","-","2022-10-24 14:05:07.032","-","-","-","-","-","-","-","-","-","-","-","-","C:\Windows\SysWOW64\crypt.exe","-","-","-","-","-","-","-","-","-","-","-","-","-","-","-","-","-","-","-","-","-","-","-","-","-","-","-","{ef486c7a-9b92-6356-3201-000000001500}",1424,"-","-","-","-","-","-","-","-","-","-",DLL,"-","-","-","-","-","-","-","-","-","-","-","-","-","-","-","-","-","-","-","-","-","-","C:\Windows\Temp\_MEI14242\api-ms-win-core-processenvironment-l1-1-0.dll","-","-","-","-","-","-","-","-","-","-","-","-","-","-","-","NT AUTHORITY\SYSTEM","2022-10-24 14:05:07.032","-","-","-","-","-","-","-","-","-","-","-","-","-","-","-","-","-","-","-","-","-",11,"-",Info,"2,064","3,220","{5770385f-c22a-43e0-bf4c-06f5698ffbd9}","Microsoft-Windows-Sysmon",1804,"File created (rule: FileCreate)","NT AUTHORITY","S-1-5-18",SYSTEM,User,2
"Oct 24, 2022 @ 22:05:07.044","bPJPCoQBQo9Iz8vx2_xz",".ds-winlogbeat-8.4.3-2022.10.17-000001","-","8d24c149-a762-44f9-ba0d-58433a72abc0","vagrant-10","24130491-308c-4270-b613-e4ed7c62ad4a","vagrant-10",winlogbeat,"8.4.3","8.0.0","File created (rule: FileCreate)",11,"Oct 24, 2022 @ 22:05:07.918",event,"<Event xmlns='http://schemas.microsoft.com/win/2004/08/events/event'><System><Provider Name='Microsoft-Windows-Sysmon' Guid='{5770385f-c22a-43e0-bf4c-06f5698ffbd9}'/><EventID>11</EventID><Version>2</Version><Level>4</Level><Task>11</Task><Opcode>0</Opcode><Keywords>0x8000000000000000</Keywords><TimeCreated SystemTime='2022-10-24T14:05:07.0440007Z'/><EventRecordID>1804</EventRecordID><Correlation/><Execution ProcessID='2064' ThreadID='3220'/><Channel>Microsoft-Windows-Sysmon/Operational</Channel><Computer>vagrant-10</Computer><Security UserID='S-1-5-18'/></System><EventData><Data Name='RuleName'>DLL</Data><Data Name='UtcTime'>2022-10-24 14:05:07.032</Data><Data Name='ProcessGuid'>{ef486c7a-9b92-6356-3201-000000001500}</Data><Data Name='ProcessId'>1424</Data><Data Name='Image'>C:\Windows\SysWOW64\crypt.exe</Data><Data Name='TargetFilename'>C:\Windows\Temp\_MEI14242\api-ms-win-core-processenvironment-l1-1-0.dll</Data><Data Name='CreationUtcTime'>2022-10-24 14:05:07.032</Data><Data Name='User'>NT AUTHORITY\SYSTEM</Data></EventData><RenderingInfo Culture='en-US'><Message>File created:
RuleName: DLL
UtcTime: 2022-10-24 14:05:07.032
ProcessGuid: {ef486c7a-9b92-6356-3201-000000001500}
ProcessId: 1424
Image: C:\Windows\SysWOW64\crypt.exe
TargetFilename: C:\Windows\Temp\_MEI14242\api-ms-win-core-processenvironment-l1-1-0.dll
CreationUtcTime: 2022-10-24 14:05:07.032
User: NT AUTHORITY\SYSTEM</Message><Level>Information</Level><Task>File created (rule: FileCreate)</Task><Opcode>Info</Opcode><Channel></Channel><Provider></Provider><Keywords></Keywords></RenderingInfo></Event>","-","Microsoft-Windows-Sysmon","x86_64","vagrant-10","ef486c7a-d018-43ce-bc87-fd5ce10088a9","fe80::650c:205f:e854:a4c3, 192.168.103.3","08:00:27:e3:04:fd","vagrant-10","19043.1348",windows,"10.0.19041.1348 (WinBuild.160101.0800)","Windows 10 Enterprise Evaluation","Windows 10 Enterprise Evaluation",windows,windows,"10.0",information,"File created:
RuleName: DLL
UtcTime: 2022-10-24 14:05:07.032
ProcessGuid: {ef486c7a-9b92-6356-3201-000000001500}
ProcessId: 1424
Image: C:\Windows\SysWOW64\crypt.exe
TargetFilename: C:\Windows\Temp\_MEI14242\api-ms-win-core-processenvironment-l1-1-0.dll
CreationUtcTime: 2022-10-24 14:05:07.032
User: NT AUTHORITY\SYSTEM","-",wineventlog,"Microsoft-Windows-Sysmon/Operational","vagrant-10","-","-","-","-","-","-","-","-","-","2022-10-24 14:05:07.032","-","-","-","-","-","-","-","-","-","-","-","-","C:\Windows\SysWOW64\crypt.exe","-","-","-","-","-","-","-","-","-","-","-","-","-","-","-","-","-","-","-","-","-","-","-","-","-","-","-","{ef486c7a-9b92-6356-3201-000000001500}",1424,"-","-","-","-","-","-","-","-","-","-",DLL,"-","-","-","-","-","-","-","-","-","-","-","-","-","-","-","-","-","-","-","-","-","-","C:\Windows\Temp\_MEI14242\api-ms-win-core-processenvironment-l1-1-0.dll","-","-","-","-","-","-","-","-","-","-","-","-","-","-","-","NT AUTHORITY\SYSTEM","2022-10-24 14:05:07.032","-","-","-","-","-","-","-","-","-","-","-","-","-","-","-","-","-","-","-","-","-",11,"-",Info,"2,064","3,220","{5770385f-c22a-43e0-bf4c-06f5698ffbd9}","Microsoft-Windows-Sysmon",1804,"File created (rule: FileCreate)","NT AUTHORITY","S-1-5-18",SYSTEM,User,2
"Oct 24, 2022 @ 22:05:07.043","N_JPCoQBQo9Iz8vx2_xj",".ds-winlogbeat-8.4.3-2022.10.17-000001","-","8d24c149-a762-44f9-ba0d-58433a72abc0","vagrant-10","24130491-308c-4270-b613-e4ed7c62ad4a","vagrant-10",winlogbeat,"8.4.3","8.0.0","File created (rule: FileCreate)",11,"Oct 24, 2022 @ 22:05:07.916",event,"<Event xmlns='http://schemas.microsoft.com/win/2004/08/events/event'><System><Provider Name='Microsoft-Windows-Sysmon' Guid='{5770385f-c22a-43e0-bf4c-06f5698ffbd9}'/><EventID>11</EventID><Version>2</Version><Level>4</Level><Task>11</Task><Opcode>0</Opcode><Keywords>0x8000000000000000</Keywords><TimeCreated SystemTime='2022-10-24T14:05:07.0430291Z'/><EventRecordID>1802</EventRecordID><Correlation/><Execution ProcessID='2064' ThreadID='3220'/><Channel>Microsoft-Windows-Sysmon/Operational</Channel><Computer>vagrant-10</Computer><Security UserID='S-1-5-18'/></System><EventData><Data Name='RuleName'>DLL</Data><Data Name='UtcTime'>2022-10-24 14:05:07.032</Data><Data Name='ProcessGuid'>{ef486c7a-9b92-6356-3201-000000001500}</Data><Data Name='ProcessId'>1424</Data><Data Name='Image'>C:\Windows\SysWOW64\crypt.exe</Data><Data Name='TargetFilename'>C:\Windows\Temp\_MEI14242\api-ms-win-core-memory-l1-1-0.dll</Data><Data Name='CreationUtcTime'>2022-10-24 14:05:07.032</Data><Data Name='User'>NT AUTHORITY\SYSTEM</Data></EventData><RenderingInfo Culture='en-US'><Message>File created:
RuleName: DLL
UtcTime: 2022-10-24 14:05:07.032
ProcessGuid: {ef486c7a-9b92-6356-3201-000000001500}
ProcessId: 1424
Image: C:\Windows\SysWOW64\crypt.exe
TargetFilename: C:\Windows\Temp\_MEI14242\api-ms-win-core-memory-l1-1-0.dll
CreationUtcTime: 2022-10-24 14:05:07.032
User: NT AUTHORITY\SYSTEM</Message><Level>Information</Level><Task>File created (rule: FileCreate)</Task><Opcode>Info</Opcode><Channel></Channel><Provider></Provider><Keywords></Keywords></RenderingInfo></Event>","-","Microsoft-Windows-Sysmon","x86_64","vagrant-10","ef486c7a-d018-43ce-bc87-fd5ce10088a9","fe80::650c:205f:e854:a4c3, 192.168.103.3","08:00:27:e3:04:fd","vagrant-10","19043.1348",windows,"10.0.19041.1348 (WinBuild.160101.0800)","Windows 10 Enterprise Evaluation","Windows 10 Enterprise Evaluation",windows,windows,"10.0",information,"File created:
RuleName: DLL
UtcTime: 2022-10-24 14:05:07.032
ProcessGuid: {ef486c7a-9b92-6356-3201-000000001500}
ProcessId: 1424
Image: C:\Windows\SysWOW64\crypt.exe
TargetFilename: C:\Windows\Temp\_MEI14242\api-ms-win-core-memory-l1-1-0.dll
CreationUtcTime: 2022-10-24 14:05:07.032
User: NT AUTHORITY\SYSTEM","-",wineventlog,"Microsoft-Windows-Sysmon/Operational","vagrant-10","-","-","-","-","-","-","-","-","-","2022-10-24 14:05:07.032","-","-","-","-","-","-","-","-","-","-","-","-","C:\Windows\SysWOW64\crypt.exe","-","-","-","-","-","-","-","-","-","-","-","-","-","-","-","-","-","-","-","-","-","-","-","-","-","-","-","{ef486c7a-9b92-6356-3201-000000001500}",1424,"-","-","-","-","-","-","-","-","-","-",DLL,"-","-","-","-","-","-","-","-","-","-","-","-","-","-","-","-","-","-","-","-","-","-","C:\Windows\Temp\_MEI14242\api-ms-win-core-memory-l1-1-0.dll","-","-","-","-","-","-","-","-","-","-","-","-","-","-","-","NT AUTHORITY\SYSTEM","2022-10-24 14:05:07.032","-","-","-","-","-","-","-","-","-","-","-","-","-","-","-","-","-","-","-","-","-",11,"-",Info,"2,064","3,220","{5770385f-c22a-43e0-bf4c-06f5698ffbd9}","Microsoft-Windows-Sysmon",1802,"File created (rule: FileCreate)","NT AUTHORITY","S-1-5-18",SYSTEM,User,2
"Oct 24, 2022 @ 22:05:07.043","OPJPCoQBQo9Iz8vx2_xj",".ds-winlogbeat-8.4.3-2022.10.17-000001","-","8d24c149-a762-44f9-ba0d-58433a72abc0","vagrant-10","24130491-308c-4270-b613-e4ed7c62ad4a","vagrant-10",winlogbeat,"8.4.3","8.0.0","File created (rule: FileCreate)",11,"Oct 24, 2022 @ 22:05:07.916",event,"<Event xmlns='http://schemas.microsoft.com/win/2004/08/events/event'><System><Provider Name='Microsoft-Windows-Sysmon' Guid='{5770385f-c22a-43e0-bf4c-06f5698ffbd9}'/><EventID>11</EventID><Version>2</Version><Level>4</Level><Task>11</Task><Opcode>0</Opcode><Keywords>0x8000000000000000</Keywords><TimeCreated SystemTime='2022-10-24T14:05:07.0439812Z'/><EventRecordID>1803</EventRecordID><Correlation/><Execution ProcessID='2064' ThreadID='3220'/><Channel>Microsoft-Windows-Sysmon/Operational</Channel><Computer>vagrant-10</Computer><Security UserID='S-1-5-18'/></System><EventData><Data Name='RuleName'>DLL</Data><Data Name='UtcTime'>2022-10-24 14:05:07.032</Data><Data Name='ProcessGuid'>{ef486c7a-9b92-6356-3201-000000001500}</Data><Data Name='ProcessId'>1424</Data><Data Name='Image'>C:\Windows\SysWOW64\crypt.exe</Data><Data Name='TargetFilename'>C:\Windows\Temp\_MEI14242\api-ms-win-core-namedpipe-l1-1-0.dll</Data><Data Name='CreationUtcTime'>2022-10-24 14:05:07.032</Data><Data Name='User'>NT AUTHORITY\SYSTEM</Data></EventData><RenderingInfo Culture='en-US'><Message>File created:
RuleName: DLL
UtcTime: 2022-10-24 14:05:07.032
ProcessGuid: {ef486c7a-9b92-6356-3201-000000001500}
ProcessId: 1424
Image: C:\Windows\SysWOW64\crypt.exe
TargetFilename: C:\Windows\Temp\_MEI14242\api-ms-win-core-namedpipe-l1-1-0.dll
CreationUtcTime: 2022-10-24 14:05:07.032
User: NT AUTHORITY\SYSTEM</Message><Level>Information</Level><Task>File created (rule: FileCreate)</Task><Opcode>Info</Opcode><Channel></Channel><Provider></Provider><Keywords></Keywords></RenderingInfo></Event>","-","Microsoft-Windows-Sysmon","x86_64","vagrant-10","ef486c7a-d018-43ce-bc87-fd5ce10088a9","fe80::650c:205f:e854:a4c3, 192.168.103.3","08:00:27:e3:04:fd","vagrant-10","19043.1348",windows,"10.0.19041.1348 (WinBuild.160101.0800)","Windows 10 Enterprise Evaluation","Windows 10 Enterprise Evaluation",windows,windows,"10.0",information,"File created:
RuleName: DLL
UtcTime: 2022-10-24 14:05:07.032
ProcessGuid: {ef486c7a-9b92-6356-3201-000000001500}
ProcessId: 1424
Image: C:\Windows\SysWOW64\crypt.exe
TargetFilename: C:\Windows\Temp\_MEI14242\api-ms-win-core-namedpipe-l1-1-0.dll
CreationUtcTime: 2022-10-24 14:05:07.032
User: NT AUTHORITY\SYSTEM","-",wineventlog,"Microsoft-Windows-Sysmon/Operational","vagrant-10","-","-","-","-","-","-","-","-","-","2022-10-24 14:05:07.032","-","-","-","-","-","-","-","-","-","-","-","-","C:\Windows\SysWOW64\crypt.exe","-","-","-","-","-","-","-","-","-","-","-","-","-","-","-","-","-","-","-","-","-","-","-","-","-","-","-","{ef486c7a-9b92-6356-3201-000000001500}",1424,"-","-","-","-","-","-","-","-","-","-",DLL,"-","-","-","-","-","-","-","-","-","-","-","-","-","-","-","-","-","-","-","-","-","-","C:\Windows\Temp\_MEI14242\api-ms-win-core-namedpipe-l1-1-0.dll","-","-","-","-","-","-","-","-","-","-","-","-","-","-","-","NT AUTHORITY\SYSTEM","2022-10-24 14:05:07.032","-","-","-","-","-","-","-","-","-","-","-","-","-","-","-","-","-","-","-","-","-",11,"-",Info,"2,064","3,220","{5770385f-c22a-43e0-bf4c-06f5698ffbd9}","Microsoft-Windows-Sysmon",1803,"File created (rule: FileCreate)","NT AUTHORITY","S-1-5-18",SYSTEM,User,2
"Oct 24, 2022 @ 22:05:07.043","avJPCoQBQo9Iz8vx2_xz",".ds-winlogbeat-8.4.3-2022.10.17-000001","-","8d24c149-a762-44f9-ba0d-58433a72abc0","vagrant-10","24130491-308c-4270-b613-e4ed7c62ad4a","vagrant-10",winlogbeat,"8.4.3","8.0.0","File created (rule: FileCreate)",11,"Oct 24, 2022 @ 22:05:07.918",event,"<Event xmlns='http://schemas.microsoft.com/win/2004/08/events/event'><System><Provider Name='Microsoft-Windows-Sysmon' Guid='{5770385f-c22a-43e0-bf4c-06f5698ffbd9}'/><EventID>11</EventID><Version>2</Version><Level>4</Level><Task>11</Task><Opcode>0</Opcode><Keywords>0x8000000000000000</Keywords><TimeCreated SystemTime='2022-10-24T14:05:07.0430291Z'/><EventRecordID>1802</EventRecordID><Correlation/><Execution ProcessID='2064' ThreadID='3220'/><Channel>Microsoft-Windows-Sysmon/Operational</Channel><Computer>vagrant-10</Computer><Security UserID='S-1-5-18'/></System><EventData><Data Name='RuleName'>DLL</Data><Data Name='UtcTime'>2022-10-24 14:05:07.032</Data><Data Name='ProcessGuid'>{ef486c7a-9b92-6356-3201-000000001500}</Data><Data Name='ProcessId'>1424</Data><Data Name='Image'>C:\Windows\SysWOW64\crypt.exe</Data><Data Name='TargetFilename'>C:\Windows\Temp\_MEI14242\api-ms-win-core-memory-l1-1-0.dll</Data><Data Name='CreationUtcTime'>2022-10-24 14:05:07.032</Data><Data Name='User'>NT AUTHORITY\SYSTEM</Data></EventData><RenderingInfo Culture='en-US'><Message>File created:
RuleName: DLL
UtcTime: 2022-10-24 14:05:07.032
ProcessGuid: {ef486c7a-9b92-6356-3201-000000001500}
ProcessId: 1424
Image: C:\Windows\SysWOW64\crypt.exe
TargetFilename: C:\Windows\Temp\_MEI14242\api-ms-win-core-memory-l1-1-0.dll
CreationUtcTime: 2022-10-24 14:05:07.032
User: NT AUTHORITY\SYSTEM</Message><Level>Information</Level><Task>File created (rule: FileCreate)</Task><Opcode>Info</Opcode><Channel></Channel><Provider></Provider><Keywords></Keywords></RenderingInfo></Event>","-","Microsoft-Windows-Sysmon","x86_64","vagrant-10","ef486c7a-d018-43ce-bc87-fd5ce10088a9","fe80::650c:205f:e854:a4c3, 192.168.103.3","08:00:27:e3:04:fd","vagrant-10","19043.1348",windows,"10.0.19041.1348 (WinBuild.160101.0800)","Windows 10 Enterprise Evaluation","Windows 10 Enterprise Evaluation",windows,windows,"10.0",information,"File created:
RuleName: DLL
UtcTime: 2022-10-24 14:05:07.032
ProcessGuid: {ef486c7a-9b92-6356-3201-000000001500}
ProcessId: 1424
Image: C:\Windows\SysWOW64\crypt.exe
TargetFilename: C:\Windows\Temp\_MEI14242\api-ms-win-core-memory-l1-1-0.dll
CreationUtcTime: 2022-10-24 14:05:07.032
User: NT AUTHORITY\SYSTEM","-",wineventlog,"Microsoft-Windows-Sysmon/Operational","vagrant-10","-","-","-","-","-","-","-","-","-","2022-10-24 14:05:07.032","-","-","-","-","-","-","-","-","-","-","-","-","C:\Windows\SysWOW64\crypt.exe","-","-","-","-","-","-","-","-","-","-","-","-","-","-","-","-","-","-","-","-","-","-","-","-","-","-","-","{ef486c7a-9b92-6356-3201-000000001500}",1424,"-","-","-","-","-","-","-","-","-","-",DLL,"-","-","-","-","-","-","-","-","-","-","-","-","-","-","-","-","-","-","-","-","-","-","C:\Windows\Temp\_MEI14242\api-ms-win-core-memory-l1-1-0.dll","-","-","-","-","-","-","-","-","-","-","-","-","-","-","-","NT AUTHORITY\SYSTEM","2022-10-24 14:05:07.032","-","-","-","-","-","-","-","-","-","-","-","-","-","-","-","-","-","-","-","-","-",11,"-",Info,"2,064","3,220","{5770385f-c22a-43e0-bf4c-06f5698ffbd9}","Microsoft-Windows-Sysmon",1802,"File created (rule: FileCreate)","NT AUTHORITY","S-1-5-18",SYSTEM,User,2
"Oct 24, 2022 @ 22:05:07.043","a_JPCoQBQo9Iz8vx2_xz",".ds-winlogbeat-8.4.3-2022.10.17-000001","-","8d24c149-a762-44f9-ba0d-58433a72abc0","vagrant-10","24130491-308c-4270-b613-e4ed7c62ad4a","vagrant-10",winlogbeat,"8.4.3","8.0.0","File created (rule: FileCreate)",11,"Oct 24, 2022 @ 22:05:07.918",event,"<Event xmlns='http://schemas.microsoft.com/win/2004/08/events/event'><System><Provider Name='Microsoft-Windows-Sysmon' Guid='{5770385f-c22a-43e0-bf4c-06f5698ffbd9}'/><EventID>11</EventID><Version>2</Version><Level>4</Level><Task>11</Task><Opcode>0</Opcode><Keywords>0x8000000000000000</Keywords><TimeCreated SystemTime='2022-10-24T14:05:07.0439812Z'/><EventRecordID>1803</EventRecordID><Correlation/><Execution ProcessID='2064' ThreadID='3220'/><Channel>Microsoft-Windows-Sysmon/Operational</Channel><Computer>vagrant-10</Computer><Security UserID='S-1-5-18'/></System><EventData><Data Name='RuleName'>DLL</Data><Data Name='UtcTime'>2022-10-24 14:05:07.032</Data><Data Name='ProcessGuid'>{ef486c7a-9b92-6356-3201-000000001500}</Data><Data Name='ProcessId'>1424</Data><Data Name='Image'>C:\Windows\SysWOW64\crypt.exe</Data><Data Name='TargetFilename'>C:\Windows\Temp\_MEI14242\api-ms-win-core-namedpipe-l1-1-0.dll</Data><Data Name='CreationUtcTime'>2022-10-24 14:05:07.032</Data><Data Name='User'>NT AUTHORITY\SYSTEM</Data></EventData><RenderingInfo Culture='en-US'><Message>File created:
RuleName: DLL
UtcTime: 2022-10-24 14:05:07.032
ProcessGuid: {ef486c7a-9b92-6356-3201-000000001500}
ProcessId: 1424
Image: C:\Windows\SysWOW64\crypt.exe
TargetFilename: C:\Windows\Temp\_MEI14242\api-ms-win-core-namedpipe-l1-1-0.dll
CreationUtcTime: 2022-10-24 14:05:07.032
User: NT AUTHORITY\SYSTEM</Message><Level>Information</Level><Task>File created (rule: FileCreate)</Task><Opcode>Info</Opcode><Channel></Channel><Provider></Provider><Keywords></Keywords></RenderingInfo></Event>","-","Microsoft-Windows-Sysmon","x86_64","vagrant-10","ef486c7a-d018-43ce-bc87-fd5ce10088a9","fe80::650c:205f:e854:a4c3, 192.168.103.3","08:00:27:e3:04:fd","vagrant-10","19043.1348",windows,"10.0.19041.1348 (WinBuild.160101.0800)","Windows 10 Enterprise Evaluation","Windows 10 Enterprise Evaluation",windows,windows,"10.0",information,"File created:
RuleName: DLL
UtcTime: 2022-10-24 14:05:07.032
ProcessGuid: {ef486c7a-9b92-6356-3201-000000001500}
ProcessId: 1424
Image: C:\Windows\SysWOW64\crypt.exe
TargetFilename: C:\Windows\Temp\_MEI14242\api-ms-win-core-namedpipe-l1-1-0.dll
CreationUtcTime: 2022-10-24 14:05:07.032
User: NT AUTHORITY\SYSTEM","-",wineventlog,"Microsoft-Windows-Sysmon/Operational","vagrant-10","-","-","-","-","-","-","-","-","-","2022-10-24 14:05:07.032","-","-","-","-","-","-","-","-","-","-","-","-","C:\Windows\SysWOW64\crypt.exe","-","-","-","-","-","-","-","-","-","-","-","-","-","-","-","-","-","-","-","-","-","-","-","-","-","-","-","{ef486c7a-9b92-6356-3201-000000001500}",1424,"-","-","-","-","-","-","-","-","-","-",DLL,"-","-","-","-","-","-","-","-","-","-","-","-","-","-","-","-","-","-","-","-","-","-","C:\Windows\Temp\_MEI14242\api-ms-win-core-namedpipe-l1-1-0.dll","-","-","-","-","-","-","-","-","-","-","-","-","-","-","-","NT AUTHORITY\SYSTEM","2022-10-24 14:05:07.032","-","-","-","-","-","-","-","-","-","-","-","-","-","-","-","-","-","-","-","-","-",11,"-",Info,"2,064","3,220","{5770385f-c22a-43e0-bf4c-06f5698ffbd9}","Microsoft-Windows-Sysmon",1803,"File created (rule: FileCreate)","NT AUTHORITY","S-1-5-18",SYSTEM,User,2
"Oct 24, 2022 @ 22:05:07.032","NfJPCoQBQo9Iz8vx2_xj",".ds-winlogbeat-8.4.3-2022.10.17-000001","-","8d24c149-a762-44f9-ba0d-58433a72abc0","vagrant-10","24130491-308c-4270-b613-e4ed7c62ad4a","vagrant-10",winlogbeat,"8.4.3","8.0.0","File created (rule: FileCreate)",11,"Oct 24, 2022 @ 22:05:07.916",event,"<Event xmlns='http://schemas.microsoft.com/win/2004/08/events/event'><System><Provider Name='Microsoft-Windows-Sysmon' Guid='{5770385f-c22a-43e0-bf4c-06f5698ffbd9}'/><EventID>11</EventID><Version>2</Version><Level>4</Level><Task>11</Task><Opcode>0</Opcode><Keywords>0x8000000000000000</Keywords><TimeCreated SystemTime='2022-10-24T14:05:07.0320879Z'/><EventRecordID>1800</EventRecordID><Correlation/><Execution ProcessID='2064' ThreadID='3220'/><Channel>Microsoft-Windows-Sysmon/Operational</Channel><Computer>vagrant-10</Computer><Security UserID='S-1-5-18'/></System><EventData><Data Name='RuleName'>DLL</Data><Data Name='UtcTime'>2022-10-24 14:05:07.021</Data><Data Name='ProcessGuid'>{ef486c7a-9b92-6356-3201-000000001500}</Data><Data Name='ProcessId'>1424</Data><Data Name='Image'>C:\Windows\SysWOW64\crypt.exe</Data><Data Name='TargetFilename'>C:\Windows\Temp\_MEI14242\api-ms-win-core-libraryloader-l1-1-0.dll</Data><Data Name='CreationUtcTime'>2022-10-24 14:05:07.021</Data><Data Name='User'>NT AUTHORITY\SYSTEM</Data></EventData><RenderingInfo Culture='en-US'><Message>File created:
RuleName: DLL
UtcTime: 2022-10-24 14:05:07.021
ProcessGuid: {ef486c7a-9b92-6356-3201-000000001500}
ProcessId: 1424
Image: C:\Windows\SysWOW64\crypt.exe
TargetFilename: C:\Windows\Temp\_MEI14242\api-ms-win-core-libraryloader-l1-1-0.dll
CreationUtcTime: 2022-10-24 14:05:07.021
User: NT AUTHORITY\SYSTEM</Message><Level>Information</Level><Task>File created (rule: FileCreate)</Task><Opcode>Info</Opcode><Channel></Channel><Provider></Provider><Keywords></Keywords></RenderingInfo></Event>","-","M