"@timestamp","_id","_index","_score","agent.ephemeral_id","agent.hostname","agent.id","agent.name","agent.type","agent.version","ecs.version","event.action","event.code","event.created","event.kind","event.original","event.outcome","event.provider","host.architecture","host.hostname","host.id","host.ip","host.mac","host.name","host.os.build","host.os.family","host.os.kernel","host.os.name","host.os.name.text","host.os.platform","host.os.type","host.os.version","log.level",message,"winlog.activity_id","winlog.api","winlog.channel","winlog.computer_name","winlog.event_data.AccountName","winlog.event_data.AlgorithmName","winlog.event_data.AuthenticationPackageName","winlog.event_data.Binary","winlog.event_data.ClientCreationTime","winlog.event_data.ClientProcessId","winlog.event_data.CommandLine","winlog.event_data.Company","winlog.event_data.CountOfCredentialsReturned","winlog.event_data.CreationUtcTime","winlog.event_data.CurrentDirectory","winlog.event_data.Description","winlog.event_data.DestinationHostname","winlog.event_data.DestinationIp","winlog.event_data.DestinationIsIpv6","winlog.event_data.DestinationPort","winlog.event_data.DestinationPortName","winlog.event_data.Details","winlog.event_data.ElevatedToken","winlog.event_data.EventType","winlog.event_data.FileVersion","winlog.event_data.Hashes","winlog.event_data.Image","winlog.event_data.ImagePath","winlog.event_data.ImpersonationLevel","winlog.event_data.Initiated","winlog.event_data.IntegrityLevel","winlog.event_data.IpAddress","winlog.event_data.IpPort","winlog.event_data.KeyFilePath","winlog.event_data.KeyLength","winlog.event_data.KeyName","winlog.event_data.KeyType","winlog.event_data.LmPackageName","winlog.event_data.LogonGuid","winlog.event_data.LogonId","winlog.event_data.LogonProcessName","winlog.event_data.LogonType","winlog.event_data.MessageNumber","winlog.event_data.MessageTotal","winlog.event_data.NewThreadId","winlog.event_data.Operation","winlog.event_data.OriginalFileName","winlog.event_data.ParentCommandLine","winlog.event_data.ParentImage","winlog.event_data.ParentProcessGuid","winlog.event_data.ParentProcessId","winlog.event_data.ParentUser","winlog.event_data.PrivilegeList","winlog.event_data.ProcessCreationTime","winlog.event_data.ProcessGuid","winlog.event_data.ProcessId","winlog.event_data.ProcessName","winlog.event_data.Product","winlog.event_data.Protocol","winlog.event_data.ProviderName","winlog.event_data.QueryName","winlog.event_data.QueryResults","winlog.event_data.QueryStatus","winlog.event_data.ReadOperation","winlog.event_data.RestrictedAdminMode","winlog.event_data.ReturnCode","winlog.event_data.RuleName","winlog.event_data.ScriptBlockId","winlog.event_data.ScriptBlockText","winlog.event_data.ServiceName","winlog.event_data.ServiceType","winlog.event_data.SourceHostname","winlog.event_data.SourceImage","winlog.event_data.SourceIp","winlog.event_data.SourceIsIpv6","winlog.event_data.SourcePort","winlog.event_data.SourcePortName","winlog.event_data.SourceProcessGuid","winlog.event_data.SourceProcessId","winlog.event_data.SourceUser","winlog.event_data.StartAddress","winlog.event_data.StartFunction","winlog.event_data.StartModule","winlog.event_data.StartType","winlog.event_data.SubjectDomainName","winlog.event_data.SubjectLogonId","winlog.event_data.SubjectUserName","winlog.event_data.SubjectUserSid","winlog.event_data.TargetDomainName","winlog.event_data.TargetFilename","winlog.event_data.TargetImage","winlog.event_data.TargetLinkedLogonId","winlog.event_data.TargetLogonId","winlog.event_data.TargetName","winlog.event_data.TargetObject","winlog.event_data.TargetOutboundDomainName","winlog.event_data.TargetOutboundUserName","winlog.event_data.TargetProcessGuid","winlog.event_data.TargetProcessId","winlog.event_data.TargetUser","winlog.event_data.TargetUserName","winlog.event_data.TargetUserSid","winlog.event_data.TerminalSessionId","winlog.event_data.TransmittedServices","winlog.event_data.Type","winlog.event_data.User","winlog.event_data.UtcTime","winlog.event_data.VirtualAccount","winlog.event_data.WorkstationName","winlog.event_data.param1","winlog.event_data.param10","winlog.event_data.param11","winlog.event_data.param12","winlog.event_data.param13","winlog.event_data.param16","winlog.event_data.param17","winlog.event_data.param19","winlog.event_data.param2","winlog.event_data.param20","winlog.event_data.param21","winlog.event_data.param23","winlog.event_data.param3","winlog.event_data.param4","winlog.event_data.param5","winlog.event_data.param6","winlog.event_data.param7","winlog.event_data.param8","winlog.event_data.param9","winlog.event_id","winlog.keywords","winlog.opcode","winlog.process.pid","winlog.process.thread.id","winlog.provider_guid","winlog.provider_name","winlog.record_id","winlog.task","winlog.user.domain","winlog.user.identifier","winlog.user.name","winlog.user.type","winlog.version"
"Oct 24, 2022 @ 22:05:46.097",IPJQCoQBQo9Iz8vxkf2a,".ds-winlogbeat-8.4.3-2022.10.17-000001","-","8d24c149-a762-44f9-ba0d-58433a72abc0","vagrant-10","24130491-308c-4270-b613-e4ed7c62ad4a","vagrant-10",winlogbeat,"8.4.3","8.0.0","Dns query (rule: DnsQuery)",22,"Oct 24, 2022 @ 22:05:47.995",event,"<Event xmlns='http://schemas.microsoft.com/win/2004/08/events/event'><System><Provider Name='Microsoft-Windows-Sysmon' Guid='{5770385f-c22a-43e0-bf4c-06f5698ffbd9}'/><EventID>22</EventID><Version>5</Version><Level>4</Level><Task>22</Task><Opcode>0</Opcode><Keywords>0x8000000000000000</Keywords><TimeCreated SystemTime='2022-10-24T14:05:46.0979462Z'/><EventRecordID>1892</EventRecordID><Correlation/><Execution ProcessID='2064' ThreadID='3240'/><Channel>Microsoft-Windows-Sysmon/Operational</Channel><Computer>vagrant-10</Computer><Security UserID='S-1-5-18'/></System><EventData><Data Name='RuleName'>-</Data><Data Name='UtcTime'>2022-10-24 14:05:48.078</Data><Data Name='ProcessGuid'>{ef486c7a-f97e-6356-1900-000000001500}</Data><Data Name='ProcessId'>1168</Data><Data Name='QueryName'>wpad</Data><Data Name='QueryStatus'>123</Data><Data Name='QueryResults'>-</Data><Data Name='Image'>C:\Windows\System32\svchost.exe</Data><Data Name='User'>NT AUTHORITY\LOCAL SERVICE</Data></EventData><RenderingInfo Culture='en-US'><Message>Dns query:
RuleName: -
UtcTime: 2022-10-24 14:05:48.078
ProcessGuid: {ef486c7a-f97e-6356-1900-000000001500}
ProcessId: 1168
QueryName: wpad
QueryStatus: 123
QueryResults: -
Image: C:\Windows\System32\svchost.exe
User: NT AUTHORITY\LOCAL SERVICE</Message><Level>Information</Level><Task>Dns query (rule: DnsQuery)</Task><Opcode>Info</Opcode><Channel></Channel><Provider></Provider><Keywords></Keywords></RenderingInfo></Event>","-","Microsoft-Windows-Sysmon","x86_64","vagrant-10","ef486c7a-d018-43ce-bc87-fd5ce10088a9","fe80::650c:205f:e854:a4c3, 192.168.103.3","08:00:27:e3:04:fd","vagrant-10","19043.1348",windows,"10.0.19041.1348 (WinBuild.160101.0800)","Windows 10 Enterprise Evaluation","Windows 10 Enterprise Evaluation",windows,windows,"10.0",information,"Dns query:
RuleName: -
UtcTime: 2022-10-24 14:05:48.078
ProcessGuid: {ef486c7a-f97e-6356-1900-000000001500}
ProcessId: 1168
QueryName: wpad
QueryStatus: 123
QueryResults: -
Image: C:\Windows\System32\svchost.exe
User: NT AUTHORITY\LOCAL SERVICE","-",wineventlog,"Microsoft-Windows-Sysmon/Operational","vagrant-10","-","-","-","-","-","-","-","-","-","-","-","-","-","-","-","-","-","-","-","-","-","-","C:\Windows\System32\svchost.exe","-","-","-","-","-","-","-","-","-","-","-","-","-","-","-","-","-","-","-","-","-","-","-","-","-","-","-","{ef486c7a-f97e-6356-1900-000000001500}",1168,"-","-","-","-",wpad,"-",123,"-","-","-","-","-","-","-","-","-","-","-","-","-","-","-","-","-","-","-","-","-","-","-","-","-","-","-","-","-","-","-","-","-","-","-","-","-","-","-","-","-","-","NT AUTHORITY\LOCAL SERVICE","2022-10-24 14:05:48.078","-","-","-","-","-","-","-","-","-","-","-","-","-","-","-","-","-","-","-","-","-",22,"-",Info,"2,064","3,240","{5770385f-c22a-43e0-bf4c-06f5698ffbd9}","Microsoft-Windows-Sysmon",1892,"Dns query (rule: DnsQuery)","NT AUTHORITY","S-1-5-18",SYSTEM,User,5
"Oct 24, 2022 @ 22:05:46.097",IfJQCoQBQo9Iz8vxkf2a,".ds-winlogbeat-8.4.3-2022.10.17-000001","-","8d24c149-a762-44f9-ba0d-58433a72abc0","vagrant-10","24130491-308c-4270-b613-e4ed7c62ad4a","vagrant-10",winlogbeat,"8.4.3","8.0.0","Dns query (rule: DnsQuery)",22,"Oct 24, 2022 @ 22:05:48.096",event,"<Event xmlns='http://schemas.microsoft.com/win/2004/08/events/event'><System><Provider Name='Microsoft-Windows-Sysmon' Guid='{5770385f-c22a-43e0-bf4c-06f5698ffbd9}'/><EventID>22</EventID><Version>5</Version><Level>4</Level><Task>22</Task><Opcode>0</Opcode><Keywords>0x8000000000000000</Keywords><TimeCreated SystemTime='2022-10-24T14:05:46.0979462Z'/><EventRecordID>1892</EventRecordID><Correlation/><Execution ProcessID='2064' ThreadID='3240'/><Channel>Microsoft-Windows-Sysmon/Operational</Channel><Computer>vagrant-10</Computer><Security UserID='S-1-5-18'/></System><EventData><Data Name='RuleName'>-</Data><Data Name='UtcTime'>2022-10-24 14:05:48.078</Data><Data Name='ProcessGuid'>{ef486c7a-f97e-6356-1900-000000001500}</Data><Data Name='ProcessId'>1168</Data><Data Name='QueryName'>wpad</Data><Data Name='QueryStatus'>123</Data><Data Name='QueryResults'>-</Data><Data Name='Image'>C:\Windows\System32\svchost.exe</Data><Data Name='User'>NT AUTHORITY\LOCAL SERVICE</Data></EventData><RenderingInfo Culture='en-US'><Message>Dns query:
RuleName: -
UtcTime: 2022-10-24 14:05:48.078
ProcessGuid: {ef486c7a-f97e-6356-1900-000000001500}
ProcessId: 1168
QueryName: wpad
QueryStatus: 123
QueryResults: -
Image: C:\Windows\System32\svchost.exe
User: NT AUTHORITY\LOCAL SERVICE</Message><Level>Information</Level><Task>Dns query (rule: DnsQuery)</Task><Opcode>Info</Opcode><Channel></Channel><Provider></Provider><Keywords></Keywords></RenderingInfo></Event>","-","Microsoft-Windows-Sysmon","x86_64","vagrant-10","ef486c7a-d018-43ce-bc87-fd5ce10088a9","fe80::650c:205f:e854:a4c3, 192.168.103.3","08:00:27:e3:04:fd","vagrant-10","19043.1348",windows,"10.0.19041.1348 (WinBuild.160101.0800)","Windows 10 Enterprise Evaluation","Windows 10 Enterprise Evaluation",windows,windows,"10.0",information,"Dns query:
RuleName: -
UtcTime: 2022-10-24 14:05:48.078
ProcessGuid: {ef486c7a-f97e-6356-1900-000000001500}
ProcessId: 1168
QueryName: wpad
QueryStatus: 123
QueryResults: -
Image: C:\Windows\System32\svchost.exe
User: NT AUTHORITY\LOCAL SERVICE","-",wineventlog,"Microsoft-Windows-Sysmon/Operational","vagrant-10","-","-","-","-","-","-","-","-","-","-","-","-","-","-","-","-","-","-","-","-","-","-","C:\Windows\System32\svchost.exe","-","-","-","-","-","-","-","-","-","-","-","-","-","-","-","-","-","-","-","-","-","-","-","-","-","-","-","{ef486c7a-f97e-6356-1900-000000001500}",1168,"-","-","-","-",wpad,"-",123,"-","-","-","-","-","-","-","-","-","-","-","-","-","-","-","-","-","-","-","-","-","-","-","-","-","-","-","-","-","-","-","-","-","-","-","-","-","-","-","-","-","-","NT AUTHORITY\LOCAL SERVICE","2022-10-24 14:05:48.078","-","-","-","-","-","-","-","-","-","-","-","-","-","-","-","-","-","-","-","-","-",22,"-",Info,"2,064","3,240","{5770385f-c22a-43e0-bf4c-06f5698ffbd9}","Microsoft-Windows-Sysmon",1892,"Dns query (rule: DnsQuery)","NT AUTHORITY","S-1-5-18",SYSTEM,User,5
"Oct 24, 2022 @ 22:05:43.967",HvJQCoQBQo9Iz8vxif20,".ds-winlogbeat-8.4.3-2022.10.17-000001","-","8d24c149-a762-44f9-ba0d-58433a72abc0","vagrant-10","24130491-308c-4270-b613-e4ed7c62ad4a","vagrant-10",winlogbeat,"8.4.3","8.0.0","Dns query (rule: DnsQuery)",22,"Oct 24, 2022 @ 22:05:45.914",event,"<Event xmlns='http://schemas.microsoft.com/win/2004/08/events/event'><System><Provider Name='Microsoft-Windows-Sysmon' Guid='{5770385f-c22a-43e0-bf4c-06f5698ffbd9}'/><EventID>22</EventID><Version>5</Version><Level>4</Level><Task>22</Task><Opcode>0</Opcode><Keywords>0x8000000000000000</Keywords><TimeCreated SystemTime='2022-10-24T14:05:43.9672074Z'/><EventRecordID>1891</EventRecordID><Correlation/><Execution ProcessID='2064' ThreadID='3240'/><Channel>Microsoft-Windows-Sysmon/Operational</Channel><Computer>vagrant-10</Computer><Security UserID='S-1-5-18'/></System><EventData><Data Name='RuleName'>-</Data><Data Name='UtcTime'>2022-10-24 14:05:46.024</Data><Data Name='ProcessGuid'>{ef486c7a-9b74-6356-0501-000000001500}</Data><Data Name='ProcessId'>5028</Data><Data Name='QueryName'>VAGRANT-10</Data><Data Name='QueryStatus'>0</Data><Data Name='QueryResults'>fe80::650c:205f:e854:a4c3;::ffff:192.168.103.3;</Data><Data Name='Image'>C:\Windows\System32\wbem\WmiPrvSE.exe</Data><Data Name='User'>NT AUTHORITY\NETWORK SERVICE</Data></EventData><RenderingInfo Culture='en-US'><Message>Dns query:
RuleName: -
UtcTime: 2022-10-24 14:05:46.024
ProcessGuid: {ef486c7a-9b74-6356-0501-000000001500}
ProcessId: 5028
QueryName: VAGRANT-10
QueryStatus: 0
QueryResults: fe80::650c:205f:e854:a4c3;::ffff:192.168.103.3;
Image: C:\Windows\System32\wbem\WmiPrvSE.exe
User: NT AUTHORITY\NETWORK SERVICE</Message><Level>Information</Level><Task>Dns query (rule: DnsQuery)</Task><Opcode>Info</Opcode><Channel></Channel><Provider></Provider><Keywords></Keywords></RenderingInfo></Event>","-","Microsoft-Windows-Sysmon","x86_64","vagrant-10","ef486c7a-d018-43ce-bc87-fd5ce10088a9","fe80::650c:205f:e854:a4c3, 192.168.103.3","08:00:27:e3:04:fd","vagrant-10","19043.1348",windows,"10.0.19041.1348 (WinBuild.160101.0800)","Windows 10 Enterprise Evaluation","Windows 10 Enterprise Evaluation",windows,windows,"10.0",information,"Dns query:
RuleName: -
UtcTime: 2022-10-24 14:05:46.024
ProcessGuid: {ef486c7a-9b74-6356-0501-000000001500}
ProcessId: 5028
QueryName: VAGRANT-10
QueryStatus: 0
QueryResults: fe80::650c:205f:e854:a4c3;::ffff:192.168.103.3;
Image: C:\Windows\System32\wbem\WmiPrvSE.exe
User: NT AUTHORITY\NETWORK SERVICE","-",wineventlog,"Microsoft-Windows-Sysmon/Operational","vagrant-10","-","-","-","-","-","-","-","-","-","-","-","-","-","-","-","-","-","-","-","-","-","-","C:\Windows\System32\wbem\WmiPrvSE.exe","-","-","-","-","-","-","-","-","-","-","-","-","-","-","-","-","-","-","-","-","-","-","-","-","-","-","-","{ef486c7a-9b74-6356-0501-000000001500}",5028,"-","-","-","-","VAGRANT-10","fe80::650c:205f:e854:a4c3;::ffff:192.168.103.3;",0,"-","-","-","-","-","-","-","-","-","-","-","-","-","-","-","-","-","-","-","-","-","-","-","-","-","-","-","-","-","-","-","-","-","-","-","-","-","-","-","-","-","-","NT AUTHORITY\NETWORK SERVICE","2022-10-24 14:05:46.024","-","-","-","-","-","-","-","-","-","-","-","-","-","-","-","-","-","-","-","-","-",22,"-",Info,"2,064","3,240","{5770385f-c22a-43e0-bf4c-06f5698ffbd9}","Microsoft-Windows-Sysmon",1891,"Dns query (rule: DnsQuery)","NT AUTHORITY","S-1-5-18",SYSTEM,User,5
"Oct 24, 2022 @ 22:05:43.967","H_JQCoQBQo9Iz8vxif20",".ds-winlogbeat-8.4.3-2022.10.17-000001","-","8d24c149-a762-44f9-ba0d-58433a72abc0","vagrant-10","24130491-308c-4270-b613-e4ed7c62ad4a","vagrant-10",winlogbeat,"8.4.3","8.0.0","Dns query (rule: DnsQuery)",22,"Oct 24, 2022 @ 22:05:46.014",event,"<Event xmlns='http://schemas.microsoft.com/win/2004/08/events/event'><System><Provider Name='Microsoft-Windows-Sysmon' Guid='{5770385f-c22a-43e0-bf4c-06f5698ffbd9}'/><EventID>22</EventID><Version>5</Version><Level>4</Level><Task>22</Task><Opcode>0</Opcode><Keywords>0x8000000000000000</Keywords><TimeCreated SystemTime='2022-10-24T14:05:43.9672074Z'/><EventRecordID>1891</EventRecordID><Correlation/><Execution ProcessID='2064' ThreadID='3240'/><Channel>Microsoft-Windows-Sysmon/Operational</Channel><Computer>vagrant-10</Computer><Security UserID='S-1-5-18'/></System><EventData><Data Name='RuleName'>-</Data><Data Name='UtcTime'>2022-10-24 14:05:46.024</Data><Data Name='ProcessGuid'>{ef486c7a-9b74-6356-0501-000000001500}</Data><Data Name='ProcessId'>5028</Data><Data Name='QueryName'>VAGRANT-10</Data><Data Name='QueryStatus'>0</Data><Data Name='QueryResults'>fe80::650c:205f:e854:a4c3;::ffff:192.168.103.3;</Data><Data Name='Image'>C:\Windows\System32\wbem\WmiPrvSE.exe</Data><Data Name='User'>NT AUTHORITY\NETWORK SERVICE</Data></EventData><RenderingInfo Culture='en-US'><Message>Dns query:
RuleName: -
UtcTime: 2022-10-24 14:05:46.024
ProcessGuid: {ef486c7a-9b74-6356-0501-000000001500}
ProcessId: 5028
QueryName: VAGRANT-10
QueryStatus: 0
QueryResults: fe80::650c:205f:e854:a4c3;::ffff:192.168.103.3;
Image: C:\Windows\System32\wbem\WmiPrvSE.exe
User: NT AUTHORITY\NETWORK SERVICE</Message><Level>Information</Level><Task>Dns query (rule: DnsQuery)</Task><Opcode>Info</Opcode><Channel></Channel><Provider></Provider><Keywords></Keywords></RenderingInfo></Event>","-","Microsoft-Windows-Sysmon","x86_64","vagrant-10","ef486c7a-d018-43ce-bc87-fd5ce10088a9","fe80::650c:205f:e854:a4c3, 192.168.103.3","08:00:27:e3:04:fd","vagrant-10","19043.1348",windows,"10.0.19041.1348 (WinBuild.160101.0800)","Windows 10 Enterprise Evaluation","Windows 10 Enterprise Evaluation",windows,windows,"10.0",information,"Dns query:
RuleName: -
UtcTime: 2022-10-24 14:05:46.024
ProcessGuid: {ef486c7a-9b74-6356-0501-000000001500}
ProcessId: 5028
QueryName: VAGRANT-10
QueryStatus: 0
QueryResults: fe80::650c:205f:e854:a4c3;::ffff:192.168.103.3;
Image: C:\Windows\System32\wbem\WmiPrvSE.exe
User: NT AUTHORITY\NETWORK SERVICE","-",wineventlog,"Microsoft-Windows-Sysmon/Operational","vagrant-10","-","-","-","-","-","-","-","-","-","-","-","-","-","-","-","-","-","-","-","-","-","-","C:\Windows\System32\wbem\WmiPrvSE.exe","-","-","-","-","-","-","-","-","-","-","-","-","-","-","-","-","-","-","-","-","-","-","-","-","-","-","-","{ef486c7a-9b74-6356-0501-000000001500}",5028,"-","-","-","-","VAGRANT-10","fe80::650c:205f:e854:a4c3;::ffff:192.168.103.3;",0,"-","-","-","-","-","-","-","-","-","-","-","-","-","-","-","-","-","-","-","-","-","-","-","-","-","-","-","-","-","-","-","-","-","-","-","-","-","-","-","-","-","-","NT AUTHORITY\NETWORK SERVICE","2022-10-24 14:05:46.024","-","-","-","-","-","-","-","-","-","-","-","-","-","-","-","-","-","-","-","-","-",22,"-",Info,"2,064","3,240","{5770385f-c22a-43e0-bf4c-06f5698ffbd9}","Microsoft-Windows-Sysmon",1891,"Dns query (rule: DnsQuery)","NT AUTHORITY","S-1-5-18",SYSTEM,User,5
"Oct 24, 2022 @ 22:05:41.781",GfJQCoQBQo9Iz8vxfv0y,".ds-winlogbeat-8.4.3-2022.10.17-000001","-","8d24c149-a762-44f9-ba0d-58433a72abc0","vagrant-10","24130491-308c-4270-b613-e4ed7c62ad4a","vagrant-10",winlogbeat,"8.4.3","8.0.0","File created (rule: FileCreate)",11,"Oct 24, 2022 @ 22:05:42.872",event,"<Event xmlns='http://schemas.microsoft.com/win/2004/08/events/event'><System><Provider Name='Microsoft-Windows-Sysmon' Guid='{5770385f-c22a-43e0-bf4c-06f5698ffbd9}'/><EventID>11</EventID><Version>2</Version><Level>4</Level><Task>11</Task><Opcode>0</Opcode><Keywords>0x8000000000000000</Keywords><TimeCreated SystemTime='2022-10-24T14:05:41.7810466Z'/><EventRecordID>1890</EventRecordID><Correlation/><Execution ProcessID='2064' ThreadID='3220'/><Channel>Microsoft-Windows-Sysmon/Operational</Channel><Computer>vagrant-10</Computer><Security UserID='S-1-5-18'/></System><EventData><Data Name='RuleName'>ProcessHostingdotNETCode</Data><Data Name='UtcTime'>2022-10-24 14:05:41.776</Data><Data Name='ProcessGuid'>{ef486c7a-9bb2-6356-3501-000000001500}</Data><Data Name='ProcessId'>1084</Data><Data Name='Image'>C:\Windows\System32\WindowsPowerShell\v1.0\powershell.exe</Data><Data Name='TargetFilename'>C:\Windows\System32\config\systemprofile\AppData\Local\Microsoft\CLR_v4.0\UsageLogs\powershell.exe.log</Data><Data Name='CreationUtcTime'>2022-10-16 11:42:32.409</Data><Data Name='User'>NT AUTHORITY\SYSTEM</Data></EventData><RenderingInfo Culture='en-US'><Message>File created:
RuleName: ProcessHostingdotNETCode
UtcTime: 2022-10-24 14:05:41.776
ProcessGuid: {ef486c7a-9bb2-6356-3501-000000001500}
ProcessId: 1084
Image: C:\Windows\System32\WindowsPowerShell\v1.0\powershell.exe
TargetFilename: C:\Windows\System32\config\systemprofile\AppData\Local\Microsoft\CLR_v4.0\UsageLogs\powershell.exe.log
CreationUtcTime: 2022-10-16 11:42:32.409
User: NT AUTHORITY\SYSTEM</Message><Level>Information</Level><Task>File created (rule: FileCreate)</Task><Opcode>Info</Opcode><Channel></Channel><Provider></Provider><Keywords></Keywords></RenderingInfo></Event>","-","Microsoft-Windows-Sysmon","x86_64","vagrant-10","ef486c7a-d018-43ce-bc87-fd5ce10088a9","fe80::650c:205f:e854:a4c3, 192.168.103.3","08:00:27:e3:04:fd","vagrant-10","19043.1348",windows,"10.0.19041.1348 (WinBuild.160101.0800)","Windows 10 Enterprise Evaluation","Windows 10 Enterprise Evaluation",windows,windows,"10.0",information,"File created:
RuleName: ProcessHostingdotNETCode
UtcTime: 2022-10-24 14:05:41.776
ProcessGuid: {ef486c7a-9bb2-6356-3501-000000001500}
ProcessId: 1084
Image: C:\Windows\System32\WindowsPowerShell\v1.0\powershell.exe
TargetFilename: C:\Windows\System32\config\systemprofile\AppData\Local\Microsoft\CLR_v4.0\UsageLogs\powershell.exe.log
CreationUtcTime: 2022-10-16 11:42:32.409
User: NT AUTHORITY\SYSTEM","-",wineventlog,"Microsoft-Windows-Sysmon/Operational","vagrant-10","-","-","-","-","-","-","-","-","-","2022-10-16 11:42:32.409","-","-","-","-","-","-","-","-","-","-","-","-","C:\Windows\System32\WindowsPowerShell\v1.0\powershell.exe","-","-","-","-","-","-","-","-","-","-","-","-","-","-","-","-","-","-","-","-","-","-","-","-","-","-","-","{ef486c7a-9bb2-6356-3501-000000001500}",1084,"-","-","-","-","-","-","-","-","-","-",ProcessHostingdotNETCode,"-","-","-","-","-","-","-","-","-","-","-","-","-","-","-","-","-","-","-","-","-","-","C:\Windows\System32\config\systemprofile\AppData\Local\Microsoft\CLR_v4.0\UsageLogs\powershell.exe.log","-","-","-","-","-","-","-","-","-","-","-","-","-","-","-","NT AUTHORITY\SYSTEM","2022-10-24 14:05:41.776","-","-","-","-","-","-","-","-","-","-","-","-","-","-","-","-","-","-","-","-","-",11,"-",Info,"2,064","3,220","{5770385f-c22a-43e0-bf4c-06f5698ffbd9}","Microsoft-Windows-Sysmon",1890,"File created (rule: FileCreate)","NT AUTHORITY","S-1-5-18",SYSTEM,User,2
"Oct 24, 2022 @ 22:05:41.781",GvJQCoQBQo9Iz8vxfv0y,".ds-winlogbeat-8.4.3-2022.10.17-000001","-","8d24c149-a762-44f9-ba0d-58433a72abc0","vagrant-10","24130491-308c-4270-b613-e4ed7c62ad4a","vagrant-10",winlogbeat,"8.4.3","8.0.0","File created (rule: FileCreate)",11,"Oct 24, 2022 @ 22:05:43.848",event,"<Event xmlns='http://schemas.microsoft.com/win/2004/08/events/event'><System><Provider Name='Microsoft-Windows-Sysmon' Guid='{5770385f-c22a-43e0-bf4c-06f5698ffbd9}'/><EventID>11</EventID><Version>2</Version><Level>4</Level><Task>11</Task><Opcode>0</Opcode><Keywords>0x8000000000000000</Keywords><TimeCreated SystemTime='2022-10-24T14:05:41.7810466Z'/><EventRecordID>1890</EventRecordID><Correlation/><Execution ProcessID='2064' ThreadID='3220'/><Channel>Microsoft-Windows-Sysmon/Operational</Channel><Computer>vagrant-10</Computer><Security UserID='S-1-5-18'/></System><EventData><Data Name='RuleName'>ProcessHostingdotNETCode</Data><Data Name='UtcTime'>2022-10-24 14:05:41.776</Data><Data Name='ProcessGuid'>{ef486c7a-9bb2-6356-3501-000000001500}</Data><Data Name='ProcessId'>1084</Data><Data Name='Image'>C:\Windows\System32\WindowsPowerShell\v1.0\powershell.exe</Data><Data Name='TargetFilename'>C:\Windows\System32\config\systemprofile\AppData\Local\Microsoft\CLR_v4.0\UsageLogs\powershell.exe.log</Data><Data Name='CreationUtcTime'>2022-10-16 11:42:32.409</Data><Data Name='User'>NT AUTHORITY\SYSTEM</Data></EventData><RenderingInfo Culture='en-US'><Message>File created:
RuleName: ProcessHostingdotNETCode
UtcTime: 2022-10-24 14:05:41.776
ProcessGuid: {ef486c7a-9bb2-6356-3501-000000001500}
ProcessId: 1084
Image: C:\Windows\System32\WindowsPowerShell\v1.0\powershell.exe
TargetFilename: C:\Windows\System32\config\systemprofile\AppData\Local\Microsoft\CLR_v4.0\UsageLogs\powershell.exe.log
CreationUtcTime: 2022-10-16 11:42:32.409
User: NT AUTHORITY\SYSTEM</Message><Level>Information</Level><Task>File created (rule: FileCreate)</Task><Opcode>Info</Opcode><Channel></Channel><Provider></Provider><Keywords></Keywords></RenderingInfo></Event>","-","Microsoft-Windows-Sysmon","x86_64","vagrant-10","ef486c7a-d018-43ce-bc87-fd5ce10088a9","fe80::650c:205f:e854:a4c3, 192.168.103.3","08:00:27:e3:04:fd","vagrant-10","19043.1348",windows,"10.0.19041.1348 (WinBuild.160101.0800)","Windows 10 Enterprise Evaluation","Windows 10 Enterprise Evaluation",windows,windows,"10.0",information,"File created:
RuleName: ProcessHostingdotNETCode
UtcTime: 2022-10-24 14:05:41.776
ProcessGuid: {ef486c7a-9bb2-6356-3501-000000001500}
ProcessId: 1084
Image: C:\Windows\System32\WindowsPowerShell\v1.0\powershell.exe
TargetFilename: C:\Windows\System32\config\systemprofile\AppData\Local\Microsoft\CLR_v4.0\UsageLogs\powershell.exe.log
CreationUtcTime: 2022-10-16 11:42:32.409
User: NT AUTHORITY\SYSTEM","-",wineventlog,"Microsoft-Windows-Sysmon/Operational","vagrant-10","-","-","-","-","-","-","-","-","-","2022-10-16 11:42:32.409","-","-","-","-","-","-","-","-","-","-","-","-","C:\Windows\System32\WindowsPowerShell\v1.0\powershell.exe","-","-","-","-","-","-","-","-","-","-","-","-","-","-","-","-","-","-","-","-","-","-","-","-","-","-","-","{ef486c7a-9bb2-6356-3501-000000001500}",1084,"-","-","-","-","-","-","-","-","-","-",ProcessHostingdotNETCode,"-","-","-","-","-","-","-","-","-","-","-","-","-","-","-","-","-","-","-","-","-","-","C:\Windows\System32\config\systemprofile\AppData\Local\Microsoft\CLR_v4.0\UsageLogs\powershell.exe.log","-","-","-","-","-","-","-","-","-","-","-","-","-","-","-","NT AUTHORITY\SYSTEM","2022-10-24 14:05:41.776","-","-","-","-","-","-","-","-","-","-","-","-","-","-","-","-","-","-","-","-","-",11,"-",Info,"2,064","3,220","{5770385f-c22a-43e0-bf4c-06f5698ffbd9}","Microsoft-Windows-Sysmon",1890,"File created (rule: FileCreate)","NT AUTHORITY","S-1-5-18",SYSTEM,User,2
"Oct 24, 2022 @ 22:05:41.683",GPJQCoQBQo9Iz8vxev0C,".ds-winlogbeat-8.4.3-2022.10.17-000001","-","8d24c149-a762-44f9-ba0d-58433a72abc0","vagrant-10","24130491-308c-4270-b613-e4ed7c62ad4a","vagrant-10",winlogbeat,"8.4.3","8.0.0","Engine Lifecycle",403,"Oct 24, 2022 @ 22:05:42.718",event,"<Event xmlns='http://schemas.microsoft.com/win/2004/08/events/event'><System><Provider Name='PowerShell'/><EventID Qualifiers='0'>403</EventID><Version>0</Version><Level>4</Level><Task>4</Task><Opcode>0</Opcode><Keywords>0x80000000000000</Keywords><TimeCreated SystemTime='2022-10-24T14:05:41.6832995Z'/><EventRecordID>554</EventRecordID><Correlation/><Execution ProcessID='0' ThreadID='0'/><Channel>Windows PowerShell</Channel><Computer>vagrant-10</Computer><Security/></System><EventData><Data>Stopped</Data><Data>Available</Data><Data>	NewEngineState=Stopped
	PreviousEngineState=Available

	SequenceNumber=15

	HostName=ConsoleHost
	HostVersion=5.1.19041.1320
	HostId=50bef6e2-457c-4638-81a8-30f08fc3811f
	HostApplication=powershell.exe -ExecutionPolicy Restricted -Command Write-Host 'Final result: 1';
	EngineVersion=5.1.19041.1320
	RunspaceId=5b63f128-d755-46c5-b71a-5f94f76be6c9
	PipelineId=
	CommandName=
	CommandType=
	ScriptName=
	CommandPath=
	CommandLine=</Data></EventData><RenderingInfo Culture='en-US'><Message>Engine state is changed from Available to Stopped. 

Details: 
	NewEngineState=Stopped
	PreviousEngineState=Available

	SequenceNumber=15

	HostName=ConsoleHost
	HostVersion=5.1.19041.1320
	HostId=50bef6e2-457c-4638-81a8-30f08fc3811f
	HostApplication=powershell.exe -ExecutionPolicy Restricted -Command Write-Host 'Final result: 1';
	EngineVersion=5.1.19041.1320
	RunspaceId=5b63f128-d755-46c5-b71a-5f94f76be6c9
	PipelineId=
	CommandName=
	CommandType=
	ScriptName=
	CommandPath=
	CommandLine=</Message><Level>Information</Level><Task>Engine Lifecycle</Task><Opcode>Info</Opcode><Channel></Channel><Provider></Provider><Keywords><Keyword>Classic</Keyword></Keywords></RenderingInfo></Event>","-",PowerShell,"x86_64","vagrant-10","ef486c7a-d018-43ce-bc87-fd5ce10088a9","fe80::650c:205f:e854:a4c3, 192.168.103.3","08:00:27:e3:04:fd","vagrant-10","19043.1348",windows,"10.0.19041.1348 (WinBuild.160101.0800)","Windows 10 Enterprise Evaluation","Windows 10 Enterprise Evaluation",windows,windows,"10.0",information,"Engine state is changed from Available to Stopped. 

Details: 
	NewEngineState=Stopped
	PreviousEngineState=Available

	SequenceNumber=15

	HostName=ConsoleHost
	HostVersion=5.1.19041.1320
	HostId=50bef6e2-457c-4638-81a8-30f08fc3811f
	HostApplication=powershell.exe -ExecutionPolicy Restricted -Command Write-Host 'Final result: 1';
	EngineVersion=5.1.19041.1320
	RunspaceId=5b63f128-d755-46c5-b71a-5f94f76be6c9
	PipelineId=
	CommandName=
	CommandType=
	ScriptName=
	CommandPath=
	CommandLine=","-",wineventlog,"Windows PowerShell","vagrant-10","-","-","-","-","-","-","-","-","-","-","-","-","-","-","-","-","-","-","-","-","-","-","-","-","-","-","-","-","-","-","-","-","-","-","-","-","-","-","-","-","-","-","-","-","-","-","-","-","-","-","-","-","-","-","-","-","-","-","-","-","-","-","-","-","-","-","-","-","-","-","-","-","-","-","-","-","-","-","-","-","-","-","-","-","-","-","-","-","-","-","-","-","-","-","-","-","-","-","-","-","-","-","-","-","-",Stopped,"-","-","-","-","-","-","-",Available,"-","-","-","	NewEngineState=Stopped
	PreviousEngineState=Available

	SequenceNumber=15

	HostName=ConsoleHost
	HostVersion=5.1.19041.1320
	HostId=50bef6e2-457c-4638-81a8-30f08fc3811f
	HostApplication=powershell.exe -ExecutionPolicy Restricted -Command Write-Host 'Final result: 1';
	EngineVersion=5.1.19041.1320
	RunspaceId=5b63f128-d755-46c5-b71a-5f94f76be6c9
	PipelineId=
	CommandName=
	CommandType=
	ScriptName=
	CommandPath=
	CommandLine=","-","-","-","-","-","-",403,Classic,Info,"-","-","-",PowerShell,554,"Engine Lifecycle","-","-","-","-","-"
"Oct 24, 2022 @ 22:05:40.425","DfJQCoQBQo9Iz8vxdf2-",".ds-winlogbeat-8.4.3-2022.10.17-000001","-","8d24c149-a762-44f9-ba0d-58433a72abc0","vagrant-10","24130491-308c-4270-b613-e4ed7c62ad4a","vagrant-10",winlogbeat,"8.4.3","8.0.0","Provider Lifecycle",600,"Oct 24, 2022 @ 22:05:40.639",event,"<Event xmlns='http://schemas.microsoft.com/win/2004/08/events/event'><System><Provider Name='PowerShell'/><EventID Qualifiers='0'>600</EventID><Version>0</Version><Level>4</Level><Task>6</Task><Opcode>0</Opcode><Keywords>0x80000000000000</Keywords><TimeCreated SystemTime='2022-10-24T14:05:40.4252677Z'/><EventRecordID>547</EventRecordID><Correlation/><Execution ProcessID='0' ThreadID='0'/><Channel>Windows PowerShell</Channel><Computer>vagrant-10</Computer><Security/></System><EventData><Data>Registry</Data><Data>Started</Data><Data>	ProviderName=Registry
	NewProviderState=Started

	SequenceNumber=1

	HostName=ConsoleHost
	HostVersion=5.1.19041.1320
	HostId=50bef6e2-457c-4638-81a8-30f08fc3811f
	HostApplication=powershell.exe -ExecutionPolicy Restricted -Command Write-Host 'Final result: 1';
	EngineVersion=
	RunspaceId=
	PipelineId=
	CommandName=
	CommandType=
	ScriptName=
	CommandPath=
	CommandLine=</Data></EventData><RenderingInfo Culture='en-US'><Message>Provider ""Registry"" is Started. 

Details: 
	ProviderName=Registry
	NewProviderState=Started

	SequenceNumber=1

	HostName=ConsoleHost
	HostVersion=5.1.19041.1320
	HostId=50bef6e2-457c-4638-81a8-30f08fc3811f
	HostApplication=powershell.exe -ExecutionPolicy Restricted -Command Write-Host 'Final result: 1';
	EngineVersion=
	RunspaceId=
	PipelineId=
	CommandName=
	CommandType=
	ScriptName=
	CommandPath=
	CommandLine=</Message><Level>Information</Level><Task>Provider Lifecycle</Task><Opcode>Info</Opcode><Channel></Channel><Provider></Provider><Keywords><Keyword>Classic</Keyword></Keywords></RenderingInfo></Event>","-",PowerShell,"x86_64","vagrant-10","ef486c7a-d018-43ce-bc87-fd5ce10088a9","fe80::650c:205f:e854:a4c3, 192.168.103.3","08:00:27:e3:04:fd","vagrant-10","19043.1348",windows,"10.0.19041.1348 (WinBuild.160101.0800)","Windows 10 Enterprise Evaluation","Windows 10 Enterprise Evaluation",windows,windows,"10.0",information,"Provider ""Registry"" is Started. 

Details: 
	ProviderName=Registry
	NewProviderState=Started

	SequenceNumber=1

	HostName=ConsoleHost
	HostVersion=5.1.19041.1320
	HostId=50bef6e2-457c-4638-81a8-30f08fc3811f
	HostApplication=powershell.exe -ExecutionPolicy Restricted -Command Write-Host 'Final result: 1';
	EngineVersion=
	RunspaceId=
	PipelineId=
	CommandName=
	CommandType=
	ScriptName=
	CommandPath=
	CommandLine=","-",wineventlog,"Windows PowerShell","vagrant-10","-","-","-","-","-","-","-","-","-","-","-","-","-","-","-","-","-","-","-","-","-","-","-","-","-","-","-","-","-","-","-","-","-","-","-","-","-","-","-","-","-","-","-","-","-","-","-","-","-","-","-","-","-","-","-","-","-","-","-","-","-","-","-","-","-","-","-","-","-","-","-","-","-","-","-","-","-","-","-","-","-","-","-","-","-","-","-","-","-","-","-","-","-","-","-","-","-","-","-","-","-","-","-","-","-",Registry,"-","-","-","-","-","-","-",Started,"-","-","-","	ProviderName=Registry
	NewProviderState=Started

	SequenceNumber=1

	HostName=ConsoleHost
	HostVersion=5.1.19041.1320
	HostId=50bef6e2-457c-4638-81a8-30f08fc3811f
	HostApplication=powershell.exe -ExecutionPolicy Restricted -Command Write-Host 'Final result: 1';
	EngineVersion=
	RunspaceId=
	PipelineId=
	CommandName=
	CommandType=
	ScriptName=
	CommandPath=
	CommandLine=","-","-","-","-","-","-",600,Classic,Info,"-","-","-",PowerShell,547,"Provider Lifecycle","-","-","-","-","-"
"Oct 24, 2022 @ 22:05:40.425","DvJQCoQBQo9Iz8vxdf2-",".ds-winlogbeat-8.4.3-2022.10.17-000001","-","8d24c149-a762-44f9-ba0d-58433a72abc0","vagrant-10","24130491-308c-4270-b613-e4ed7c62ad4a","vagrant-10",winlogbeat,"8.4.3","8.0.0","Provider Lifecycle",600,"Oct 24, 2022 @ 22:05:40.639",event,"<Event xmlns='http://schemas.microsoft.com/win/2004/08/events/event'><System><Provider Name='PowerShell'/><EventID Qualifiers='0'>600</EventID><Version>0</Version><Level>4</Level><Task>6</Task><Opcode>0</Opcode><Keywords>0x80000000000000</Keywords><TimeCreated SystemTime='2022-10-24T14:05:40.4252677Z'/><EventRecordID>548</EventRecordID><Correlation/><Execution ProcessID='0' ThreadID='0'/><Channel>Windows PowerShell</Channel><Computer>vagrant-10</Computer><Security/></System><EventData><Data>Alias</Data><Data>Started</Data><Data>	ProviderName=Alias
	NewProviderState=Started

	SequenceNumber=3

	HostName=ConsoleHost
	HostVersion=5.1.19041.1320
	HostId=50bef6e2-457c-4638-81a8-30f08fc3811f
	HostApplication=powershell.exe -ExecutionPolicy Restricted -Command Write-Host 'Final result: 1';
	EngineVersion=
	RunspaceId=
	PipelineId=
	CommandName=
	CommandType=
	ScriptName=
	CommandPath=
	CommandLine=</Data></EventData><RenderingInfo Culture='en-US'><Message>Provider ""Alias"" is Started. 

Details: 
	ProviderName=Alias
	NewProviderState=Started

	SequenceNumber=3

	HostName=ConsoleHost
	HostVersion=5.1.19041.1320
	HostId=50bef6e2-457c-4638-81a8-30f08fc3811f
	HostApplication=powershell.exe -ExecutionPolicy Restricted -Command Write-Host 'Final result: 1';
	EngineVersion=
	RunspaceId=
	PipelineId=
	CommandName=
	CommandType=
	ScriptName=
	CommandPath=
	CommandLine=</Message><Level>Information</Level><Task>Provider Lifecycle</Task><Opcode>Info</Opcode><Channel></Channel><Provider></Provider><Keywords><Keyword>Classic</Keyword></Keywords></RenderingInfo></Event>","-",PowerShell,"x86_64","vagrant-10","ef486c7a-d018-43ce-bc87-fd5ce10088a9","fe80::650c:205f:e854:a4c3, 192.168.103.3","08:00:27:e3:04:fd","vagrant-10","19043.1348",windows,"10.0.19041.1348 (WinBuild.160101.0800)","Windows 10 Enterprise Evaluation","Windows 10 Enterprise Evaluation",windows,windows,"10.0",information,"Provider ""Alias"" is Started. 

Details: 
	ProviderName=Alias
	NewProviderState=Started

	SequenceNumber=3

	HostName=ConsoleHost
	HostVersion=5.1.19041.1320
	HostId=50bef6e2-457c-4638-81a8-30f08fc3811f
	HostApplication=powershell.exe -ExecutionPolicy Restricted -Command Write-Host 'Final result: 1';
	EngineVersion=
	RunspaceId=
	PipelineId=
	CommandName=
	CommandType=
	ScriptName=
	CommandPath=
	CommandLine=","-",wineventlog,"Windows PowerShell","vagrant-10","-","-","-","-","-","-","-","-","-","-","-","-","-","-","-","-","-","-","-","-","-","-","-","-","-","-","-","-","-","-","-","-","-","-","-","-","-","-","-","-","-","-","-","-","-","-","-","-","-","-","-","-","-","-","-","-","-","-","-","-","-","-","-","-","-","-","-","-","-","-","-","-","-","-","-","-","-","-","-","-","-","-","-","-","-","-","-","-","-","-","-","-","-","-","-","-","-","-","-","-","-","-","-","-","-",Alias,"-","-","-","-","-","-","-",Started,"-","-","-","	ProviderName=Alias
	NewProviderState=Started

	SequenceNumber=3

	HostName=ConsoleHost
	HostVersion=5.1.19041.1320
	HostId=50bef6e2-457c-4638-81a8-30f08fc3811f
	HostApplication=powershell.exe -ExecutionPolicy Restricted -Command Write-Host 'Final result: 1';
	EngineVersion=
	RunspaceId=
	PipelineId=
	CommandName=
	CommandType=
	ScriptName=
	CommandPath=
	CommandLine=","-","-","-","-","-","-",600,Classic,Info,"-","-","-",PowerShell,548,"Provider Lifecycle","-","-","-","-","-"
"Oct 24, 2022 @ 22:05:40.425","D_JQCoQBQo9Iz8vxdf2-",".ds-winlogbeat-8.4.3-2022.10.17-000001","-","8d24c149-a762-44f9-ba0d-58433a72abc0","vagrant-10","24130491-308c-4270-b613-e4ed7c62ad4a","vagrant-10",winlogbeat,"8.4.3","8.0.0","Provider Lifecycle",600,"Oct 24, 2022 @ 22:05:40.639",event,"<Event xmlns='http://schemas.microsoft.com/win/2004/08/events/event'><System><Provider Name='PowerShell'/><EventID Qualifiers='0'>600</EventID><Version>0</Version><Level>4</Level><Task>6</Task><Opcode>0</Opcode><Keywords>0x80000000000000</Keywords><TimeCreated SystemTime='2022-10-24T14:05:40.4252677Z'/><EventRecordID>549</EventRecordID><Correlation/><Execution ProcessID='0' ThreadID='0'/><Channel>Windows PowerShell</Channel><Computer>vagrant-10</Computer><Security/></System><EventData><Data>Environment</Data><Data>Started</Data><Data>	ProviderName=Environment
	NewProviderState=Started

	SequenceNumber=5

	HostName=ConsoleHost
	HostVersion=5.1.19041.1320
	HostId=50bef6e2-457c-4638-81a8-30f08fc3811f
	HostApplication=powershell.exe -ExecutionPolicy Restricted -Command Write-Host 'Final result: 1';
	EngineVersion=
	RunspaceId=
	PipelineId=
	CommandName=
	CommandType=
	ScriptName=
	CommandPath=
	CommandLine=</Data></EventData><RenderingInfo Culture='en-US'><Message>Provider ""Environment"" is Started. 

Details: 
	ProviderName=Environment
	NewProviderState=Started

	SequenceNumber=5

	HostName=ConsoleHost
	HostVersion=5.1.19041.1320
	HostId=50bef6e2-457c-4638-81a8-30f08fc3811f
	HostApplication=powershell.exe -ExecutionPolicy Restricted -Command Write-Host 'Final result: 1';
	EngineVersion=
	RunspaceId=
	PipelineId=
	CommandName=
	CommandType=
	ScriptName=
	CommandPath=
	CommandLine=</Message><Level>Information</Level><Task>Provider Lifecycle</Task><Opcode>Info</Opcode><Channel></Channel><Provider></Provider><Keywords><Keyword>Classic</Keyword></Keywords></RenderingInfo></Event>","-",PowerShell,"x86_64","vagrant-10","ef486c7a-d018-43ce-bc87-fd5ce10088a9","fe80::650c:205f:e854:a4c3, 192.168.103.3","08:00:27:e3:04:fd","vagrant-10","19043.1348",windows,"10.0.19041.1348 (WinBuild.160101.0800)","Windows 10 Enterprise Evaluation","Windows 10 Enterprise Evaluation",windows,windows,"10.0",information,"Provider ""Environment"" is Started. 

Details: 
	ProviderName=Environment
	NewProviderState=Started

	SequenceNumber=5

	HostName=ConsoleHost
	HostVersion=5.1.19041.1320
	HostId=50bef6e2-457c-4638-81a8-30f08fc3811f
	HostApplication=powershell.exe -ExecutionPolicy Restricted -Command Write-Host 'Final result: 1';
	EngineVersion=
	RunspaceId=
	PipelineId=
	CommandName=
	CommandType=
	ScriptName=
	CommandPath=
	CommandLine=","-",wineventlog,"Windows PowerShell","vagrant-10","-","-","-","-","-","-","-","-","-","-","-","-","-","-","-","-","-","-","-","-","-","-","-","-","-","-","-","-","-","-","-","-","-","-","-","-","-","-","-","-","-","-","-","-","-","-","-","-","-","-","-","-","-","-","-","-","-","-","-","-","-","-","-","-","-","-","-","-","-","-","-","-","-","-","-","-","-","-","-","-","-","-","-","-","-","-","-","-","-","-","-","-","-","-","-","-","-","-","-","-","-","-","-","-","-",Environment,"-","-","-","-","-","-","-",Started,"-","-","-","	ProviderName=Environment
	NewProviderState=Started

	SequenceNumber=5

	HostName=ConsoleHost
	HostVersion=5.1.19041.1320
	HostId=50bef6e2-457c-4638-81a8-30f08fc3811f
	HostApplication=powershell.exe -ExecutionPolicy Restricted -Command Write-Host 'Final result: 1';
	EngineVersion=
	RunspaceId=
	PipelineId=
	CommandName=
	CommandType=
	ScriptName=
	CommandPath=
	CommandLine=","-","-","-","-","-","-",600,Classic,Info,"-","-","-",PowerShell,549,"Provider Lifecycle","-","-","-","-","-"
"Oct 24, 2022 @ 22:05:40.425","EPJQCoQBQo9Iz8vxdf2-",".ds-winlogbeat-8.4.3-2022.10.17-000001","-","8d24c149-a762-44f9-ba0d-58433a72abc0","vagrant-10","24130491-308c-4270-b613-e4ed7c62ad4a","vagrant-10",winlogbeat,"8.4.3","8.0.0","Provider Lifecycle",600,"Oct 24, 2022 @ 22:05:40.639",event,"<Event xmlns='http://schemas.microsoft.com/win/2004/08/events/event'><System><Provider Name='PowerShell'/><EventID Qualifiers='0'>600</EventID><Version>0</Version><Level>4</Level><Task>6</Task><Opcode>0</Opcode><Keywords>0x80000000000000</Keywords><TimeCreated SystemTime='2022-10-24T14:05:40.4252677Z'/><EventRecordID>550</EventRecordID><Correlation/><Execution ProcessID='0' ThreadID='0'/><Channel>Windows PowerShell</Channel><Computer>vagrant-10</Computer><Security/></System><EventData><Data>FileSystem</Data><Data>Started</Data><Data>	ProviderName=FileSystem
	NewProviderState=Started

	SequenceNumber=7

	HostName=ConsoleHost
	HostVersion=5.1.19041.1320
	HostId=50bef6e2-457c-4638-81a8-30f08fc3811f
	HostApplication=powershell.exe -ExecutionPolicy Restricted -Command Write-Host 'Final result: 1';
	EngineVersion=
	RunspaceId=
	PipelineId=
	CommandName=
	CommandType=
	ScriptName=
	CommandPath=
	CommandLine=</Data></EventData><RenderingInfo Culture='en-US'><Message>Provider ""FileSystem"" is Started. 

Details: 
	ProviderName=FileSystem
	NewProviderState=Started

	SequenceNumber=7

	HostName=ConsoleHost
	HostVersion=5.1.19041.1320
	HostId=50bef6e2-457c-4638-81a8-30f08fc3811f
	HostApplication=powershell.exe -ExecutionPolicy Restricted -Command Write-Host 'Final result: 1';
	EngineVersion=
	RunspaceId=
	PipelineId=
	CommandName=
	CommandType=
	ScriptName=
	CommandPath=
	CommandLine=</Message><Level>Information</Level><Task>Provider Lifecycle</Task><Opcode>Info</Opcode><Channel></Channel><Provider></Provider><Keywords><Keyword>Classic</Keyword></Keywords></RenderingInfo></Event>","-",PowerShell,"x86_64","vagrant-10","ef486c7a-d018-43ce-bc87-fd5ce10088a9","fe80::650c:205f:e854:a4c3, 192.168.103.3","08:00:27:e3:04:fd","vagrant-10","19043.1348",windows,"10.0.19041.1348 (WinBuild.160101.0800)","Windows 10 Enterprise Evaluation","Windows 10 Enterprise Evaluation",windows,windows,"10.0",information,"Provider ""FileSystem"" is Started. 

Details: 
	ProviderName=FileSystem
	NewProviderState=Started

	SequenceNumber=7

	HostName=ConsoleHost
	HostVersion=5.1.19041.1320
	HostId=50bef6e2-457c-4638-81a8-30f08fc3811f
	HostApplication=powershell.exe -ExecutionPolicy Restricted -Command Write-Host 'Final result: 1';
	EngineVersion=
	RunspaceId=
	PipelineId=
	CommandName=
	CommandType=
	ScriptName=
	CommandPath=
	CommandLine=","-",wineventlog,"Windows PowerShell","vagrant-10","-","-","-","-","-","-","-","-","-","-","-","-","-","-","-","-","-","-","-","-","-","-","-","-","-","-","-","-","-","-","-","-","-","-","-","-","-","-","-","-","-","-","-","-","-","-","-","-","-","-","-","-","-","-","-","-","-","-","-","-","-","-","-","-","-","-","-","-","-","-","-","-","-","-","-","-","-","-","-","-","-","-","-","-","-","-","-","-","-","-","-","-","-","-","-","-","-","-","-","-","-","-","-","-","-",FileSystem,"-","-","-","-","-","-","-",Started,"-","-","-","	ProviderName=FileSystem
	NewProviderState=Started

	SequenceNumber=7

	HostName=ConsoleHost
	HostVersion=5.1.19041.1320
	HostId=50bef6e2-457c-4638-81a8-30f08fc3811f
	HostApplication=powershell.exe -ExecutionPolicy Restricted -Command Write-Host 'Final result: 1';
	EngineVersion=
	RunspaceId=
	PipelineId=
	CommandName=
	CommandType=
	ScriptName=
	CommandPath=
	CommandLine=","-","-","-","-","-","-",600,Classic,Info,"-","-","-",PowerShell,550,"Provider Lifecycle","-","-","-","-","-"
"Oct 24, 2022 @ 22:05:40.425","EfJQCoQBQo9Iz8vxdf2-",".ds-winlogbeat-8.4.3-2022.10.17-000001","-","8d24c149-a762-44f9-ba0d-58433a72abc0","vagrant-10","24130491-308c-4270-b613-e4ed7c62ad4a","vagrant-10",winlogbeat,"8.4.3","8.0.0","Provider Lifecycle",600,"Oct 24, 2022 @ 22:05:40.639",event,"<Event xmlns='http://schemas.microsoft.com/win/2004/08/events/event'><System><Provider Name='PowerShell'/><EventID Qualifiers='0'>600</EventID><Version>0</Version><Level>4</Level><Task>6</Task><Opcode>0</Opcode><Keywords>0x80000000000000</Keywords><TimeCreated SystemTime='2022-10-24T14:05:40.4252677Z'/><EventRecordID>551</EventRecordID><Correlation/><Execution ProcessID='0' ThreadID='0'/><Channel>Windows PowerShell</Channel><Computer>vagrant-10</Computer><Security/></System><EventData><Data>Function</Data><Data>Started</Data><Data>	ProviderName=Function
	NewProviderState=Started

	SequenceNumber=9

	HostName=ConsoleHost
	HostVersion=5.1.19041.1320
	HostId=50bef6e2-457c-4638-81a8-30f08fc3811f
	HostApplication=powershell.exe -ExecutionPolicy Restricted -Command Write-Host 'Final result: 1';
	EngineVersion=
	RunspaceId=
	PipelineId=
	CommandName=
	CommandType=
	ScriptName=
	CommandPath=
	CommandLine=</Data></EventData><RenderingInfo Culture='en-US'><Message>Provider ""Function"" is Started. 

Details: 
	ProviderName=Function
	NewProviderState=Started

	SequenceNumber=9

	HostName=ConsoleHost
	HostVersion=5.1.19041.1320
	HostId=50bef6e2-457c-4638-81a8-30f08fc3811f
	HostApplication=powershell.exe -ExecutionPolicy Restricted -Command Write-Host 'Final result: 1';
	EngineVersion=
	RunspaceId=
	PipelineId=
	CommandName=
	CommandType=
	ScriptName=
	CommandPath=
	CommandLine=</Message><Level>Information</Level><Task>Provider Lifecycle</Task><Opcode>Info</Opcode><Channel></Channel><Provider></Provider><Keywords><Keyword>Classic</Keyword></Keywords></RenderingInfo></Event>","-",PowerShell,"x86_64","vagrant-10","ef486c7a-d018-43ce-bc87-fd5ce10088a9","fe80::650c:205f:e854:a4c3, 192.168.103.3","08:00:27:e3:04:fd","vagrant-10","19043.1348",windows,"10.0.19041.1348 (WinBuild.160101.0800)","Windows 10 Enterprise Evaluation","Windows 10 Enterprise Evaluation",windows,windows,"10.0",information,"Provider ""Function"" is Started. 

Details: 
	ProviderName=Function
	NewProviderState=Started

	SequenceNumber=9

	HostName=ConsoleHost
	HostVersion=5.1.19041.1320
	HostId=50bef6e2-457c-4638-81a8-30f08fc3811f
	HostApplication=powershell.exe -ExecutionPolicy Restricted -Command Write-Host 'Final result: 1';
	EngineVersion=
	RunspaceId=
	PipelineId=
	CommandName=
	CommandType=
	ScriptName=
	CommandPath=
	CommandLine=","-",wineventlog,"Windows PowerShell","vagrant-10","-","-","-","-","-","-","-","-","-","-","-","-","-","-","-","-","-","-","-","-","-","-","-","-","-","-","-","-","-","-","-","-","-","-","-","-","-","-","-","-","-","-","-","-","-","-","-","-","-","-","-","-","-","-","-","-","-","-","-","-","-","-","-","-","-","-","-","-","-","-","-","-","-","-","-","-","-","-","-","-","-","-","-","-","-","-","-","-","-","-","-","-","-","-","-","-","-","-","-","-","-","-","-","-","-",Function,"-","-","-","-","-","-","-",Started,"-","-","-","	ProviderName=Function
	NewProviderState=Started

	SequenceNumber=9

	HostName=ConsoleHost
	HostVersion=5.1.19041.1320
	HostId=50bef6e2-457c-4638-81a8-30f08fc3811f
	HostApplication=powershell.exe -ExecutionPolicy Restricted -Command Write-Host 'Final result: 1';
	EngineVersion=
	RunspaceId=
	PipelineId=
	CommandName=
	CommandType=
	ScriptName=
	CommandPath=
	CommandLine=","-","-","-","-","-","-",600,Classic,Info,"-","-","-",PowerShell,551,"Provider Lifecycle","-","-","-","-","-"
