"<Event xmlns='http://schemas.microsoft.com/win/2004/08/events/event'><System><Provider Name='Microsoft-Windows-Security-Auditing' Guid='{54849625-5478-4994-a5ba-3e3b0328c30d}'/><EventID>5061</EventID><Version>0</Version><Level>0</Level><Task>12290</Task><Opcode>0</Opcode><Keywords>0x8020000000000000</Keywords><TimeCreated SystemTime='2022-10-24T14:04:54.2628188Z'/><EventRecordID>20075</EventRecordID><Correlation ActivityID='{8268e5b5-e7e9-0000-1be6-6882e9e7d801}'/><Execution ProcessID='660' ThreadID='748'/><Channel>Security</Channel><Computer>vagrant-10</Computer><Security/></System><EventData><Data Name='SubjectUserSid'>S-1-5-18</Data><Data Name='SubjectUserName'>VAGRANT-10$</Data><Data Name='SubjectDomainName'>WORKGROUP</Data><Data Name='SubjectLogonId'>0x3e7</Data><Data Name='ProviderName'>Microsoft Software Key Storage Provider</Data><Data Name='AlgorithmName'>RSA</Data><Data Name='KeyName'>4df1daa9-d8f8-bc26-7c8d-ae64f563cfde</Data><Data Name='KeyType'>%%2500</Data><Data Name='Operation'>%%2480</Data><Data Name='ReturnCode'>0x0</Data></EventData><RenderingInfo Culture='en-US'><Message>Cryptographic operation.

Subject:
	Security ID:		S-1-5-18
	Account Name:		VAGRANT-10$
	Account Domain:		WORKGROUP
	Logon ID:		0x3E7

Cryptographic Parameters:
	Provider Name:	Microsoft Software Key Storage Provider
	Algorithm Name:	RSA
	Key Name:	4df1daa9-d8f8-bc26-7c8d-ae64f563cfde
	Key Type:	User key.

Cryptographic Operation:
	Operation:	Open Key.
	Return Code:	0x0</Message><Level>Information</Level><Task>System Integrity</Task><Opcode>Info</Opcode><Channel>Security</Channel><Provider>Microsoft Windows security auditing.</Provider><Keywords><Keyword>Audit Success</Keyword></Keywords></RenderingInfo></Event>"
"<Event xmlns='http://schemas.microsoft.com/win/2004/08/events/event'><System><Provider Name='Microsoft-Windows-Security-Auditing' Guid='{54849625-5478-4994-a5ba-3e3b0328c30d}'/><EventID>5379</EventID><Version>0</Version><Level>0</Level><Task>13824</Task><Opcode>0</Opcode><Keywords>0x8020000000000000</Keywords><TimeCreated SystemTime='2022-10-24T14:04:54.2581054Z'/><EventRecordID>20071</EventRecordID><Correlation ActivityID='{8268e5b5-e7e9-0000-1be6-6882e9e7d801}'/><Execution ProcessID='660' ThreadID='748'/><Channel>Security</Channel><Computer>vagrant-10</Computer><Security/></System><EventData><Data Name='SubjectUserSid'>S-1-5-18</Data><Data Name='SubjectUserName'>VAGRANT-10$</Data><Data Name='SubjectDomainName'>WORKGROUP</Data><Data Name='SubjectLogonId'>0x3e7</Data><Data Name='TargetName'>WindowsLive:(token):name=02ouqlxkpxnbidnq;serviceuri=*</Data><Data Name='Type'>0</Data><Data Name='CountOfCredentialsReturned'>0</Data><Data Name='ReadOperation'>%%8100</Data><Data Name='ReturnCode'>3221226021</Data><Data Name='ProcessCreationTime'>2022-10-24T20:45:50.2044542Z</Data><Data Name='ClientProcessId'>384</Data></EventData><RenderingInfo Culture='en-US'><Message>Credential Manager credentials were read.

Subject:
	Security ID:		S-1-5-18
	Account Name:		VAGRANT-10$
	Account Domain:		WORKGROUP
	Logon ID:		0x3E7
	Read Operation:		Enumerate Credentials

This event occurs when a user performs a read operation on stored credentials in Credential Manager.</Message><Level>Information</Level><Task>User Account Management</Task><Opcode>Info</Opcode><Channel>Security</Channel><Provider>Microsoft Windows security auditing.</Provider><Keywords><Keyword>Audit Success</Keyword></Keywords></RenderingInfo></Event>"
"<Event xmlns='http://schemas.microsoft.com/win/2004/08/events/event'><System><Provider Name='Microsoft-Windows-Security-Auditing' Guid='{54849625-5478-4994-a5ba-3e3b0328c30d}'/><EventID>5379</EventID><Version>0</Version><Level>0</Level><Task>13824</Task><Opcode>0</Opcode><Keywords>0x8020000000000000</Keywords><TimeCreated SystemTime='2022-10-24T14:04:54.2583094Z'/><EventRecordID>20072</EventRecordID><Correlation ActivityID='{8268e5b5-e7e9-0000-1be6-6882e9e7d801}'/><Execution ProcessID='660' ThreadID='748'/><Channel>Security</Channel><Computer>vagrant-10</Computer><Security/></System><EventData><Data Name='SubjectUserSid'>S-1-5-18</Data><Data Name='SubjectUserName'>VAGRANT-10$</Data><Data Name='SubjectDomainName'>WORKGROUP</Data><Data Name='SubjectLogonId'>0x3e7</Data><Data Name='TargetName'>WindowsLive:(cert):name=02ouqlxkpxnbidnq;serviceuri=*</Data><Data Name='Type'>0</Data><Data Name='CountOfCredentialsReturned'>0</Data><Data Name='ReadOperation'>%%8100</Data><Data Name='ReturnCode'>3221226021</Data><Data Name='ProcessCreationTime'>2022-10-24T20:45:50.2044542Z</Data><Data Name='ClientProcessId'>384</Data></EventData><RenderingInfo Culture='en-US'><Message>Credential Manager credentials were read.

Subject:
	Security ID:		S-1-5-18
	Account Name:		VAGRANT-10$
	Account Domain:		WORKGROUP
	Logon ID:		0x3E7
	Read Operation:		Enumerate Credentials

This event occurs when a user performs a read operation on stored credentials in Credential Manager.</Message><Level>Information</Level><Task>User Account Management</Task><Opcode>Info</Opcode><Channel>Security</Channel><Provider>Microsoft Windows security auditing.</Provider><Keywords><Keyword>Audit Success</Keyword></Keywords></RenderingInfo></Event>"
"<Event xmlns='http://schemas.microsoft.com/win/2004/08/events/event'><System><Provider Name='Microsoft-Windows-Security-Auditing' Guid='{54849625-5478-4994-a5ba-3e3b0328c30d}'/><EventID>5379</EventID><Version>0</Version><Level>0</Level><Task>13824</Task><Opcode>0</Opcode><Keywords>0x8020000000000000</Keywords><TimeCreated SystemTime='2022-10-24T14:04:54.2583834Z'/><EventRecordID>20073</EventRecordID><Correlation ActivityID='{8268e5b5-e7e9-0000-1be6-6882e9e7d801}'/><Execution ProcessID='660' ThreadID='748'/><Channel>Security</Channel><Computer>vagrant-10</Computer><Security/></System><EventData><Data Name='SubjectUserSid'>S-1-5-18</Data><Data Name='SubjectUserName'>VAGRANT-10$</Data><Data Name='SubjectDomainName'>WORKGROUP</Data><Data Name='SubjectLogonId'>0x3e7</Data><Data Name='TargetName'>WindowsLive:target=virtualapp/didlogical</Data><Data Name='Type'>0</Data><Data Name='CountOfCredentialsReturned'>0</Data><Data Name='ReadOperation'>%%8100</Data><Data Name='ReturnCode'>3221226021</Data><Data Name='ProcessCreationTime'>2022-10-24T20:45:50.2044542Z</Data><Data Name='ClientProcessId'>384</Data></EventData><RenderingInfo Culture='en-US'><Message>Credential Manager credentials were read.

Subject:
	Security ID:		S-1-5-18
	Account Name:		VAGRANT-10$
	Account Domain:		WORKGROUP
	Logon ID:		0x3E7
	Read Operation:		Enumerate Credentials

This event occurs when a user performs a read operation on stored credentials in Credential Manager.</Message><Level>Information</Level><Task>User Account Management</Task><Opcode>Info</Opcode><Channel>Security</Channel><Provider>Microsoft Windows security auditing.</Provider><Keywords><Keyword>Audit Success</Keyword></Keywords></RenderingInfo></Event>"
"<Event xmlns='http://schemas.microsoft.com/win/2004/08/events/event'><System><Provider Name='Microsoft-Windows-Sysmon' Guid='{5770385f-c22a-43e0-bf4c-06f5698ffbd9}'/><EventID>13</EventID><Version>2</Version><Level>4</Level><Task>13</Task><Opcode>0</Opcode><Keywords>0x8000000000000000</Keywords><TimeCreated SystemTime='2022-10-24T14:04:54.2492238Z'/><EventRecordID>1720</EventRecordID><Correlation/><Execution ProcessID='2064' ThreadID='3220'/><Channel>Microsoft-Windows-Sysmon/Operational</Channel><Computer>vagrant-10</Computer><Security UserID='S-1-5-18'/></System><EventData><Data Name='RuleName'>InvDB-Pub</Data><Data Name='EventType'>SetValue</Data><Data Name='UtcTime'>2022-10-24 14:04:54.248</Data><Data Name='ProcessGuid'>{ef486c7a-9b62-6356-f300-000000001500}</Data><Data Name='ProcessId'>6784</Data><Data Name='Image'>C:\Windows\system32\CompatTelRunner.exe</Data><Data Name='TargetObject'>\REGISTRY\A\{1bfaa340-1a26-c87c-113a-f26ea2f93fbc}\Root\InventoryApplication\00002188d2a1b388b529a94e61cba2f5da7f00000904\Publisher</Data><Data Name='Details'>CN=Microsoft Corporation, O=Microsoft Corporation, L=Redmond, S=Washington, C=US</Data><Data Name='User'>NT AUTHORITY\SYSTEM</Data></EventData><RenderingInfo Culture='en-US'><Message>Registry value set:
RuleName: InvDB-Pub
EventType: SetValue
UtcTime: 2022-10-24 14:04:54.248
ProcessGuid: {ef486c7a-9b62-6356-f300-000000001500}
ProcessId: 6784
Image: C:\Windows\system32\CompatTelRunner.exe
TargetObject: \REGISTRY\A\{1bfaa340-1a26-c87c-113a-f26ea2f93fbc}\Root\InventoryApplication\00002188d2a1b388b529a94e61cba2f5da7f00000904\Publisher
Details: CN=Microsoft Corporation, O=Microsoft Corporation, L=Redmond, S=Washington, C=US
User: NT AUTHORITY\SYSTEM</Message><Level>Information</Level><Task>Registry value set (rule: RegistryEvent)</Task><Opcode>Info</Opcode><Channel></Channel><Provider></Provider><Keywords></Keywords></RenderingInfo></Event>"
"<Event xmlns='http://schemas.microsoft.com/win/2004/08/events/event'><System><Provider Name='Microsoft-Windows-Sysmon' Guid='{5770385f-c22a-43e0-bf4c-06f5698ffbd9}'/><EventID>13</EventID><Version>2</Version><Level>4</Level><Task>13</Task><Opcode>0</Opcode><Keywords>0x8000000000000000</Keywords><TimeCreated SystemTime='2022-10-24T14:04:54.2492238Z'/><EventRecordID>1720</EventRecordID><Correlation/><Execution ProcessID='2064' ThreadID='3220'/><Channel>Microsoft-Windows-Sysmon/Operational</Channel><Computer>vagrant-10</Computer><Security UserID='S-1-5-18'/></System><EventData><Data Name='RuleName'>InvDB-Pub</Data><Data Name='EventType'>SetValue</Data><Data Name='UtcTime'>2022-10-24 14:04:54.248</Data><Data Name='ProcessGuid'>{ef486c7a-9b62-6356-f300-000000001500}</Data><Data Name='ProcessId'>6784</Data><Data Name='Image'>C:\Windows\system32\CompatTelRunner.exe</Data><Data Name='TargetObject'>\REGISTRY\A\{1bfaa340-1a26-c87c-113a-f26ea2f93fbc}\Root\InventoryApplication\00002188d2a1b388b529a94e61cba2f5da7f00000904\Publisher</Data><Data Name='Details'>CN=Microsoft Corporation, O=Microsoft Corporation, L=Redmond, S=Washington, C=US</Data><Data Name='User'>NT AUTHORITY\SYSTEM</Data></EventData><RenderingInfo Culture='en-US'><Message>Registry value set:
RuleName: InvDB-Pub
EventType: SetValue
UtcTime: 2022-10-24 14:04:54.248
ProcessGuid: {ef486c7a-9b62-6356-f300-000000001500}
ProcessId: 6784
Image: C:\Windows\system32\CompatTelRunner.exe
TargetObject: \REGISTRY\A\{1bfaa340-1a26-c87c-113a-f26ea2f93fbc}\Root\InventoryApplication\00002188d2a1b388b529a94e61cba2f5da7f00000904\Publisher
Details: CN=Microsoft Corporation, O=Microsoft Corporation, L=Redmond, S=Washington, C=US
User: NT AUTHORITY\SYSTEM</Message><Level>Information</Level><Task>Registry value set (rule: RegistryEvent)</Task><Opcode>Info</Opcode><Channel></Channel><Provider></Provider><Keywords></Keywords></RenderingInfo></Event>"
<Event xmlns='http://schemas.microsoft.com/win/2004/08/events/event'><System><Provider Name='Service Control Manager' Guid='{555908d1-a6d7-4695-8e1e-26931d2012f4}' EventSourceName='Service Control Manager'/><EventID Qualifiers='49152'>7031</EventID><Version>0</Version><Level>2</Level><Task>0</Task><Opcode>0</Opcode><Keywords>0x8080000000000000</Keywords><TimeCreated SystemTime='2022-10-24T14:04:54.0397953Z'/><EventRecordID>1572</EventRecordID><Correlation/><Execution ProcessID='624' ThreadID='2964'/><Channel>System</Channel><Computer>vagrant-10</Computer><Security/></System><EventData><Data Name='param1'>Print Spooler</Data><Data Name='param2'>1</Data><Data Name='param3'>5000</Data><Data Name='param4'>1</Data><Data Name='param5'>Restart the service</Data><Binary>530070006F006F006C00650072000000</Binary></EventData><RenderingInfo Culture='en-US'><Message>The Print Spooler service terminated unexpectedly.  It has done this 1 time(s).  The following corrective action will be taken in 5000 milliseconds: Restart the service.</Message><Level>Error</Level><Task></Task><Opcode></Opcode><Channel></Channel><Provider>Microsoft-Windows-Service Control Manager</Provider><Keywords><Keyword>Classic</Keyword></Keywords></RenderingInfo></Event>
"<Event xmlns='http://schemas.microsoft.com/win/2004/08/events/event'><System><Provider Name='Windows Error Reporting'/><EventID Qualifiers='0'>1001</EventID><Version>0</Version><Level>4</Level><Task>0</Task><Opcode>0</Opcode><Keywords>0x80000000000000</Keywords><TimeCreated SystemTime='2022-10-24T14:04:53.9848798Z'/><EventRecordID>981</EventRecordID><Correlation/><Execution ProcessID='0' ThreadID='0'/><Channel>Application</Channel><Computer>vagrant-10</Computer><Security/></System><EventData><Data></Data><Data>0</Data><Data>APPCRASH</Data><Data>Not available</Data><Data>0</Data><Data>spoolsv.exe</Data><Data>10.0.19041.1288</Data><Data>025024ad</Data><Data>ntdll.dll</Data><Data>10.0.19041.1288</Data><Data>a280d1d6</Data><Data>c000071c</Data><Data>00000000000bae2e</Data><Data></Data><Data></Data><Data></Data><Data>\\?\C:\ProgramData\Microsoft\Windows\WER\ReportQueue\AppCrash_spoolsv.exe_f3b01527996182c64f5a503d131a3649c84721f5_cff15a01_32b68ec5-5140-4cc7-a81e-9ea6ce637b24</Data><Data></Data><Data>0</Data><Data>78eb0634-ccf6-4a78-8a6d-8ec181cdc705</Data><Data>4100</Data><Data></Data><Data>0</Data></EventData><RenderingInfo Culture='en-US'><Message>Fault bucket , type 0
Event Name: APPCRASH
Response: Not available
Cab Id: 0

Problem signature:
P1: spoolsv.exe
P2: 10.0.19041.1288
P3: 025024ad
P4: ntdll.dll
P5: 10.0.19041.1288
P6: a280d1d6
P7: c000071c
P8: 00000000000bae2e
P9: 
P10: 

Attached files:

These files may be available here:
\\?\C:\ProgramData\Microsoft\Windows\WER\ReportQueue\AppCrash_spoolsv.exe_f3b01527996182c64f5a503d131a3649c84721f5_cff15a01_32b68ec5-5140-4cc7-a81e-9ea6ce637b24

Analysis symbol: 
Rechecking for solution: 0
Report Id: 78eb0634-ccf6-4a78-8a6d-8ec181cdc705
Report Status: 4100
Hashed bucket: 
Cab Guid: 0</Message><Level>Information</Level><Task></Task><Opcode>Info</Opcode><Channel></Channel><Provider></Provider><Keywords><Keyword>Classic</Keyword></Keywords></RenderingInfo></Event>"
"<Event xmlns='http://schemas.microsoft.com/win/2004/08/events/event'><System><Provider Name='Microsoft-Windows-Sysmon' Guid='{5770385f-c22a-43e0-bf4c-06f5698ffbd9}'/><EventID>1</EventID><Version>5</Version><Level>4</Level><Task>1</Task><Opcode>0</Opcode><Keywords>0x8000000000000000</Keywords><TimeCreated SystemTime='2022-10-24T14:04:53.9762434Z'/><EventRecordID>1719</EventRecordID><Correlation/><Execution ProcessID='2064' ThreadID='3220'/><Channel>Microsoft-Windows-Sysmon/Operational</Channel><Computer>vagrant-10</Computer><Security UserID='S-1-5-18'/></System><EventData><Data Name='RuleName'>-</Data><Data Name='UtcTime'>2022-10-24 14:04:53.971</Data><Data Name='ProcessGuid'>{ef486c7a-9b85-6356-1901-000000001500}</Data><Data Name='ProcessId'>4696</Data><Data Name='Image'>C:\Windows\System32\WerFault.exe</Data><Data Name='FileVersion'>10.0.19041.1081 (WinBuild.160101.0800)</Data><Data Name='Description'>Windows Problem Reporting</Data><Data Name='Product'>Microsoft® Windows® Operating System</Data><Data Name='Company'>Microsoft Corporation</Data><Data Name='OriginalFileName'>WerFault.exe</Data><Data Name='CommandLine'>C:\Windows\system32\WerFault.exe -pss -s 444 -p 1864 -ip 1864</Data><Data Name='CurrentDirectory'>C:\Windows\system32\</Data><Data Name='User'>NT AUTHORITY\SYSTEM</Data><Data Name='LogonGuid'>{ef486c7a-f97d-6356-e703-000000000000}</Data><Data Name='LogonId'>0x3e7</Data><Data Name='TerminalSessionId'>0</Data><Data Name='IntegrityLevel'>System</Data><Data Name='Hashes'>MD5=5C06542FED8EE68994D43938E7326D75,SHA256=DF42A4557521BACAE0D4982ED804762A2815DC157723725A19304632D9B49204,IMPHASH=A8411DCFB6906C782549D77E5571DC7E</Data><Data Name='ParentProcessGuid'>{ef486c7a-9b84-6356-1401-000000001500}</Data><Data Name='ParentProcessId'>5248</Data><Data Name='ParentImage'>C:\Windows\System32\svchost.exe</Data><Data Name='ParentCommandLine'>C:\Windows\System32\svchost.exe -k WerSvcGroup</Data><Data Name='ParentUser'>NT AUTHORITY\SYSTEM</Data></EventData><RenderingInfo Culture='en-US'><Message>Process Create:
RuleName: -
UtcTime: 2022-10-24 14:04:53.971
ProcessGuid: {ef486c7a-9b85-6356-1901-000000001500}
ProcessId: 4696
Image: C:\Windows\System32\WerFault.exe
FileVersion: 10.0.19041.1081 (WinBuild.160101.0800)
Description: Windows Problem Reporting
Product: Microsoft® Windows® Operating System
Company: Microsoft Corporation
OriginalFileName: WerFault.exe
CommandLine: C:\Windows\system32\WerFault.exe -pss -s 444 -p 1864 -ip 1864
CurrentDirectory: C:\Windows\system32\
User: NT AUTHORITY\SYSTEM
LogonGuid: {ef486c7a-f97d-6356-e703-000000000000}
LogonId: 0x3E7
TerminalSessionId: 0
IntegrityLevel: System
Hashes: MD5=5C06542FED8EE68994D43938E7326D75,SHA256=DF42A4557521BACAE0D4982ED804762A2815DC157723725A19304632D9B49204,IMPHASH=A8411DCFB6906C782549D77E5571DC7E
ParentProcessGuid: {ef486c7a-9b84-6356-1401-000000001500}
ParentProcessId: 5248
ParentImage: C:\Windows\System32\svchost.exe
ParentCommandLine: C:\Windows\System32\svchost.exe -k WerSvcGroup
ParentUser: NT AUTHORITY\SYSTEM</Message><Level>Information</Level><Task>Process Create (rule: ProcessCreate)</Task><Opcode>Info</Opcode><Channel></Channel><Provider></Provider><Keywords></Keywords></RenderingInfo></Event>"
"<Event xmlns='http://schemas.microsoft.com/win/2004/08/events/event'><System><Provider Name='Microsoft-Windows-Sysmon' Guid='{5770385f-c22a-43e0-bf4c-06f5698ffbd9}'/><EventID>1</EventID><Version>5</Version><Level>4</Level><Task>1</Task><Opcode>0</Opcode><Keywords>0x8000000000000000</Keywords><TimeCreated SystemTime='2022-10-24T14:04:53.9762434Z'/><EventRecordID>1719</EventRecordID><Correlation/><Execution ProcessID='2064' ThreadID='3220'/><Channel>Microsoft-Windows-Sysmon/Operational</Channel><Computer>vagrant-10</Computer><Security UserID='S-1-5-18'/></System><EventData><Data Name='RuleName'>-</Data><Data Name='UtcTime'>2022-10-24 14:04:53.971</Data><Data Name='ProcessGuid'>{ef486c7a-9b85-6356-1901-000000001500}</Data><Data Name='ProcessId'>4696</Data><Data Name='Image'>C:\Windows\System32\WerFault.exe</Data><Data Name='FileVersion'>10.0.19041.1081 (WinBuild.160101.0800)</Data><Data Name='Description'>Windows Problem Reporting</Data><Data Name='Product'>Microsoft® Windows® Operating System</Data><Data Name='Company'>Microsoft Corporation</Data><Data Name='OriginalFileName'>WerFault.exe</Data><Data Name='CommandLine'>C:\Windows\system32\WerFault.exe -pss -s 444 -p 1864 -ip 1864</Data><Data Name='CurrentDirectory'>C:\Windows\system32\</Data><Data Name='User'>NT AUTHORITY\SYSTEM</Data><Data Name='LogonGuid'>{ef486c7a-f97d-6356-e703-000000000000}</Data><Data Name='LogonId'>0x3e7</Data><Data Name='TerminalSessionId'>0</Data><Data Name='IntegrityLevel'>System</Data><Data Name='Hashes'>MD5=5C06542FED8EE68994D43938E7326D75,SHA256=DF42A4557521BACAE0D4982ED804762A2815DC157723725A19304632D9B49204,IMPHASH=A8411DCFB6906C782549D77E5571DC7E</Data><Data Name='ParentProcessGuid'>{ef486c7a-9b84-6356-1401-000000001500}</Data><Data Name='ParentProcessId'>5248</Data><Data Name='ParentImage'>C:\Windows\System32\svchost.exe</Data><Data Name='ParentCommandLine'>C:\Windows\System32\svchost.exe -k WerSvcGroup</Data><Data Name='ParentUser'>NT AUTHORITY\SYSTEM</Data></EventData><RenderingInfo Culture='en-US'><Message>Process Create:
RuleName: -
UtcTime: 2022-10-24 14:04:53.971
ProcessGuid: {ef486c7a-9b85-6356-1901-000000001500}
ProcessId: 4696
Image: C:\Windows\System32\WerFault.exe
FileVersion: 10.0.19041.1081 (WinBuild.160101.0800)
Description: Windows Problem Reporting
Product: Microsoft® Windows® Operating System
Company: Microsoft Corporation
OriginalFileName: WerFault.exe
CommandLine: C:\Windows\system32\WerFault.exe -pss -s 444 -p 1864 -ip 1864
CurrentDirectory: C:\Windows\system32\
User: NT AUTHORITY\SYSTEM
LogonGuid: {ef486c7a-f97d-6356-e703-000000000000}
LogonId: 0x3E7
TerminalSessionId: 0
IntegrityLevel: System
Hashes: MD5=5C06542FED8EE68994D43938E7326D75,SHA256=DF42A4557521BACAE0D4982ED804762A2815DC157723725A19304632D9B49204,IMPHASH=A8411DCFB6906C782549D77E5571DC7E
ParentProcessGuid: {ef486c7a-9b84-6356-1401-000000001500}
ParentProcessId: 5248
ParentImage: C:\Windows\System32\svchost.exe
ParentCommandLine: C:\Windows\System32\svchost.exe -k WerSvcGroup
ParentUser: NT AUTHORITY\SYSTEM</Message><Level>Information</Level><Task>Process Create (rule: ProcessCreate)</Task><Opcode>Info</Opcode><Channel></Channel><Provider></Provider><Keywords></Keywords></RenderingInfo></Event>"
"<Event xmlns='http://schemas.microsoft.com/win/2004/08/events/event'><System><Provider Name='Microsoft-Windows-Sysmon' Guid='{5770385f-c22a-43e0-bf4c-06f5698ffbd9}'/><EventID>13</EventID><Version>2</Version><Level>4</Level><Task>13</Task><Opcode>0</Opcode><Keywords>0x8000000000000000</Keywords><TimeCreated SystemTime='2022-10-24T14:04:53.9269099Z'/><EventRecordID>1718</EventRecordID><Correlation/><Execution ProcessID='2064' ThreadID='3220'/><Channel>Microsoft-Windows-Sysmon/Operational</Channel><Computer>vagrant-10</Computer><Security UserID='S-1-5-18'/></System><EventData><Data Name='RuleName'>InvDB-Pub</Data><Data Name='EventType'>SetValue</Data><Data Name='UtcTime'>2022-10-24 14:04:53.919</Data><Data Name='ProcessGuid'>{ef486c7a-9b62-6356-f300-000000001500}</Data><Data Name='ProcessId'>6784</Data><Data Name='Image'>C:\Windows\system32\CompatTelRunner.exe</Data><Data Name='TargetObject'>\REGISTRY\A\{1bfaa340-1a26-c87c-113a-f26ea2f93fbc}\Root\InventoryApplication\000008695df9901218f18680952ebd0fa46c00000904\Publisher</Data><Data Name='Details'>CN=Microsoft Corporation, O=Microsoft Corporation, L=Redmond, S=Washington, C=US</Data><Data Name='User'>NT AUTHORITY\SYSTEM</Data></EventData><RenderingInfo Culture='en-US'><Message>Registry value set:
RuleName: InvDB-Pub
EventType: SetValue
UtcTime: 2022-10-24 14:04:53.919
ProcessGuid: {ef486c7a-9b62-6356-f300-000000001500}
ProcessId: 6784
Image: C:\Windows\system32\CompatTelRunner.exe
TargetObject: \REGISTRY\A\{1bfaa340-1a26-c87c-113a-f26ea2f93fbc}\Root\InventoryApplication\000008695df9901218f18680952ebd0fa46c00000904\Publisher
Details: CN=Microsoft Corporation, O=Microsoft Corporation, L=Redmond, S=Washington, C=US
User: NT AUTHORITY\SYSTEM</Message><Level>Information</Level><Task>Registry value set (rule: RegistryEvent)</Task><Opcode>Info</Opcode><Channel></Channel><Provider></Provider><Keywords></Keywords></RenderingInfo></Event>"
"<Event xmlns='http://schemas.microsoft.com/win/2004/08/events/event'><System><Provider Name='Microsoft-Windows-Sysmon' Guid='{5770385f-c22a-43e0-bf4c-06f5698ffbd9}'/><EventID>13</EventID><Version>2</Version><Level>4</Level><Task>13</Task><Opcode>0</Opcode><Keywords>0x8000000000000000</Keywords><TimeCreated SystemTime='2022-10-24T14:04:53.9269099Z'/><EventRecordID>1718</EventRecordID><Correlation/><Execution ProcessID='2064' ThreadID='3220'/><Channel>Microsoft-Windows-Sysmon/Operational</Channel><Computer>vagrant-10</Computer><Security UserID='S-1-5-18'/></System><EventData><Data Name='RuleName'>InvDB-Pub</Data><Data Name='EventType'>SetValue</Data><Data Name='UtcTime'>2022-10-24 14:04:53.919</Data><Data Name='ProcessGuid'>{ef486c7a-9b62-6356-f300-000000001500}</Data><Data Name='ProcessId'>6784</Data><Data Name='Image'>C:\Windows\system32\CompatTelRunner.exe</Data><Data Name='TargetObject'>\REGISTRY\A\{1bfaa340-1a26-c87c-113a-f26ea2f93fbc}\Root\InventoryApplication\000008695df9901218f18680952ebd0fa46c00000904\Publisher</Data><Data Name='Details'>CN=Microsoft Corporation, O=Microsoft Corporation, L=Redmond, S=Washington, C=US</Data><Data Name='User'>NT AUTHORITY\SYSTEM</Data></EventData><RenderingInfo Culture='en-US'><Message>Registry value set:
RuleName: InvDB-Pub
EventType: SetValue
UtcTime: 2022-10-24 14:04:53.919
ProcessGuid: {ef486c7a-9b62-6356-f300-000000001500}
ProcessId: 6784
Image: C:\Windows\system32\CompatTelRunner.exe
TargetObject: \REGISTRY\A\{1bfaa340-1a26-c87c-113a-f26ea2f93fbc}\Root\InventoryApplication\000008695df9901218f18680952ebd0fa46c00000904\Publisher
Details: CN=Microsoft Corporation, O=Microsoft Corporation, L=Redmond, S=Washington, C=US
User: NT AUTHORITY\SYSTEM</Message><Level>Information</Level><Task>Registry value set (rule: RegistryEvent)</Task><Opcode>Info</Opcode><Channel></Channel><Provider></Provider><Keywords></Keywords></RenderingInfo></Event>"
"<Event xmlns='http://schemas.microsoft.com/win/2004/08/events/event'><System><Provider Name='Microsoft-Windows-Sysmon' Guid='{5770385f-c22a-43e0-bf4c-06f5698ffbd9}'/><EventID>3</EventID><Version>5</Version><Level>4</Level><Task>3</Task><Opcode>0</Opcode><Keywords>0x8000000000000000</Keywords><TimeCreated SystemTime='2022-10-24T14:04:53.6375217Z'/><EventRecordID>1717</EventRecordID><Correlation/><Execution ProcessID='2064' ThreadID='3228'/><Channel>Microsoft-Windows-Sysmon/Operational</Channel><Computer>vagrant-10</Computer><Security UserID='S-1-5-18'/></System><EventData><Data Name='RuleName'>-</Data><Data Name='UtcTime'>2022-10-24 14:04:41.042</Data><Data Name='ProcessGuid'>{ef486c7a-9b84-6356-1501-000000001500}</Data><Data Name='ProcessId'>3124</Data><Data Name='Image'>C:\Windows\System32\rundll32.exe</Data><Data Name='User'>NT AUTHORITY\SYSTEM</Data><Data Name='Protocol'>tcp</Data><Data Name='Initiated'>true</Data><Data Name='SourceIsIpv6'>false</Data><Data Name='SourceIp'>192.168.103.3</Data><Data Name='SourceHostname'>vagrant-10</Data><Data Name='SourcePort'>59984</Data><Data Name='SourcePortName'>-</Data><Data Name='DestinationIsIpv6'>false</Data><Data Name='DestinationIp'>10.0.0.2</Data><Data Name='DestinationHostname'>-</Data><Data Name='DestinationPort'>4444</Data><Data Name='DestinationPortName'>-</Data></EventData><RenderingInfo Culture='en-US'><Message>Network connection detected:
RuleName: -
UtcTime: 2022-10-24 14:04:41.042
ProcessGuid: {ef486c7a-9b84-6356-1501-000000001500}
ProcessId: 3124
Image: C:\Windows\System32\rundll32.exe
User: NT AUTHORITY\SYSTEM
Protocol: tcp
Initiated: true
SourceIsIpv6: false
SourceIp: 192.168.103.3
SourceHostname: vagrant-10
SourcePort: 59984
SourcePortName: -
DestinationIsIpv6: false
DestinationIp: 10.0.0.2
DestinationHostname: -
DestinationPort: 4444
DestinationPortName: -</Message><Level>Information</Level><Task>Network connection detected (rule: NetworkConnect)</Task><Opcode>Info</Opcode><Channel></Channel><Provider></Provider><Keywords></Keywords></RenderingInfo></Event>"
"<Event xmlns='http://schemas.microsoft.com/win/2004/08/events/event'><System><Provider Name='Microsoft-Windows-Sysmon' Guid='{5770385f-c22a-43e0-bf4c-06f5698ffbd9}'/><EventID>3</EventID><Version>5</Version><Level>4</Level><Task>3</Task><Opcode>0</Opcode><Keywords>0x8000000000000000</Keywords><TimeCreated SystemTime='2022-10-24T14:04:53.6375217Z'/><EventRecordID>1717</EventRecordID><Correlation/><Execution ProcessID='2064' ThreadID='3228'/><Channel>Microsoft-Windows-Sysmon/Operational</Channel><Computer>vagrant-10</Computer><Security UserID='S-1-5-18'/></System><EventData><Data Name='RuleName'>-</Data><Data Name='UtcTime'>2022-10-24 14:04:41.042</Data><Data Name='ProcessGuid'>{ef486c7a-9b84-6356-1501-000000001500}</Data><Data Name='ProcessId'>3124</Data><Data Name='Image'>C:\Windows\System32\rundll32.exe</Data><Data Name='User'>NT AUTHORITY\SYSTEM</Data><Data Name='Protocol'>tcp</Data><Data Name='Initiated'>true</Data><Data Name='SourceIsIpv6'>false</Data><Data Name='SourceIp'>192.168.103.3</Data><Data Name='SourceHostname'>vagrant-10</Data><Data Name='SourcePort'>59984</Data><Data Name='SourcePortName'>-</Data><Data Name='DestinationIsIpv6'>false</Data><Data Name='DestinationIp'>10.0.0.2</Data><Data Name='DestinationHostname'>-</Data><Data Name='DestinationPort'>4444</Data><Data Name='DestinationPortName'>-</Data></EventData><RenderingInfo Culture='en-US'><Message>Network connection detected:
RuleName: -
UtcTime: 2022-10-24 14:04:41.042
ProcessGuid: {ef486c7a-9b84-6356-1501-000000001500}
ProcessId: 3124
Image: C:\Windows\System32\rundll32.exe
User: NT AUTHORITY\SYSTEM
Protocol: tcp
Initiated: true
SourceIsIpv6: false
SourceIp: 192.168.103.3
SourceHostname: vagrant-10
SourcePort: 59984
SourcePortName: -
DestinationIsIpv6: false
DestinationIp: 10.0.0.2
DestinationHostname: -
DestinationPort: 4444
DestinationPortName: -</Message><Level>Information</Level><Task>Network connection detected (rule: NetworkConnect)</Task><Opcode>Info</Opcode><Channel></Channel><Provider></Provider><Keywords></Keywords></RenderingInfo></Event>"
"<Event xmlns='http://schemas.microsoft.com/win/2004/08/events/event'><System><Provider Name='Application Error'/><EventID Qualifiers='0'>1000</EventID><Version>0</Version><Level>2</Level><Task>100</Task><Opcode>0</Opcode><Keywords>0x80000000000000</Keywords><TimeCreated SystemTime='2022-10-24T14:04:53.5408803Z'/><EventRecordID>980</EventRecordID><Correlation/><Execution ProcessID='0' ThreadID='0'/><Channel>Application</Channel><Computer>vagrant-10</Computer><Security/></System><EventData><Data>spoolsv.exe</Data><Data>10.0.19041.1288</Data><Data>025024ad</Data><Data>ntdll.dll</Data><Data>10.0.19041.1288</Data><Data>a280d1d6</Data><Data>c000071c</Data><Data>00000000000bae2e</Data><Data>748</Data><Data>01d8e7aeef0434d4</Data><Data>C:\Windows\System32\spoolsv.exe</Data><Data>C:\Windows\SYSTEM32\ntdll.dll</Data><Data>78eb0634-ccf6-4a78-8a6d-8ec181cdc705</Data><Data></Data><Data></Data></EventData><RenderingInfo Culture='en-US'><Message>Faulting application name: spoolsv.exe, version: 10.0.19041.1288, time stamp: 0x025024ad
Faulting module name: ntdll.dll, version: 10.0.19041.1288, time stamp: 0xa280d1d6
Exception code: 0xc000071c
Fault offset: 0x00000000000bae2e
Faulting process id: 0x748
Faulting application start time: 0x01d8e7aeef0434d4
Faulting application path: C:\Windows\System32\spoolsv.exe
Faulting module path: C:\Windows\SYSTEM32\ntdll.dll
Report Id: 78eb0634-ccf6-4a78-8a6d-8ec181cdc705
Faulting package full name: 
Faulting package-relative application ID: </Message><Level>Error</Level><Task>Application Crashing Events</Task><Opcode>Info</Opcode><Channel></Channel><Provider></Provider><Keywords><Keyword>Classic</Keyword></Keywords></RenderingInfo></Event>"
"<Event xmlns='http://schemas.microsoft.com/win/2004/08/events/event'><System><Provider Name='Microsoft-Windows-Sysmon' Guid='{5770385f-c22a-43e0-bf4c-06f5698ffbd9}'/><EventID>1</EventID><Version>5</Version><Level>4</Level><Task>1</Task><Opcode>0</Opcode><Keywords>0x8000000000000000</Keywords><TimeCreated SystemTime='2022-10-24T14:04:53.5218492Z'/><EventRecordID>1716</EventRecordID><Correlation/><Execution ProcessID='2064' ThreadID='3220'/><Channel>Microsoft-Windows-Sysmon/Operational</Channel><Computer>vagrant-10</Computer><Security UserID='S-1-5-18'/></System><EventData><Data Name='RuleName'>-</Data><Data Name='UtcTime'>2022-10-24 14:04:53.520</Data><Data Name='ProcessGuid'>{ef486c7a-9b85-6356-1801-000000001500}</Data><Data Name='ProcessId'>5116</Data><Data Name='Image'>C:\Windows\System32\WerFault.exe</Data><Data Name='FileVersion'>10.0.19041.1081 (WinBuild.160101.0800)</Data><Data Name='Description'>Windows Problem Reporting</Data><Data Name='Product'>Microsoft® Windows® Operating System</Data><Data Name='Company'>Microsoft Corporation</Data><Data Name='OriginalFileName'>WerFault.exe</Data><Data Name='CommandLine'>C:\Windows\system32\WerFault.exe -u -p 1864 -s 1908</Data><Data Name='CurrentDirectory'>C:\Windows\system32\</Data><Data Name='User'>NT AUTHORITY\SYSTEM</Data><Data Name='LogonGuid'>{ef486c7a-f97d-6356-e703-000000000000}</Data><Data Name='LogonId'>0x3e7</Data><Data Name='TerminalSessionId'>0</Data><Data Name='IntegrityLevel'>System</Data><Data Name='Hashes'>MD5=5C06542FED8EE68994D43938E7326D75,SHA256=DF42A4557521BACAE0D4982ED804762A2815DC157723725A19304632D9B49204,IMPHASH=A8411DCFB6906C782549D77E5571DC7E</Data><Data Name='ParentProcessGuid'>{ef486c7a-9710-6356-2400-000000001500}</Data><Data Name='ParentProcessId'>1864</Data><Data Name='ParentImage'>C:\Windows\System32\spoolsv.exe</Data><Data Name='ParentCommandLine'>C:\Windows\System32\spoolsv.exe</Data><Data Name='ParentUser'>NT AUTHORITY\SYSTEM</Data></EventData><RenderingInfo Culture='en-US'><Message>Process Create:
RuleName: -
UtcTime: 2022-10-24 14:04:53.520
ProcessGuid: {ef486c7a-9b85-6356-1801-000000001500}
ProcessId: 5116
Image: C:\Windows\System32\WerFault.exe
FileVersion: 10.0.19041.1081 (WinBuild.160101.0800)
Description: Windows Problem Reporting
Product: Microsoft® Windows® Operating System
Company: Microsoft Corporation
OriginalFileName: WerFault.exe
CommandLine: C:\Windows\system32\WerFault.exe -u -p 1864 -s 1908
CurrentDirectory: C:\Windows\system32\
User: NT AUTHORITY\SYSTEM
LogonGuid: {ef486c7a-f97d-6356-e703-000000000000}
LogonId: 0x3E7
TerminalSessionId: 0
IntegrityLevel: System
Hashes: MD5=5C06542FED8EE68994D43938E7326D75,SHA256=DF42A4557521BACAE0D4982ED804762A2815DC157723725A19304632D9B49204,IMPHASH=A8411DCFB6906C782549D77E5571DC7E
ParentProcessGuid: {ef486c7a-9710-6356-2400-000000001500}
ParentProcessId: 1864
ParentImage: C:\Windows\System32\spoolsv.exe
ParentCommandLine: C:\Windows\System32\spoolsv.exe
ParentUser: NT AUTHORITY\SYSTEM</Message><Level>Information</Level><Task>Process Create (rule: ProcessCreate)</Task><Opcode>Info</Opcode><Channel></Channel><Provider></Provider><Keywords></Keywords></RenderingInfo></Event>"
"<Event xmlns='http://schemas.microsoft.com/win/2004/08/events/event'><System><Provider Name='Microsoft-Windows-Sysmon' Guid='{5770385f-c22a-43e0-bf4c-06f5698ffbd9}'/><EventID>1</EventID><Version>5</Version><Level>4</Level><Task>1</Task><Opcode>0</Opcode><Keywords>0x8000000000000000</Keywords><TimeCreated SystemTime='2022-10-24T14:04:53.5218492Z'/><EventRecordID>1716</EventRecordID><Correlation/><Execution ProcessID='2064' ThreadID='3220'/><Channel>Microsoft-Windows-Sysmon/Operational</Channel><Computer>vagrant-10</Computer><Security UserID='S-1-5-18'/></System><EventData><Data Name='RuleName'>-</Data><Data Name='UtcTime'>2022-10-24 14:04:53.520</Data><Data Name='ProcessGuid'>{ef486c7a-9b85-6356-1801-000000001500}</Data><Data Name='ProcessId'>5116</Data><Data Name='Image'>C:\Windows\System32\WerFault.exe</Data><Data Name='FileVersion'>10.0.19041.1081 (WinBuild.160101.0800)</Data><Data Name='Description'>Windows Problem Reporting</Data><Data Name='Product'>Microsoft® Windows® Operating System</Data><Data Name='Company'>Microsoft Corporation</Data><Data Name='OriginalFileName'>WerFault.exe</Data><Data Name='CommandLine'>C:\Windows\system32\WerFault.exe -u -p 1864 -s 1908</Data><Data Name='CurrentDirectory'>C:\Windows\system32\</Data><Data Name='User'>NT AUTHORITY\SYSTEM</Data><Data Name='LogonGuid'>{ef486c7a-f97d-6356-e703-000000000000}</Data><Data Name='LogonId'>0x3e7</Data><Data Name='TerminalSessionId'>0</Data><Data Name='IntegrityLevel'>System</Data><Data Name='Hashes'>MD5=5C06542FED8EE68994D43938E7326D75,SHA256=DF42A4557521BACAE0D4982ED804762A2815DC157723725A19304632D9B49204,IMPHASH=A8411DCFB6906C782549D77E5571DC7E</Data><Data Name='ParentProcessGuid'>{ef486c7a-9710-6356-2400-000000001500}</Data><Data Name='ParentProcessId'>1864</Data><Data Name='ParentImage'>C:\Windows\System32\spoolsv.exe</Data><Data Name='ParentCommandLine'>C:\Windows\System32\spoolsv.exe</Data><Data Name='ParentUser'>NT AUTHORITY\SYSTEM</Data></EventData><RenderingInfo Culture='en-US'><Message>Process Create:
RuleName: -
UtcTime: 2022-10-24 14:04:53.520
ProcessGuid: {ef486c7a-9b85-6356-1801-000000001500}
ProcessId: 5116
Image: C:\Windows\System32\WerFault.exe
FileVersion: 10.0.19041.1081 (WinBuild.160101.0800)
Description: Windows Problem Reporting
Product: Microsoft® Windows® Operating System
Company: Microsoft Corporation
OriginalFileName: WerFault.exe
CommandLine: C:\Windows\system32\WerFault.exe -u -p 1864 -s 1908
CurrentDirectory: C:\Windows\system32\
User: NT AUTHORITY\SYSTEM
LogonGuid: {ef486c7a-f97d-6356-e703-000000000000}
LogonId: 0x3E7
TerminalSessionId: 0
IntegrityLevel: System
Hashes: MD5=5C06542FED8EE68994D43938E7326D75,SHA256=DF42A4557521BACAE0D4982ED804762A2815DC157723725A19304632D9B49204,IMPHASH=A8411DCFB6906C782549D77E5571DC7E
ParentProcessGuid: {ef486c7a-9710-6356-2400-000000001500}
ParentProcessId: 1864
ParentImage: C:\Windows\System32\spoolsv.exe
ParentCommandLine: C:\Windows\System32\spoolsv.exe
ParentUser: NT AUTHORITY\SYSTEM</Message><Level>Information</Level><Task>Process Create (rule: ProcessCreate)</Task><Opcode>Info</Opcode><Channel></Channel><Provider></Provider><Keywords></Keywords></RenderingInfo></Event>"
<Event xmlns='http://schemas.microsoft.com/win/2004/08/events/event'><System><Provider Name='SecurityCenter'/><EventID Qualifiers='0'>15</EventID><Version>0</Version><Level>4</Level><Task>0</Task><Opcode>0</Opcode><Keywords>0x80000000000000</Keywords><TimeCreated SystemTime='2022-10-24T14:04:52.9957973Z'/><EventRecordID>979</EventRecordID><Correlation/><Execution ProcessID='0' ThreadID='0'/><Channel>Application</Channel><Computer>vagrant-10</Computer><Security/></System><EventData><Data>Windows Defender</Data><Data>SECURITY_PRODUCT_STATE_SNOOZED</Data></EventData><RenderingInfo Culture='en-US'><Message>Updated Windows Defender status successfully to SECURITY_PRODUCT_STATE_SNOOZED.</Message><Level>Information</Level><Task></Task><Opcode>Info</Opcode><Channel></Channel><Provider></Provider><Keywords><Keyword>Classic</Keyword></Keywords></RenderingInfo></Event>
"<Event xmlns='http://schemas.microsoft.com/win/2004/08/events/event'><System><Provider Name='Microsoft-Windows-Sysmon' Guid='{5770385f-c22a-43e0-bf4c-06f5698ffbd9}'/><EventID>1</EventID><Version>5</Version><Level>4</Level><Task>1</Task><Opcode>0</Opcode><Keywords>0x8000000000000000</Keywords><TimeCreated SystemTime='2022-10-24T14:04:52.8774990Z'/><EventRecordID>1715</EventRecordID><Correlation/><Execution ProcessID='2064' ThreadID='3220'/><Channel>Microsoft-Windows-Sysmon/Operational</Channel><Computer>vagrant-10</Computer><Security UserID='S-1-5-18'/></System><EventData><Data Name='RuleName'>-</Data><Data Name='UtcTime'>2022-10-24 14:04:52.872</Data><Data Name='ProcessGuid'>{ef486c7a-9b84-6356-1601-000000001500}</Data><Data Name='ProcessId'>1676</Data><Data Name='Image'>C:\Windows\System32\WerFault.exe</Data><Data Name='FileVersion'>10.0.19041.1081 (WinBuild.160101.0800)</Data><Data Name='Description'>Windows Problem Reporting</Data><Data Name='Product'>Microsoft® Windows® Operating System</Data><Data Name='Company'>Microsoft Corporation</Data><Data Name='OriginalFileName'>WerFault.exe</Data><Data Name='CommandLine'>C:\Windows\system32\WerFault.exe -pss -s 416 -p 1864 -ip 1864</Data><Data Name='CurrentDirectory'>C:\Windows\system32\</Data><Data Name='User'>NT AUTHORITY\SYSTEM</Data><Data Name='LogonGuid'>{ef486c7a-f97d-6356-e703-000000000000}</Data><Data Name='LogonId'>0x3e7</Data><Data Name='TerminalSessionId'>0</Data><Data Name='IntegrityLevel'>System</Data><Data Name='Hashes'>MD5=5C06542FED8EE68994D43938E7326D75,SHA256=DF42A4557521BACAE0D4982ED804762A2815DC157723725A19304632D9B49204,IMPHASH=A8411DCFB6906C782549D77E5571DC7E</Data><Data Name='ParentProcessGuid'>{ef486c7a-9b84-6356-1401-000000001500}</Data><Data Name='ParentProcessId'>5248</Data><Data Name='ParentImage'>C:\Windows\System32\svchost.exe</Data><Data Name='ParentCommandLine'>C:\Windows\System32\svchost.exe -k WerSvcGroup</Data><Data Name='ParentUser'>NT AUTHORITY\SYSTEM</Data></EventData><RenderingInfo Culture='en-US'><Message>Process Create:
RuleName: -
UtcTime: 2022-10-24 14:04:52.872
ProcessGuid: {ef486c7a-9b84-6356-1601-000000001500}
ProcessId: 1676
Image: C:\Windows\System32\WerFault.exe
FileVersion: 10.0.19041.1081 (WinBuild.160101.0800)
Description: Windows Problem Reporting
Product: Microsoft® Windows® Operating System
Company: Microsoft Corporation
OriginalFileName: WerFault.exe
CommandLine: C:\Windows\system32\WerFault.exe -pss -s 416 -p 1864 -ip 1864
CurrentDirectory: C:\Windows\system32\
User: NT AUTHORITY\SYSTEM
LogonGuid: {ef486c7a-f97d-6356-e703-000000000000}
LogonId: 0x3E7
TerminalSessionId: 0
IntegrityLevel: System
Hashes: MD5=5C06542FED8EE68994D43938E7326D75,SHA256=DF42A4557521BACAE0D4982ED804762A2815DC157723725A19304632D9B49204,IMPHASH=A8411DCFB6906C782549D77E5571DC7E
ParentProcessGuid: {ef486c7a-9b84-6356-1401-000000001500}
ParentProcessId: 5248
ParentImage: C:\Windows\System32\svchost.exe
ParentCommandLine: C:\Windows\System32\svchost.exe -k WerSvcGroup
ParentUser: NT AUTHORITY\SYSTEM</Message><Level>Information</Level><Task>Process Create (rule: ProcessCreate)</Task><Opcode>Info</Opcode><Channel></Channel><Provider></Provider><Keywords></Keywords></RenderingInfo></Event>"
"<Event xmlns='http://schemas.microsoft.com/win/2004/08/events/event'><System><Provider Name='Microsoft-Windows-Sysmon' Guid='{5770385f-c22a-43e0-bf4c-06f5698ffbd9}'/><EventID>1</EventID><Version>5</Version><Level>4</Level><Task>1</Task><Opcode>0</Opcode><Keywords>0x8000000000000000</Keywords><TimeCreated SystemTime='2022-10-24T14:04:52.8774990Z'/><EventRecordID>1715</EventRecordID><Correlation/><Execution ProcessID='2064' ThreadID='3220'/><Channel>Microsoft-Windows-Sysmon/Operational</Channel><Computer>vagrant-10</Computer><Security UserID='S-1-5-18'/></System><EventData><Data Name='RuleName'>-</Data><Data Name='UtcTime'>2022-10-24 14:04:52.872</Data><Data Name='ProcessGuid'>{ef486c7a-9b84-6356-1601-000000001500}</Data><Data Name='ProcessId'>1676</Data><Data Name='Image'>C:\Windows\System32\WerFault.exe</Data><Data Name='FileVersion'>10.0.19041.1081 (WinBuild.160101.0800)</Data><Data Name='Description'>Windows Problem Reporting</Data><Data Name='Product'>Microsoft® Windows® Operating System</Data><Data Name='Company'>Microsoft Corporation</Data><Data Name='OriginalFileName'>WerFault.exe</Data><Data Name='CommandLine'>C:\Windows\system32\WerFault.exe -pss -s 416 -p 1864 -ip 1864</Data><Data Name='CurrentDirectory'>C:\Windows\system32\</Data><Data Name='User'>NT AUTHORITY\SYSTEM</Data><Data Name='LogonGuid'>{ef486c7a-f97d-6356-e703-000000000000}</Data><Data Name='LogonId'>0x3e7</Data><Data Name='TerminalSessionId'>0</Data><Data Name='IntegrityLevel'>System</Data><Data Name='Hashes'>MD5=5C06542FED8EE68994D43938E7326D75,SHA256=DF42A4557521BACAE0D4982ED804762A2815DC157723725A19304632D9B49204,IMPHASH=A8411DCFB6906C782549D77E5571DC7E</Data><Data Name='ParentProcessGuid'>{ef486c7a-9b84-6356-1401-000000001500}</Data><Data Name='ParentProcessId'>5248</Data><Data Name='ParentImage'>C:\Windows\System32\svchost.exe</Data><Data Name='ParentCommandLine'>C:\Windows\System32\svchost.exe -k WerSvcGroup</Data><Data Name='ParentUser'>NT AUTHORITY\SYSTEM</Data></EventData><RenderingInfo Culture='en-US'><Message>Process Create:
RuleName: -
UtcTime: 2022-10-24 14:04:52.872
ProcessGuid: {ef486c7a-9b84-6356-1601-000000001500}
ProcessId: 1676
Image: C:\Windows\System32\WerFault.exe
FileVersion: 10.0.19041.1081 (WinBuild.160101.0800)
Description: Windows Problem Reporting
Product: Microsoft® Windows® Operating System
Company: Microsoft Corporation
OriginalFileName: WerFault.exe
CommandLine: C:\Windows\system32\WerFault.exe -pss -s 416 -p 1864 -ip 1864
CurrentDirectory: C:\Windows\system32\
User: NT AUTHORITY\SYSTEM
LogonGuid: {ef486c7a-f97d-6356-e703-000000000000}
LogonId: 0x3E7
TerminalSessionId: 0
IntegrityLevel: System
Hashes: MD5=5C06542FED8EE68994D43938E7326D75,SHA256=DF42A4557521BACAE0D4982ED804762A2815DC157723725A19304632D9B49204,IMPHASH=A8411DCFB6906C782549D77E5571DC7E
ParentProcessGuid: {ef486c7a-9b84-6356-1401-000000001500}
ParentProcessId: 5248
ParentImage: C:\Windows\System32\svchost.exe
ParentCommandLine: C:\Windows\System32\svchost.exe -k WerSvcGroup
ParentUser: NT AUTHORITY\SYSTEM</Message><Level>Information</Level><Task>Process Create (rule: ProcessCreate)</Task><Opcode>Info</Opcode><Channel></Channel><Provider></Provider><Keywords></Keywords></RenderingInfo></Event>"
"<Event xmlns='http://schemas.microsoft.com/win/2004/08/events/event'><System><Provider Name='Microsoft-Windows-Sysmon' Guid='{5770385f-c22a-43e0-bf4c-06f5698ffbd9}'/><EventID>8</EventID><Version>2</Version><Level>4</Level><Task>8</Task><Opcode>0</Opcode><Keywords>0x8000000000000000</Keywords><TimeCreated SystemTime='2022-10-24T14:04:52.7488569Z'/><EventRecordID>1714</EventRecordID><Correlation/><Execution ProcessID='2064' ThreadID='3220'/><Channel>Microsoft-Windows-Sysmon/Operational</Channel><Computer>vagrant-10</Computer><Security UserID='S-1-5-18'/></System><EventData><Data Name='RuleName'>-</Data><Data Name='UtcTime'>2022-10-24 14:04:52.738</Data><Data Name='SourceProcessGuid'>{ef486c7a-9b84-6356-1301-000000001500}</Data><Data Name='SourceProcessId'>2952</Data><Data Name='SourceImage'>C:\Windows\System32\rundll32.exe</Data><Data Name='TargetProcessGuid'>{ef486c7a-9b84-6356-1501-000000001500}</Data><Data Name='TargetProcessId'>3124</Data><Data Name='TargetImage'>&lt;unknown process&gt;</Data><Data Name='NewThreadId'>6084</Data><Data Name='StartAddress'>0x000002B76C320000</Data><Data Name='StartModule'>-</Data><Data Name='StartFunction'>-</Data><Data Name='SourceUser'>NT AUTHORITY\SYSTEM</Data><Data Name='TargetUser'>NT AUTHORITY\SYSTEM</Data></EventData><RenderingInfo Culture='en-US'><Message>CreateRemoteThread detected:
RuleName: -
UtcTime: 2022-10-24 14:04:52.738
SourceProcessGuid: {ef486c7a-9b84-6356-1301-000000001500}
SourceProcessId: 2952
SourceImage: C:\Windows\System32\rundll32.exe
TargetProcessGuid: {ef486c7a-9b84-6356-1501-000000001500}
TargetProcessId: 3124
TargetImage: &lt;unknown process&gt;
NewThreadId: 6084
StartAddress: 0x000002B76C320000
StartModule: -
StartFunction: -
SourceUser: NT AUTHORITY\SYSTEM
TargetUser: NT AUTHORITY\SYSTEM</Message><Level>Information</Level><Task>CreateRemoteThread detected (rule: CreateRemoteThread)</Task><Opcode>Info</Opcode><Channel></Channel><Provider></Provider><Keywords></Keywords></RenderingInfo></Event>"
"<Event xmlns='http://schemas.microsoft.com/win/2004/08/events/event'><System><Provider Name='Microsoft-Windows-Sysmon' Guid='{5770385f-c22a-43e0-bf4c-06f5698ffbd9}'/><EventID>8</EventID><Version>2</Version><Level>4</Level><Task>8</Task><Opcode>0</Opcode><Keywords>0x8000000000000000</Keywords><TimeCreated SystemTime='2022-10-24T14:04:52.7488569Z'/><EventRecordID>1714</EventRecordID><Correlation/><Execution ProcessID='2064' ThreadID='3220'/><Channel>Microsoft-Windows-Sysmon/Operational</Channel><Computer>vagrant-10</Computer><Security UserID='S-1-5-18'/></System><EventData><Data Name='RuleName'>-</Data><Data Name='UtcTime'>2022-10-24 14:04:52.738</Data><Data Name='SourceProcessGuid'>{ef486c7a-9b84-6356-1301-000000001500}</Data><Data Name='SourceProcessId'>2952</Data><Data Name='SourceImage'>C:\Windows\System32\rundll32.exe</Data><Data Name='TargetProcessGuid'>{ef486c7a-9b84-6356-1501-000000001500}</Data><Data Name='TargetProcessId'>3124</Data><Data Name='TargetImage'>&lt;unknown process&gt;</Data><Data Name='NewThreadId'>6084</Data><Data Name='StartAddress'>0x000002B76C320000</Data><Data Name='StartModule'>-</Data><Data Name='StartFunction'>-</Data><Data Name='SourceUser'>NT AUTHORITY\SYSTEM</Data><Data Name='TargetUser'>NT AUTHORITY\SYSTEM</Data></EventData><RenderingInfo Culture='en-US'><Message>CreateRemoteThread detected:
RuleName: -
UtcTime: 2022-10-24 14:04:52.738
SourceProcessGuid: {ef486c7a-9b84-6356-1301-000000001500}
SourceProcessId: 2952
SourceImage: C:\Windows\System32\rundll32.exe
TargetProcessGuid: {ef486c7a-9b84-6356-1501-000000001500}
TargetProcessId: 3124
TargetImage: &lt;unknown process&gt;
NewThreadId: 6084
StartAddress: 0x000002B76C320000
StartModule: -
StartFunction: -
SourceUser: NT AUTHORITY\SYSTEM
TargetUser: NT AUTHORITY\SYSTEM</Message><Level>Information</Level><Task>CreateRemoteThread detected (rule: CreateRemoteThread)</Task><Opcode>Info</Opcode><Channel></Channel><Provider></Provider><Keywords></Keywords></RenderingInfo></Event>"
