"<Event xmlns='http://schemas.microsoft.com/win/2004/08/events/event'><System><Provider Name='Microsoft-Windows-Sysmon' Guid='{5770385f-c22a-43e0-bf4c-06f5698ffbd9}'/><EventID>15</EventID><Version>2</Version><Level>4</Level><Task>15</Task><Opcode>0</Opcode><Keywords>0x8000000000000000</Keywords><TimeCreated SystemTime='2022-10-24T14:04:30.7933420Z'/><EventRecordID>1655</EventRecordID><Correlation/><Execution ProcessID='2064' ThreadID='3220'/><Channel>Microsoft-Windows-Sysmon/Operational</Channel><Computer>vagrant-10</Computer><Security UserID='S-1-5-18'/></System><EventData><Data Name='RuleName'>-</Data><Data Name='UtcTime'>2022-10-24 14:04:30.793</Data><Data Name='ProcessGuid'>{ef486c7a-9b6d-6356-fe00-000000001500}</Data><Data Name='ProcessId'>5184</Data><Data Name='Image'>C:\Program Files (x86)\Microsoft\Edge\Application\msedge.exe</Data><Data Name='TargetFilename'>C:\Users\vagrant\Downloads\shell3.exe:Zone.Identifier</Data><Data Name='CreationUtcTime'>2022-10-24 14:04:29.089</Data><Data Name='Hash'>MD5=1C8DF865B93ACE71036DEB99F780C108,SHA256=2555A769DD6059B0FDF3BF259A28BCA13922419CF125006BD92AE42F42760D84,IMPHASH=00000000000000000000000000000000</Data><Data Name='Contents'>[ZoneTransfer]  ZoneId=3  ReferrerUrl=http://10.0.0.2:8000/  HostUrl=http://10.0.0.2:8000/shell3.exe  </Data><Data Name='User'>VAGRANT-10\vagrant</Data></EventData><RenderingInfo Culture='en-US'><Message>File stream created:
RuleName: -
UtcTime: 2022-10-24 14:04:30.793
ProcessGuid: {ef486c7a-9b6d-6356-fe00-000000001500}
ProcessId: 5184
Image: C:\Program Files (x86)\Microsoft\Edge\Application\msedge.exe
TargetFilename: C:\Users\vagrant\Downloads\shell3.exe:Zone.Identifier
CreationUtcTime: 2022-10-24 14:04:29.089
Hash: MD5=1C8DF865B93ACE71036DEB99F780C108,SHA256=2555A769DD6059B0FDF3BF259A28BCA13922419CF125006BD92AE42F42760D84,IMPHASH=00000000000000000000000000000000
Contents: [ZoneTransfer]  ZoneId=3  ReferrerUrl=http://10.0.0.2:8000/  HostUrl=http://10.0.0.2:8000/shell3.exe  
User: VAGRANT-10\vagrant</Message><Level>Information</Level><Task>File stream created (rule: FileCreateStreamHash)</Task><Opcode>Info</Opcode><Channel></Channel><Provider></Provider><Keywords></Keywords></RenderingInfo></Event>"
"<Event xmlns='http://schemas.microsoft.com/win/2004/08/events/event'><System><Provider Name='Microsoft-Windows-Sysmon' Guid='{5770385f-c22a-43e0-bf4c-06f5698ffbd9}'/><EventID>15</EventID><Version>2</Version><Level>4</Level><Task>15</Task><Opcode>0</Opcode><Keywords>0x8000000000000000</Keywords><TimeCreated SystemTime='2022-10-24T14:04:30.7912196Z'/><EventRecordID>1652</EventRecordID><Correlation/><Execution ProcessID='2064' ThreadID='3220'/><Channel>Microsoft-Windows-Sysmon/Operational</Channel><Computer>vagrant-10</Computer><Security UserID='S-1-5-18'/></System><EventData><Data Name='RuleName'>-</Data><Data Name='UtcTime'>2022-10-24 14:04:30.789</Data><Data Name='ProcessGuid'>{ef486c7a-9b6d-6356-fe00-000000001500}</Data><Data Name='ProcessId'>5184</Data><Data Name='Image'>C:\Program Files (x86)\Microsoft\Edge\Application\msedge.exe</Data><Data Name='TargetFilename'>C:\Users\vagrant\Downloads\shell3.exe</Data><Data Name='CreationUtcTime'>2022-10-24 14:04:29.089</Data><Data Name='Hash'>MD5=BD799B638D49E8A0A15FA5FC38A3DC07,SHA256=88E531A87BFE73F66541DBA1FBE22A68733615DF6593FA9717575474171FE1A8,IMPHASH=B4C6FFF030479AA3B12625BE67BF4914</Data><Data Name='Contents'>-</Data><Data Name='User'>VAGRANT-10\vagrant</Data></EventData><RenderingInfo Culture='en-US'><Message>File stream created:
RuleName: -
UtcTime: 2022-10-24 14:04:30.789
ProcessGuid: {ef486c7a-9b6d-6356-fe00-000000001500}
ProcessId: 5184
Image: C:\Program Files (x86)\Microsoft\Edge\Application\msedge.exe
TargetFilename: C:\Users\vagrant\Downloads\shell3.exe
CreationUtcTime: 2022-10-24 14:04:29.089
Hash: MD5=BD799B638D49E8A0A15FA5FC38A3DC07,SHA256=88E531A87BFE73F66541DBA1FBE22A68733615DF6593FA9717575474171FE1A8,IMPHASH=B4C6FFF030479AA3B12625BE67BF4914
Contents: -
User: VAGRANT-10\vagrant</Message><Level>Information</Level><Task>File stream created (rule: FileCreateStreamHash)</Task><Opcode>Info</Opcode><Channel></Channel><Provider></Provider><Keywords></Keywords></RenderingInfo></Event>"
"<Event xmlns='http://schemas.microsoft.com/win/2004/08/events/event'><System><Provider Name='Microsoft-Windows-Sysmon' Guid='{5770385f-c22a-43e0-bf4c-06f5698ffbd9}'/><EventID>15</EventID><Version>2</Version><Level>4</Level><Task>15</Task><Opcode>0</Opcode><Keywords>0x8000000000000000</Keywords><TimeCreated SystemTime='2022-10-24T14:04:30.7912600Z'/><EventRecordID>1653</EventRecordID><Correlation/><Execution ProcessID='2064' ThreadID='3220'/><Channel>Microsoft-Windows-Sysmon/Operational</Channel><Computer>vagrant-10</Computer><Security UserID='S-1-5-18'/></System><EventData><Data Name='RuleName'>-</Data><Data Name='UtcTime'>2022-10-24 14:04:30.790</Data><Data Name='ProcessGuid'>{ef486c7a-9b6d-6356-fe00-000000001500}</Data><Data Name='ProcessId'>5184</Data><Data Name='Image'>C:\Program Files (x86)\Microsoft\Edge\Application\msedge.exe</Data><Data Name='TargetFilename'>C:\Users\vagrant\Downloads\shell3.exe:Zone.Identifier</Data><Data Name='CreationUtcTime'>2022-10-24 14:04:29.089</Data><Data Name='Hash'>MD5=89AC30EEB468030A5E9A9C63545046D6,SHA256=525EF5CF89B2A66B79B7378C32DD84F72A26A8C4BBA81A2D2C2838510B2C38A7,IMPHASH=00000000000000000000000000000000</Data><Data Name='Contents'>[ZoneTransfer]  ZoneId=3  ReferrerUrl=http://10.0.0.2:8000/  </Data><Data Name='User'>VAGRANT-10\vagrant</Data></EventData><RenderingInfo Culture='en-US'><Message>File stream created:
RuleName: -
UtcTime: 2022-10-24 14:04:30.790
ProcessGuid: {ef486c7a-9b6d-6356-fe00-000000001500}
ProcessId: 5184
Image: C:\Program Files (x86)\Microsoft\Edge\Application\msedge.exe
TargetFilename: C:\Users\vagrant\Downloads\shell3.exe:Zone.Identifier
CreationUtcTime: 2022-10-24 14:04:29.089
Hash: MD5=89AC30EEB468030A5E9A9C63545046D6,SHA256=525EF5CF89B2A66B79B7378C32DD84F72A26A8C4BBA81A2D2C2838510B2C38A7,IMPHASH=00000000000000000000000000000000
Contents: [ZoneTransfer]  ZoneId=3  ReferrerUrl=http://10.0.0.2:8000/  
User: VAGRANT-10\vagrant</Message><Level>Information</Level><Task>File stream created (rule: FileCreateStreamHash)</Task><Opcode>Info</Opcode><Channel></Channel><Provider></Provider><Keywords></Keywords></RenderingInfo></Event>"
"<Event xmlns='http://schemas.microsoft.com/win/2004/08/events/event'><System><Provider Name='Microsoft-Windows-Sysmon' Guid='{5770385f-c22a-43e0-bf4c-06f5698ffbd9}'/><EventID>15</EventID><Version>2</Version><Level>4</Level><Task>15</Task><Opcode>0</Opcode><Keywords>0x8000000000000000</Keywords><TimeCreated SystemTime='2022-10-24T14:04:30.7912196Z'/><EventRecordID>1652</EventRecordID><Correlation/><Execution ProcessID='2064' ThreadID='3220'/><Channel>Microsoft-Windows-Sysmon/Operational</Channel><Computer>vagrant-10</Computer><Security UserID='S-1-5-18'/></System><EventData><Data Name='RuleName'>-</Data><Data Name='UtcTime'>2022-10-24 14:04:30.789</Data><Data Name='ProcessGuid'>{ef486c7a-9b6d-6356-fe00-000000001500}</Data><Data Name='ProcessId'>5184</Data><Data Name='Image'>C:\Program Files (x86)\Microsoft\Edge\Application\msedge.exe</Data><Data Name='TargetFilename'>C:\Users\vagrant\Downloads\shell3.exe</Data><Data Name='CreationUtcTime'>2022-10-24 14:04:29.089</Data><Data Name='Hash'>MD5=BD799B638D49E8A0A15FA5FC38A3DC07,SHA256=88E531A87BFE73F66541DBA1FBE22A68733615DF6593FA9717575474171FE1A8,IMPHASH=B4C6FFF030479AA3B12625BE67BF4914</Data><Data Name='Contents'>-</Data><Data Name='User'>VAGRANT-10\vagrant</Data></EventData><RenderingInfo Culture='en-US'><Message>File stream created:
RuleName: -
UtcTime: 2022-10-24 14:04:30.789
ProcessGuid: {ef486c7a-9b6d-6356-fe00-000000001500}
ProcessId: 5184
Image: C:\Program Files (x86)\Microsoft\Edge\Application\msedge.exe
TargetFilename: C:\Users\vagrant\Downloads\shell3.exe
CreationUtcTime: 2022-10-24 14:04:29.089
Hash: MD5=BD799B638D49E8A0A15FA5FC38A3DC07,SHA256=88E531A87BFE73F66541DBA1FBE22A68733615DF6593FA9717575474171FE1A8,IMPHASH=B4C6FFF030479AA3B12625BE67BF4914
Contents: -
User: VAGRANT-10\vagrant</Message><Level>Information</Level><Task>File stream created (rule: FileCreateStreamHash)</Task><Opcode>Info</Opcode><Channel></Channel><Provider></Provider><Keywords></Keywords></RenderingInfo></Event>"
"<Event xmlns='http://schemas.microsoft.com/win/2004/08/events/event'><System><Provider Name='Microsoft-Windows-Sysmon' Guid='{5770385f-c22a-43e0-bf4c-06f5698ffbd9}'/><EventID>15</EventID><Version>2</Version><Level>4</Level><Task>15</Task><Opcode>0</Opcode><Keywords>0x8000000000000000</Keywords><TimeCreated SystemTime='2022-10-24T14:04:30.7912600Z'/><EventRecordID>1653</EventRecordID><Correlation/><Execution ProcessID='2064' ThreadID='3220'/><Channel>Microsoft-Windows-Sysmon/Operational</Channel><Computer>vagrant-10</Computer><Security UserID='S-1-5-18'/></System><EventData><Data Name='RuleName'>-</Data><Data Name='UtcTime'>2022-10-24 14:04:30.790</Data><Data Name='ProcessGuid'>{ef486c7a-9b6d-6356-fe00-000000001500}</Data><Data Name='ProcessId'>5184</Data><Data Name='Image'>C:\Program Files (x86)\Microsoft\Edge\Application\msedge.exe</Data><Data Name='TargetFilename'>C:\Users\vagrant\Downloads\shell3.exe:Zone.Identifier</Data><Data Name='CreationUtcTime'>2022-10-24 14:04:29.089</Data><Data Name='Hash'>MD5=89AC30EEB468030A5E9A9C63545046D6,SHA256=525EF5CF89B2A66B79B7378C32DD84F72A26A8C4BBA81A2D2C2838510B2C38A7,IMPHASH=00000000000000000000000000000000</Data><Data Name='Contents'>[ZoneTransfer]  ZoneId=3  ReferrerUrl=http://10.0.0.2:8000/  </Data><Data Name='User'>VAGRANT-10\vagrant</Data></EventData><RenderingInfo Culture='en-US'><Message>File stream created:
RuleName: -
UtcTime: 2022-10-24 14:04:30.790
ProcessGuid: {ef486c7a-9b6d-6356-fe00-000000001500}
ProcessId: 5184
Image: C:\Program Files (x86)\Microsoft\Edge\Application\msedge.exe
TargetFilename: C:\Users\vagrant\Downloads\shell3.exe:Zone.Identifier
CreationUtcTime: 2022-10-24 14:04:29.089
Hash: MD5=89AC30EEB468030A5E9A9C63545046D6,SHA256=525EF5CF89B2A66B79B7378C32DD84F72A26A8C4BBA81A2D2C2838510B2C38A7,IMPHASH=00000000000000000000000000000000
Contents: [ZoneTransfer]  ZoneId=3  ReferrerUrl=http://10.0.0.2:8000/  
User: VAGRANT-10\vagrant</Message><Level>Information</Level><Task>File stream created (rule: FileCreateStreamHash)</Task><Opcode>Info</Opcode><Channel></Channel><Provider></Provider><Keywords></Keywords></RenderingInfo></Event>"
"<Event xmlns='http://schemas.microsoft.com/win/2004/08/events/event'><System><Provider Name='Microsoft-Windows-Sysmon' Guid='{5770385f-c22a-43e0-bf4c-06f5698ffbd9}'/><EventID>15</EventID><Version>2</Version><Level>4</Level><Task>15</Task><Opcode>0</Opcode><Keywords>0x8000000000000000</Keywords><TimeCreated SystemTime='2022-10-24T14:04:30.7885265Z'/><EventRecordID>1651</EventRecordID><Correlation/><Execution ProcessID='2064' ThreadID='3220'/><Channel>Microsoft-Windows-Sysmon/Operational</Channel><Computer>vagrant-10</Computer><Security UserID='S-1-5-18'/></System><EventData><Data Name='RuleName'>-</Data><Data Name='UtcTime'>2022-10-24 14:04:30.787</Data><Data Name='ProcessGuid'>{ef486c7a-9b6d-6356-fe00-000000001500}</Data><Data Name='ProcessId'>5184</Data><Data Name='Image'>C:\Program Files (x86)\Microsoft\Edge\Application\msedge.exe</Data><Data Name='TargetFilename'>C:\Users\vagrant\Downloads\shell3.exe:Zone.Identifier</Data><Data Name='CreationUtcTime'>2022-10-24 14:04:29.089</Data><Data Name='Hash'>MD5=FBCCF14D504B7B2DBCB5A5BDA75BD93B,SHA256=EACD09517CE90D34BA562171D15AC40D302F0E691B439F91BE1B6406E25F5913,IMPHASH=00000000000000000000000000000000</Data><Data Name='Contents'>[ZoneTransfer]  ZoneId=3  </Data><Data Name='User'>VAGRANT-10\vagrant</Data></EventData><RenderingInfo Culture='en-US'><Message>File stream created:
RuleName: -
UtcTime: 2022-10-24 14:04:30.787
ProcessGuid: {ef486c7a-9b6d-6356-fe00-000000001500}
ProcessId: 5184
Image: C:\Program Files (x86)\Microsoft\Edge\Application\msedge.exe
TargetFilename: C:\Users\vagrant\Downloads\shell3.exe:Zone.Identifier
CreationUtcTime: 2022-10-24 14:04:29.089
Hash: MD5=FBCCF14D504B7B2DBCB5A5BDA75BD93B,SHA256=EACD09517CE90D34BA562171D15AC40D302F0E691B439F91BE1B6406E25F5913,IMPHASH=00000000000000000000000000000000
Contents: [ZoneTransfer]  ZoneId=3  
User: VAGRANT-10\vagrant</Message><Level>Information</Level><Task>File stream created (rule: FileCreateStreamHash)</Task><Opcode>Info</Opcode><Channel></Channel><Provider></Provider><Keywords></Keywords></RenderingInfo></Event>"
"<Event xmlns='http://schemas.microsoft.com/win/2004/08/events/event'><System><Provider Name='Microsoft-Windows-Sysmon' Guid='{5770385f-c22a-43e0-bf4c-06f5698ffbd9}'/><EventID>15</EventID><Version>2</Version><Level>4</Level><Task>15</Task><Opcode>0</Opcode><Keywords>0x8000000000000000</Keywords><TimeCreated SystemTime='2022-10-24T14:04:30.7885265Z'/><EventRecordID>1651</EventRecordID><Correlation/><Execution ProcessID='2064' ThreadID='3220'/><Channel>Microsoft-Windows-Sysmon/Operational</Channel><Computer>vagrant-10</Computer><Security UserID='S-1-5-18'/></System><EventData><Data Name='RuleName'>-</Data><Data Name='UtcTime'>2022-10-24 14:04:30.787</Data><Data Name='ProcessGuid'>{ef486c7a-9b6d-6356-fe00-000000001500}</Data><Data Name='ProcessId'>5184</Data><Data Name='Image'>C:\Program Files (x86)\Microsoft\Edge\Application\msedge.exe</Data><Data Name='TargetFilename'>C:\Users\vagrant\Downloads\shell3.exe:Zone.Identifier</Data><Data Name='CreationUtcTime'>2022-10-24 14:04:29.089</Data><Data Name='Hash'>MD5=FBCCF14D504B7B2DBCB5A5BDA75BD93B,SHA256=EACD09517CE90D34BA562171D15AC40D302F0E691B439F91BE1B6406E25F5913,IMPHASH=00000000000000000000000000000000</Data><Data Name='Contents'>[ZoneTransfer]  ZoneId=3  </Data><Data Name='User'>VAGRANT-10\vagrant</Data></EventData><RenderingInfo Culture='en-US'><Message>File stream created:
RuleName: -
UtcTime: 2022-10-24 14:04:30.787
ProcessGuid: {ef486c7a-9b6d-6356-fe00-000000001500}
ProcessId: 5184
Image: C:\Program Files (x86)\Microsoft\Edge\Application\msedge.exe
TargetFilename: C:\Users\vagrant\Downloads\shell3.exe:Zone.Identifier
CreationUtcTime: 2022-10-24 14:04:29.089
Hash: MD5=FBCCF14D504B7B2DBCB5A5BDA75BD93B,SHA256=EACD09517CE90D34BA562171D15AC40D302F0E691B439F91BE1B6406E25F5913,IMPHASH=00000000000000000000000000000000
Contents: [ZoneTransfer]  ZoneId=3  
User: VAGRANT-10\vagrant</Message><Level>Information</Level><Task>File stream created (rule: FileCreateStreamHash)</Task><Opcode>Info</Opcode><Channel></Channel><Provider></Provider><Keywords></Keywords></RenderingInfo></Event>"
"<Event xmlns='http://schemas.microsoft.com/win/2004/08/events/event'><System><Provider Name='Microsoft-Windows-Sysmon' Guid='{5770385f-c22a-43e0-bf4c-06f5698ffbd9}'/><EventID>15</EventID><Version>2</Version><Level>4</Level><Task>15</Task><Opcode>0</Opcode><Keywords>0x8000000000000000</Keywords><TimeCreated SystemTime='2022-10-24T14:04:30.7879123Z'/><EventRecordID>1649</EventRecordID><Correlation/><Execution ProcessID='2064' ThreadID='3220'/><Channel>Microsoft-Windows-Sysmon/Operational</Channel><Computer>vagrant-10</Computer><Security UserID='S-1-5-18'/></System><EventData><Data Name='RuleName'>-</Data><Data Name='UtcTime'>2022-10-24 14:04:30.786</Data><Data Name='ProcessGuid'>{ef486c7a-9b6d-6356-fe00-000000001500}</Data><Data Name='ProcessId'>5184</Data><Data Name='Image'>C:\Program Files (x86)\Microsoft\Edge\Application\msedge.exe</Data><Data Name='TargetFilename'>C:\Users\vagrant\Downloads\shell3.exe</Data><Data Name='CreationUtcTime'>2022-10-24 14:04:29.089</Data><Data Name='Hash'>MD5=BD799B638D49E8A0A15FA5FC38A3DC07,SHA256=88E531A87BFE73F66541DBA1FBE22A68733615DF6593FA9717575474171FE1A8,IMPHASH=B4C6FFF030479AA3B12625BE67BF4914</Data><Data Name='Contents'>-</Data><Data Name='User'>VAGRANT-10\vagrant</Data></EventData><RenderingInfo Culture='en-US'><Message>File stream created:
RuleName: -
UtcTime: 2022-10-24 14:04:30.786
ProcessGuid: {ef486c7a-9b6d-6356-fe00-000000001500}
ProcessId: 5184
Image: C:\Program Files (x86)\Microsoft\Edge\Application\msedge.exe
TargetFilename: C:\Users\vagrant\Downloads\shell3.exe
CreationUtcTime: 2022-10-24 14:04:29.089
Hash: MD5=BD799B638D49E8A0A15FA5FC38A3DC07,SHA256=88E531A87BFE73F66541DBA1FBE22A68733615DF6593FA9717575474171FE1A8,IMPHASH=B4C6FFF030479AA3B12625BE67BF4914
Contents: -
User: VAGRANT-10\vagrant</Message><Level>Information</Level><Task>File stream created (rule: FileCreateStreamHash)</Task><Opcode>Info</Opcode><Channel></Channel><Provider></Provider><Keywords></Keywords></RenderingInfo></Event>"
"<Event xmlns='http://schemas.microsoft.com/win/2004/08/events/event'><System><Provider Name='Microsoft-Windows-Sysmon' Guid='{5770385f-c22a-43e0-bf4c-06f5698ffbd9}'/><EventID>11</EventID><Version>2</Version><Level>4</Level><Task>11</Task><Opcode>0</Opcode><Keywords>0x8000000000000000</Keywords><TimeCreated SystemTime='2022-10-24T14:04:30.7879441Z'/><EventRecordID>1650</EventRecordID><Correlation/><Execution ProcessID='2064' ThreadID='3220'/><Channel>Microsoft-Windows-Sysmon/Operational</Channel><Computer>vagrant-10</Computer><Security UserID='S-1-5-18'/></System><EventData><Data Name='RuleName'>Downloads</Data><Data Name='UtcTime'>2022-10-24 14:04:30.787</Data><Data Name='ProcessGuid'>{ef486c7a-9b6d-6356-fe00-000000001500}</Data><Data Name='ProcessId'>5184</Data><Data Name='Image'>C:\Program Files (x86)\Microsoft\Edge\Application\msedge.exe</Data><Data Name='TargetFilename'>C:\Users\vagrant\Downloads\shell3.exe:Zone.Identifier</Data><Data Name='CreationUtcTime'>2022-10-24 14:04:29.089</Data><Data Name='User'>VAGRANT-10\vagrant</Data></EventData><RenderingInfo Culture='en-US'><Message>File created:
RuleName: Downloads
UtcTime: 2022-10-24 14:04:30.787
ProcessGuid: {ef486c7a-9b6d-6356-fe00-000000001500}
ProcessId: 5184
Image: C:\Program Files (x86)\Microsoft\Edge\Application\msedge.exe
TargetFilename: C:\Users\vagrant\Downloads\shell3.exe:Zone.Identifier
CreationUtcTime: 2022-10-24 14:04:29.089
User: VAGRANT-10\vagrant</Message><Level>Information</Level><Task>File created (rule: FileCreate)</Task><Opcode>Info</Opcode><Channel></Channel><Provider></Provider><Keywords></Keywords></RenderingInfo></Event>"
"<Event xmlns='http://schemas.microsoft.com/win/2004/08/events/event'><System><Provider Name='Microsoft-Windows-Sysmon' Guid='{5770385f-c22a-43e0-bf4c-06f5698ffbd9}'/><EventID>15</EventID><Version>2</Version><Level>4</Level><Task>15</Task><Opcode>0</Opcode><Keywords>0x8000000000000000</Keywords><TimeCreated SystemTime='2022-10-24T14:04:30.7879123Z'/><EventRecordID>1649</EventRecordID><Correlation/><Execution ProcessID='2064' ThreadID='3220'/><Channel>Microsoft-Windows-Sysmon/Operational</Channel><Computer>vagrant-10</Computer><Security UserID='S-1-5-18'/></System><EventData><Data Name='RuleName'>-</Data><Data Name='UtcTime'>2022-10-24 14:04:30.786</Data><Data Name='ProcessGuid'>{ef486c7a-9b6d-6356-fe00-000000001500}</Data><Data Name='ProcessId'>5184</Data><Data Name='Image'>C:\Program Files (x86)\Microsoft\Edge\Application\msedge.exe</Data><Data Name='TargetFilename'>C:\Users\vagrant\Downloads\shell3.exe</Data><Data Name='CreationUtcTime'>2022-10-24 14:04:29.089</Data><Data Name='Hash'>MD5=BD799B638D49E8A0A15FA5FC38A3DC07,SHA256=88E531A87BFE73F66541DBA1FBE22A68733615DF6593FA9717575474171FE1A8,IMPHASH=B4C6FFF030479AA3B12625BE67BF4914</Data><Data Name='Contents'>-</Data><Data Name='User'>VAGRANT-10\vagrant</Data></EventData><RenderingInfo Culture='en-US'><Message>File stream created:
RuleName: -
UtcTime: 2022-10-24 14:04:30.786
ProcessGuid: {ef486c7a-9b6d-6356-fe00-000000001500}
ProcessId: 5184
Image: C:\Program Files (x86)\Microsoft\Edge\Application\msedge.exe
TargetFilename: C:\Users\vagrant\Downloads\shell3.exe
CreationUtcTime: 2022-10-24 14:04:29.089
Hash: MD5=BD799B638D49E8A0A15FA5FC38A3DC07,SHA256=88E531A87BFE73F66541DBA1FBE22A68733615DF6593FA9717575474171FE1A8,IMPHASH=B4C6FFF030479AA3B12625BE67BF4914
Contents: -
User: VAGRANT-10\vagrant</Message><Level>Information</Level><Task>File stream created (rule: FileCreateStreamHash)</Task><Opcode>Info</Opcode><Channel></Channel><Provider></Provider><Keywords></Keywords></RenderingInfo></Event>"
"<Event xmlns='http://schemas.microsoft.com/win/2004/08/events/event'><System><Provider Name='Microsoft-Windows-Sysmon' Guid='{5770385f-c22a-43e0-bf4c-06f5698ffbd9}'/><EventID>11</EventID><Version>2</Version><Level>4</Level><Task>11</Task><Opcode>0</Opcode><Keywords>0x8000000000000000</Keywords><TimeCreated SystemTime='2022-10-24T14:04:30.7879441Z'/><EventRecordID>1650</EventRecordID><Correlation/><Execution ProcessID='2064' ThreadID='3220'/><Channel>Microsoft-Windows-Sysmon/Operational</Channel><Computer>vagrant-10</Computer><Security UserID='S-1-5-18'/></System><EventData><Data Name='RuleName'>Downloads</Data><Data Name='UtcTime'>2022-10-24 14:04:30.787</Data><Data Name='ProcessGuid'>{ef486c7a-9b6d-6356-fe00-000000001500}</Data><Data Name='ProcessId'>5184</Data><Data Name='Image'>C:\Program Files (x86)\Microsoft\Edge\Application\msedge.exe</Data><Data Name='TargetFilename'>C:\Users\vagrant\Downloads\shell3.exe:Zone.Identifier</Data><Data Name='CreationUtcTime'>2022-10-24 14:04:29.089</Data><Data Name='User'>VAGRANT-10\vagrant</Data></EventData><RenderingInfo Culture='en-US'><Message>File created:
RuleName: Downloads
UtcTime: 2022-10-24 14:04:30.787
ProcessGuid: {ef486c7a-9b6d-6356-fe00-000000001500}
ProcessId: 5184
Image: C:\Program Files (x86)\Microsoft\Edge\Application\msedge.exe
TargetFilename: C:\Users\vagrant\Downloads\shell3.exe:Zone.Identifier
CreationUtcTime: 2022-10-24 14:04:29.089
User: VAGRANT-10\vagrant</Message><Level>Information</Level><Task>File created (rule: FileCreate)</Task><Opcode>Info</Opcode><Channel></Channel><Provider></Provider><Keywords></Keywords></RenderingInfo></Event>"
"<Event xmlns='http://schemas.microsoft.com/win/2004/08/events/event'><System><Provider Name='Microsoft-Windows-Sysmon' Guid='{5770385f-c22a-43e0-bf4c-06f5698ffbd9}'/><EventID>1</EventID><Version>5</Version><Level>4</Level><Task>1</Task><Opcode>0</Opcode><Keywords>0x8000000000000000</Keywords><TimeCreated SystemTime='2022-10-24T14:04:30.2833296Z'/><EventRecordID>1648</EventRecordID><Correlation/><Execution ProcessID='2064' ThreadID='3220'/><Channel>Microsoft-Windows-Sysmon/Operational</Channel><Computer>vagrant-10</Computer><Security UserID='S-1-5-18'/></System><EventData><Data Name='RuleName'>-</Data><Data Name='UtcTime'>2022-10-24 14:04:30.276</Data><Data Name='ProcessGuid'>{ef486c7a-9b6e-6356-0001-000000001500}</Data><Data Name='ProcessId'>4968</Data><Data Name='Image'>C:\Program Files (x86)\Microsoft\Edge\Application\msedge.exe</Data><Data Name='FileVersion'>96.0.1054.43</Data><Data Name='Description'>Microsoft Edge</Data><Data Name='Product'>Microsoft Edge</Data><Data Name='Company'>Microsoft Corporation</Data><Data Name='OriginalFileName'>msedge.exe</Data><Data Name='CommandLine'>""C:\Program Files (x86)\Microsoft\Edge\Application\msedge.exe"" --type=utility --utility-sub-type=chrome.mojom.UtilReadIcon --field-trial-handle=2024,4804460866579888903,17587615608955920115,131072 --lang=en-US --service-sandbox-type=icon_reader --mojo-platform-channel-handle=5364 /prefetch:8</Data><Data Name='CurrentDirectory'>C:\Program Files (x86)\Microsoft\Edge\Application\96.0.1054.43\</Data><Data Name='User'>VAGRANT-10\vagrant</Data><Data Name='LogonGuid'>{ef486c7a-971b-6356-e8e4-030000000000}</Data><Data Name='LogonId'>0x3e4e8</Data><Data Name='TerminalSessionId'>1</Data><Data Name='IntegrityLevel'>Low</Data><Data Name='Hashes'>MD5=F8D1752096BC7825F9214ACF87200700,SHA256=5DE2FB496569E199B4D1BDB73285D988E05B81C1C2FD76EBB86D3749488C21AD,IMPHASH=680C3B3C075FF57057C290713261CB56</Data><Data Name='ParentProcessGuid'>{ef486c7a-9736-6356-8500-000000001500}</Data><Data Name='ParentProcessId'>1976</Data><Data Name='ParentImage'>C:\Program Files (x86)\Microsoft\Edge\Application\msedge.exe</Data><Data Name='ParentCommandLine'>""C:\Program Files (x86)\Microsoft\Edge\Application\msedge.exe"" --no-startup-window --win-session-start /prefetch:5</Data><Data Name='ParentUser'>VAGRANT-10\vagrant</Data></EventData><RenderingInfo Culture='en-US'><Message>Process Create:
RuleName: -
UtcTime: 2022-10-24 14:04:30.276
ProcessGuid: {ef486c7a-9b6e-6356-0001-000000001500}
ProcessId: 4968
Image: C:\Program Files (x86)\Microsoft\Edge\Application\msedge.exe
FileVersion: 96.0.1054.43
Description: Microsoft Edge
Product: Microsoft Edge
Company: Microsoft Corporation
OriginalFileName: msedge.exe
CommandLine: ""C:\Program Files (x86)\Microsoft\Edge\Application\msedge.exe"" --type=utility --utility-sub-type=chrome.mojom.UtilReadIcon --field-trial-handle=2024,4804460866579888903,17587615608955920115,131072 --lang=en-US --service-sandbox-type=icon_reader --mojo-platform-channel-handle=5364 /prefetch:8
CurrentDirectory: C:\Program Files (x86)\Microsoft\Edge\Application\96.0.1054.43\
User: VAGRANT-10\vagrant
LogonGuid: {ef486c7a-971b-6356-e8e4-030000000000}
LogonId: 0x3E4E8
TerminalSessionId: 1
IntegrityLevel: Low
Hashes: MD5=F8D1752096BC7825F9214ACF87200700,SHA256=5DE2FB496569E199B4D1BDB73285D988E05B81C1C2FD76EBB86D3749488C21AD,IMPHASH=680C3B3C075FF57057C290713261CB56
ParentProcessGuid: {ef486c7a-9736-6356-8500-000000001500}
ParentProcessId: 1976
ParentImage: C:\Program Files (x86)\Microsoft\Edge\Application\msedge.exe
ParentCommandLine: ""C:\Program Files (x86)\Microsoft\Edge\Application\msedge.exe"" --no-startup-window --win-session-start /prefetch:5
ParentUser: VAGRANT-10\vagrant</Message><Level>Information</Level><Task>Process Create (rule: ProcessCreate)</Task><Opcode>Info</Opcode><Channel></Channel><Provider></Provider><Keywords></Keywords></RenderingInfo></Event>"
"<Event xmlns='http://schemas.microsoft.com/win/2004/08/events/event'><System><Provider Name='Microsoft-Windows-Sysmon' Guid='{5770385f-c22a-43e0-bf4c-06f5698ffbd9}'/><EventID>1</EventID><Version>5</Version><Level>4</Level><Task>1</Task><Opcode>0</Opcode><Keywords>0x8000000000000000</Keywords><TimeCreated SystemTime='2022-10-24T14:04:30.2833296Z'/><EventRecordID>1648</EventRecordID><Correlation/><Execution ProcessID='2064' ThreadID='3220'/><Channel>Microsoft-Windows-Sysmon/Operational</Channel><Computer>vagrant-10</Computer><Security UserID='S-1-5-18'/></System><EventData><Data Name='RuleName'>-</Data><Data Name='UtcTime'>2022-10-24 14:04:30.276</Data><Data Name='ProcessGuid'>{ef486c7a-9b6e-6356-0001-000000001500}</Data><Data Name='ProcessId'>4968</Data><Data Name='Image'>C:\Program Files (x86)\Microsoft\Edge\Application\msedge.exe</Data><Data Name='FileVersion'>96.0.1054.43</Data><Data Name='Description'>Microsoft Edge</Data><Data Name='Product'>Microsoft Edge</Data><Data Name='Company'>Microsoft Corporation</Data><Data Name='OriginalFileName'>msedge.exe</Data><Data Name='CommandLine'>""C:\Program Files (x86)\Microsoft\Edge\Application\msedge.exe"" --type=utility --utility-sub-type=chrome.mojom.UtilReadIcon --field-trial-handle=2024,4804460866579888903,17587615608955920115,131072 --lang=en-US --service-sandbox-type=icon_reader --mojo-platform-channel-handle=5364 /prefetch:8</Data><Data Name='CurrentDirectory'>C:\Program Files (x86)\Microsoft\Edge\Application\96.0.1054.43\</Data><Data Name='User'>VAGRANT-10\vagrant</Data><Data Name='LogonGuid'>{ef486c7a-971b-6356-e8e4-030000000000}</Data><Data Name='LogonId'>0x3e4e8</Data><Data Name='TerminalSessionId'>1</Data><Data Name='IntegrityLevel'>Low</Data><Data Name='Hashes'>MD5=F8D1752096BC7825F9214ACF87200700,SHA256=5DE2FB496569E199B4D1BDB73285D988E05B81C1C2FD76EBB86D3749488C21AD,IMPHASH=680C3B3C075FF57057C290713261CB56</Data><Data Name='ParentProcessGuid'>{ef486c7a-9736-6356-8500-000000001500}</Data><Data Name='ParentProcessId'>1976</Data><Data Name='ParentImage'>C:\Program Files (x86)\Microsoft\Edge\Application\msedge.exe</Data><Data Name='ParentCommandLine'>""C:\Program Files (x86)\Microsoft\Edge\Application\msedge.exe"" --no-startup-window --win-session-start /prefetch:5</Data><Data Name='ParentUser'>VAGRANT-10\vagrant</Data></EventData><RenderingInfo Culture='en-US'><Message>Process Create:
RuleName: -
UtcTime: 2022-10-24 14:04:30.276
ProcessGuid: {ef486c7a-9b6e-6356-0001-000000001500}
ProcessId: 4968
Image: C:\Program Files (x86)\Microsoft\Edge\Application\msedge.exe
FileVersion: 96.0.1054.43
Description: Microsoft Edge
Product: Microsoft Edge
Company: Microsoft Corporation
OriginalFileName: msedge.exe
CommandLine: ""C:\Program Files (x86)\Microsoft\Edge\Application\msedge.exe"" --type=utility --utility-sub-type=chrome.mojom.UtilReadIcon --field-trial-handle=2024,4804460866579888903,17587615608955920115,131072 --lang=en-US --service-sandbox-type=icon_reader --mojo-platform-channel-handle=5364 /prefetch:8
CurrentDirectory: C:\Program Files (x86)\Microsoft\Edge\Application\96.0.1054.43\
User: VAGRANT-10\vagrant
LogonGuid: {ef486c7a-971b-6356-e8e4-030000000000}
LogonId: 0x3E4E8
TerminalSessionId: 1
IntegrityLevel: Low
Hashes: MD5=F8D1752096BC7825F9214ACF87200700,SHA256=5DE2FB496569E199B4D1BDB73285D988E05B81C1C2FD76EBB86D3749488C21AD,IMPHASH=680C3B3C075FF57057C290713261CB56
ParentProcessGuid: {ef486c7a-9736-6356-8500-000000001500}
ParentProcessId: 1976
ParentImage: C:\Program Files (x86)\Microsoft\Edge\Application\msedge.exe
ParentCommandLine: ""C:\Program Files (x86)\Microsoft\Edge\Application\msedge.exe"" --no-startup-window --win-session-start /prefetch:5
ParentUser: VAGRANT-10\vagrant</Message><Level>Information</Level><Task>Process Create (rule: ProcessCreate)</Task><Opcode>Info</Opcode><Channel></Channel><Provider></Provider><Keywords></Keywords></RenderingInfo></Event>"
"<Event xmlns='http://schemas.microsoft.com/win/2004/08/events/event'><System><Provider Name='Microsoft-Windows-Sysmon' Guid='{5770385f-c22a-43e0-bf4c-06f5698ffbd9}'/><EventID>1</EventID><Version>5</Version><Level>4</Level><Task>1</Task><Opcode>0</Opcode><Keywords>0x8000000000000000</Keywords><TimeCreated SystemTime='2022-10-24T14:04:29.3687097Z'/><EventRecordID>1647</EventRecordID><Correlation/><Execution ProcessID='2064' ThreadID='3220'/><Channel>Microsoft-Windows-Sysmon/Operational</Channel><Computer>vagrant-10</Computer><Security UserID='S-1-5-18'/></System><EventData><Data Name='RuleName'>-</Data><Data Name='UtcTime'>2022-10-24 14:04:29.297</Data><Data Name='ProcessGuid'>{ef486c7a-9b6d-6356-fe00-000000001500}</Data><Data Name='ProcessId'>5184</Data><Data Name='Image'>C:\Program Files (x86)\Microsoft\Edge\Application\msedge.exe</Data><Data Name='FileVersion'>96.0.1054.43</Data><Data Name='Description'>Microsoft Edge</Data><Data Name='Product'>Microsoft Edge</Data><Data Name='Company'>Microsoft Corporation</Data><Data Name='OriginalFileName'>msedge.exe</Data><Data Name='CommandLine'>""C:\Program Files (x86)\Microsoft\Edge\Application\msedge.exe"" --type=utility --utility-sub-type=quarantine.mojom.Quarantine --field-trial-handle=2024,4804460866579888903,17587615608955920115,131072 --lang=en-US --service-sandbox-type=none --mojo-platform-channel-handle=5112 /prefetch:8</Data><Data Name='CurrentDirectory'>C:\Program Files (x86)\Microsoft\Edge\Application\96.0.1054.43\</Data><Data Name='User'>VAGRANT-10\vagrant</Data><Data Name='LogonGuid'>{ef486c7a-971b-6356-e8e4-030000000000}</Data><Data Name='LogonId'>0x3e4e8</Data><Data Name='TerminalSessionId'>1</Data><Data Name='IntegrityLevel'>Medium</Data><Data Name='Hashes'>MD5=F8D1752096BC7825F9214ACF87200700,SHA256=5DE2FB496569E199B4D1BDB73285D988E05B81C1C2FD76EBB86D3749488C21AD,IMPHASH=680C3B3C075FF57057C290713261CB56</Data><Data Name='ParentProcessGuid'>{ef486c7a-9736-6356-8500-000000001500}</Data><Data Name='ParentProcessId'>1976</Data><Data Name='ParentImage'>C:\Program Files (x86)\Microsoft\Edge\Application\msedge.exe</Data><Data Name='ParentCommandLine'>""C:\Program Files (x86)\Microsoft\Edge\Application\msedge.exe"" --no-startup-window --win-session-start /prefetch:5</Data><Data Name='ParentUser'>VAGRANT-10\vagrant</Data></EventData><RenderingInfo Culture='en-US'><Message>Process Create:
RuleName: -
UtcTime: 2022-10-24 14:04:29.297
ProcessGuid: {ef486c7a-9b6d-6356-fe00-000000001500}
ProcessId: 5184
Image: C:\Program Files (x86)\Microsoft\Edge\Application\msedge.exe
FileVersion: 96.0.1054.43
Description: Microsoft Edge
Product: Microsoft Edge
Company: Microsoft Corporation
OriginalFileName: msedge.exe
CommandLine: ""C:\Program Files (x86)\Microsoft\Edge\Application\msedge.exe"" --type=utility --utility-sub-type=quarantine.mojom.Quarantine --field-trial-handle=2024,4804460866579888903,17587615608955920115,131072 --lang=en-US --service-sandbox-type=none --mojo-platform-channel-handle=5112 /prefetch:8
CurrentDirectory: C:\Program Files (x86)\Microsoft\Edge\Application\96.0.1054.43\
User: VAGRANT-10\vagrant
LogonGuid: {ef486c7a-971b-6356-e8e4-030000000000}
LogonId: 0x3E4E8
TerminalSessionId: 1
IntegrityLevel: Medium
Hashes: MD5=F8D1752096BC7825F9214ACF87200700,SHA256=5DE2FB496569E199B4D1BDB73285D988E05B81C1C2FD76EBB86D3749488C21AD,IMPHASH=680C3B3C075FF57057C290713261CB56
ParentProcessGuid: {ef486c7a-9736-6356-8500-000000001500}
ParentProcessId: 1976
ParentImage: C:\Program Files (x86)\Microsoft\Edge\Application\msedge.exe
ParentCommandLine: ""C:\Program Files (x86)\Microsoft\Edge\Application\msedge.exe"" --no-startup-window --win-session-start /prefetch:5
ParentUser: VAGRANT-10\vagrant</Message><Level>Information</Level><Task>Process Create (rule: ProcessCreate)</Task><Opcode>Info</Opcode><Channel></Channel><Provider></Provider><Keywords></Keywords></RenderingInfo></Event>"
"<Event xmlns='http://schemas.microsoft.com/win/2004/08/events/event'><System><Provider Name='Microsoft-Windows-Sysmon' Guid='{5770385f-c22a-43e0-bf4c-06f5698ffbd9}'/><EventID>1</EventID><Version>5</Version><Level>4</Level><Task>1</Task><Opcode>0</Opcode><Keywords>0x8000000000000000</Keywords><TimeCreated SystemTime='2022-10-24T14:04:29.3687097Z'/><EventRecordID>1647</EventRecordID><Correlation/><Execution ProcessID='2064' ThreadID='3220'/><Channel>Microsoft-Windows-Sysmon/Operational</Channel><Computer>vagrant-10</Computer><Security UserID='S-1-5-18'/></System><EventData><Data Name='RuleName'>-</Data><Data Name='UtcTime'>2022-10-24 14:04:29.297</Data><Data Name='ProcessGuid'>{ef486c7a-9b6d-6356-fe00-000000001500}</Data><Data Name='ProcessId'>5184</Data><Data Name='Image'>C:\Program Files (x86)\Microsoft\Edge\Application\msedge.exe</Data><Data Name='FileVersion'>96.0.1054.43</Data><Data Name='Description'>Microsoft Edge</Data><Data Name='Product'>Microsoft Edge</Data><Data Name='Company'>Microsoft Corporation</Data><Data Name='OriginalFileName'>msedge.exe</Data><Data Name='CommandLine'>""C:\Program Files (x86)\Microsoft\Edge\Application\msedge.exe"" --type=utility --utility-sub-type=quarantine.mojom.Quarantine --field-trial-handle=2024,4804460866579888903,17587615608955920115,131072 --lang=en-US --service-sandbox-type=none --mojo-platform-channel-handle=5112 /prefetch:8</Data><Data Name='CurrentDirectory'>C:\Program Files (x86)\Microsoft\Edge\Application\96.0.1054.43\</Data><Data Name='User'>VAGRANT-10\vagrant</Data><Data Name='LogonGuid'>{ef486c7a-971b-6356-e8e4-030000000000}</Data><Data Name='LogonId'>0x3e4e8</Data><Data Name='TerminalSessionId'>1</Data><Data Name='IntegrityLevel'>Medium</Data><Data Name='Hashes'>MD5=F8D1752096BC7825F9214ACF87200700,SHA256=5DE2FB496569E199B4D1BDB73285D988E05B81C1C2FD76EBB86D3749488C21AD,IMPHASH=680C3B3C075FF57057C290713261CB56</Data><Data Name='ParentProcessGuid'>{ef486c7a-9736-6356-8500-000000001500}</Data><Data Name='ParentProcessId'>1976</Data><Data Name='ParentImage'>C:\Program Files (x86)\Microsoft\Edge\Application\msedge.exe</Data><Data Name='ParentCommandLine'>""C:\Program Files (x86)\Microsoft\Edge\Application\msedge.exe"" --no-startup-window --win-session-start /prefetch:5</Data><Data Name='ParentUser'>VAGRANT-10\vagrant</Data></EventData><RenderingInfo Culture='en-US'><Message>Process Create:
RuleName: -
UtcTime: 2022-10-24 14:04:29.297
ProcessGuid: {ef486c7a-9b6d-6356-fe00-000000001500}
ProcessId: 5184
Image: C:\Program Files (x86)\Microsoft\Edge\Application\msedge.exe
FileVersion: 96.0.1054.43
Description: Microsoft Edge
Product: Microsoft Edge
Company: Microsoft Corporation
OriginalFileName: msedge.exe
CommandLine: ""C:\Program Files (x86)\Microsoft\Edge\Application\msedge.exe"" --type=utility --utility-sub-type=quarantine.mojom.Quarantine --field-trial-handle=2024,4804460866579888903,17587615608955920115,131072 --lang=en-US --service-sandbox-type=none --mojo-platform-channel-handle=5112 /prefetch:8
CurrentDirectory: C:\Program Files (x86)\Microsoft\Edge\Application\96.0.1054.43\
User: VAGRANT-10\vagrant
LogonGuid: {ef486c7a-971b-6356-e8e4-030000000000}
LogonId: 0x3E4E8
TerminalSessionId: 1
IntegrityLevel: Medium
Hashes: MD5=F8D1752096BC7825F9214ACF87200700,SHA256=5DE2FB496569E199B4D1BDB73285D988E05B81C1C2FD76EBB86D3749488C21AD,IMPHASH=680C3B3C075FF57057C290713261CB56
ParentProcessGuid: {ef486c7a-9736-6356-8500-000000001500}
ParentProcessId: 1976
ParentImage: C:\Program Files (x86)\Microsoft\Edge\Application\msedge.exe
ParentCommandLine: ""C:\Program Files (x86)\Microsoft\Edge\Application\msedge.exe"" --no-startup-window --win-session-start /prefetch:5
ParentUser: VAGRANT-10\vagrant</Message><Level>Information</Level><Task>Process Create (rule: ProcessCreate)</Task><Opcode>Info</Opcode><Channel></Channel><Provider></Provider><Keywords></Keywords></RenderingInfo></Event>"
"<Event xmlns='http://schemas.microsoft.com/win/2004/08/events/event'><System><Provider Name='Microsoft-Windows-Sysmon' Guid='{5770385f-c22a-43e0-bf4c-06f5698ffbd9}'/><EventID>15</EventID><Version>2</Version><Level>4</Level><Task>15</Task><Opcode>0</Opcode><Keywords>0x8000000000000000</Keywords><TimeCreated SystemTime='2022-10-24T14:04:29.3087146Z'/><EventRecordID>1644</EventRecordID><Correlation/><Execution ProcessID='2064' ThreadID='3220'/><Channel>Microsoft-Windows-Sysmon/Operational</Channel><Computer>vagrant-10</Computer><Security UserID='S-1-5-18'/></System><EventData><Data Name='RuleName'>-</Data><Data Name='UtcTime'>2022-10-24 14:04:29.293</Data><Data Name='ProcessGuid'>{ef486c7a-9736-6356-8500-000000001500}</Data><Data Name='ProcessId'>1976</Data><Data Name='Image'>C:\Program Files (x86)\Microsoft\Edge\Application\msedge.exe</Data><Data Name='TargetFilename'>C:\Users\vagrant\Downloads\Unconfirmed 276577.crdownload</Data><Data Name='CreationUtcTime'>2022-10-24 14:04:29.089</Data><Data Name='Hash'>MD5=BD799B638D49E8A0A15FA5FC38A3DC07,SHA256=88E531A87BFE73F66541DBA1FBE22A68733615DF6593FA9717575474171FE1A8,IMPHASH=B4C6FFF030479AA3B12625BE67BF4914</Data><Data Name='Contents'>-</Data><Data Name='User'>VAGRANT-10\vagrant</Data></EventData><RenderingInfo Culture='en-US'><Message>File stream created:
RuleName: -
UtcTime: 2022-10-24 14:04:29.293
ProcessGuid: {ef486c7a-9736-6356-8500-000000001500}
ProcessId: 1976
Image: C:\Program Files (x86)\Microsoft\Edge\Application\msedge.exe
TargetFilename: C:\Users\vagrant\Downloads\Unconfirmed 276577.crdownload
CreationUtcTime: 2022-10-24 14:04:29.089
Hash: MD5=BD799B638D49E8A0A15FA5FC38A3DC07,SHA256=88E531A87BFE73F66541DBA1FBE22A68733615DF6593FA9717575474171FE1A8,IMPHASH=B4C6FFF030479AA3B12625BE67BF4914
Contents: -
User: VAGRANT-10\vagrant</Message><Level>Information</Level><Task>File stream created (rule: FileCreateStreamHash)</Task><Opcode>Info</Opcode><Channel></Channel><Provider></Provider><Keywords></Keywords></RenderingInfo></Event>"
"<Event xmlns='http://schemas.microsoft.com/win/2004/08/events/event'><System><Provider Name='Microsoft-Windows-Sysmon' Guid='{5770385f-c22a-43e0-bf4c-06f5698ffbd9}'/><EventID>11</EventID><Version>2</Version><Level>4</Level><Task>11</Task><Opcode>0</Opcode><Keywords>0x8000000000000000</Keywords><TimeCreated SystemTime='2022-10-24T14:04:29.3087519Z'/><EventRecordID>1645</EventRecordID><Correlation/><Execution ProcessID='2064' ThreadID='3220'/><Channel>Microsoft-Windows-Sysmon/Operational</Channel><Computer>vagrant-10</Computer><Security UserID='S-1-5-18'/></System><EventData><Data Name='RuleName'>Downloads</Data><Data Name='UtcTime'>2022-10-24 14:04:29.295</Data><Data Name='ProcessGuid'>{ef486c7a-9736-6356-8500-000000001500}</Data><Data Name='ProcessId'>1976</Data><Data Name='Image'>C:\Program Files (x86)\Microsoft\Edge\Application\msedge.exe</Data><Data Name='TargetFilename'>C:\Users\vagrant\Downloads\Unconfirmed 276577.crdownload:SmartScreen</Data><Data Name='CreationUtcTime'>2022-10-24 14:04:29.089</Data><Data Name='User'>VAGRANT-10\vagrant</Data></EventData><RenderingInfo Culture='en-US'><Message>File created:
RuleName: Downloads
UtcTime: 2022-10-24 14:04:29.295
ProcessGuid: {ef486c7a-9736-6356-8500-000000001500}
ProcessId: 1976
Image: C:\Program Files (x86)\Microsoft\Edge\Application\msedge.exe
TargetFilename: C:\Users\vagrant\Downloads\Unconfirmed 276577.crdownload:SmartScreen
CreationUtcTime: 2022-10-24 14:04:29.089
User: VAGRANT-10\vagrant</Message><Level>Information</Level><Task>File created (rule: FileCreate)</Task><Opcode>Info</Opcode><Channel></Channel><Provider></Provider><Keywords></Keywords></RenderingInfo></Event>"
"<Event xmlns='http://schemas.microsoft.com/win/2004/08/events/event'><System><Provider Name='Microsoft-Windows-Sysmon' Guid='{5770385f-c22a-43e0-bf4c-06f5698ffbd9}'/><EventID>15</EventID><Version>2</Version><Level>4</Level><Task>15</Task><Opcode>0</Opcode><Keywords>0x8000000000000000</Keywords><TimeCreated SystemTime='2022-10-24T14:04:29.3087822Z'/><EventRecordID>1646</EventRecordID><Correlation/><Execution ProcessID='2064' ThreadID='3220'/><Channel>Microsoft-Windows-Sysmon/Operational</Channel><Computer>vagrant-10</Computer><Security UserID='S-1-5-18'/></System><EventData><Data Name='RuleName'>-</Data><Data Name='UtcTime'>2022-10-24 14:04:29.295</Data><Data Name='ProcessGuid'>{ef486c7a-9736-6356-8500-000000001500}</Data><Data Name='ProcessId'>1976</Data><Data Name='Image'>C:\Program Files (x86)\Microsoft\Edge\Application\msedge.exe</Data><Data Name='TargetFilename'>C:\Users\vagrant\Downloads\Unconfirmed 276577.crdownload:SmartScreen</Data><Data Name='CreationUtcTime'>2022-10-24 14:04:29.089</Data><Data Name='Hash'>MD5=4047530ECBC0170039E76FE1657BDB01,SHA256=82254025D1B98D60044D3AEB7C56EED7C61C07C3E30534D6E05DAB9D6C326750,IMPHASH=00000000000000000000000000000000</Data><Data Name='Contents'>湁桡楥</Data><Data Name='User'>VAGRANT-10\vagrant</Data></EventData><RenderingInfo Culture='en-US'><Message>File stream created:
RuleName: -
UtcTime: 2022-10-24 14:04:29.295
ProcessGuid: {ef486c7a-9736-6356-8500-000000001500}
ProcessId: 1976
Image: C:\Program Files (x86)\Microsoft\Edge\Application\msedge.exe
TargetFilename: C:\Users\vagrant\Downloads\Unconfirmed 276577.crdownload:SmartScreen
CreationUtcTime: 2022-10-24 14:04:29.089
Hash: MD5=4047530ECBC0170039E76FE1657BDB01,SHA256=82254025D1B98D60044D3AEB7C56EED7C61C07C3E30534D6E05DAB9D6C326750,IMPHASH=00000000000000000000000000000000
Contents: 湁桡楥
User: VAGRANT-10\vagrant</Message><Level>Information</Level><Task>File stream created (rule: FileCreateStreamHash)</Task><Opcode>Info</Opcode><Channel></Channel><Provider></Provider><Keywords></Keywords></RenderingInfo></Event>"
"<Event xmlns='http://schemas.microsoft.com/win/2004/08/events/event'><System><Provider Name='Microsoft-Windows-Sysmon' Guid='{5770385f-c22a-43e0-bf4c-06f5698ffbd9}'/><EventID>15</EventID><Version>2</Version><Level>4</Level><Task>15</Task><Opcode>0</Opcode><Keywords>0x8000000000000000</Keywords><TimeCreated SystemTime='2022-10-24T14:04:29.3087146Z'/><EventRecordID>1644</EventRecordID><Correlation/><Execution ProcessID='2064' ThreadID='3220'/><Channel>Microsoft-Windows-Sysmon/Operational</Channel><Computer>vagrant-10</Computer><Security UserID='S-1-5-18'/></System><EventData><Data Name='RuleName'>-</Data><Data Name='UtcTime'>2022-10-24 14:04:29.293</Data><Data Name='ProcessGuid'>{ef486c7a-9736-6356-8500-000000001500}</Data><Data Name='ProcessId'>1976</Data><Data Name='Image'>C:\Program Files (x86)\Microsoft\Edge\Application\msedge.exe</Data><Data Name='TargetFilename'>C:\Users\vagrant\Downloads\Unconfirmed 276577.crdownload</Data><Data Name='CreationUtcTime'>2022-10-24 14:04:29.089</Data><Data Name='Hash'>MD5=BD799B638D49E8A0A15FA5FC38A3DC07,SHA256=88E531A87BFE73F66541DBA1FBE22A68733615DF6593FA9717575474171FE1A8,IMPHASH=B4C6FFF030479AA3B12625BE67BF4914</Data><Data Name='Contents'>-</Data><Data Name='User'>VAGRANT-10\vagrant</Data></EventData><RenderingInfo Culture='en-US'><Message>File stream created:
RuleName: -
UtcTime: 2022-10-24 14:04:29.293
ProcessGuid: {ef486c7a-9736-6356-8500-000000001500}
ProcessId: 1976
Image: C:\Program Files (x86)\Microsoft\Edge\Application\msedge.exe
TargetFilename: C:\Users\vagrant\Downloads\Unconfirmed 276577.crdownload
CreationUtcTime: 2022-10-24 14:04:29.089
Hash: MD5=BD799B638D49E8A0A15FA5FC38A3DC07,SHA256=88E531A87BFE73F66541DBA1FBE22A68733615DF6593FA9717575474171FE1A8,IMPHASH=B4C6FFF030479AA3B12625BE67BF4914
Contents: -
User: VAGRANT-10\vagrant</Message><Level>Information</Level><Task>File stream created (rule: FileCreateStreamHash)</Task><Opcode>Info</Opcode><Channel></Channel><Provider></Provider><Keywords></Keywords></RenderingInfo></Event>"
"<Event xmlns='http://schemas.microsoft.com/win/2004/08/events/event'><System><Provider Name='Microsoft-Windows-Sysmon' Guid='{5770385f-c22a-43e0-bf4c-06f5698ffbd9}'/><EventID>11</EventID><Version>2</Version><Level>4</Level><Task>11</Task><Opcode>0</Opcode><Keywords>0x8000000000000000</Keywords><TimeCreated SystemTime='2022-10-24T14:04:29.3087519Z'/><EventRecordID>1645</EventRecordID><Correlation/><Execution ProcessID='2064' ThreadID='3220'/><Channel>Microsoft-Windows-Sysmon/Operational</Channel><Computer>vagrant-10</Computer><Security UserID='S-1-5-18'/></System><EventData><Data Name='RuleName'>Downloads</Data><Data Name='UtcTime'>2022-10-24 14:04:29.295</Data><Data Name='ProcessGuid'>{ef486c7a-9736-6356-8500-000000001500}</Data><Data Name='ProcessId'>1976</Data><Data Name='Image'>C:\Program Files (x86)\Microsoft\Edge\Application\msedge.exe</Data><Data Name='TargetFilename'>C:\Users\vagrant\Downloads\Unconfirmed 276577.crdownload:SmartScreen</Data><Data Name='CreationUtcTime'>2022-10-24 14:04:29.089</Data><Data Name='User'>VAGRANT-10\vagrant</Data></EventData><RenderingInfo Culture='en-US'><Message>File created:
RuleName: Downloads
UtcTime: 2022-10-24 14:04:29.295
ProcessGuid: {ef486c7a-9736-6356-8500-000000001500}
ProcessId: 1976
Image: C:\Program Files (x86)\Microsoft\Edge\Application\msedge.exe
TargetFilename: C:\Users\vagrant\Downloads\Unconfirmed 276577.crdownload:SmartScreen
CreationUtcTime: 2022-10-24 14:04:29.089
User: VAGRANT-10\vagrant</Message><Level>Information</Level><Task>File created (rule: FileCreate)</Task><Opcode>Info</Opcode><Channel></Channel><Provider></Provider><Keywords></Keywords></RenderingInfo></Event>"
"<Event xmlns='http://schemas.microsoft.com/win/2004/08/events/event'><System><Provider Name='Microsoft-Windows-Sysmon' Guid='{5770385f-c22a-43e0-bf4c-06f5698ffbd9}'/><EventID>15</EventID><Version>2</Version><Level>4</Level><Task>15</Task><Opcode>0</Opcode><Keywords>0x8000000000000000</Keywords><TimeCreated SystemTime='2022-10-24T14:04:29.3087822Z'/><EventRecordID>1646</EventRecordID><Correlation/><Execution ProcessID='2064' ThreadID='3220'/><Channel>Microsoft-Windows-Sysmon/Operational</Channel><Computer>vagrant-10</Computer><Security UserID='S-1-5-18'/></System><EventData><Data Name='RuleName'>-</Data><Data Name='UtcTime'>2022-10-24 14:04:29.295</Data><Data Name='ProcessGuid'>{ef486c7a-9736-6356-8500-000000001500}</Data><Data Name='ProcessId'>1976</Data><Data Name='Image'>C:\Program Files (x86)\Microsoft\Edge\Application\msedge.exe</Data><Data Name='TargetFilename'>C:\Users\vagrant\Downloads\Unconfirmed 276577.crdownload:SmartScreen</Data><Data Name='CreationUtcTime'>2022-10-24 14:04:29.089</Data><Data Name='Hash'>MD5=4047530ECBC0170039E76FE1657BDB01,SHA256=82254025D1B98D60044D3AEB7C56EED7C61C07C3E30534D6E05DAB9D6C326750,IMPHASH=00000000000000000000000000000000</Data><Data Name='Contents'>湁桡楥</Data><Data Name='User'>VAGRANT-10\vagrant</Data></EventData><RenderingInfo Culture='en-US'><Message>File stream created:
RuleName: -
UtcTime: 2022-10-24 14:04:29.295
ProcessGuid: {ef486c7a-9736-6356-8500-000000001500}
ProcessId: 1976
Image: C:\Program Files (x86)\Microsoft\Edge\Application\msedge.exe
TargetFilename: C:\Users\vagrant\Downloads\Unconfirmed 276577.crdownload:SmartScreen
CreationUtcTime: 2022-10-24 14:04:29.089
Hash: MD5=4047530ECBC0170039E76FE1657BDB01,SHA256=82254025D1B98D60044D3AEB7C56EED7C61C07C3E30534D6E05DAB9D6C326750,IMPHASH=00000000000000000000000000000000
Contents: 湁桡楥
User: VAGRANT-10\vagrant</Message><Level>Information</Level><Task>File stream created (rule: FileCreateStreamHash)</Task><Opcode>Info</Opcode><Channel></Channel><Provider></Provider><Keywords></Keywords></RenderingInfo></Event>"
