icrosoft-Windows-Sysmon","x86_64","vagrant-10","ef486c7a-d018-43ce-bc87-fd5ce10088a9","fe80::650c:205f:e854:a4c3, 192.168.103.3","08:00:27:e3:04:fd","vagrant-10","19043.1348",windows,"10.0.19041.1348 (WinBuild.160101.0800)","Windows 10 Enterprise Evaluation","Windows 10 Enterprise Evaluation",windows,windows,"10.0",information,"File created:
RuleName: DLL
UtcTime: 2022-10-24 14:05:07.055
ProcessGuid: {ef486c7a-9b92-6356-3201-000000001500}
ProcessId: 1424
Image: C:\Windows\SysWOW64\crypt.exe
TargetFilename: C:\Windows\Temp\_MEI14242\api-ms-win-crt-process-l1-1-0.dll
CreationUtcTime: 2022-10-24 14:05:07.055
User: NT AUTHORITY\SYSTEM","-",wineventlog,"Microsoft-Windows-Sysmon/Operational","vagrant-10","-","-","-","-","-","-","-","-","-","2022-10-24 14:05:07.055","-","-","-","-","-","-","-","-","-","-","-","-","C:\Windows\SysWOW64\crypt.exe","-","-","-","-","-","-","-","-","-","-","-","-","-","-","-","-","-","-","-","-","-","-","-","-","-","-","-","{ef486c7a-9b92-6356-3201-000000001500}",1424,"-","-","-","-","-","-","-","-","-","-",DLL,"-","-","-","-","-","-","-","-","-","-","-","-","-","-","-","-","-","-","-","-","-","-","C:\Windows\Temp\_MEI14242\api-ms-win-crt-process-l1-1-0.dll","-","-","-","-","-","-","-","-","-","-","-","-","-","-","-","NT AUTHORITY\SYSTEM","2022-10-24 14:05:07.055","-","-","-","-","-","-","-","-","-","-","-","-","-","-","-","-","-","-","-","-","-",11,"-",Info,"2,064","3,220","{5770385f-c22a-43e0-bf4c-06f5698ffbd9}","Microsoft-Windows-Sysmon",1822,"File created (rule: FileCreate)","NT AUTHORITY","S-1-5-18",SYSTEM,User,2
"Oct 24, 2022 @ 22:05:07.062","f_JPCoQBQo9Iz8vx2_xz",".ds-winlogbeat-8.4.3-2022.10.17-000001","-","8d24c149-a762-44f9-ba0d-58433a72abc0","vagrant-10","24130491-308c-4270-b613-e4ed7c62ad4a","vagrant-10",winlogbeat,"8.4.3","8.0.0","File created (rule: FileCreate)",11,"Oct 24, 2022 @ 22:05:07.918",event,"<Event xmlns='http://schemas.microsoft.com/win/2004/08/events/event'><System><Provider Name='Microsoft-Windows-Sysmon' Guid='{5770385f-c22a-43e0-bf4c-06f5698ffbd9}'/><EventID>11</EventID><Version>2</Version><Level>4</Level><Task>11</Task><Opcode>0</Opcode><Keywords>0x8000000000000000</Keywords><TimeCreated SystemTime='2022-10-24T14:05:07.0626974Z'/><EventRecordID>1823</EventRecordID><Correlation/><Execution ProcessID='2064' ThreadID='3220'/><Channel>Microsoft-Windows-Sysmon/Operational</Channel><Computer>vagrant-10</Computer><Security UserID='S-1-5-18'/></System><EventData><Data Name='RuleName'>DLL</Data><Data Name='UtcTime'>2022-10-24 14:05:07.055</Data><Data Name='ProcessGuid'>{ef486c7a-9b92-6356-3201-000000001500}</Data><Data Name='ProcessId'>1424</Data><Data Name='Image'>C:\Windows\SysWOW64\crypt.exe</Data><Data Name='TargetFilename'>C:\Windows\Temp\_MEI14242\api-ms-win-crt-runtime-l1-1-0.dll</Data><Data Name='CreationUtcTime'>2022-10-24 14:05:07.055</Data><Data Name='User'>NT AUTHORITY\SYSTEM</Data></EventData><RenderingInfo Culture='en-US'><Message>File created:
RuleName: DLL
UtcTime: 2022-10-24 14:05:07.055
ProcessGuid: {ef486c7a-9b92-6356-3201-000000001500}
ProcessId: 1424
Image: C:\Windows\SysWOW64\crypt.exe
TargetFilename: C:\Windows\Temp\_MEI14242\api-ms-win-crt-runtime-l1-1-0.dll
CreationUtcTime: 2022-10-24 14:05:07.055
User: NT AUTHORITY\SYSTEM</Message><Level>Information</Level><Task>File created (rule: FileCreate)</Task><Opcode>Info</Opcode><Channel></Channel><Provider></Provider><Keywords></Keywords></RenderingInfo></Event>","-","Microsoft-Windows-Sysmon","x86_64","vagrant-10","ef486c7a-d018-43ce-bc87-fd5ce10088a9","fe80::650c:205f:e854:a4c3, 192.168.103.3","08:00:27:e3:04:fd","vagrant-10","19043.1348",windows,"10.0.19041.1348 (WinBuild.160101.0800)","Windows 10 Enterprise Evaluation","Windows 10 Enterprise Evaluation",windows,windows,"10.0",information,"File created:
RuleName: DLL
UtcTime: 2022-10-24 14:05:07.055
ProcessGuid: {ef486c7a-9b92-6356-3201-000000001500}
ProcessId: 1424
Image: C:\Windows\SysWOW64\crypt.exe
TargetFilename: C:\Windows\Temp\_MEI14242\api-ms-win-crt-runtime-l1-1-0.dll
CreationUtcTime: 2022-10-24 14:05:07.055
User: NT AUTHORITY\SYSTEM","-",wineventlog,"Microsoft-Windows-Sysmon/Operational","vagrant-10","-","-","-","-","-","-","-","-","-","2022-10-24 14:05:07.055","-","-","-","-","-","-","-","-","-","-","-","-","C:\Windows\SysWOW64\crypt.exe","-","-","-","-","-","-","-","-","-","-","-","-","-","-","-","-","-","-","-","-","-","-","-","-","-","-","-","{ef486c7a-9b92-6356-3201-000000001500}",1424,"-","-","-","-","-","-","-","-","-","-",DLL,"-","-","-","-","-","-","-","-","-","-","-","-","-","-","-","-","-","-","-","-","-","-","C:\Windows\Temp\_MEI14242\api-ms-win-crt-runtime-l1-1-0.dll","-","-","-","-","-","-","-","-","-","-","-","-","-","-","-","NT AUTHORITY\SYSTEM","2022-10-24 14:05:07.055","-","-","-","-","-","-","-","-","-","-","-","-","-","-","-","-","-","-","-","-","-",11,"-",Info,"2,064","3,220","{5770385f-c22a-43e0-bf4c-06f5698ffbd9}","Microsoft-Windows-Sysmon",1823,"File created (rule: FileCreate)","NT AUTHORITY","S-1-5-18",SYSTEM,User,2
"Oct 24, 2022 @ 22:05:07.061","SfJPCoQBQo9Iz8vx2_xj",".ds-winlogbeat-8.4.3-2022.10.17-000001","-","8d24c149-a762-44f9-ba0d-58433a72abc0","vagrant-10","24130491-308c-4270-b613-e4ed7c62ad4a","vagrant-10",winlogbeat,"8.4.3","8.0.0","File created (rule: FileCreate)",11,"Oct 24, 2022 @ 22:05:07.916",event,"<Event xmlns='http://schemas.microsoft.com/win/2004/08/events/event'><System><Provider Name='Microsoft-Windows-Sysmon' Guid='{5770385f-c22a-43e0-bf4c-06f5698ffbd9}'/><EventID>11</EventID><Version>2</Version><Level>4</Level><Task>11</Task><Opcode>0</Opcode><Keywords>0x8000000000000000</Keywords><TimeCreated SystemTime='2022-10-24T14:05:07.0618268Z'/><EventRecordID>1820</EventRecordID><Correlation/><Execution ProcessID='2064' ThreadID='3220'/><Channel>Microsoft-Windows-Sysmon/Operational</Channel><Computer>vagrant-10</Computer><Security UserID='S-1-5-18'/></System><EventData><Data Name='RuleName'>DLL</Data><Data Name='UtcTime'>2022-10-24 14:05:07.055</Data><Data Name='ProcessGuid'>{ef486c7a-9b92-6356-3201-000000001500}</Data><Data Name='ProcessId'>1424</Data><Data Name='Image'>C:\Windows\SysWOW64\crypt.exe</Data><Data Name='TargetFilename'>C:\Windows\Temp\_MEI14242\api-ms-win-crt-locale-l1-1-0.dll</Data><Data Name='CreationUtcTime'>2022-10-24 14:05:07.055</Data><Data Name='User'>NT AUTHORITY\SYSTEM</Data></EventData><RenderingInfo Culture='en-US'><Message>File created:
RuleName: DLL
UtcTime: 2022-10-24 14:05:07.055
ProcessGuid: {ef486c7a-9b92-6356-3201-000000001500}
ProcessId: 1424
Image: C:\Windows\SysWOW64\crypt.exe
TargetFilename: C:\Windows\Temp\_MEI14242\api-ms-win-crt-locale-l1-1-0.dll
CreationUtcTime: 2022-10-24 14:05:07.055
User: NT AUTHORITY\SYSTEM</Message><Level>Information</Level><Task>File created (rule: FileCreate)</Task><Opcode>Info</Opcode><Channel></Channel><Provider></Provider><Keywords></Keywords></RenderingInfo></Event>","-","Microsoft-Windows-Sysmon","x86_64","vagrant-10","ef486c7a-d018-43ce-bc87-fd5ce10088a9","fe80::650c:205f:e854:a4c3, 192.168.103.3","08:00:27:e3:04:fd","vagrant-10","19043.1348",windows,"10.0.19041.1348 (WinBuild.160101.0800)","Windows 10 Enterprise Evaluation","Windows 10 Enterprise Evaluation",windows,windows,"10.0",information,"File created:
RuleName: DLL
UtcTime: 2022-10-24 14:05:07.055
ProcessGuid: {ef486c7a-9b92-6356-3201-000000001500}
ProcessId: 1424
Image: C:\Windows\SysWOW64\crypt.exe
TargetFilename: C:\Windows\Temp\_MEI14242\api-ms-win-crt-locale-l1-1-0.dll
CreationUtcTime: 2022-10-24 14:05:07.055
User: NT AUTHORITY\SYSTEM","-",wineventlog,"Microsoft-Windows-Sysmon/Operational","vagrant-10","-","-","-","-","-","-","-","-","-","2022-10-24 14:05:07.055","-","-","-","-","-","-","-","-","-","-","-","-","C:\Windows\SysWOW64\crypt.exe","-","-","-","-","-","-","-","-","-","-","-","-","-","-","-","-","-","-","-","-","-","-","-","-","-","-","-","{ef486c7a-9b92-6356-3201-000000001500}",1424,"-","-","-","-","-","-","-","-","-","-",DLL,"-","-","-","-","-","-","-","-","-","-","-","-","-","-","-","-","-","-","-","-","-","-","C:\Windows\Temp\_MEI14242\api-ms-win-crt-locale-l1-1-0.dll","-","-","-","-","-","-","-","-","-","-","-","-","-","-","-","NT AUTHORITY\SYSTEM","2022-10-24 14:05:07.055","-","-","-","-","-","-","-","-","-","-","-","-","-","-","-","-","-","-","-","-","-",11,"-",Info,"2,064","3,220","{5770385f-c22a-43e0-bf4c-06f5698ffbd9}","Microsoft-Windows-Sysmon",1820,"File created (rule: FileCreate)","NT AUTHORITY","S-1-5-18",SYSTEM,User,2
"Oct 24, 2022 @ 22:05:07.061","SvJPCoQBQo9Iz8vx2_xj",".ds-winlogbeat-8.4.3-2022.10.17-000001","-","8d24c149-a762-44f9-ba0d-58433a72abc0","vagrant-10","24130491-308c-4270-b613-e4ed7c62ad4a","vagrant-10",winlogbeat,"8.4.3","8.0.0","File created (rule: FileCreate)",11,"Oct 24, 2022 @ 22:05:07.916",event,"<Event xmlns='http://schemas.microsoft.com/win/2004/08/events/event'><System><Provider Name='Microsoft-Windows-Sysmon' Guid='{5770385f-c22a-43e0-bf4c-06f5698ffbd9}'/><EventID>11</EventID><Version>2</Version><Level>4</Level><Task>11</Task><Opcode>0</Opcode><Keywords>0x8000000000000000</Keywords><TimeCreated SystemTime='2022-10-24T14:05:07.0618428Z'/><EventRecordID>1821</EventRecordID><Correlation/><Execution ProcessID='2064' ThreadID='3220'/><Channel>Microsoft-Windows-Sysmon/Operational</Channel><Computer>vagrant-10</Computer><Security UserID='S-1-5-18'/></System><EventData><Data Name='RuleName'>DLL</Data><Data Name='UtcTime'>2022-10-24 14:05:07.055</Data><Data Name='ProcessGuid'>{ef486c7a-9b92-6356-3201-000000001500}</Data><Data Name='ProcessId'>1424</Data><Data Name='Image'>C:\Windows\SysWOW64\crypt.exe</Data><Data Name='TargetFilename'>C:\Windows\Temp\_MEI14242\api-ms-win-crt-math-l1-1-0.dll</Data><Data Name='CreationUtcTime'>2022-10-24 14:05:07.055</Data><Data Name='User'>NT AUTHORITY\SYSTEM</Data></EventData><RenderingInfo Culture='en-US'><Message>File created:
RuleName: DLL
UtcTime: 2022-10-24 14:05:07.055
ProcessGuid: {ef486c7a-9b92-6356-3201-000000001500}
ProcessId: 1424
Image: C:\Windows\SysWOW64\crypt.exe
TargetFilename: C:\Windows\Temp\_MEI14242\api-ms-win-crt-math-l1-1-0.dll
CreationUtcTime: 2022-10-24 14:05:07.055
User: NT AUTHORITY\SYSTEM</Message><Level>Information</Level><Task>File created (rule: FileCreate)</Task><Opcode>Info</Opcode><Channel></Channel><Provider></Provider><Keywords></Keywords></RenderingInfo></Event>","-","Microsoft-Windows-Sysmon","x86_64","vagrant-10","ef486c7a-d018-43ce-bc87-fd5ce10088a9","fe80::650c:205f:e854:a4c3, 192.168.103.3","08:00:27:e3:04:fd","vagrant-10","19043.1348",windows,"10.0.19041.1348 (WinBuild.160101.0800)","Windows 10 Enterprise Evaluation","Windows 10 Enterprise Evaluation",windows,windows,"10.0",information,"File created:
RuleName: DLL
UtcTime: 2022-10-24 14:05:07.055
ProcessGuid: {ef486c7a-9b92-6356-3201-000000001500}
ProcessId: 1424
Image: C:\Windows\SysWOW64\crypt.exe
TargetFilename: C:\Windows\Temp\_MEI14242\api-ms-win-crt-math-l1-1-0.dll
CreationUtcTime: 2022-10-24 14:05:07.055
User: NT AUTHORITY\SYSTEM","-",wineventlog,"Microsoft-Windows-Sysmon/Operational","vagrant-10","-","-","-","-","-","-","-","-","-","2022-10-24 14:05:07.055","-","-","-","-","-","-","-","-","-","-","-","-","C:\Windows\SysWOW64\crypt.exe","-","-","-","-","-","-","-","-","-","-","-","-","-","-","-","-","-","-","-","-","-","-","-","-","-","-","-","{ef486c7a-9b92-6356-3201-000000001500}",1424,"-","-","-","-","-","-","-","-","-","-",DLL,"-","-","-","-","-","-","-","-","-","-","-","-","-","-","-","-","-","-","-","-","-","-","C:\Windows\Temp\_MEI14242\api-ms-win-crt-math-l1-1-0.dll","-","-","-","-","-","-","-","-","-","-","-","-","-","-","-","NT AUTHORITY\SYSTEM","2022-10-24 14:05:07.055","-","-","-","-","-","-","-","-","-","-","-","-","-","-","-","-","-","-","-","-","-",11,"-",Info,"2,064","3,220","{5770385f-c22a-43e0-bf4c-06f5698ffbd9}","Microsoft-Windows-Sysmon",1821,"File created (rule: FileCreate)","NT AUTHORITY","S-1-5-18",SYSTEM,User,2
"Oct 24, 2022 @ 22:05:07.061","fPJPCoQBQo9Iz8vx2_xz",".ds-winlogbeat-8.4.3-2022.10.17-000001","-","8d24c149-a762-44f9-ba0d-58433a72abc0","vagrant-10","24130491-308c-4270-b613-e4ed7c62ad4a","vagrant-10",winlogbeat,"8.4.3","8.0.0","File created (rule: FileCreate)",11,"Oct 24, 2022 @ 22:05:07.918",event,"<Event xmlns='http://schemas.microsoft.com/win/2004/08/events/event'><System><Provider Name='Microsoft-Windows-Sysmon' Guid='{5770385f-c22a-43e0-bf4c-06f5698ffbd9}'/><EventID>11</EventID><Version>2</Version><Level>4</Level><Task>11</Task><Opcode>0</Opcode><Keywords>0x8000000000000000</Keywords><TimeCreated SystemTime='2022-10-24T14:05:07.0618268Z'/><EventRecordID>1820</EventRecordID><Correlation/><Execution ProcessID='2064' ThreadID='3220'/><Channel>Microsoft-Windows-Sysmon/Operational</Channel><Computer>vagrant-10</Computer><Security UserID='S-1-5-18'/></System><EventData><Data Name='RuleName'>DLL</Data><Data Name='UtcTime'>2022-10-24 14:05:07.055</Data><Data Name='ProcessGuid'>{ef486c7a-9b92-6356-3201-000000001500}</Data><Data Name='ProcessId'>1424</Data><Data Name='Image'>C:\Windows\SysWOW64\crypt.exe</Data><Data Name='TargetFilename'>C:\Windows\Temp\_MEI14242\api-ms-win-crt-locale-l1-1-0.dll</Data><Data Name='CreationUtcTime'>2022-10-24 14:05:07.055</Data><Data Name='User'>NT AUTHORITY\SYSTEM</Data></EventData><RenderingInfo Culture='en-US'><Message>File created:
RuleName: DLL
UtcTime: 2022-10-24 14:05:07.055
ProcessGuid: {ef486c7a-9b92-6356-3201-000000001500}
ProcessId: 1424
Image: C:\Windows\SysWOW64\crypt.exe
TargetFilename: C:\Windows\Temp\_MEI14242\api-ms-win-crt-locale-l1-1-0.dll
CreationUtcTime: 2022-10-24 14:05:07.055
User: NT AUTHORITY\SYSTEM</Message><Level>Information</Level><Task>File created (rule: FileCreate)</Task><Opcode>Info</Opcode><Channel></Channel><Provider></Provider><Keywords></Keywords></RenderingInfo></Event>","-","Microsoft-Windows-Sysmon","x86_64","vagrant-10","ef486c7a-d018-43ce-bc87-fd5ce10088a9","fe80::650c:205f:e854:a4c3, 192.168.103.3","08:00:27:e3:04:fd","vagrant-10","19043.1348",windows,"10.0.19041.1348 (WinBuild.160101.0800)","Windows 10 Enterprise Evaluation","Windows 10 Enterprise Evaluation",windows,windows,"10.0",information,"File created:
RuleName: DLL
UtcTime: 2022-10-24 14:05:07.055
ProcessGuid: {ef486c7a-9b92-6356-3201-000000001500}
ProcessId: 1424
Image: C:\Windows\SysWOW64\crypt.exe
TargetFilename: C:\Windows\Temp\_MEI14242\api-ms-win-crt-locale-l1-1-0.dll
CreationUtcTime: 2022-10-24 14:05:07.055
User: NT AUTHORITY\SYSTEM","-",wineventlog,"Microsoft-Windows-Sysmon/Operational","vagrant-10","-","-","-","-","-","-","-","-","-","2022-10-24 14:05:07.055","-","-","-","-","-","-","-","-","-","-","-","-","C:\Windows\SysWOW64\crypt.exe","-","-","-","-","-","-","-","-","-","-","-","-","-","-","-","-","-","-","-","-","-","-","-","-","-","-","-","{ef486c7a-9b92-6356-3201-000000001500}",1424,"-","-","-","-","-","-","-","-","-","-",DLL,"-","-","-","-","-","-","-","-","-","-","-","-","-","-","-","-","-","-","-","-","-","-","C:\Windows\Temp\_MEI14242\api-ms-win-crt-locale-l1-1-0.dll","-","-","-","-","-","-","-","-","-","-","-","-","-","-","-","NT AUTHORITY\SYSTEM","2022-10-24 14:05:07.055","-","-","-","-","-","-","-","-","-","-","-","-","-","-","-","-","-","-","-","-","-",11,"-",Info,"2,064","3,220","{5770385f-c22a-43e0-bf4c-06f5698ffbd9}","Microsoft-Windows-Sysmon",1820,"File created (rule: FileCreate)","NT AUTHORITY","S-1-5-18",SYSTEM,User,2
"Oct 24, 2022 @ 22:05:07.061","ffJPCoQBQo9Iz8vx2_xz",".ds-winlogbeat-8.4.3-2022.10.17-000001","-","8d24c149-a762-44f9-ba0d-58433a72abc0","vagrant-10","24130491-308c-4270-b613-e4ed7c62ad4a","vagrant-10",winlogbeat,"8.4.3","8.0.0","File created (rule: FileCreate)",11,"Oct 24, 2022 @ 22:05:07.918",event,"<Event xmlns='http://schemas.microsoft.com/win/2004/08/events/event'><System><Provider Name='Microsoft-Windows-Sysmon' Guid='{5770385f-c22a-43e0-bf4c-06f5698ffbd9}'/><EventID>11</EventID><Version>2</Version><Level>4</Level><Task>11</Task><Opcode>0</Opcode><Keywords>0x8000000000000000</Keywords><TimeCreated SystemTime='2022-10-24T14:05:07.0618428Z'/><EventRecordID>1821</EventRecordID><Correlation/><Execution ProcessID='2064' ThreadID='3220'/><Channel>Microsoft-Windows-Sysmon/Operational</Channel><Computer>vagrant-10</Computer><Security UserID='S-1-5-18'/></System><EventData><Data Name='RuleName'>DLL</Data><Data Name='UtcTime'>2022-10-24 14:05:07.055</Data><Data Name='ProcessGuid'>{ef486c7a-9b92-6356-3201-000000001500}</Data><Data Name='ProcessId'>1424</Data><Data Name='Image'>C:\Windows\SysWOW64\crypt.exe</Data><Data Name='TargetFilename'>C:\Windows\Temp\_MEI14242\api-ms-win-crt-math-l1-1-0.dll</Data><Data Name='CreationUtcTime'>2022-10-24 14:05:07.055</Data><Data Name='User'>NT AUTHORITY\SYSTEM</Data></EventData><RenderingInfo Culture='en-US'><Message>File created:
RuleName: DLL
UtcTime: 2022-10-24 14:05:07.055
ProcessGuid: {ef486c7a-9b92-6356-3201-000000001500}
ProcessId: 1424
Image: C:\Windows\SysWOW64\crypt.exe
TargetFilename: C:\Windows\Temp\_MEI14242\api-ms-win-crt-math-l1-1-0.dll
CreationUtcTime: 2022-10-24 14:05:07.055
User: NT AUTHORITY\SYSTEM</Message><Level>Information</Level><Task>File created (rule: FileCreate)</Task><Opcode>Info</Opcode><Channel></Channel><Provider></Provider><Keywords></Keywords></RenderingInfo></Event>","-","Microsoft-Windows-Sysmon","x86_64","vagrant-10","ef486c7a-d018-43ce-bc87-fd5ce10088a9","fe80::650c:205f:e854:a4c3, 192.168.103.3","08:00:27:e3:04:fd","vagrant-10","19043.1348",windows,"10.0.19041.1348 (WinBuild.160101.0800)","Windows 10 Enterprise Evaluation","Windows 10 Enterprise Evaluation",windows,windows,"10.0",information,"File created:
RuleName: DLL
UtcTime: 2022-10-24 14:05:07.055
ProcessGuid: {ef486c7a-9b92-6356-3201-000000001500}
ProcessId: 1424
Image: C:\Windows\SysWOW64\crypt.exe
TargetFilename: C:\Windows\Temp\_MEI14242\api-ms-win-crt-math-l1-1-0.dll
CreationUtcTime: 2022-10-24 14:05:07.055
User: NT AUTHORITY\SYSTEM","-",wineventlog,"Microsoft-Windows-Sysmon/Operational","vagrant-10","-","-","-","-","-","-","-","-","-","2022-10-24 14:05:07.055","-","-","-","-","-","-","-","-","-","-","-","-","C:\Windows\SysWOW64\crypt.exe","-","-","-","-","-","-","-","-","-","-","-","-","-","-","-","-","-","-","-","-","-","-","-","-","-","-","-","{ef486c7a-9b92-6356-3201-000000001500}",1424,"-","-","-","-","-","-","-","-","-","-",DLL,"-","-","-","-","-","-","-","-","-","-","-","-","-","-","-","-","-","-","-","-","-","-","C:\Windows\Temp\_MEI14242\api-ms-win-crt-math-l1-1-0.dll","-","-","-","-","-","-","-","-","-","-","-","-","-","-","-","NT AUTHORITY\SYSTEM","2022-10-24 14:05:07.055","-","-","-","-","-","-","-","-","-","-","-","-","-","-","-","-","-","-","-","-","-",11,"-",Info,"2,064","3,220","{5770385f-c22a-43e0-bf4c-06f5698ffbd9}","Microsoft-Windows-Sysmon",1821,"File created (rule: FileCreate)","NT AUTHORITY","S-1-5-18",SYSTEM,User,2
"Oct 24, 2022 @ 22:05:07.060","RfJPCoQBQo9Iz8vx2_xj",".ds-winlogbeat-8.4.3-2022.10.17-000001","-","8d24c149-a762-44f9-ba0d-58433a72abc0","vagrant-10","24130491-308c-4270-b613-e4ed7c62ad4a","vagrant-10",winlogbeat,"8.4.3","8.0.0","File created (rule: FileCreate)",11,"Oct 24, 2022 @ 22:05:07.916",event,"<Event xmlns='http://schemas.microsoft.com/win/2004/08/events/event'><System><Provider Name='Microsoft-Windows-Sysmon' Guid='{5770385f-c22a-43e0-bf4c-06f5698ffbd9}'/><EventID>11</EventID><Version>2</Version><Level>4</Level><Task>11</Task><Opcode>0</Opcode><Keywords>0x8000000000000000</Keywords><TimeCreated SystemTime='2022-10-24T14:05:07.0600059Z'/><EventRecordID>1816</EventRecordID><Correlation/><Execution ProcessID='2064' ThreadID='3220'/><Channel>Microsoft-Windows-Sysmon/Operational</Channel><Computer>vagrant-10</Computer><Security UserID='S-1-5-18'/></System><EventData><Data Name='RuleName'>DLL</Data><Data Name='UtcTime'>2022-10-24 14:05:07.055</Data><Data Name='ProcessGuid'>{ef486c7a-9b92-6356-3201-000000001500}</Data><Data Name='ProcessId'>1424</Data><Data Name='Image'>C:\Windows\SysWOW64\crypt.exe</Data><Data Name='TargetFilename'>C:\Windows\Temp\_MEI14242\api-ms-win-crt-convert-l1-1-0.dll</Data><Data Name='CreationUtcTime'>2022-10-24 14:05:07.055</Data><Data Name='User'>NT AUTHORITY\SYSTEM</Data></EventData><RenderingInfo Culture='en-US'><Message>File created:
RuleName: DLL
UtcTime: 2022-10-24 14:05:07.055
ProcessGuid: {ef486c7a-9b92-6356-3201-000000001500}
ProcessId: 1424
Image: C:\Windows\SysWOW64\crypt.exe
TargetFilename: C:\Windows\Temp\_MEI14242\api-ms-win-crt-convert-l1-1-0.dll
CreationUtcTime: 2022-10-24 14:05:07.055
User: NT AUTHORITY\SYSTEM</Message><Level>Information</Level><Task>File created (rule: FileCreate)</Task><Opcode>Info</Opcode><Channel></Channel><Provider></Provider><Keywords></Keywords></RenderingInfo></Event>","-","Microsoft-Windows-Sysmon","x86_64","vagrant-10","ef486c7a-d018-43ce-bc87-fd5ce10088a9","fe80::650c:205f:e854:a4c3, 192.168.103.3","08:00:27:e3:04:fd","vagrant-10","19043.1348",windows,"10.0.19041.1348 (WinBuild.160101.0800)","Windows 10 Enterprise Evaluation","Windows 10 Enterprise Evaluation",windows,windows,"10.0",information,"File created:
RuleName: DLL
UtcTime: 2022-10-24 14:05:07.055
ProcessGuid: {ef486c7a-9b92-6356-3201-000000001500}
ProcessId: 1424
Image: C:\Windows\SysWOW64\crypt.exe
TargetFilename: C:\Windows\Temp\_MEI14242\api-ms-win-crt-convert-l1-1-0.dll
CreationUtcTime: 2022-10-24 14:05:07.055
User: NT AUTHORITY\SYSTEM","-",wineventlog,"Microsoft-Windows-Sysmon/Operational","vagrant-10","-","-","-","-","-","-","-","-","-","2022-10-24 14:05:07.055","-","-","-","-","-","-","-","-","-","-","-","-","C:\Windows\SysWOW64\crypt.exe","-","-","-","-","-","-","-","-","-","-","-","-","-","-","-","-","-","-","-","-","-","-","-","-","-","-","-","{ef486c7a-9b92-6356-3201-000000001500}",1424,"-","-","-","-","-","-","-","-","-","-",DLL,"-","-","-","-","-","-","-","-","-","-","-","-","-","-","-","-","-","-","-","-","-","-","C:\Windows\Temp\_MEI14242\api-ms-win-crt-convert-l1-1-0.dll","-","-","-","-","-","-","-","-","-","-","-","-","-","-","-","NT AUTHORITY\SYSTEM","2022-10-24 14:05:07.055","-","-","-","-","-","-","-","-","-","-","-","-","-","-","-","-","-","-","-","-","-",11,"-",Info,"2,064","3,220","{5770385f-c22a-43e0-bf4c-06f5698ffbd9}","Microsoft-Windows-Sysmon",1816,"File created (rule: FileCreate)","NT AUTHORITY","S-1-5-18",SYSTEM,User,2
"Oct 24, 2022 @ 22:05:07.060","RvJPCoQBQo9Iz8vx2_xj",".ds-winlogbeat-8.4.3-2022.10.17-000001","-","8d24c149-a762-44f9-ba0d-58433a72abc0","vagrant-10","24130491-308c-4270-b613-e4ed7c62ad4a","vagrant-10",winlogbeat,"8.4.3","8.0.0","File created (rule: FileCreate)",11,"Oct 24, 2022 @ 22:05:07.916",event,"<Event xmlns='http://schemas.microsoft.com/win/2004/08/events/event'><System><Provider Name='Microsoft-Windows-Sysmon' Guid='{5770385f-c22a-43e0-bf4c-06f5698ffbd9}'/><EventID>11</EventID><Version>2</Version><Level>4</Level><Task>11</Task><Opcode>0</Opcode><Keywords>0x8000000000000000</Keywords><TimeCreated SystemTime='2022-10-24T14:05:07.0600190Z'/><EventRecordID>1817</EventRecordID><Correlation/><Execution ProcessID='2064' ThreadID='3220'/><Channel>Microsoft-Windows-Sysmon/Operational</Channel><Computer>vagrant-10</Computer><Security UserID='S-1-5-18'/></System><EventData><Data Name='RuleName'>DLL</Data><Data Name='UtcTime'>2022-10-24 14:05:07.055</Data><Data Name='ProcessGuid'>{ef486c7a-9b92-6356-3201-000000001500}</Data><Data Name='ProcessId'>1424</Data><Data Name='Image'>C:\Windows\SysWOW64\crypt.exe</Data><Data Name='TargetFilename'>C:\Windows\Temp\_MEI14242\api-ms-win-crt-environment-l1-1-0.dll</Data><Data Name='CreationUtcTime'>2022-10-24 14:05:07.055</Data><Data Name='User'>NT AUTHORITY\SYSTEM</Data></EventData><RenderingInfo Culture='en-US'><Message>File created:
RuleName: DLL
UtcTime: 2022-10-24 14:05:07.055
ProcessGuid: {ef486c7a-9b92-6356-3201-000000001500}
ProcessId: 1424
Image: C:\Windows\SysWOW64\crypt.exe
TargetFilename: C:\Windows\Temp\_MEI14242\api-ms-win-crt-environment-l1-1-0.dll
CreationUtcTime: 2022-10-24 14:05:07.055
User: NT AUTHORITY\SYSTEM</Message><Level>Information</Level><Task>File created (rule: FileCreate)</Task><Opcode>Info</Opcode><Channel></Channel><Provider></Provider><Keywords></Keywords></RenderingInfo></Event>","-","Microsoft-Windows-Sysmon","x86_64","vagrant-10","ef486c7a-d018-43ce-bc87-fd5ce10088a9","fe80::650c:205f:e854:a4c3, 192.168.103.3","08:00:27:e3:04:fd","vagrant-10","19043.1348",windows,"10.0.19041.1348 (WinBuild.160101.0800)","Windows 10 Enterprise Evaluation","Windows 10 Enterprise Evaluation",windows,windows,"10.0",information,"File created:
RuleName: DLL
UtcTime: 2022-10-24 14:05:07.055
ProcessGuid: {ef486c7a-9b92-6356-3201-000000001500}
ProcessId: 1424
Image: C:\Windows\SysWOW64\crypt.exe
TargetFilename: C:\Windows\Temp\_MEI14242\api-ms-win-crt-environment-l1-1-0.dll
CreationUtcTime: 2022-10-24 14:05:07.055
User: NT AUTHORITY\SYSTEM","-",wineventlog,"Microsoft-Windows-Sysmon/Operational","vagrant-10","-","-","-","-","-","-","-","-","-","2022-10-24 14:05:07.055","-","-","-","-","-","-","-","-","-","-","-","-","C:\Windows\SysWOW64\crypt.exe","-","-","-","-","-","-","-","-","-","-","-","-","-","-","-","-","-","-","-","-","-","-","-","-","-","-","-","{ef486c7a-9b92-6356-3201-000000001500}",1424,"-","-","-","-","-","-","-","-","-","-",DLL,"-","-","-","-","-","-","-","-","-","-","-","-","-","-","-","-","-","-","-","-","-","-","C:\Windows\Temp\_MEI14242\api-ms-win-crt-environment-l1-1-0.dll","-","-","-","-","-","-","-","-","-","-","-","-","-","-","-","NT AUTHORITY\SYSTEM","2022-10-24 14:05:07.055","-","-","-","-","-","-","-","-","-","-","-","-","-","-","-","-","-","-","-","-","-",11,"-",Info,"2,064","3,220","{5770385f-c22a-43e0-bf4c-06f5698ffbd9}","Microsoft-Windows-Sysmon",1817,"File created (rule: FileCreate)","NT AUTHORITY","S-1-5-18",SYSTEM,User,2
"Oct 24, 2022 @ 22:05:07.060","R_JPCoQBQo9Iz8vx2_xj",".ds-winlogbeat-8.4.3-2022.10.17-000001","-","8d24c149-a762-44f9-ba0d-58433a72abc0","vagrant-10","24130491-308c-4270-b613-e4ed7c62ad4a","vagrant-10",winlogbeat,"8.4.3","8.0.0","File created (rule: FileCreate)",11,"Oct 24, 2022 @ 22:05:07.916",event,"<Event xmlns='http://schemas.microsoft.com/win/2004/08/events/event'><System><Provider Name='Microsoft-Windows-Sysmon' Guid='{5770385f-c22a-43e0-bf4c-06f5698ffbd9}'/><EventID>11</EventID><Version>2</Version><Level>4</Level><Task>11</Task><Opcode>0</Opcode><Keywords>0x8000000000000000</Keywords><TimeCreated SystemTime='2022-10-24T14:05:07.0609559Z'/><EventRecordID>1818</EventRecordID><Correlation/><Execution ProcessID='2064' ThreadID='3220'/><Channel>Microsoft-Windows-Sysmon/Operational</Channel><Computer>vagrant-10</Computer><Security UserID='S-1-5-18'/></System><EventData><Data Name='RuleName'>DLL</Data><Data Name='UtcTime'>2022-10-24 14:05:07.055</Data><Data Name='ProcessGuid'>{ef486c7a-9b92-6356-3201-000000001500}</Data><Data Name='ProcessId'>1424</Data><Data Name='Image'>C:\Windows\SysWOW64\crypt.exe</Data><Data Name='TargetFilename'>C:\Windows\Temp\_MEI14242\api-ms-win-crt-filesystem-l1-1-0.dll</Data><Data Name='CreationUtcTime'>2022-10-24 14:05:07.055</Data><Data Name='User'>NT AUTHORITY\SYSTEM</Data></EventData><RenderingInfo Culture='en-US'><Message>File created:
RuleName: DLL
UtcTime: 2022-10-24 14:05:07.055
ProcessGuid: {ef486c7a-9b92-6356-3201-000000001500}
ProcessId: 1424
Image: C:\Windows\SysWOW64\crypt.exe
TargetFilename: C:\Windows\Temp\_MEI14242\api-ms-win-crt-filesystem-l1-1-0.dll
CreationUtcTime: 2022-10-24 14:05:07.055
User: NT AUTHORITY\SYSTEM</Message><Level>Information</Level><Task>File created (rule: FileCreate)</Task><Opcode>Info</Opcode><Channel></Channel><Provider></Provider><Keywords></Keywords></RenderingInfo></Event>","-","Microsoft-Windows-Sysmon","x86_64","vagrant-10","ef486c7a-d018-43ce-bc87-fd5ce10088a9","fe80::650c:205f:e854:a4c3, 192.168.103.3","08:00:27:e3:04:fd","vagrant-10","19043.1348",windows,"10.0.19041.1348 (WinBuild.160101.0800)","Windows 10 Enterprise Evaluation","Windows 10 Enterprise Evaluation",windows,windows,"10.0",information,"File created:
RuleName: DLL
UtcTime: 2022-10-24 14:05:07.055
ProcessGuid: {ef486c7a-9b92-6356-3201-000000001500}
ProcessId: 1424
Image: C:\Windows\SysWOW64\crypt.exe
TargetFilename: C:\Windows\Temp\_MEI14242\api-ms-win-crt-filesystem-l1-1-0.dll
CreationUtcTime: 2022-10-24 14:05:07.055
User: NT AUTHORITY\SYSTEM","-",wineventlog,"Microsoft-Windows-Sysmon/Operational","vagrant-10","-","-","-","-","-","-","-","-","-","2022-10-24 14:05:07.055","-","-","-","-","-","-","-","-","-","-","-","-","C:\Windows\SysWOW64\crypt.exe","-","-","-","-","-","-","-","-","-","-","-","-","-","-","-","-","-","-","-","-","-","-","-","-","-","-","-","{ef486c7a-9b92-6356-3201-000000001500}",1424,"-","-","-","-","-","-","-","-","-","-",DLL,"-","-","-","-","-","-","-","-","-","-","-","-","-","-","-","-","-","-","-","-","-","-","C:\Windows\Temp\_MEI14242\api-ms-win-crt-filesystem-l1-1-0.dll","-","-","-","-","-","-","-","-","-","-","-","-","-","-","-","NT AUTHORITY\SYSTEM","2022-10-24 14:05:07.055","-","-","-","-","-","-","-","-","-","-","-","-","-","-","-","-","-","-","-","-","-",11,"-",Info,"2,064","3,220","{5770385f-c22a-43e0-bf4c-06f5698ffbd9}","Microsoft-Windows-Sysmon",1818,"File created (rule: FileCreate)","NT AUTHORITY","S-1-5-18",SYSTEM,User,2
"Oct 24, 2022 @ 22:05:07.060","SPJPCoQBQo9Iz8vx2_xj",".ds-winlogbeat-8.4.3-2022.10.17-000001","-","8d24c149-a762-44f9-ba0d-58433a72abc0","vagrant-10","24130491-308c-4270-b613-e4ed7c62ad4a","vagrant-10",winlogbeat,"8.4.3","8.0.0","File created (rule: FileCreate)",11,"Oct 24, 2022 @ 22:05:07.916",event,"<Event xmlns='http://schemas.microsoft.com/win/2004/08/events/event'><System><Provider Name='Microsoft-Windows-Sysmon' Guid='{5770385f-c22a-43e0-bf4c-06f5698ffbd9}'/><EventID>11</EventID><Version>2</Version><Level>4</Level><Task>11</Task><Opcode>0</Opcode><Keywords>0x8000000000000000</Keywords><TimeCreated SystemTime='2022-10-24T14:05:07.0609729Z'/><EventRecordID>1819</EventRecordID><Correlation/><Execution ProcessID='2064' ThreadID='3220'/><Channel>Microsoft-Windows-Sysmon/Operational</Channel><Computer>vagrant-10</Computer><Security UserID='S-1-5-18'/></System><EventData><Data Name='RuleName'>DLL</Data><Data Name='UtcTime'>2022-10-24 14:05:07.055</Data><Data Name='ProcessGuid'>{ef486c7a-9b92-6356-3201-000000001500}</Data><Data Name='ProcessId'>1424</Data><Data Name='Image'>C:\Windows\SysWOW64\crypt.exe</Data><Data Name='TargetFilename'>C:\Windows\Temp\_MEI14242\api-ms-win-crt-heap-l1-1-0.dll</Data><Data Name='CreationUtcTime'>2022-10-24 14:05:07.055</Data><Data Name='User'>NT AUTHORITY\SYSTEM</Data></EventData><RenderingInfo Culture='en-US'><Message>File created:
RuleName: DLL
UtcTime: 2022-10-24 14:05:07.055
ProcessGuid: {ef486c7a-9b92-6356-3201-000000001500}
ProcessId: 1424
Image: C:\Windows\SysWOW64\crypt.exe
TargetFilename: C:\Windows\Temp\_MEI14242\api-ms-win-crt-heap-l1-1-0.dll
CreationUtcTime: 2022-10-24 14:05:07.055
User: NT AUTHORITY\SYSTEM</Message><Level>Information</Level><Task>File created (rule: FileCreate)</Task><Opcode>Info</Opcode><Channel></Channel><Provider></Provider><Keywords></Keywords></RenderingInfo></Event>","-","Microsoft-Windows-Sysmon","x86_64","vagrant-10","ef486c7a-d018-43ce-bc87-fd5ce10088a9","fe80::650c:205f:e854:a4c3, 192.168.103.3","08:00:27:e3:04:fd","vagrant-10","19043.1348",windows,"10.0.19041.1348 (WinBuild.160101.0800)","Windows 10 Enterprise Evaluation","Windows 10 Enterprise Evaluation",windows,windows,"10.0",information,"File created:
RuleName: DLL
UtcTime: 2022-10-24 14:05:07.055
ProcessGuid: {ef486c7a-9b92-6356-3201-000000001500}
ProcessId: 1424
Image: C:\Windows\SysWOW64\crypt.exe
TargetFilename: C:\Windows\Temp\_MEI14242\api-ms-win-crt-heap-l1-1-0.dll
CreationUtcTime: 2022-10-24 14:05:07.055
User: NT AUTHORITY\SYSTEM","-",wineventlog,"Microsoft-Windows-Sysmon/Operational","vagrant-10","-","-","-","-","-","-","-","-","-","2022-10-24 14:05:07.055","-","-","-","-","-","-","-","-","-","-","-","-","C:\Windows\SysWOW64\crypt.exe","-","-","-","-","-","-","-","-","-","-","-","-","-","-","-","-","-","-","-","-","-","-","-","-","-","-","-","{ef486c7a-9b92-6356-3201-000000001500}",1424,"-","-","-","-","-","-","-","-","-","-",DLL,"-","-","-","-","-","-","-","-","-","-","-","-","-","-","-","-","-","-","-","-","-","-","C:\Windows\Temp\_MEI14242\api-ms-win-crt-heap-l1-1-0.dll","-","-","-","-","-","-","-","-","-","-","-","-","-","-","-","NT AUTHORITY\SYSTEM","2022-10-24 14:05:07.055","-","-","-","-","-","-","-","-","-","-","-","-","-","-","-","-","-","-","-","-","-",11,"-",Info,"2,064","3,220","{5770385f-c22a-43e0-bf4c-06f5698ffbd9}","Microsoft-Windows-Sysmon",1819,"File created (rule: FileCreate)","NT AUTHORITY","S-1-5-18",SYSTEM,User,2
"Oct 24, 2022 @ 22:05:07.060","ePJPCoQBQo9Iz8vx2_xz",".ds-winlogbeat-8.4.3-2022.10.17-000001","-","8d24c149-a762-44f9-ba0d-58433a72abc0","vagrant-10","24130491-308c-4270-b613-e4ed7c62ad4a","vagrant-10",winlogbeat,"8.4.3","8.0.0","File created (rule: FileCreate)",11,"Oct 24, 2022 @ 22:05:07.918",event,"<Event xmlns='http://schemas.microsoft.com/win/2004/08/events/event'><System><Provider Name='Microsoft-Windows-Sysmon' Guid='{5770385f-c22a-43e0-bf4c-06f5698ffbd9}'/><EventID>11</EventID><Version>2</Version><Level>4</Level><Task>11</Task><Opcode>0</Opcode><Keywords>0x8000000000000000</Keywords><TimeCreated SystemTime='2022-10-24T14:05:07.0600059Z'/><EventRecordID>1816</EventRecordID><Correlation/><Execution ProcessID='2064' ThreadID='3220'/><Channel>Microsoft-Windows-Sysmon/Operational</Channel><Computer>vagrant-10</Computer><Security UserID='S-1-5-18'/></System><EventData><Data Name='RuleName'>DLL</Data><Data Name='UtcTime'>2022-10-24 14:05:07.055</Data><Data Name='ProcessGuid'>{ef486c7a-9b92-6356-3201-000000001500}</Data><Data Name='ProcessId'>1424</Data><Data Name='Image'>C:\Windows\SysWOW64\crypt.exe</Data><Data Name='TargetFilename'>C:\Windows\Temp\_MEI14242\api-ms-win-crt-convert-l1-1-0.dll</Data><Data Name='CreationUtcTime'>2022-10-24 14:05:07.055</Data><Data Name='User'>NT AUTHORITY\SYSTEM</Data></EventData><RenderingInfo Culture='en-US'><Message>File created:
RuleName: DLL
UtcTime: 2022-10-24 14:05:07.055
ProcessGuid: {ef486c7a-9b92-6356-3201-000000001500}
ProcessId: 1424
Image: C:\Windows\SysWOW64\crypt.exe
TargetFilename: C:\Windows\Temp\_MEI14242\api-ms-win-crt-convert-l1-1-0.dll
CreationUtcTime: 2022-10-24 14:05:07.055
User: NT AUTHORITY\SYSTEM</Message><Level>Information</Level><Task>File created (rule: FileCreate)</Task><Opcode>Info</Opcode><Channel></Channel><Provider></Provider><Keywords></Keywords></RenderingInfo></Event>","-","Microsoft-Windows-Sysmon","x86_64","vagrant-10","ef486c7a-d018-43ce-bc87-fd5ce10088a9","fe80::650c:205f:e854:a4c3, 192.168.103.3","08:00:27:e3:04:fd","vagrant-10","19043.1348",windows,"10.0.19041.1348 (WinBuild.160101.0800)","Windows 10 Enterprise Evaluation","Windows 10 Enterprise Evaluation",windows,windows,"10.0",information,"File created:
RuleName: DLL
UtcTime: 2022-10-24 14:05:07.055
ProcessGuid: {ef486c7a-9b92-6356-3201-000000001500}
ProcessId: 1424
Image: C:\Windows\SysWOW64\crypt.exe
TargetFilename: C:\Windows\Temp\_MEI14242\api-ms-win-crt-convert-l1-1-0.dll
CreationUtcTime: 2022-10-24 14:05:07.055
User: NT AUTHORITY\SYSTEM","-",wineventlog,"Microsoft-Windows-Sysmon/Operational","vagrant-10","-","-","-","-","-","-","-","-","-","2022-10-24 14:05:07.055","-","-","-","-","-","-","-","-","-","-","-","-","C:\Windows\SysWOW64\crypt.exe","-","-","-","-","-","-","-","-","-","-","-","-","-","-","-","-","-","-","-","-","-","-","-","-","-","-","-","{ef486c7a-9b92-6356-3201-000000001500}",1424,"-","-","-","-","-","-","-","-","-","-",DLL,"-","-","-","-","-","-","-","-","-","-","-","-","-","-","-","-","-","-","-","-","-","-","C:\Windows\Temp\_MEI14242\api-ms-win-crt-convert-l1-1-0.dll","-","-","-","-","-","-","-","-","-","-","-","-","-","-","-","NT AUTHORITY\SYSTEM","2022-10-24 14:05:07.055","-","-","-","-","-","-","-","-","-","-","-","-","-","-","-","-","-","-","-","-","-",11,"-",Info,"2,064","3,220","{5770385f-c22a-43e0-bf4c-06f5698ffbd9}","Microsoft-Windows-Sysmon",1816,"File created (rule: FileCreate)","NT AUTHORITY","S-1-5-18",SYSTEM,User,2
"Oct 24, 2022 @ 22:05:07.060","efJPCoQBQo9Iz8vx2_xz",".ds-winlogbeat-8.4.3-2022.10.17-000001","-","8d24c149-a762-44f9-ba0d-58433a72abc0","vagrant-10","24130491-308c-4270-b613-e4ed7c62ad4a","vagrant-10",winlogbeat,"8.4.3","8.0.0","File created (rule: FileCreate)",11,"Oct 24, 2022 @ 22:05:07.918",event,"<Event xmlns='http://schemas.microsoft.com/win/2004/08/events/event'><System><Provider Name='Microsoft-Windows-Sysmon' Guid='{5770385f-c22a-43e0-bf4c-06f5698ffbd9}'/><EventID>11</EventID><Version>2</Version><Level>4</Level><Task>11</Task><Opcode>0</Opcode><Keywords>0x8000000000000000</Keywords><TimeCreated SystemTime='2022-10-24T14:05:07.0600190Z'/><EventRecordID>1817</EventRecordID><Correlation/><Execution ProcessID='2064' ThreadID='3220'/><Channel>Microsoft-Windows-Sysmon/Operational</Channel><Computer>vagrant-10</Computer><Security UserID='S-1-5-18'/></System><EventData><Data Name='RuleName'>DLL</Data><Data Name='UtcTime'>2022-10-24 14:05:07.055</Data><Data Name='ProcessGuid'>{ef486c7a-9b92-6356-3201-000000001500}</Data><Data Name='ProcessId'>1424</Data><Data Name='Image'>C:\Windows\SysWOW64\crypt.exe</Data><Data Name='TargetFilename'>C:\Windows\Temp\_MEI14242\api-ms-win-crt-environment-l1-1-0.dll</Data><Data Name='CreationUtcTime'>2022-10-24 14:05:07.055</Data><Data Name='User'>NT AUTHORITY\SYSTEM</Data></EventData><RenderingInfo Culture='en-US'><Message>File created:
RuleName: DLL
UtcTime: 2022-10-24 14:05:07.055
ProcessGuid: {ef486c7a-9b92-6356-3201-000000001500}
ProcessId: 1424
Image: C:\Windows\SysWOW64\crypt.exe
TargetFilename: C:\Windows\Temp\_MEI14242\api-ms-win-crt-environment-l1-1-0.dll
CreationUtcTime: 2022-10-24 14:05:07.055
User: NT AUTHORITY\SYSTEM</Message><Level>Information</Level><Task>File created (rule: FileCreate)</Task><Opcode>Info</Opcode><Channel></Channel><Provider></Provider><Keywords></Keywords></RenderingInfo></Event>","-","Microsoft-Windows-Sysmon","x86_64","vagrant-10","ef486c7a-d018-43ce-bc87-fd5ce10088a9","fe80::650c:205f:e854:a4c3, 192.168.103.3","08:00:27:e3:04:fd","vagrant-10","19043.1348",windows,"10.0.19041.1348 (WinBuild.160101.0800)","Windows 10 Enterprise Evaluation","Windows 10 Enterprise Evaluation",windows,windows,"10.0",information,"File created:
RuleName: DLL
UtcTime: 2022-10-24 14:05:07.055
ProcessGuid: {ef486c7a-9b92-6356-3201-000000001500}
ProcessId: 1424
Image: C:\Windows\SysWOW64\crypt.exe
TargetFilename: C:\Windows\Temp\_MEI14242\api-ms-win-crt-environment-l1-1-0.dll
CreationUtcTime: 2022-10-24 14:05:07.055
User: NT AUTHORITY\SYSTEM","-",wineventlog,"Microsoft-Windows-Sysmon/Operational","vagrant-10","-","-","-","-","-","-","-","-","-","2022-10-24 14:05:07.055","-","-","-","-","-","-","-","-","-","-","-","-","C:\Windows\SysWOW64\crypt.exe","-","-","-","-","-","-","-","-","-","-","-","-","-","-","-","-","-","-","-","-","-","-","-","-","-","-","-","{ef486c7a-9b92-6356-3201-000000001500}",1424,"-","-","-","-","-","-","-","-","-","-",DLL,"-","-","-","-","-","-","-","-","-","-","-","-","-","-","-","-","-","-","-","-","-","-","C:\Windows\Temp\_MEI14242\api-ms-win-crt-environment-l1-1-0.dll","-","-","-","-","-","-","-","-","-","-","-","-","-","-","-","NT AUTHORITY\SYSTEM","2022-10-24 14:05:07.055","-","-","-","-","-","-","-","-","-","-","-","-","-","-","-","-","-","-","-","-","-",11,"-",Info,"2,064","3,220","{5770385f-c22a-43e0-bf4c-06f5698ffbd9}","Microsoft-Windows-Sysmon",1817,"File created (rule: FileCreate)","NT AUTHORITY","S-1-5-18",SYSTEM,User,2
"Oct 24, 2022 @ 22:05:07.060","evJPCoQBQo9Iz8vx2_xz",".ds-winlogbeat-8.4.3-2022.10.17-000001","-","8d24c149-a762-44f9-ba0d-58433a72abc0","vagrant-10","24130491-308c-4270-b613-e4ed7c62ad4a","vagrant-10",winlogbeat,"8.4.3","8.0.0","File created (rule: FileCreate)",11,"Oct 24, 2022 @ 22:05:07.918",event,"<Event xmlns='http://schemas.microsoft.com/win/2004/08/events/event'><System><Provider Name='Microsoft-Windows-Sysmon' Guid='{5770385f-c22a-43e0-bf4c-06f5698ffbd9}'/><EventID>11</EventID><Version>2</Version><Level>4</Level><Task>11</Task><Opcode>0</Opcode><Keywords>0x8000000000000000</Keywords><TimeCreated SystemTime='2022-10-24T14:05:07.0609559Z'/><EventRecordID>1818</EventRecordID><Correlation/><Execution ProcessID='2064' ThreadID='3220'/><Channel>Microsoft-Windows-Sysmon/Operational</Channel><Computer>vagrant-10</Computer><Security UserID='S-1-5-18'/></System><EventData><Data Name='RuleName'>DLL</Data><Data Name='UtcTime'>2022-10-24 14:05:07.055</Data><Data Name='ProcessGuid'>{ef486c7a-9b92-6356-3201-000000001500}</Data><Data Name='ProcessId'>1424</Data><Data Name='Image'>C:\Windows\SysWOW64\crypt.exe</Data><Data Name='TargetFilename'>C:\Windows\Temp\_MEI14242\api-ms-win-crt-filesystem-l1-1-0.dll</Data><Data Name='CreationUtcTime'>2022-10-24 14:05:07.055</Data><Data Name='User'>NT AUTHORITY\SYSTEM</Data></EventData><RenderingInfo Culture='en-US'><Message>File created:
RuleName: DLL
UtcTime: 2022-10-24 14:05:07.055
ProcessGuid: {ef486c7a-9b92-6356-3201-000000001500}
ProcessId: 1424
Image: C:\Windows\SysWOW64\crypt.exe
TargetFilename: C:\Windows\Temp\_MEI14242\api-ms-win-crt-filesystem-l1-1-0.dll
CreationUtcTime: 2022-10-24 14:05:07.055
User: NT AUTHORITY\SYSTEM</Message><Level>Information</Level><Task>File created (rule: FileCreate)</Task><Opcode>Info</Opcode><Channel></Channel><Provider></Provider><Keywords></Keywords></RenderingInfo></Event>","-","Microsoft-Windows-Sysmon","x86_64","vagrant-10","ef486c7a-d018-43ce-bc87-fd5ce10088a9","fe80::650c:205f:e854:a4c3, 192.168.103.3","08:00:27:e3:04:fd","vagrant-10","19043.1348",windows,"10.0.19041.1348 (WinBuild.160101.0800)","Windows 10 Enterprise Evaluation","Windows 10 Enterprise Evaluation",windows,windows,"10.0",information,"File created:
RuleName: DLL
UtcTime: 2022-10-24 14:05:07.055
ProcessGuid: {ef486c7a-9b92-6356-3201-000000001500}
ProcessId: 1424
Image: C:\Windows\SysWOW64\crypt.exe
TargetFilename: C:\Windows\Temp\_MEI14242\api-ms-win-crt-filesystem-l1-1-0.dll
CreationUtcTime: 2022-10-24 14:05:07.055
User: NT AUTHORITY\SYSTEM","-",wineventlog,"Microsoft-Windows-Sysmon/Operational","vagrant-10","-","-","-","-","-","-","-","-","-","2022-10-24 14:05:07.055","-","-","-","-","-","-","-","-","-","-","-","-","C:\Windows\SysWOW64\crypt.exe","-","-","-","-","-","-","-","-","-","-","-","-","-","-","-","-","-","-","-","-","-","-","-","-","-","-","-","{ef486c7a-9b92-6356-3201-000000001500}",1424,"-","-","-","-","-","-","-","-","-","-",DLL,"-","-","-","-","-","-","-","-","-","-","-","-","-","-","-","-","-","-","-","-","-","-","C:\Windows\Temp\_MEI14242\api-ms-win-crt-filesystem-l1-1-0.dll","-","-","-","-","-","-","-","-","-","-","-","-","-","-","-","NT AUTHORITY\SYSTEM","2022-10-24 14:05:07.055","-","-","-","-","-","-","-","-","-","-","-","-","-","-","-","-","-","-","-","-","-",11,"-",Info,"2,064","3,220","{5770385f-c22a-43e0-bf4c-06f5698ffbd9}","Microsoft-Windows-Sysmon",1818,"File created (rule: FileCreate)","NT AUTHORITY","S-1-5-18",SYSTEM,User,2
"Oct 24, 2022 @ 22:05:07.060","e_JPCoQBQo9Iz8vx2_xz",".ds-winlogbeat-8.4.3-2022.10.17-000001","-","8d24c149-a762-44f9-ba0d-58433a72abc0","vagrant-10","24130491-308c-4270-b613-e4ed7c62ad4a","vagrant-10",winlogbeat,"8.4.3","8.0.0","File created (rule: FileCreate)",11,"Oct 24, 2022 @ 22:05:07.918",event,"<Event xmlns='http://schemas.microsoft.com/win/2004/08/events/event'><System><Provider Name='Microsoft-Windows-Sysmon' Guid='{5770385f-c22a-43e0-bf4c-06f5698ffbd9}'/><EventID>11</EventID><Version>2</Version><Level>4</Level><Task>11</Task><Opcode>0</Opcode><Keywords>0x8000000000000000</Keywords><TimeCreated SystemTime='2022-10-24T14:05:07.0609729Z'/><EventRecordID>1819</EventRecordID><Correlation/><Execution ProcessID='2064' ThreadID='3220'/><Channel>Microsoft-Windows-Sysmon/Operational</Channel><Computer>vagrant-10</Computer><Security UserID='S-1-5-18'/></System><EventData><Data Name='RuleName'>DLL</Data><Data Name='UtcTime'>2022-10-24 14:05:07.055</Data><Data Name='ProcessGuid'>{ef486c7a-9b92-6356-3201-000000001500}</Data><Data Name='ProcessId'>1424</Data><Data Name='Image'>C:\Windows\SysWOW64\crypt.exe</Data><Data Name='TargetFilename'>C:\Windows\Temp\_MEI14242\api-ms-win-crt-heap-l1-1-0.dll</Data><Data Name='CreationUtcTime'>2022-10-24 14:05:07.055</Data><Data Name='User'>NT AUTHORITY\SYSTEM</Data></EventData><RenderingInfo Culture='en-US'><Message>File created:
RuleName: DLL
UtcTime: 2022-10-24 14:05:07.055
ProcessGuid: {ef486c7a-9b92-6356-3201-000000001500}
ProcessId: 1424
Image: C:\Windows\SysWOW64\crypt.exe
TargetFilename: C:\Windows\Temp\_MEI14242\api-ms-win-crt-heap-l1-1-0.dll
CreationUtcTime: 2022-10-24 14:05:07.055
User: NT AUTHORITY\SYSTEM</Message><Level>Information</Level><Task>File created (rule: FileCreate)</Task><Opcode>Info</Opcode><Channel></Channel><Provider></Provider><Keywords></Keywords></RenderingInfo></Event>","-","Microsoft-Windows-Sysmon","x86_64","vagrant-10","ef486c7a-d018-43ce-bc87-fd5ce10088a9","fe80::650c:205f:e854:a4c3, 192.168.103.3","08:00:27:e3:04:fd","vagrant-10","19043.1348",windows,"10.0.19041.1348 (WinBuild.160101.0800)","Windows 10 Enterprise Evaluation","Windows 10 Enterprise Evaluation",windows,windows,"10.0",information,"File created:
RuleName: DLL
UtcTime: 2022-10-24 14:05:07.055
ProcessGuid: {ef486c7a-9b92-6356-3201-000000001500}
ProcessId: 1424
Image: C:\Windows\SysWOW64\crypt.exe
TargetFilename: C:\Windows\Temp\_MEI14242\api-ms-win-crt-heap-l1-1-0.dll
CreationUtcTime: 2022-10-24 14:05:07.055
User: NT AUTHORITY\SYSTEM","-",wineventlog,"Microsoft-Windows-Sysmon/Operational","vagrant-10","-","-","-","-","-","-","-","-","-","2022-10-24 14:05:07.055","-","-","-","-","-","-","-","-","-","-","-","-","C:\Windows\SysWOW64\crypt.exe","-","-","-","-","-","-","-","-","-","-","-","-","-","-","-","-","-","-","-","-","-","-","-","-","-","-","-","{ef486c7a-9b92-6356-3201-000000001500}",1424,"-","-","-","-","-","-","-","-","-","-",DLL,"-","-","-","-","-","-","-","-","-","-","-","-","-","-","-","-","-","-","-","-","-","-","C:\Windows\Temp\_MEI14242\api-ms-win-crt-heap-l1-1-0.dll","-","-","-","-","-","-","-","-","-","-","-","-","-","-","-","NT AUTHORITY\SYSTEM","2022-10-24 14:05:07.055","-","-","-","-","-","-","-","-","-","-","-","-","-","-","-","-","-","-","-","-","-",11,"-",Info,"2,064","3,220","{5770385f-c22a-43e0-bf4c-06f5698ffbd9}","Microsoft-Windows-Sysmon",1819,"File created (rule: FileCreate)","NT AUTHORITY","S-1-5-18",SYSTEM,User,2
"Oct 24, 2022 @ 22:05:07.059","QvJPCoQBQo9Iz8vx2_xj",".ds-winlogbeat-8.4.3-2022.10.17-000001","-","8d24c149-a762-44f9-ba0d-58433a72abc0","vagrant-10","24130491-308c-4270-b613-e4ed7c62ad4a","vagrant-10",winlogbeat,"8.4.3","8.0.0","File created (rule: FileCreate)",11,"Oct 24, 2022 @ 22:05:07.916",event,"<Event xmlns='http://schemas.microsoft.com/win/2004/08/events/event'><System><Provider Name='Microsoft-Windows-Sysmon' Guid='{5770385f-c22a-43e0-bf4c-06f5698ffbd9}'/><EventID>11</EventID><Version>2</Version><Level>4</Level><Task>11</Task><Opcode>0</Opcode><Keywords>0x8000000000000000</Keywords><TimeCreated SystemTime='2022-10-24T14:05:07.0591354Z'/><EventRecordID>1813</EventRecordID><Correlation/><Execution ProcessID='2064' ThreadID='3220'/><Channel>Microsoft-Windows-Sysmon/Operational</Channel><Computer>vagrant-10</Computer><Security UserID='S-1-5-18'/></System><EventData><Data Name='RuleName'>DLL</Data><Data Name='UtcTime'>2022-10-24 14:05:07.055</Data><Data Name='ProcessGuid'>{ef486c7a-9b92-6356-3201-000000001500}</Data><Data Name='ProcessId'>1424</Data><Data Name='Image'>C:\Windows\SysWOW64\crypt.exe</Data><Data Name='TargetFilename'>C:\Windows\Temp\_MEI14242\api-ms-win-core-timezone-l1-1-0.dll</Data><Data Name='CreationUtcTime'>2022-10-24 14:05:07.055</Data><Data Name='User'>NT AUTHORITY\SYSTEM</Data></EventData><RenderingInfo Culture='en-US'><Message>File created:
RuleName: DLL
UtcTime: 2022-10-24 14:05:07.055
ProcessGuid: {ef486c7a-9b92-6356-3201-000000001500}
ProcessId: 1424
Image: C:\Windows\SysWOW64\crypt.exe
TargetFilename: C:\Windows\Temp\_MEI14242\api-ms-win-core-timezone-l1-1-0.dll
CreationUtcTime: 2022-10-24 14:05:07.055
User: NT AUTHORITY\SYSTEM</Message><Level>Information</Level><Task>File created (rule: FileCreate)</Task><Opcode>Info</Opcode><Channel></Channel><Provider></Provider><Keywords></Keywords></RenderingInfo></Event>","-","M