ervice Control Manager","x86_64","vagrant-10","ef486c7a-d018-43ce-bc87-fd5ce10088a9","fe80::650c:205f:e854:a4c3, 192.168.103.3","08:00:27:e3:04:fd","vagrant-10","19043.1348",windows,"10.0.19041.1348 (WinBuild.160101.0800)","Windows 10 Enterprise Evaluation","Windows 10 Enterprise Evaluation",windows,windows,"10.0",information,"A service was installed in the system.

Service Name:  hVZFYJAMsB
Service File Name:  ""C:\Windows\TEMP\ZNuyqd.exe"" ohvXI
Service Type:  user mode service
Service Start Type:  auto start
Service Account:  LocalSystem","-",wineventlog,System,"vagrant-10",LocalSystem,"-","-","-","-","-","-","-","-","-","-","-","-","-","-","-","-","-","-","-","-","-","-","""C:\Windows\TEMP\ZNuyqd.exe"" ohvXI","-","-","-","-","-","-","-","-","-","-","-","-","-","-","-","-","-","-","-","-","-","-","-","-","-","-","-","-","-","-","-","-","-","-","-","-","-","-","-","-","-",hVZFYJAMsB,"user mode service","-","-","-","-","-","-","-","-","-","-","-","-","auto start","-","-","-","-","-","-","-","-","-","-","-","-","-","-","-","-","-","-","-","-","-","-","-","-","-","-","-","-","-","-","-","-","-","-","-","-","-","-","-","-","-","-","-","-",7045,Classic,Info,624,"6,576","{555908d1-a6d7-4695-8e1e-26931d2012f4}","Service Control Manager",1573,None,"NT AUTHORITY","S-1-5-18",SYSTEM,User,"-"
"Oct 24, 2022 @ 22:04:57.338",kvJPCoQBQo9Iz8vxnPve,".ds-winlogbeat-8.4.3-2022.10.17-000001","-","8d24c149-a762-44f9-ba0d-58433a72abc0","vagrant-10","24130491-308c-4270-b613-e4ed7c62ad4a","vagrant-10",winlogbeat,"8.4.3","8.0.0","Process Create (rule: ProcessCreate)",1,"Oct 24, 2022 @ 22:04:58.180",event,"<Event xmlns='http://schemas.microsoft.com/win/2004/08/events/event'><System><Provider Name='Microsoft-Windows-Sysmon' Guid='{5770385f-c22a-43e0-bf4c-06f5698ffbd9}'/><EventID>1</EventID><Version>5</Version><Level>4</Level><Task>1</Task><Opcode>0</Opcode><Keywords>0x8000000000000000</Keywords><TimeCreated SystemTime='2022-10-24T14:04:57.3381749Z'/><EventRecordID>1744</EventRecordID><Correlation/><Execution ProcessID='2064' ThreadID='3220'/><Channel>Microsoft-Windows-Sysmon/Operational</Channel><Computer>vagrant-10</Computer><Security UserID='S-1-5-18'/></System><EventData><Data Name='RuleName'>-</Data><Data Name='UtcTime'>2022-10-24 14:04:57.330</Data><Data Name='ProcessGuid'>{ef486c7a-9b89-6356-2401-000000001500}</Data><Data Name='ProcessId'>3468</Data><Data Name='Image'>C:\Windows\Temp\ZNuyqd.exe</Data><Data Name='FileVersion'>-</Data><Data Name='Description'>-</Data><Data Name='Product'>-</Data><Data Name='Company'>-</Data><Data Name='OriginalFileName'>-</Data><Data Name='CommandLine'>C:\Windows\TEMP\ZNuyqd.exe  ZhWyZWde</Data><Data Name='CurrentDirectory'>C:\Windows\system32\</Data><Data Name='User'>NT AUTHORITY\SYSTEM</Data><Data Name='LogonGuid'>{ef486c7a-f97d-6356-e703-000000000000}</Data><Data Name='LogonId'>0x3e7</Data><Data Name='TerminalSessionId'>0</Data><Data Name='IntegrityLevel'>System</Data><Data Name='Hashes'>MD5=1FC7420322C67EA0278047BEACEC66CA,SHA256=38B831C09191B664140BAE79C8E03E095C692F059A62C2B6A65E339778511A05,IMPHASH=72CAEE80095D7901C5F615BADED3F611</Data><Data Name='ParentProcessGuid'>{ef486c7a-9b89-6356-2201-000000001500}</Data><Data Name='ParentProcessId'>3088</Data><Data Name='ParentImage'>C:\Windows\System32\cmd.exe</Data><Data Name='ParentCommandLine'>cmd.exe /c ""C:\Windows\TEMP\ZNuyqd.exe"" ZhWyZWde</Data><Data Name='ParentUser'>NT AUTHORITY\SYSTEM</Data></EventData><RenderingInfo Culture='en-US'><Message>Process Create:
RuleName: -
UtcTime: 2022-10-24 14:04:57.330
ProcessGuid: {ef486c7a-9b89-6356-2401-000000001500}
ProcessId: 3468
Image: C:\Windows\Temp\ZNuyqd.exe
FileVersion: -
Description: -
Product: -
Company: -
OriginalFileName: -
CommandLine: C:\Windows\TEMP\ZNuyqd.exe  ZhWyZWde
CurrentDirectory: C:\Windows\system32\
User: NT AUTHORITY\SYSTEM
LogonGuid: {ef486c7a-f97d-6356-e703-000000000000}
LogonId: 0x3E7
TerminalSessionId: 0
IntegrityLevel: System
Hashes: MD5=1FC7420322C67EA0278047BEACEC66CA,SHA256=38B831C09191B664140BAE79C8E03E095C692F059A62C2B6A65E339778511A05,IMPHASH=72CAEE80095D7901C5F615BADED3F611
ParentProcessGuid: {ef486c7a-9b89-6356-2201-000000001500}
ParentProcessId: 3088
ParentImage: C:\Windows\System32\cmd.exe
ParentCommandLine: cmd.exe /c ""C:\Windows\TEMP\ZNuyqd.exe"" ZhWyZWde
ParentUser: NT AUTHORITY\SYSTEM</Message><Level>Information</Level><Task>Process Create (rule: ProcessCreate)</Task><Opcode>Info</Opcode><Channel></Channel><Provider></Provider><Keywords></Keywords></RenderingInfo></Event>","-","Microsoft-Windows-Sysmon","x86_64","vagrant-10","ef486c7a-d018-43ce-bc87-fd5ce10088a9","fe80::650c:205f:e854:a4c3, 192.168.103.3","08:00:27:e3:04:fd","vagrant-10","19043.1348",windows,"10.0.19041.1348 (WinBuild.160101.0800)","Windows 10 Enterprise Evaluation","Windows 10 Enterprise Evaluation",windows,windows,"10.0",information,"Process Create:
RuleName: -
UtcTime: 2022-10-24 14:04:57.330
ProcessGuid: {ef486c7a-9b89-6356-2401-000000001500}
ProcessId: 3468
Image: C:\Windows\Temp\ZNuyqd.exe
FileVersion: -
Description: -
Product: -
Company: -
OriginalFileName: -
CommandLine: C:\Windows\TEMP\ZNuyqd.exe  ZhWyZWde
CurrentDirectory: C:\Windows\system32\
User: NT AUTHORITY\SYSTEM
LogonGuid: {ef486c7a-f97d-6356-e703-000000000000}
LogonId: 0x3E7
TerminalSessionId: 0
IntegrityLevel: System
Hashes: MD5=1FC7420322C67EA0278047BEACEC66CA,SHA256=38B831C09191B664140BAE79C8E03E095C692F059A62C2B6A65E339778511A05,IMPHASH=72CAEE80095D7901C5F615BADED3F611
ParentProcessGuid: {ef486c7a-9b89-6356-2201-000000001500}
ParentProcessId: 3088
ParentImage: C:\Windows\System32\cmd.exe
ParentCommandLine: cmd.exe /c ""C:\Windows\TEMP\ZNuyqd.exe"" ZhWyZWde
ParentUser: NT AUTHORITY\SYSTEM","-",wineventlog,"Microsoft-Windows-Sysmon/Operational","vagrant-10","-","-","-","-","-","-","C:\Windows\TEMP\ZNuyqd.exe  ZhWyZWde","-","-","-","C:\Windows\system32\","-","-","-","-","-","-","-","-","-","-","MD5=1FC7420322C67EA0278047BEACEC66CA,SHA256=38B831C09191B664140BAE79C8E03E095C692F059A62C2B6A65E339778511A05,IMPHASH=72CAEE80095D7901C5F615BADED3F611","C:\Windows\Temp\ZNuyqd.exe","-","-","-",System,"-","-","-","-","-","-","-","{ef486c7a-f97d-6356-e703-000000000000}",0x3e7,"-","-","-","-","-","-","-","cmd.exe /c ""C:\Windows\TEMP\ZNuyqd.exe"" ZhWyZWde","C:\Windows\System32\cmd.exe","{ef486c7a-9b89-6356-2201-000000001500}",3088,"NT AUTHORITY\SYSTEM","-","-","{ef486c7a-9b89-6356-2401-000000001500}",3468,"-","-","-","-","-","-","-","-","-","-","-","-","-","-","-","-","-","-","-","-","-","-","-","-","-","-","-","-","-","-","-","-","-","-","-","-","-","-","-","-","-","-","-","-","-","-",0,"-","-","NT AUTHORITY\SYSTEM","2022-10-24 14:04:57.330","-","-","-","-","-","-","-","-","-","-","-","-","-","-","-","-","-","-","-","-","-",1,"-",Info,"2,064","3,220","{5770385f-c22a-43e0-bf4c-06f5698ffbd9}","Microsoft-Windows-Sysmon",1744,"Process Create (rule: ProcessCreate)","NT AUTHORITY","S-1-5-18",SYSTEM,User,5
"Oct 24, 2022 @ 22:04:57.338",nfJPCoQBQo9Iz8vxnPve,".ds-winlogbeat-8.4.3-2022.10.17-000001","-","8d24c149-a762-44f9-ba0d-58433a72abc0","vagrant-10","24130491-308c-4270-b613-e4ed7c62ad4a","vagrant-10",winlogbeat,"8.4.3","8.0.0","Process Create (rule: ProcessCreate)",1,"Oct 24, 2022 @ 22:04:58.182",event,"<Event xmlns='http://schemas.microsoft.com/win/2004/08/events/event'><System><Provider Name='Microsoft-Windows-Sysmon' Guid='{5770385f-c22a-43e0-bf4c-06f5698ffbd9}'/><EventID>1</EventID><Version>5</Version><Level>4</Level><Task>1</Task><Opcode>0</Opcode><Keywords>0x8000000000000000</Keywords><TimeCreated SystemTime='2022-10-24T14:04:57.3381749Z'/><EventRecordID>1744</EventRecordID><Correlation/><Execution ProcessID='2064' ThreadID='3220'/><Channel>Microsoft-Windows-Sysmon/Operational</Channel><Computer>vagrant-10</Computer><Security UserID='S-1-5-18'/></System><EventData><Data Name='RuleName'>-</Data><Data Name='UtcTime'>2022-10-24 14:04:57.330</Data><Data Name='ProcessGuid'>{ef486c7a-9b89-6356-2401-000000001500}</Data><Data Name='ProcessId'>3468</Data><Data Name='Image'>C:\Windows\Temp\ZNuyqd.exe</Data><Data Name='FileVersion'>-</Data><Data Name='Description'>-</Data><Data Name='Product'>-</Data><Data Name='Company'>-</Data><Data Name='OriginalFileName'>-</Data><Data Name='CommandLine'>C:\Windows\TEMP\ZNuyqd.exe  ZhWyZWde</Data><Data Name='CurrentDirectory'>C:\Windows\system32\</Data><Data Name='User'>NT AUTHORITY\SYSTEM</Data><Data Name='LogonGuid'>{ef486c7a-f97d-6356-e703-000000000000}</Data><Data Name='LogonId'>0x3e7</Data><Data Name='TerminalSessionId'>0</Data><Data Name='IntegrityLevel'>System</Data><Data Name='Hashes'>MD5=1FC7420322C67EA0278047BEACEC66CA,SHA256=38B831C09191B664140BAE79C8E03E095C692F059A62C2B6A65E339778511A05,IMPHASH=72CAEE80095D7901C5F615BADED3F611</Data><Data Name='ParentProcessGuid'>{ef486c7a-9b89-6356-2201-000000001500}</Data><Data Name='ParentProcessId'>3088</Data><Data Name='ParentImage'>C:\Windows\System32\cmd.exe</Data><Data Name='ParentCommandLine'>cmd.exe /c ""C:\Windows\TEMP\ZNuyqd.exe"" ZhWyZWde</Data><Data Name='ParentUser'>NT AUTHORITY\SYSTEM</Data></EventData><RenderingInfo Culture='en-US'><Message>Process Create:
RuleName: -
UtcTime: 2022-10-24 14:04:57.330
ProcessGuid: {ef486c7a-9b89-6356-2401-000000001500}
ProcessId: 3468
Image: C:\Windows\Temp\ZNuyqd.exe
FileVersion: -
Description: -
Product: -
Company: -
OriginalFileName: -
CommandLine: C:\Windows\TEMP\ZNuyqd.exe  ZhWyZWde
CurrentDirectory: C:\Windows\system32\
User: NT AUTHORITY\SYSTEM
LogonGuid: {ef486c7a-f97d-6356-e703-000000000000}
LogonId: 0x3E7
TerminalSessionId: 0
IntegrityLevel: System
Hashes: MD5=1FC7420322C67EA0278047BEACEC66CA,SHA256=38B831C09191B664140BAE79C8E03E095C692F059A62C2B6A65E339778511A05,IMPHASH=72CAEE80095D7901C5F615BADED3F611
ParentProcessGuid: {ef486c7a-9b89-6356-2201-000000001500}
ParentProcessId: 3088
ParentImage: C:\Windows\System32\cmd.exe
ParentCommandLine: cmd.exe /c ""C:\Windows\TEMP\ZNuyqd.exe"" ZhWyZWde
ParentUser: NT AUTHORITY\SYSTEM</Message><Level>Information</Level><Task>Process Create (rule: ProcessCreate)</Task><Opcode>Info</Opcode><Channel></Channel><Provider></Provider><Keywords></Keywords></RenderingInfo></Event>","-","Microsoft-Windows-Sysmon","x86_64","vagrant-10","ef486c7a-d018-43ce-bc87-fd5ce10088a9","fe80::650c:205f:e854:a4c3, 192.168.103.3","08:00:27:e3:04:fd","vagrant-10","19043.1348",windows,"10.0.19041.1348 (WinBuild.160101.0800)","Windows 10 Enterprise Evaluation","Windows 10 Enterprise Evaluation",windows,windows,"10.0",information,"Process Create:
RuleName: -
UtcTime: 2022-10-24 14:04:57.330
ProcessGuid: {ef486c7a-9b89-6356-2401-000000001500}
ProcessId: 3468
Image: C:\Windows\Temp\ZNuyqd.exe
FileVersion: -
Description: -
Product: -
Company: -
OriginalFileName: -
CommandLine: C:\Windows\TEMP\ZNuyqd.exe  ZhWyZWde
CurrentDirectory: C:\Windows\system32\
User: NT AUTHORITY\SYSTEM
LogonGuid: {ef486c7a-f97d-6356-e703-000000000000}
LogonId: 0x3E7
TerminalSessionId: 0
IntegrityLevel: System
Hashes: MD5=1FC7420322C67EA0278047BEACEC66CA,SHA256=38B831C09191B664140BAE79C8E03E095C692F059A62C2B6A65E339778511A05,IMPHASH=72CAEE80095D7901C5F615BADED3F611
ParentProcessGuid: {ef486c7a-9b89-6356-2201-000000001500}
ParentProcessId: 3088
ParentImage: C:\Windows\System32\cmd.exe
ParentCommandLine: cmd.exe /c ""C:\Windows\TEMP\ZNuyqd.exe"" ZhWyZWde
ParentUser: NT AUTHORITY\SYSTEM","-",wineventlog,"Microsoft-Windows-Sysmon/Operational","vagrant-10","-","-","-","-","-","-","C:\Windows\TEMP\ZNuyqd.exe  ZhWyZWde","-","-","-","C:\Windows\system32\","-","-","-","-","-","-","-","-","-","-","MD5=1FC7420322C67EA0278047BEACEC66CA,SHA256=38B831C09191B664140BAE79C8E03E095C692F059A62C2B6A65E339778511A05,IMPHASH=72CAEE80095D7901C5F615BADED3F611","C:\Windows\Temp\ZNuyqd.exe","-","-","-",System,"-","-","-","-","-","-","-","{ef486c7a-f97d-6356-e703-000000000000}",0x3e7,"-","-","-","-","-","-","-","cmd.exe /c ""C:\Windows\TEMP\ZNuyqd.exe"" ZhWyZWde","C:\Windows\System32\cmd.exe","{ef486c7a-9b89-6356-2201-000000001500}",3088,"NT AUTHORITY\SYSTEM","-","-","{ef486c7a-9b89-6356-2401-000000001500}",3468,"-","-","-","-","-","-","-","-","-","-","-","-","-","-","-","-","-","-","-","-","-","-","-","-","-","-","-","-","-","-","-","-","-","-","-","-","-","-","-","-","-","-","-","-","-","-",0,"-","-","NT AUTHORITY\SYSTEM","2022-10-24 14:04:57.330","-","-","-","-","-","-","-","-","-","-","-","-","-","-","-","-","-","-","-","-","-",1,"-",Info,"2,064","3,220","{5770385f-c22a-43e0-bf4c-06f5698ffbd9}","Microsoft-Windows-Sysmon",1744,"Process Create (rule: ProcessCreate)","NT AUTHORITY","S-1-5-18",SYSTEM,User,5
"Oct 24, 2022 @ 22:04:57.316",kfJPCoQBQo9Iz8vxnPve,".ds-winlogbeat-8.4.3-2022.10.17-000001","-","8d24c149-a762-44f9-ba0d-58433a72abc0","vagrant-10","24130491-308c-4270-b613-e4ed7c62ad4a","vagrant-10",winlogbeat,"8.4.3","8.0.0","Process Create (rule: ProcessCreate)",1,"Oct 24, 2022 @ 22:04:58.180",event,"<Event xmlns='http://schemas.microsoft.com/win/2004/08/events/event'><System><Provider Name='Microsoft-Windows-Sysmon' Guid='{5770385f-c22a-43e0-bf4c-06f5698ffbd9}'/><EventID>1</EventID><Version>5</Version><Level>4</Level><Task>1</Task><Opcode>0</Opcode><Keywords>0x8000000000000000</Keywords><TimeCreated SystemTime='2022-10-24T14:04:57.3161049Z'/><EventRecordID>1743</EventRecordID><Correlation/><Execution ProcessID='2064' ThreadID='3220'/><Channel>Microsoft-Windows-Sysmon/Operational</Channel><Computer>vagrant-10</Computer><Security UserID='S-1-5-18'/></System><EventData><Data Name='RuleName'>-</Data><Data Name='UtcTime'>2022-10-24 14:04:57.315</Data><Data Name='ProcessGuid'>{ef486c7a-9b89-6356-2201-000000001500}</Data><Data Name='ProcessId'>3088</Data><Data Name='Image'>C:\Windows\System32\cmd.exe</Data><Data Name='FileVersion'>10.0.19041.746 (WinBuild.160101.0800)</Data><Data Name='Description'>Windows Command Processor</Data><Data Name='Product'>Microsoft Windows Operating System</Data><Data Name='Company'>Microsoft Corporation</Data><Data Name='OriginalFileName'>Cmd.Exe</Data><Data Name='CommandLine'>cmd.exe /c ""C:\Windows\TEMP\ZNuyqd.exe"" ZhWyZWde</Data><Data Name='CurrentDirectory'>C:\Windows\system32\</Data><Data Name='User'>NT AUTHORITY\SYSTEM</Data><Data Name='LogonGuid'>{ef486c7a-f97d-6356-e703-000000000000}</Data><Data Name='LogonId'>0x3e7</Data><Data Name='TerminalSessionId'>0</Data><Data Name='IntegrityLevel'>System</Data><Data Name='Hashes'>MD5=8A2122E8162DBEF04694B9C3E0B6CDEE,SHA256=B99D61D874728EDC0918CA0EB10EAB93D381E7367E377406E65963366C874450,IMPHASH=272245E2988E1E430500B852C4FB5E18</Data><Data Name='ParentProcessGuid'>{ef486c7a-9b84-6356-1501-000000001500}</Data><Data Name='ParentProcessId'>3124</Data><Data Name='ParentImage'>C:\Windows\System32\rundll32.exe</Data><Data Name='ParentCommandLine'>rundll32</Data><Data Name='ParentUser'>NT AUTHORITY\SYSTEM</Data></EventData><RenderingInfo Culture='en-US'><Message>Process Create:
RuleName: -
UtcTime: 2022-10-24 14:04:57.315
ProcessGuid: {ef486c7a-9b89-6356-2201-000000001500}
ProcessId: 3088
Image: C:\Windows\System32\cmd.exe
FileVersion: 10.0.19041.746 (WinBuild.160101.0800)
Description: Windows Command Processor
Product: Microsoft Windows Operating System
Company: Microsoft Corporation
OriginalFileName: Cmd.Exe
CommandLine: cmd.exe /c ""C:\Windows\TEMP\ZNuyqd.exe"" ZhWyZWde
CurrentDirectory: C:\Windows\system32\
User: NT AUTHORITY\SYSTEM
LogonGuid: {ef486c7a-f97d-6356-e703-000000000000}
LogonId: 0x3E7
TerminalSessionId: 0
IntegrityLevel: System
Hashes: MD5=8A2122E8162DBEF04694B9C3E0B6CDEE,SHA256=B99D61D874728EDC0918CA0EB10EAB93D381E7367E377406E65963366C874450,IMPHASH=272245E2988E1E430500B852C4FB5E18
ParentProcessGuid: {ef486c7a-9b84-6356-1501-000000001500}
ParentProcessId: 3124
ParentImage: C:\Windows\System32\rundll32.exe
ParentCommandLine: rundll32
ParentUser: NT AUTHORITY\SYSTEM</Message><Level>Information</Level><Task>Process Create (rule: ProcessCreate)</Task><Opcode>Info</Opcode><Channel></Channel><Provider></Provider><Keywords></Keywords></RenderingInfo></Event>","-","Microsoft-Windows-Sysmon","x86_64","vagrant-10","ef486c7a-d018-43ce-bc87-fd5ce10088a9","fe80::650c:205f:e854:a4c3, 192.168.103.3","08:00:27:e3:04:fd","vagrant-10","19043.1348",windows,"10.0.19041.1348 (WinBuild.160101.0800)","Windows 10 Enterprise Evaluation","Windows 10 Enterprise Evaluation",windows,windows,"10.0",information,"Process Create:
RuleName: -
UtcTime: 2022-10-24 14:04:57.315
ProcessGuid: {ef486c7a-9b89-6356-2201-000000001500}
ProcessId: 3088
Image: C:\Windows\System32\cmd.exe
FileVersion: 10.0.19041.746 (WinBuild.160101.0800)
Description: Windows Command Processor
Product: Microsoft Windows Operating System
Company: Microsoft Corporation
OriginalFileName: Cmd.Exe
CommandLine: cmd.exe /c ""C:\Windows\TEMP\ZNuyqd.exe"" ZhWyZWde
CurrentDirectory: C:\Windows\system32\
User: NT AUTHORITY\SYSTEM
LogonGuid: {ef486c7a-f97d-6356-e703-000000000000}
LogonId: 0x3E7
TerminalSessionId: 0
IntegrityLevel: System
Hashes: MD5=8A2122E8162DBEF04694B9C3E0B6CDEE,SHA256=B99D61D874728EDC0918CA0EB10EAB93D381E7367E377406E65963366C874450,IMPHASH=272245E2988E1E430500B852C4FB5E18
ParentProcessGuid: {ef486c7a-9b84-6356-1501-000000001500}
ParentProcessId: 3124
ParentImage: C:\Windows\System32\rundll32.exe
ParentCommandLine: rundll32
ParentUser: NT AUTHORITY\SYSTEM","-",wineventlog,"Microsoft-Windows-Sysmon/Operational","vagrant-10","-","-","-","-","-","-","cmd.exe /c ""C:\Windows\TEMP\ZNuyqd.exe"" ZhWyZWde","Microsoft Corporation","-","-","C:\Windows\system32\","Windows Command Processor","-","-","-","-","-","-","-","-","10.0.19041.746 (WinBuild.160101.0800)","MD5=8A2122E8162DBEF04694B9C3E0B6CDEE,SHA256=B99D61D874728EDC0918CA0EB10EAB93D381E7367E377406E65963366C874450,IMPHASH=272245E2988E1E430500B852C4FB5E18","C:\Windows\System32\cmd.exe","-","-","-",System,"-","-","-","-","-","-","-","{ef486c7a-f97d-6356-e703-000000000000}",0x3e7,"-","-","-","-","-","-","Cmd.Exe",rundll32,"C:\Windows\System32\rundll32.exe","{ef486c7a-9b84-6356-1501-000000001500}",3124,"NT AUTHORITY\SYSTEM","-","-","{ef486c7a-9b89-6356-2201-000000001500}",3088,"-","Microsoft Windows Operating System","-","-","-","-","-","-","-","-","-","-","-","-","-","-","-","-","-","-","-","-","-","-","-","-","-","-","-","-","-","-","-","-","-","-","-","-","-","-","-","-","-","-","-","-",0,"-","-","NT AUTHORITY\SYSTEM","2022-10-24 14:04:57.315","-","-","-","-","-","-","-","-","-","-","-","-","-","-","-","-","-","-","-","-","-",1,"-",Info,"2,064","3,220","{5770385f-c22a-43e0-bf4c-06f5698ffbd9}","Microsoft-Windows-Sysmon",1743,"Process Create (rule: ProcessCreate)","NT AUTHORITY","S-1-5-18",SYSTEM,User,5
"Oct 24, 2022 @ 22:04:57.316",nPJPCoQBQo9Iz8vxnPve,".ds-winlogbeat-8.4.3-2022.10.17-000001","-","8d24c149-a762-44f9-ba0d-58433a72abc0","vagrant-10","24130491-308c-4270-b613-e4ed7c62ad4a","vagrant-10",winlogbeat,"8.4.3","8.0.0","Process Create (rule: ProcessCreate)",1,"Oct 24, 2022 @ 22:04:58.182",event,"<Event xmlns='http://schemas.microsoft.com/win/2004/08/events/event'><System><Provider Name='Microsoft-Windows-Sysmon' Guid='{5770385f-c22a-43e0-bf4c-06f5698ffbd9}'/><EventID>1</EventID><Version>5</Version><Level>4</Level><Task>1</Task><Opcode>0</Opcode><Keywords>0x8000000000000000</Keywords><TimeCreated SystemTime='2022-10-24T14:04:57.3161049Z'/><EventRecordID>1743</EventRecordID><Correlation/><Execution ProcessID='2064' ThreadID='3220'/><Channel>Microsoft-Windows-Sysmon/Operational</Channel><Computer>vagrant-10</Computer><Security UserID='S-1-5-18'/></System><EventData><Data Name='RuleName'>-</Data><Data Name='UtcTime'>2022-10-24 14:04:57.315</Data><Data Name='ProcessGuid'>{ef486c7a-9b89-6356-2201-000000001500}</Data><Data Name='ProcessId'>3088</Data><Data Name='Image'>C:\Windows\System32\cmd.exe</Data><Data Name='FileVersion'>10.0.19041.746 (WinBuild.160101.0800)</Data><Data Name='Description'>Windows Command Processor</Data><Data Name='Product'>Microsoft Windows Operating System</Data><Data Name='Company'>Microsoft Corporation</Data><Data Name='OriginalFileName'>Cmd.Exe</Data><Data Name='CommandLine'>cmd.exe /c ""C:\Windows\TEMP\ZNuyqd.exe"" ZhWyZWde</Data><Data Name='CurrentDirectory'>C:\Windows\system32\</Data><Data Name='User'>NT AUTHORITY\SYSTEM</Data><Data Name='LogonGuid'>{ef486c7a-f97d-6356-e703-000000000000}</Data><Data Name='LogonId'>0x3e7</Data><Data Name='TerminalSessionId'>0</Data><Data Name='IntegrityLevel'>System</Data><Data Name='Hashes'>MD5=8A2122E8162DBEF04694B9C3E0B6CDEE,SHA256=B99D61D874728EDC0918CA0EB10EAB93D381E7367E377406E65963366C874450,IMPHASH=272245E2988E1E430500B852C4FB5E18</Data><Data Name='ParentProcessGuid'>{ef486c7a-9b84-6356-1501-000000001500}</Data><Data Name='ParentProcessId'>3124</Data><Data Name='ParentImage'>C:\Windows\System32\rundll32.exe</Data><Data Name='ParentCommandLine'>rundll32</Data><Data Name='ParentUser'>NT AUTHORITY\SYSTEM</Data></EventData><RenderingInfo Culture='en-US'><Message>Process Create:
RuleName: -
UtcTime: 2022-10-24 14:04:57.315
ProcessGuid: {ef486c7a-9b89-6356-2201-000000001500}
ProcessId: 3088
Image: C:\Windows\System32\cmd.exe
FileVersion: 10.0.19041.746 (WinBuild.160101.0800)
Description: Windows Command Processor
Product: Microsoft Windows Operating System
Company: Microsoft Corporation
OriginalFileName: Cmd.Exe
CommandLine: cmd.exe /c ""C:\Windows\TEMP\ZNuyqd.exe"" ZhWyZWde
CurrentDirectory: C:\Windows\system32\
User: NT AUTHORITY\SYSTEM
LogonGuid: {ef486c7a-f97d-6356-e703-000000000000}
LogonId: 0x3E7
TerminalSessionId: 0
IntegrityLevel: System
Hashes: MD5=8A2122E8162DBEF04694B9C3E0B6CDEE,SHA256=B99D61D874728EDC0918CA0EB10EAB93D381E7367E377406E65963366C874450,IMPHASH=272245E2988E1E430500B852C4FB5E18
ParentProcessGuid: {ef486c7a-9b84-6356-1501-000000001500}
ParentProcessId: 3124
ParentImage: C:\Windows\System32\rundll32.exe
ParentCommandLine: rundll32
ParentUser: NT AUTHORITY\SYSTEM</Message><Level>Information</Level><Task>Process Create (rule: ProcessCreate)</Task><Opcode>Info</Opcode><Channel></Channel><Provider></Provider><Keywords></Keywords></RenderingInfo></Event>","-","Microsoft-Windows-Sysmon","x86_64","vagrant-10","ef486c7a-d018-43ce-bc87-fd5ce10088a9","fe80::650c:205f:e854:a4c3, 192.168.103.3","08:00:27:e3:04:fd","vagrant-10","19043.1348",windows,"10.0.19041.1348 (WinBuild.160101.0800)","Windows 10 Enterprise Evaluation","Windows 10 Enterprise Evaluation",windows,windows,"10.0",information,"Process Create:
RuleName: -
UtcTime: 2022-10-24 14:04:57.315
ProcessGuid: {ef486c7a-9b89-6356-2201-000000001500}
ProcessId: 3088
Image: C:\Windows\System32\cmd.exe
FileVersion: 10.0.19041.746 (WinBuild.160101.0800)
Description: Windows Command Processor
Product: Microsoft Windows Operating System
Company: Microsoft Corporation
OriginalFileName: Cmd.Exe
CommandLine: cmd.exe /c ""C:\Windows\TEMP\ZNuyqd.exe"" ZhWyZWde
CurrentDirectory: C:\Windows\system32\
User: NT AUTHORITY\SYSTEM
LogonGuid: {ef486c7a-f97d-6356-e703-000000000000}
LogonId: 0x3E7
TerminalSessionId: 0
IntegrityLevel: System
Hashes: MD5=8A2122E8162DBEF04694B9C3E0B6CDEE,SHA256=B99D61D874728EDC0918CA0EB10EAB93D381E7367E377406E65963366C874450,IMPHASH=272245E2988E1E430500B852C4FB5E18
ParentProcessGuid: {ef486c7a-9b84-6356-1501-000000001500}
ParentProcessId: 3124
ParentImage: C:\Windows\System32\rundll32.exe
ParentCommandLine: rundll32
ParentUser: NT AUTHORITY\SYSTEM","-",wineventlog,"Microsoft-Windows-Sysmon/Operational","vagrant-10","-","-","-","-","-","-","cmd.exe /c ""C:\Windows\TEMP\ZNuyqd.exe"" ZhWyZWde","Microsoft Corporation","-","-","C:\Windows\system32\","Windows Command Processor","-","-","-","-","-","-","-","-","10.0.19041.746 (WinBuild.160101.0800)","MD5=8A2122E8162DBEF04694B9C3E0B6CDEE,SHA256=B99D61D874728EDC0918CA0EB10EAB93D381E7367E377406E65963366C874450,IMPHASH=272245E2988E1E430500B852C4FB5E18","C:\Windows\System32\cmd.exe","-","-","-",System,"-","-","-","-","-","-","-","{ef486c7a-f97d-6356-e703-000000000000}",0x3e7,"-","-","-","-","-","-","Cmd.Exe",rundll32,"C:\Windows\System32\rundll32.exe","{ef486c7a-9b84-6356-1501-000000001500}",3124,"NT AUTHORITY\SYSTEM","-","-","{ef486c7a-9b89-6356-2201-000000001500}",3088,"-","Microsoft Windows Operating System","-","-","-","-","-","-","-","-","-","-","-","-","-","-","-","-","-","-","-","-","-","-","-","-","-","-","-","-","-","-","-","-","-","-","-","-","-","-","-","-","-","-","-","-",0,"-","-","NT AUTHORITY\SYSTEM","2022-10-24 14:04:57.315","-","-","-","-","-","-","-","-","-","-","-","-","-","-","-","-","-","-","-","-","-",1,"-",Info,"2,064","3,220","{5770385f-c22a-43e0-bf4c-06f5698ffbd9}","Microsoft-Windows-Sysmon",1743,"Process Create (rule: ProcessCreate)","NT AUTHORITY","S-1-5-18",SYSTEM,User,5
"Oct 24, 2022 @ 22:04:57.234",kPJPCoQBQo9Iz8vxnPve,".ds-winlogbeat-8.4.3-2022.10.17-000001","-","8d24c149-a762-44f9-ba0d-58433a72abc0","vagrant-10","24130491-308c-4270-b613-e4ed7c62ad4a","vagrant-10",winlogbeat,"8.4.3","8.0.0","Registry value set (rule: RegistryEvent)",13,"Oct 24, 2022 @ 22:04:58.180",event,"<Event xmlns='http://schemas.microsoft.com/win/2004/08/events/event'><System><Provider Name='Microsoft-Windows-Sysmon' Guid='{5770385f-c22a-43e0-bf4c-06f5698ffbd9}'/><EventID>13</EventID><Version>2</Version><Level>4</Level><Task>13</Task><Opcode>0</Opcode><Keywords>0x8000000000000000</Keywords><TimeCreated SystemTime='2022-10-24T14:04:57.2342081Z'/><EventRecordID>1742</EventRecordID><Correlation/><Execution ProcessID='2064' ThreadID='3220'/><Channel>Microsoft-Windows-Sysmon/Operational</Channel><Computer>vagrant-10</Computer><Security UserID='S-1-5-18'/></System><EventData><Data Name='RuleName'>InvDB-Pub</Data><Data Name='EventType'>SetValue</Data><Data Name='UtcTime'>2022-10-24 14:04:57.232</Data><Data Name='ProcessGuid'>{ef486c7a-9b62-6356-f300-000000001500}</Data><Data Name='ProcessId'>6784</Data><Data Name='Image'>C:\Windows\system32\CompatTelRunner.exe</Data><Data Name='TargetObject'>\REGISTRY\A\{1bfaa340-1a26-c87c-113a-f26ea2f93fbc}\Root\InventoryApplication\0000a66bbc38946d49abdd8be9f917bea99300000904\Publisher</Data><Data Name='Details'>CN=Microsoft Windows, O=Microsoft Corporation, L=Redmond, S=Washington, C=US</Data><Data Name='User'>NT AUTHORITY\SYSTEM</Data></EventData><RenderingInfo Culture='en-US'><Message>Registry value set:
RuleName: InvDB-Pub
EventType: SetValue
UtcTime: 2022-10-24 14:04:57.232
ProcessGuid: {ef486c7a-9b62-6356-f300-000000001500}
ProcessId: 6784
Image: C:\Windows\system32\CompatTelRunner.exe
TargetObject: \REGISTRY\A\{1bfaa340-1a26-c87c-113a-f26ea2f93fbc}\Root\InventoryApplication\0000a66bbc38946d49abdd8be9f917bea99300000904\Publisher
Details: CN=Microsoft Windows, O=Microsoft Corporation, L=Redmond, S=Washington, C=US
User: NT AUTHORITY\SYSTEM</Message><Level>Information</Level><Task>Registry value set (rule: RegistryEvent)</Task><Opcode>Info</Opcode><Channel></Channel><Provider></Provider><Keywords></Keywords></RenderingInfo></Event>","-","Microsoft-Windows-Sysmon","x86_64","vagrant-10","ef486c7a-d018-43ce-bc87-fd5ce10088a9","fe80::650c:205f:e854:a4c3, 192.168.103.3","08:00:27:e3:04:fd","vagrant-10","19043.1348",windows,"10.0.19041.1348 (WinBuild.160101.0800)","Windows 10 Enterprise Evaluation","Windows 10 Enterprise Evaluation",windows,windows,"10.0",information,"Registry value set:
RuleName: InvDB-Pub
EventType: SetValue
UtcTime: 2022-10-24 14:04:57.232
ProcessGuid: {ef486c7a-9b62-6356-f300-000000001500}
ProcessId: 6784
Image: C:\Windows\system32\CompatTelRunner.exe
TargetObject: \REGISTRY\A\{1bfaa340-1a26-c87c-113a-f26ea2f93fbc}\Root\InventoryApplication\0000a66bbc38946d49abdd8be9f917bea99300000904\Publisher
Details: CN=Microsoft Windows, O=Microsoft Corporation, L=Redmond, S=Washington, C=US
User: NT AUTHORITY\SYSTEM","-",wineventlog,"Microsoft-Windows-Sysmon/Operational","vagrant-10","-","-","-","-","-","-","-","-","-","-","-","-","-","-","-","-","-","CN=Microsoft Windows, O=Microsoft Corporation, L=Redmond, S=Washington, C=US","-",SetValue,"-","-","C:\Windows\system32\CompatTelRunner.exe","-","-","-","-","-","-","-","-","-","-","-","-","-","-","-","-","-","-","-","-","-","-","-","-","-","-","-","{ef486c7a-9b62-6356-f300-000000001500}",6784,"-","-","-","-","-","-","-","-","-","-","InvDB-Pub","-","-","-","-","-","-","-","-","-","-","-","-","-","-","-","-","-","-","-","-","-","-","-","-","-","-","-","\REGISTRY\A\{1bfaa340-1a26-c87c-113a-f26ea2f93fbc}\Root\InventoryApplication\0000a66bbc38946d49abdd8be9f917bea99300000904\Publisher","-","-","-","-","-","-","-","-","-","-","NT AUTHORITY\SYSTEM","2022-10-24 14:04:57.232","-","-","-","-","-","-","-","-","-","-","-","-","-","-","-","-","-","-","-","-","-",13,"-",Info,"2,064","3,220","{5770385f-c22a-43e0-bf4c-06f5698ffbd9}","Microsoft-Windows-Sysmon",1742,"Registry value set (rule: RegistryEvent)","NT AUTHORITY","S-1-5-18",SYSTEM,User,2
"Oct 24, 2022 @ 22:04:57.234","m_JPCoQBQo9Iz8vxnPve",".ds-winlogbeat-8.4.3-2022.10.17-000001","-","8d24c149-a762-44f9-ba0d-58433a72abc0","vagrant-10","24130491-308c-4270-b613-e4ed7c62ad4a","vagrant-10",winlogbeat,"8.4.3","8.0.0","Registry value set (rule: RegistryEvent)",13,"Oct 24, 2022 @ 22:04:58.182",event,"<Event xmlns='http://schemas.microsoft.com/win/2004/08/events/event'><System><Provider Name='Microsoft-Windows-Sysmon' Guid='{5770385f-c22a-43e0-bf4c-06f5698ffbd9}'/><EventID>13</EventID><Version>2</Version><Level>4</Level><Task>13</Task><Opcode>0</Opcode><Keywords>0x8000000000000000</Keywords><TimeCreated SystemTime='2022-10-24T14:04:57.2342081Z'/><EventRecordID>1742</EventRecordID><Correlation/><Execution ProcessID='2064' ThreadID='3220'/><Channel>Microsoft-Windows-Sysmon/Operational</Channel><Computer>vagrant-10</Computer><Security UserID='S-1-5-18'/></System><EventData><Data Name='RuleName'>InvDB-Pub</Data><Data Name='EventType'>SetValue</Data><Data Name='UtcTime'>2022-10-24 14:04:57.232</Data><Data Name='ProcessGuid'>{ef486c7a-9b62-6356-f300-000000001500}</Data><Data Name='ProcessId'>6784</Data><Data Name='Image'>C:\Windows\system32\CompatTelRunner.exe</Data><Data Name='TargetObject'>\REGISTRY\A\{1bfaa340-1a26-c87c-113a-f26ea2f93fbc}\Root\InventoryApplication\0000a66bbc38946d49abdd8be9f917bea99300000904\Publisher</Data><Data Name='Details'>CN=Microsoft Windows, O=Microsoft Corporation, L=Redmond, S=Washington, C=US</Data><Data Name='User'>NT AUTHORITY\SYSTEM</Data></EventData><RenderingInfo Culture='en-US'><Message>Registry value set:
RuleName: InvDB-Pub
EventType: SetValue
UtcTime: 2022-10-24 14:04:57.232
ProcessGuid: {ef486c7a-9b62-6356-f300-000000001500}
ProcessId: 6784
Image: C:\Windows\system32\CompatTelRunner.exe
TargetObject: \REGISTRY\A\{1bfaa340-1a26-c87c-113a-f26ea2f93fbc}\Root\InventoryApplication\0000a66bbc38946d49abdd8be9f917bea99300000904\Publisher
Details: CN=Microsoft Windows, O=Microsoft Corporation, L=Redmond, S=Washington, C=US
User: NT AUTHORITY\SYSTEM</Message><Level>Information</Level><Task>Registry value set (rule: RegistryEvent)</Task><Opcode>Info</Opcode><Channel></Channel><Provider></Provider><Keywords></Keywords></RenderingInfo></Event>","-","Microsoft-Windows-Sysmon","x86_64","vagrant-10","ef486c7a-d018-43ce-bc87-fd5ce10088a9","fe80::650c:205f:e854:a4c3, 192.168.103.3","08:00:27:e3:04:fd","vagrant-10","19043.1348",windows,"10.0.19041.1348 (WinBuild.160101.0800)","Windows 10 Enterprise Evaluation","Windows 10 Enterprise Evaluation",windows,windows,"10.0",information,"Registry value set:
RuleName: InvDB-Pub
EventType: SetValue
UtcTime: 2022-10-24 14:04:57.232
ProcessGuid: {ef486c7a-9b62-6356-f300-000000001500}
ProcessId: 6784
Image: C:\Windows\system32\CompatTelRunner.exe
TargetObject: \REGISTRY\A\{1bfaa340-1a26-c87c-113a-f26ea2f93fbc}\Root\InventoryApplication\0000a66bbc38946d49abdd8be9f917bea99300000904\Publisher
Details: CN=Microsoft Windows, O=Microsoft Corporation, L=Redmond, S=Washington, C=US
User: NT AUTHORITY\SYSTEM","-",wineventlog,"Microsoft-Windows-Sysmon/Operational","vagrant-10","-","-","-","-","-","-","-","-","-","-","-","-","-","-","-","-","-","CN=Microsoft Windows, O=Microsoft Corporation, L=Redmond, S=Washington, C=US","-",SetValue,"-","-","C:\Windows\system32\CompatTelRunner.exe","-","-","-","-","-","-","-","-","-","-","-","-","-","-","-","-","-","-","-","-","-","-","-","-","-","-","-","{ef486c7a-9b62-6356-f300-000000001500}",6784,"-","-","-","-","-","-","-","-","-","-","InvDB-Pub","-","-","-","-","-","-","-","-","-","-","-","-","-","-","-","-","-","-","-","-","-","-","-","-","-","-","-","\REGISTRY\A\{1bfaa340-1a26-c87c-113a-f26ea2f93fbc}\Root\InventoryApplication\0000a66bbc38946d49abdd8be9f917bea99300000904\Publisher","-","-","-","-","-","-","-","-","-","-","NT AUTHORITY\SYSTEM","2022-10-24 14:04:57.232","-","-","-","-","-","-","-","-","-","-","-","-","-","-","-","-","-","-","-","-","-",13,"-",Info,"2,064","3,220","{5770385f-c22a-43e0-bf4c-06f5698ffbd9}","Microsoft-Windows-Sysmon",1742,"Registry value set (rule: RegistryEvent)","NT AUTHORITY","S-1-5-18",SYSTEM,User,2
"Oct 24, 2022 @ 22:04:57.216","j_JPCoQBQo9Iz8vxnPve",".ds-winlogbeat-8.4.3-2022.10.17-000001","-","8d24c149-a762-44f9-ba0d-58433a72abc0","vagrant-10","24130491-308c-4270-b613-e4ed7c62ad4a","vagrant-10",winlogbeat,"8.4.3","8.0.0","File created (rule: FileCreate)",11,"Oct 24, 2022 @ 22:04:58.180",event,"<Event xmlns='http://schemas.microsoft.com/win/2004/08/events/event'><System><Provider Name='Microsoft-Windows-Sysmon' Guid='{5770385f-c22a-43e0-bf4c-06f5698ffbd9}'/><EventID>11</EventID><Version>2</Version><Level>4</Level><Task>11</Task><Opcode>0</Opcode><Keywords>0x8000000000000000</Keywords><TimeCreated SystemTime='2022-10-24T14:04:57.2166309Z'/><EventRecordID>1741</EventRecordID><Correlation/><Execution ProcessID='2064' ThreadID='3220'/><Channel>Microsoft-Windows-Sysmon/Operational</Channel><Computer>vagrant-10</Computer><Security UserID='S-1-5-18'/></System><EventData><Data Name='RuleName'>EXE</Data><Data Name='UtcTime'>2022-10-24 14:04:57.214</Data><Data Name='ProcessGuid'>{ef486c7a-9b84-6356-1501-000000001500}</Data><Data Name='ProcessId'>3124</Data><Data Name='Image'>C:\Windows\System32\rundll32.exe</Data><Data Name='TargetFilename'>C:\Windows\Temp\ZNuyqd.exe</Data><Data Name='CreationUtcTime'>2022-10-24 14:04:57.214</Data><Data Name='User'>NT AUTHORITY\SYSTEM</Data></EventData><RenderingInfo Culture='en-US'><Message>File created:
RuleName: EXE
UtcTime: 2022-10-24 14:04:57.214
ProcessGuid: {ef486c7a-9b84-6356-1501-000000001500}
ProcessId: 3124
Image: C:\Windows\System32\rundll32.exe
TargetFilename: C:\Windows\Temp\ZNuyqd.exe
CreationUtcTime: 2022-10-24 14:04:57.214
User: NT AUTHORITY\SYSTEM</Message><Level>Information</Level><Task>File created (rule: FileCreate)</Task><Opcode>Info</Opcode><Channel></Channel><Provider></Provider><Keywords></Keywords></RenderingInfo></Event>","-","Microsoft-Windows-Sysmon","x86_64","vagrant-10","ef486c7a-d018-43ce-bc87-fd5ce10088a9","fe80::650c:205f:e854:a4c3, 192.168.103.3","08:00:27:e3:04:fd","vagrant-10","19043.1348",windows,"10.0.19041.1348 (WinBuild.160101.0800)","Windows 10 Enterprise Evaluation","Windows 10 Enterprise Evaluation",windows,windows,"10.0",information,"File created:
RuleName: EXE
UtcTime: 2022-10-24 14:04:57.214
ProcessGuid: {ef486c7a-9b84-6356-1501-000000001500}
ProcessId: 3124
Image: C:\Windows\System32\rundll32.exe
TargetFilename: C:\Windows\Temp\ZNuyqd.exe
CreationUtcTime: 2022-10-24 14:04:57.214
User: NT AUTHORITY\SYSTEM","-",wineventlog,"Microsoft-Windows-Sysmon/Operational","vagrant-10","-","-","-","-","-","-","-","-","-","2022-10-24 14:04:57.214","-","-","-","-","-","-","-","-","-","-","-","-","C:\Windows\System32\rundll32.exe","-","-","-","-","-","-","-","-","-","-","-","-","-","-","-","-","-","-","-","-","-","-","-","-","-","-","-","{ef486c7a-9b84-6356-1501-000000001500}",3124,"-","-","-","-","-","-","-","-","-","-",EXE,"-","-","-","-","-","-","-","-","-","-","-","-","-","-","-","-","-","-","-","-","-","-","C:\Windows\Temp\ZNuyqd.exe","-","-","-","-","-","-","-","-","-","-","-","-","-","-","-","NT AUTHORITY\SYSTEM","2022-10-24 14:04:57.214","-","-","-","-","-","-","-","-","-","-","-","-","-","-","-","-","-","-","-","-","-",11,"-",Info,"2,064","3,220","{5770385f-c22a-43e0-bf4c-06f5698ffbd9}","Microsoft-Windows-Sysmon",1741,"File created (rule: FileCreate)","NT AUTHORITY","S-1-5-18",SYSTEM,User,2
"Oct 24, 2022 @ 22:04:57.216",mvJPCoQBQo9Iz8vxnPve,".ds-winlogbeat-8.4.3-2022.10.17-000001","-","8d24c149-a762-44f9-ba0d-58433a72abc0","vagrant-10","24130491-308c-4270-b613-e4ed7c62ad4a","vagrant-10",winlogbeat,"8.4.3","8.0.0","File created (rule: FileCreate)",11,"Oct 24, 2022 @ 22:04:58.182",event,"<Event xmlns='http://schemas.microsoft.com/win/2004/08/events/event'><System><Provider Name='Microsoft-Windows-Sysmon' Guid='{5770385f-c22a-43e0-bf4c-06f5698ffbd9}'/><EventID>11</EventID><Version>2</Version><Level>4</Level><Task>11</Task><Opcode>0</Opcode><Keywords>0x8000000000000000</Keywords><TimeCreated SystemTime='2022-10-24T14:04:57.2166309Z'/><EventRecordID>1741</EventRecordID><Correlation/><Execution ProcessID='2064' ThreadID='3220'/><Channel>Microsoft-Windows-Sysmon/Operational</Channel><Computer>vagrant-10</Computer><Security UserID='S-1-5-18'/></System><EventData><Data Name='RuleName'>EXE</Data><Data Name='UtcTime'>2022-10-24 14:04:57.214</Data><Data Name='ProcessGuid'>{ef486c7a-9b84-6356-1501-000000001500}</Data><Data Name='ProcessId'>3124</Data><Data Name='Image'>C:\Windows\System32\rundll32.exe</Data><Data Name='TargetFilename'>C:\Windows\Temp\ZNuyqd.exe</Data><Data Name='CreationUtcTime'>2022-10-24 14:04:57.214</Data><Data Name='User'>NT AUTHORITY\SYSTEM</Data></EventData><RenderingInfo Culture='en-US'><Message>File created:
RuleName: EXE
UtcTime: 2022-10-24 14:04:57.214
ProcessGuid: {ef486c7a-9b84-6356-1501-000000001500}
ProcessId: 3124
Image: C:\Windows\System32\rundll32.exe
TargetFilename: C:\Windows\Temp\ZNuyqd.exe
CreationUtcTime: 2022-10-24 14:04:57.214
User: NT AUTHORITY\SYSTEM</Message><Level>Information</Level><Task>File created (rule: FileCreate)</Task><Opcode>Info</Opcode><Channel></Channel><Provider></Provider><Keywords></Keywords></RenderingInfo></Event>","-","Microsoft-Windows-Sysmon","x86_64","vagrant-10","ef486c7a-d018-43ce-bc87-fd5ce10088a9","fe80::650c:205f:e854:a4c3, 192.168.103.3","08:00:27:e3:04:fd","vagrant-10","19043.1348",windows,"10.0.19041.1348 (WinBuild.160101.0800)","Windows 10 Enterprise Evaluation","Windows 10 Enterprise Evaluation",windows,windows,"10.0",information,"File created:
RuleName: EXE
UtcTime: 2022-10-24 14:04:57.214
ProcessGuid: {ef486c7a-9b84-6356-1501-000000001500}
ProcessId: 3124
Image: C:\Windows\System32\rundll32.exe
TargetFilename: C:\Windows\Temp\ZNuyqd.exe
CreationUtcTime: 2022-10-24 14:04:57.214
User: NT AUTHORITY\SYSTEM","-",wineventlog,"Microsoft-Windows-Sysmon/Operational","vagrant-10","-","-","-","-","-","-","-","-","-","2022-10-24 14:04:57.214","-","-","-","-","-","-","-","-","-","-","-","-","C:\Windows\System32\rundll32.exe","-","-","-","-","-","-","-","-","-","-","-","-","-","-","-","-","-","-","-","-","-","-","-","-","-","-","-","{ef486c7a-9b84-6356-1501-000000001500}",3124,"-","-","-","-","-","-","-","-","-","-",EXE,"-","-","-","-","-","-","-","-","-","-","-","-","-","-","-","-","-","-","-","-","-","-","C:\Windows\Temp\ZNuyqd.exe","-","-","-","-","-","-","-","-","-","-","-","-","-","-","-","NT AUTHORITY\SYSTEM","2022-10-24 14:04:57.214","-","-","-","-","-","-","-","-","-","-","-","-","-","-","-","-","-","-","-","-","-",11,"-",Info,"2,064","3,220","{5770385f-c22a-43e0-bf4c-06f5698ffbd9}","Microsoft-Windows-Sysmon",1741,"File created (rule: FileCreate)","NT AUTHORITY","S-1-5-18",SYSTEM,User,2
"Oct 24, 2022 @ 22:04:57.051",jvJPCoQBQo9Iz8vxnPve,".ds-winlogbeat-8.4.3-2022.10.17-000001","-","8d24c149-a762-44f9-ba0d-58433a72abc0","vagrant-10","24130491-308c-4270-b613-e4ed7c62ad4a","vagrant-10",winlogbeat,"8.4.3","8.0.0","Registry value set (rule: RegistryEvent)",13,"Oct 24, 2022 @ 22:04:58.180",event,"<Event xmlns='http://schemas.microsoft.com/win/2004/08/events/event'><System><Provider Name='Microsoft-Windows-Sysmon' Guid='{5770385f-c22a-43e0-bf4c-06f5698ffbd9}'/><EventID>13</EventID><Version>2</Version><Level>4</Level><Task>13</Task><Opcode>0</Opcode><Keywords>0x8000000000000000</Keywords><TimeCreated SystemTime='2022-10-24T14:04:57.0518896Z'/><EventRecordID>1740</EventRecordID><Correlation/><Execution ProcessID='2064' ThreadID='3220'/><Channel>Microsoft-Windows-Sysmon/Operational</Channel><Computer>vagrant-10</Computer><Security UserID='S-1-5-18'/></System><EventData><Data Name='RuleName'>InvDB-Pub</Data><Data Name='EventType'>SetValue</Data><Data Name='UtcTime'>2022-10-24 14:04:57.050</Data><Data Name='ProcessGuid'>{ef486c7a-9b62-6356-f300-000000001500}</Data><Data Name='ProcessId'>6784</Data><Data Name='Image'>C:\Windows\system32\CompatTelRunner.exe</Data><Data Name='TargetObject'>\REGISTRY\A\{1bfaa340-1a26-c87c-113a-f26ea2f93fbc}\Root\InventoryApplication\0000cdb081c01126931953380fe2a7d17e7f00000904\Publisher</Data><Data Name='Details'>CN=Microsoft Windows, O=Microsoft Corporation, L=Redmond, S=Washington, C=US</Data><Data Name='User'>NT AUTHORITY\SYSTEM</Data></EventData><RenderingInfo Culture='en-US'><Message>Registry value set:
RuleName: InvDB-Pub
EventType: SetValue
UtcTime: 2022-10-24 14:04:57.050
ProcessGuid: {ef486c7a-9b62-6356-f300-000000001500}
ProcessId: 6784
Image: C:\Windows\system32\CompatTelRunner.exe
TargetObject: \REGISTRY\A\{1bfaa340-1a26-c87c-113a-f26ea2f93fbc}\Root\InventoryApplication\0000cdb081c01126931953380fe2a7d17e7f00000904\Publisher
Details: CN=Microsoft Windows, O=Microsoft Corporation, L=Redmond, S=Washington, C=US
User: NT AUTHORITY\SYSTEM</Message><Level>Information</Level><Task>Registry value set (rule: RegistryEvent)</Task><Opcode>Info</Opcode><Channel></Channel><Provider></Provider><Keywords></Keywords></RenderingInfo></Event>","-","Microsoft-Windows-Sysmon","x86_64","vagrant-10","ef486c7a-d018-43ce-bc87-fd5ce10088a9","fe80::650c:205f:e854:a4c3, 192.168.103.3","08:00:27:e3:04:fd","vagrant-10","19043.1348",windows,"10.0.19041.1348 (WinBuild.160101.0800)","Windows 10 Enterprise Evaluation","Windows 10 Enterprise Evaluation",windows,windows,"10.0",information,"Registry value set:
RuleName: InvDB-Pub
EventType: SetValue
UtcTime: 2022-10-24 14:04:57.050
ProcessGuid: {ef486c7a-9b62-6356-f300-000000001500}
ProcessId: 6784
Image: C:\Windows\system32\CompatTelRunner.exe
TargetObject: \REGISTRY\A\{1bfaa340-1a26-c87c-113a-f26ea2f93fbc}\Root\InventoryApplication\0000cdb081c01126931953380fe2a7d17e7f00000904\Publisher
Details: CN=Microsoft Windows, O=Microsoft Corporation, L=Redmond, S=Washington, C=US
User: NT AUTHORITY\SYSTEM","-",wineventlog,"Microsoft-Windows-Sysmon/Operational","vagrant-10","-","-","-","-","-","-","-","-","-","-","-","-","-","-","-","-","-","CN=Microsoft Windows, O=Microsoft Corporation, L=Redmond, S=Washington, C=US","-",SetValue,"-","-","C:\Windows\system32\CompatTelRunner.exe","-","-","-","-","-","-","-","-","-","-","-","-","-","-","-","-","-","-","-","-","-","-","-","-","-","-","-","{ef486c7a-9b62-6356-f300-000000001500}",6784,"-","-","-","-","-","-","-","-","-","-","InvDB-Pub","-","-","-","-","-","-","-","-","-","-","-","-","-","-","-","-","-","-","-","-","-","-","-","-","-","-","-","\REGISTRY\A\{1bfaa340-1a26-c87c-113a-f26ea2f93fbc}\Root\InventoryApplication\0000cdb081c01126931953380fe2a7d17e7f00000904\Publisher","-","-","-","-","-","-","-","-","-","-","NT AUTHORITY\SYSTEM","2022-10-24 14:04:57.050","-","-","-","-","-","-","-","-","-","-","-","-","-","-","-","-","-","-","-","-","-",13,"-",Info,"2,064","3,220","{5770385f-c22a-43e0-bf4c-06f5698ffbd9}","Microsoft-Windows-Sysmon",1740,"Registry value set (rule: RegistryEvent)","NT AUTHORITY","S-1-5-18",SYSTEM,User,2
"Oct 24, 2022 @ 22:04:57.051",mfJPCoQBQo9Iz8vxnPve,".ds-winlogbeat-8.4.3-2022.10.17-000001","-","8d24c149-a762-44f9-ba0d-58433a72abc0","vagrant-10","24130491-308c-4270-b613-e4ed7c62ad4a","vagrant-10",winlogbeat,"8.4.3","8.0.0","Registry value set (rule: RegistryEvent)",13,"Oct 24, 2022 @ 22:04:58.182",event,"<Event xmlns='http://schemas.microsoft.com/win/2004/08/events/event'><System><Provider Name='Microsoft-Windows-Sysmon' Guid='{5770385f-c22a-43e0-bf4c-06f5698ffbd9}'/><EventID>13</EventID><Version>2</Version><Level>4</Level><Task>13</Task><Opcode>0</Opcode><Keywords>0x8000000000000000</Keywords><TimeCreated SystemTime='2022-10-24T14:04:57.0518896Z'/><EventRecordID>1740</EventRecordID><Correlation/><Execution ProcessID='2064' ThreadID='3220'/><Channel>Microsoft-Windows-Sysmon/Operational</Channel><Computer>vagrant-10</Computer><Security UserID='S-1-5-18'/></System><EventData><Data Name='RuleName'>InvDB-Pub</Data><Data Name='EventType'>SetValue</Data><Data Name='UtcTime'>2022-10-24 14:04:57.050</Data><Data Name='ProcessGuid'>{ef486c7a-9b62-6356-f300-000000001500}</Data><Data Name='ProcessId'>6784</Data><Data Name='Image'>C:\Windows\system32\CompatTelRunner.exe</Data><Data Name='TargetObject'>\REGISTRY\A\{1bfaa340-1a26-c87c-113a-f26ea2f93fbc}\Root\InventoryApplication\0000cdb081c01126931953380fe2a7d17e7f00000904\Publisher</Data><Data Name='Details'>CN=Microsoft Windows, O=Microsoft Corporation, L=Redmond, S=Washington, C=US</Data><Data Name='User'>NT AUTHORITY\SYSTEM</Data></EventData><RenderingInfo Culture='en-US'><Message>Registry value set:
RuleName: InvDB-Pub
EventType: SetValue
UtcTime: 2022-10-24 14:04:57.050
ProcessGuid: {ef486c7a-9b62-6356-f300-000000001500}
ProcessId: 6784
Image: C:\Windows\system32\CompatTelRunner.exe
TargetObject: \REGISTRY\A\{1bfaa340-1a26-c87c-113a-f26ea2f93fbc}\Root\InventoryApplication\0000cdb081c01126931953380fe2a7d17e7f00000904\Publisher
Details: CN=Microsoft Windows, O=Microsoft Corporation, L=Redmond, S=Washington, C=US
User: NT AUTHORITY\SYSTEM</Message><Level>Information</Level><Task>Registry value set (rule: RegistryEvent)</Task><Opcode>Info</Opcode><Channel></Channel><Provider></Provider><Keywords></Keywords></RenderingInfo></Event>","-","M