"Oct 24, 2022 @ 22:05:06.365",HfJPCoQBQo9Iz8vx1vzP,".ds-winlogbeat-8.4.3-2022.10.17-000001","-","8d24c149-a762-44f9-ba0d-58433a72abc0","vagrant-10","24130491-308c-4270-b613-e4ed7c62ad4a","vagrant-10",winlogbeat,"8.4.3","8.0.0","Process Create (rule: ProcessCreate)",1,"Oct 24, 2022 @ 22:05:07.092",event,"<Event xmlns='http://schemas.microsoft.com/win/2004/08/events/event'><System><Provider Name='Microsoft-Windows-Sysmon' Guid='{5770385f-c22a-43e0-bf4c-06f5698ffbd9}'/><EventID>1</EventID><Version>5</Version><Level>4</Level><Task>1</Task><Opcode>0</Opcode><Keywords>0x8000000000000000</Keywords><TimeCreated SystemTime='2022-10-24T14:05:06.3657345Z'/><EventRecordID>1783</EventRecordID><Correlation/><Execution ProcessID='2064' ThreadID='3220'/><Channel>Microsoft-Windows-Sysmon/Operational</Channel><Computer>vagrant-10</Computer><Security UserID='S-1-5-18'/></System><EventData><Data Name='RuleName'>-</Data><Data Name='UtcTime'>2022-10-24 14:05:06.365</Data><Data Name='ProcessGuid'>{ef486c7a-9b92-6356-3101-000000001500}</Data><Data Name='ProcessId'>3532</Data><Data Name='Image'>C:\ProgramData\Microsoft\Windows Defender\Platform\4.18.2110.6-0\MpCmdRun.exe</Data><Data Name='FileVersion'>4.18.2110.6 (WinBuild.160101.0800)</Data><Data Name='Description'>Microsoft Malware Protection Command Line Utility</Data><Data Name='Product'>Microsoft Windows Operating System</Data><Data Name='Company'>Microsoft Corporation</Data><Data Name='OriginalFileName'>MpCmdRun.exe</Data><Data Name='CommandLine'>""C:\ProgramData\Microsoft\Windows Defender\platform\4.18.2110.6-0\MpCmdRun.exe"" GetDeviceTicket -AccessKey 41804078-B63C-C3F9-392D-9E4D9036A358 </Data><Data Name='CurrentDirectory'>C:\Windows\system32\</Data><Data Name='User'>NT AUTHORITY\NETWORK SERVICE</Data><Data Name='LogonGuid'>{ef486c7a-f97d-6356-e403-000000000000}</Data><Data Name='LogonId'>0x3e4</Data><Data Name='TerminalSessionId'>0</Data><Data Name='IntegrityLevel'>System</Data><Data Name='Hashes'>MD5=D06785497C59761CCB542B24465B21C1,SHA256=CF2E3EC88871745526030D5F195AF65464DC27C33588E406CC4ED7154BF7ADEF,IMPHASH=BFE54B9A9FB809E3964F535FD29E3413</Data><Data Name='ParentProcessGuid'>{ef486c7a-9713-6356-2900-000000001500}</Data><Data Name='ParentProcessId'>2072</Data><Data Name='ParentImage'>C:\ProgramData\Microsoft\Windows Defender\Platform\4.18.2110.6-0\MsMpEng.exe</Data><Data Name='ParentCommandLine'>""C:\ProgramData\Microsoft\Windows Defender\platform\4.18.2110.6-0\MsMpEng.exe""</Data><Data Name='ParentUser'>NT AUTHORITY\SYSTEM</Data></EventData><RenderingInfo Culture='en-US'><Message>Process Create:
RuleName: -
UtcTime: 2022-10-24 14:05:06.365
ProcessGuid: {ef486c7a-9b92-6356-3101-000000001500}
ProcessId: 3532
Image: C:\ProgramData\Microsoft\Windows Defender\Platform\4.18.2110.6-0\MpCmdRun.exe
FileVersion: 4.18.2110.6 (WinBuild.160101.0800)
Description: Microsoft Malware Protection Command Line Utility
Product: Microsoft Windows Operating System
Company: Microsoft Corporation
OriginalFileName: MpCmdRun.exe
CommandLine: ""C:\ProgramData\Microsoft\Windows Defender\platform\4.18.2110.6-0\MpCmdRun.exe"" GetDeviceTicket -AccessKey 41804078-B63C-C3F9-392D-9E4D9036A358 
CurrentDirectory: C:\Windows\system32\
User: NT AUTHORITY\NETWORK SERVICE
LogonGuid: {ef486c7a-f97d-6356-e403-000000000000}
LogonId: 0x3E4
TerminalSessionId: 0
IntegrityLevel: System
Hashes: MD5=D06785497C59761CCB542B24465B21C1,SHA256=CF2E3EC88871745526030D5F195AF65464DC27C33588E406CC4ED7154BF7ADEF,IMPHASH=BFE54B9A9FB809E3964F535FD29E3413
ParentProcessGuid: {ef486c7a-9713-6356-2900-000000001500}
ParentProcessId: 2072
ParentImage: C:\ProgramData\Microsoft\Windows Defender\Platform\4.18.2110.6-0\MsMpEng.exe
ParentCommandLine: ""C:\ProgramData\Microsoft\Windows Defender\platform\4.18.2110.6-0\MsMpEng.exe""
ParentUser: NT AUTHORITY\SYSTEM</Message><Level>Information</Level><Task>Process Create (rule: ProcessCreate)</Task><Opcode>Info</Opcode><Channel></Channel><Provider></Provider><Keywords></Keywords></RenderingInfo></Event>","-","Microsoft-Windows-Sysmon","x86_64","vagrant-10","ef486c7a-d018-43ce-bc87-fd5ce10088a9","fe80::650c:205f:e854:a4c3, 192.168.103.3","08:00:27:e3:04:fd","vagrant-10","19043.1348",windows,"10.0.19041.1348 (WinBuild.160101.0800)","Windows 10 Enterprise Evaluation","Windows 10 Enterprise Evaluation",windows,windows,"10.0",information,"Process Create:
RuleName: -
UtcTime: 2022-10-24 14:05:06.365
ProcessGuid: {ef486c7a-9b92-6356-3101-000000001500}
ProcessId: 3532
Image: C:\ProgramData\Microsoft\Windows Defender\Platform\4.18.2110.6-0\MpCmdRun.exe
FileVersion: 4.18.2110.6 (WinBuild.160101.0800)
Description: Microsoft Malware Protection Command Line Utility
Product: Microsoft Windows Operating System
Company: Microsoft Corporation
OriginalFileName: MpCmdRun.exe
CommandLine: ""C:\ProgramData\Microsoft\Windows Defender\platform\4.18.2110.6-0\MpCmdRun.exe"" GetDeviceTicket -AccessKey 41804078-B63C-C3F9-392D-9E4D9036A358 
CurrentDirectory: C:\Windows\system32\
User: NT AUTHORITY\NETWORK SERVICE
LogonGuid: {ef486c7a-f97d-6356-e403-000000000000}
LogonId: 0x3E4
TerminalSessionId: 0
IntegrityLevel: System
Hashes: MD5=D06785497C59761CCB542B24465B21C1,SHA256=CF2E3EC88871745526030D5F195AF65464DC27C33588E406CC4ED7154BF7ADEF,IMPHASH=BFE54B9A9FB809E3964F535FD29E3413
ParentProcessGuid: {ef486c7a-9713-6356-2900-000000001500}
ParentProcessId: 2072
ParentImage: C:\ProgramData\Microsoft\Windows Defender\Platform\4.18.2110.6-0\MsMpEng.exe
ParentCommandLine: ""C:\ProgramData\Microsoft\Windows Defender\platform\4.18.2110.6-0\MsMpEng.exe""
ParentUser: NT AUTHORITY\SYSTEM","-",wineventlog,"Microsoft-Windows-Sysmon/Operational","vagrant-10","-","-","-","-","-","-","""C:\ProgramData\Microsoft\Windows Defender\platform\4.18.2110.6-0\MpCmdRun.exe"" GetDeviceTicket -AccessKey 41804078-B63C-C3F9-392D-9E4D9036A358 ","Microsoft Corporation","-","-","C:\Windows\system32\","Microsoft Malware Protection Command Line Utility","-","-","-","-","-","-","-","-","4.18.2110.6 (WinBuild.160101.0800)","MD5=D06785497C59761CCB542B24465B21C1,SHA256=CF2E3EC88871745526030D5F195AF65464DC27C33588E406CC4ED7154BF7ADEF,IMPHASH=BFE54B9A9FB809E3964F535FD29E3413","C:\ProgramData\Microsoft\Windows Defender\Platform\4.18.2110.6-0\MpCmdRun.exe","-","-","-",System,"-","-","-","-","-","-","-","{ef486c7a-f97d-6356-e403-000000000000}",0x3e4,"-","-","-","-","-","-","MpCmdRun.exe","""C:\ProgramData\Microsoft\Windows Defender\platform\4.18.2110.6-0\MsMpEng.exe""","C:\ProgramData\Microsoft\Windows Defender\Platform\4.18.2110.6-0\MsMpEng.exe","{ef486c7a-9713-6356-2900-000000001500}",2072,"NT AUTHORITY\SYSTEM","-","-","{ef486c7a-9b92-6356-3101-000000001500}",3532,"-","Microsoft Windows Operating System","-","-","-","-","-","-","-","-","-","-","-","-","-","-","-","-","-","-","-","-","-","-","-","-","-","-","-","-","-","-","-","-","-","-","-","-","-","-","-","-","-","-","-","-",0,"-","-","NT AUTHORITY\NETWORK SERVICE","2022-10-24 14:05:06.365","-","-","-","-","-","-","-","-","-","-","-","-","-","-","-","-","-","-","-","-","-",1,"-",Info,"2,064","3,220","{5770385f-c22a-43e0-bf4c-06f5698ffbd9}","Microsoft-Windows-Sysmon",1783,"Process Create (rule: ProcessCreate)","NT AUTHORITY","S-1-5-18",SYSTEM,User,5
"Oct 24, 2022 @ 22:05:06.365",IfJPCoQBQo9Iz8vx1vzP,".ds-winlogbeat-8.4.3-2022.10.17-000001","-","8d24c149-a762-44f9-ba0d-58433a72abc0","vagrant-10","24130491-308c-4270-b613-e4ed7c62ad4a","vagrant-10",winlogbeat,"8.4.3","8.0.0","Process Create (rule: ProcessCreate)",1,"Oct 24, 2022 @ 22:05:07.093",event,"<Event xmlns='http://schemas.microsoft.com/win/2004/08/events/event'><System><Provider Name='Microsoft-Windows-Sysmon' Guid='{5770385f-c22a-43e0-bf4c-06f5698ffbd9}'/><EventID>1</EventID><Version>5</Version><Level>4</Level><Task>1</Task><Opcode>0</Opcode><Keywords>0x8000000000000000</Keywords><TimeCreated SystemTime='2022-10-24T14:05:06.3657345Z'/><EventRecordID>1783</EventRecordID><Correlation/><Execution ProcessID='2064' ThreadID='3220'/><Channel>Microsoft-Windows-Sysmon/Operational</Channel><Computer>vagrant-10</Computer><Security UserID='S-1-5-18'/></System><EventData><Data Name='RuleName'>-</Data><Data Name='UtcTime'>2022-10-24 14:05:06.365</Data><Data Name='ProcessGuid'>{ef486c7a-9b92-6356-3101-000000001500}</Data><Data Name='ProcessId'>3532</Data><Data Name='Image'>C:\ProgramData\Microsoft\Windows Defender\Platform\4.18.2110.6-0\MpCmdRun.exe</Data><Data Name='FileVersion'>4.18.2110.6 (WinBuild.160101.0800)</Data><Data Name='Description'>Microsoft Malware Protection Command Line Utility</Data><Data Name='Product'>Microsoft Windows Operating System</Data><Data Name='Company'>Microsoft Corporation</Data><Data Name='OriginalFileName'>MpCmdRun.exe</Data><Data Name='CommandLine'>""C:\ProgramData\Microsoft\Windows Defender\platform\4.18.2110.6-0\MpCmdRun.exe"" GetDeviceTicket -AccessKey 41804078-B63C-C3F9-392D-9E4D9036A358 </Data><Data Name='CurrentDirectory'>C:\Windows\system32\</Data><Data Name='User'>NT AUTHORITY\NETWORK SERVICE</Data><Data Name='LogonGuid'>{ef486c7a-f97d-6356-e403-000000000000}</Data><Data Name='LogonId'>0x3e4</Data><Data Name='TerminalSessionId'>0</Data><Data Name='IntegrityLevel'>System</Data><Data Name='Hashes'>MD5=D06785497C59761CCB542B24465B21C1,SHA256=CF2E3EC88871745526030D5F195AF65464DC27C33588E406CC4ED7154BF7ADEF,IMPHASH=BFE54B9A9FB809E3964F535FD29E3413</Data><Data Name='ParentProcessGuid'>{ef486c7a-9713-6356-2900-000000001500}</Data><Data Name='ParentProcessId'>2072</Data><Data Name='ParentImage'>C:\ProgramData\Microsoft\Windows Defender\Platform\4.18.2110.6-0\MsMpEng.exe</Data><Data Name='ParentCommandLine'>""C:\ProgramData\Microsoft\Windows Defender\platform\4.18.2110.6-0\MsMpEng.exe""</Data><Data Name='ParentUser'>NT AUTHORITY\SYSTEM</Data></EventData><RenderingInfo Culture='en-US'><Message>Process Create:
RuleName: -
UtcTime: 2022-10-24 14:05:06.365
ProcessGuid: {ef486c7a-9b92-6356-3101-000000001500}
ProcessId: 3532
Image: C:\ProgramData\Microsoft\Windows Defender\Platform\4.18.2110.6-0\MpCmdRun.exe
FileVersion: 4.18.2110.6 (WinBuild.160101.0800)
Description: Microsoft Malware Protection Command Line Utility
Product: Microsoft Windows Operating System
Company: Microsoft Corporation
OriginalFileName: MpCmdRun.exe
CommandLine: ""C:\ProgramData\Microsoft\Windows Defender\platform\4.18.2110.6-0\MpCmdRun.exe"" GetDeviceTicket -AccessKey 41804078-B63C-C3F9-392D-9E4D9036A358 
CurrentDirectory: C:\Windows\system32\
User: NT AUTHORITY\NETWORK SERVICE
LogonGuid: {ef486c7a-f97d-6356-e403-000000000000}
LogonId: 0x3E4
TerminalSessionId: 0
IntegrityLevel: System
Hashes: MD5=D06785497C59761CCB542B24465B21C1,SHA256=CF2E3EC88871745526030D5F195AF65464DC27C33588E406CC4ED7154BF7ADEF,IMPHASH=BFE54B9A9FB809E3964F535FD29E3413
ParentProcessGuid: {ef486c7a-9713-6356-2900-000000001500}
ParentProcessId: 2072
ParentImage: C:\ProgramData\Microsoft\Windows Defender\Platform\4.18.2110.6-0\MsMpEng.exe
ParentCommandLine: ""C:\ProgramData\Microsoft\Windows Defender\platform\4.18.2110.6-0\MsMpEng.exe""
ParentUser: NT AUTHORITY\SYSTEM</Message><Level>Information</Level><Task>Process Create (rule: ProcessCreate)</Task><Opcode>Info</Opcode><Channel></Channel><Provider></Provider><Keywords></Keywords></RenderingInfo></Event>","-","Microsoft-Windows-Sysmon","x86_64","vagrant-10","ef486c7a-d018-43ce-bc87-fd5ce10088a9","fe80::650c:205f:e854:a4c3, 192.168.103.3","08:00:27:e3:04:fd","vagrant-10","19043.1348",windows,"10.0.19041.1348 (WinBuild.160101.0800)","Windows 10 Enterprise Evaluation","Windows 10 Enterprise Evaluation",windows,windows,"10.0",information,"Process Create:
RuleName: -
UtcTime: 2022-10-24 14:05:06.365
ProcessGuid: {ef486c7a-9b92-6356-3101-000000001500}
ProcessId: 3532
Image: C:\ProgramData\Microsoft\Windows Defender\Platform\4.18.2110.6-0\MpCmdRun.exe
FileVersion: 4.18.2110.6 (WinBuild.160101.0800)
Description: Microsoft Malware Protection Command Line Utility
Product: Microsoft Windows Operating System
Company: Microsoft Corporation
OriginalFileName: MpCmdRun.exe
CommandLine: ""C:\ProgramData\Microsoft\Windows Defender\platform\4.18.2110.6-0\MpCmdRun.exe"" GetDeviceTicket -AccessKey 41804078-B63C-C3F9-392D-9E4D9036A358 
CurrentDirectory: C:\Windows\system32\
User: NT AUTHORITY\NETWORK SERVICE
LogonGuid: {ef486c7a-f97d-6356-e403-000000000000}
LogonId: 0x3E4
TerminalSessionId: 0
IntegrityLevel: System
Hashes: MD5=D06785497C59761CCB542B24465B21C1,SHA256=CF2E3EC88871745526030D5F195AF65464DC27C33588E406CC4ED7154BF7ADEF,IMPHASH=BFE54B9A9FB809E3964F535FD29E3413
ParentProcessGuid: {ef486c7a-9713-6356-2900-000000001500}
ParentProcessId: 2072
ParentImage: C:\ProgramData\Microsoft\Windows Defender\Platform\4.18.2110.6-0\MsMpEng.exe
ParentCommandLine: ""C:\ProgramData\Microsoft\Windows Defender\platform\4.18.2110.6-0\MsMpEng.exe""
ParentUser: NT AUTHORITY\SYSTEM","-",wineventlog,"Microsoft-Windows-Sysmon/Operational","vagrant-10","-","-","-","-","-","-","""C:\ProgramData\Microsoft\Windows Defender\platform\4.18.2110.6-0\MpCmdRun.exe"" GetDeviceTicket -AccessKey 41804078-B63C-C3F9-392D-9E4D9036A358 ","Microsoft Corporation","-","-","C:\Windows\system32\","Microsoft Malware Protection Command Line Utility","-","-","-","-","-","-","-","-","4.18.2110.6 (WinBuild.160101.0800)","MD5=D06785497C59761CCB542B24465B21C1,SHA256=CF2E3EC88871745526030D5F195AF65464DC27C33588E406CC4ED7154BF7ADEF,IMPHASH=BFE54B9A9FB809E3964F535FD29E3413","C:\ProgramData\Microsoft\Windows Defender\Platform\4.18.2110.6-0\MpCmdRun.exe","-","-","-",System,"-","-","-","-","-","-","-","{ef486c7a-f97d-6356-e403-000000000000}",0x3e4,"-","-","-","-","-","-","MpCmdRun.exe","""C:\ProgramData\Microsoft\Windows Defender\platform\4.18.2110.6-0\MsMpEng.exe""","C:\ProgramData\Microsoft\Windows Defender\Platform\4.18.2110.6-0\MsMpEng.exe","{ef486c7a-9713-6356-2900-000000001500}",2072,"NT AUTHORITY\SYSTEM","-","-","{ef486c7a-9b92-6356-3101-000000001500}",3532,"-","Microsoft Windows Operating System","-","-","-","-","-","-","-","-","-","-","-","-","-","-","-","-","-","-","-","-","-","-","-","-","-","-","-","-","-","-","-","-","-","-","-","-","-","-","-","-","-","-","-","-",0,"-","-","NT AUTHORITY\NETWORK SERVICE","2022-10-24 14:05:06.365","-","-","-","-","-","-","-","-","-","-","-","-","-","-","-","-","-","-","-","-","-",1,"-",Info,"2,064","3,220","{5770385f-c22a-43e0-bf4c-06f5698ffbd9}","Microsoft-Windows-Sysmon",1783,"Process Create (rule: ProcessCreate)","NT AUTHORITY","S-1-5-18",SYSTEM,User,5
"Oct 24, 2022 @ 22:05:06.333",HPJPCoQBQo9Iz8vx1vzP,".ds-winlogbeat-8.4.3-2022.10.17-000001","-","8d24c149-a762-44f9-ba0d-58433a72abc0","vagrant-10","24130491-308c-4270-b613-e4ed7c62ad4a","vagrant-10",winlogbeat,"8.4.3","8.0.0","Registry value set (rule: RegistryEvent)",13,"Oct 24, 2022 @ 22:05:07.092",event,"<Event xmlns='http://schemas.microsoft.com/win/2004/08/events/event'><System><Provider Name='Microsoft-Windows-Sysmon' Guid='{5770385f-c22a-43e0-bf4c-06f5698ffbd9}'/><EventID>13</EventID><Version>2</Version><Level>4</Level><Task>13</Task><Opcode>0</Opcode><Keywords>0x8000000000000000</Keywords><TimeCreated SystemTime='2022-10-24T14:05:06.3332225Z'/><EventRecordID>1782</EventRecordID><Correlation/><Execution ProcessID='2064' ThreadID='3220'/><Channel>Microsoft-Windows-Sysmon/Operational</Channel><Computer>vagrant-10</Computer><Security UserID='S-1-5-18'/></System><EventData><Data Name='RuleName'>InvDB-Pub</Data><Data Name='EventType'>SetValue</Data><Data Name='UtcTime'>2022-10-24 14:05:06.324</Data><Data Name='ProcessGuid'>{ef486c7a-9b62-6356-f300-000000001500}</Data><Data Name='ProcessId'>6784</Data><Data Name='Image'>C:\Windows\system32\CompatTelRunner.exe</Data><Data Name='TargetObject'>\REGISTRY\A\{1bfaa340-1a26-c87c-113a-f26ea2f93fbc}\Root\InventoryApplication\0000bf7e77dcc5c1ad24f13cbd53a35cca5000000904\Publisher</Data><Data Name='Details'>CN=Microsoft Windows, O=Microsoft Corporation, L=Redmond, S=Washington, C=US</Data><Data Name='User'>NT AUTHORITY\SYSTEM</Data></EventData><RenderingInfo Culture='en-US'><Message>Registry value set:
RuleName: InvDB-Pub
EventType: SetValue
UtcTime: 2022-10-24 14:05:06.324
ProcessGuid: {ef486c7a-9b62-6356-f300-000000001500}
ProcessId: 6784
Image: C:\Windows\system32\CompatTelRunner.exe
TargetObject: \REGISTRY\A\{1bfaa340-1a26-c87c-113a-f26ea2f93fbc}\Root\InventoryApplication\0000bf7e77dcc5c1ad24f13cbd53a35cca5000000904\Publisher
Details: CN=Microsoft Windows, O=Microsoft Corporation, L=Redmond, S=Washington, C=US
User: NT AUTHORITY\SYSTEM</Message><Level>Information</Level><Task>Registry value set (rule: RegistryEvent)</Task><Opcode>Info</Opcode><Channel></Channel><Provider></Provider><Keywords></Keywords></RenderingInfo></Event>","-","Microsoft-Windows-Sysmon","x86_64","vagrant-10","ef486c7a-d018-43ce-bc87-fd5ce10088a9","fe80::650c:205f:e854:a4c3, 192.168.103.3","08:00:27:e3:04:fd","vagrant-10","19043.1348",windows,"10.0.19041.1348 (WinBuild.160101.0800)","Windows 10 Enterprise Evaluation","Windows 10 Enterprise Evaluation",windows,windows,"10.0",information,"Registry value set:
RuleName: InvDB-Pub
EventType: SetValue
UtcTime: 2022-10-24 14:05:06.324
ProcessGuid: {ef486c7a-9b62-6356-f300-000000001500}
ProcessId: 6784
Image: C:\Windows\system32\CompatTelRunner.exe
TargetObject: \REGISTRY\A\{1bfaa340-1a26-c87c-113a-f26ea2f93fbc}\Root\InventoryApplication\0000bf7e77dcc5c1ad24f13cbd53a35cca5000000904\Publisher
Details: CN=Microsoft Windows, O=Microsoft Corporation, L=Redmond, S=Washington, C=US
User: NT AUTHORITY\SYSTEM","-",wineventlog,"Microsoft-Windows-Sysmon/Operational","vagrant-10","-","-","-","-","-","-","-","-","-","-","-","-","-","-","-","-","-","CN=Microsoft Windows, O=Microsoft Corporation, L=Redmond, S=Washington, C=US","-",SetValue,"-","-","C:\Windows\system32\CompatTelRunner.exe","-","-","-","-","-","-","-","-","-","-","-","-","-","-","-","-","-","-","-","-","-","-","-","-","-","-","-","{ef486c7a-9b62-6356-f300-000000001500}",6784,"-","-","-","-","-","-","-","-","-","-","InvDB-Pub","-","-","-","-","-","-","-","-","-","-","-","-","-","-","-","-","-","-","-","-","-","-","-","-","-","-","-","\REGISTRY\A\{1bfaa340-1a26-c87c-113a-f26ea2f93fbc}\Root\InventoryApplication\0000bf7e77dcc5c1ad24f13cbd53a35cca5000000904\Publisher","-","-","-","-","-","-","-","-","-","-","NT AUTHORITY\SYSTEM","2022-10-24 14:05:06.324","-","-","-","-","-","-","-","-","-","-","-","-","-","-","-","-","-","-","-","-","-",13,"-",Info,"2,064","3,220","{5770385f-c22a-43e0-bf4c-06f5698ffbd9}","Microsoft-Windows-Sysmon",1782,"Registry value set (rule: RegistryEvent)","NT AUTHORITY","S-1-5-18",SYSTEM,User,2
"Oct 24, 2022 @ 22:05:06.333",IPJPCoQBQo9Iz8vx1vzP,".ds-winlogbeat-8.4.3-2022.10.17-000001","-","8d24c149-a762-44f9-ba0d-58433a72abc0","vagrant-10","24130491-308c-4270-b613-e4ed7c62ad4a","vagrant-10",winlogbeat,"8.4.3","8.0.0","Registry value set (rule: RegistryEvent)",13,"Oct 24, 2022 @ 22:05:07.093",event,"<Event xmlns='http://schemas.microsoft.com/win/2004/08/events/event'><System><Provider Name='Microsoft-Windows-Sysmon' Guid='{5770385f-c22a-43e0-bf4c-06f5698ffbd9}'/><EventID>13</EventID><Version>2</Version><Level>4</Level><Task>13</Task><Opcode>0</Opcode><Keywords>0x8000000000000000</Keywords><TimeCreated SystemTime='2022-10-24T14:05:06.3332225Z'/><EventRecordID>1782</EventRecordID><Correlation/><Execution ProcessID='2064' ThreadID='3220'/><Channel>Microsoft-Windows-Sysmon/Operational</Channel><Computer>vagrant-10</Computer><Security UserID='S-1-5-18'/></System><EventData><Data Name='RuleName'>InvDB-Pub</Data><Data Name='EventType'>SetValue</Data><Data Name='UtcTime'>2022-10-24 14:05:06.324</Data><Data Name='ProcessGuid'>{ef486c7a-9b62-6356-f300-000000001500}</Data><Data Name='ProcessId'>6784</Data><Data Name='Image'>C:\Windows\system32\CompatTelRunner.exe</Data><Data Name='TargetObject'>\REGISTRY\A\{1bfaa340-1a26-c87c-113a-f26ea2f93fbc}\Root\InventoryApplication\0000bf7e77dcc5c1ad24f13cbd53a35cca5000000904\Publisher</Data><Data Name='Details'>CN=Microsoft Windows, O=Microsoft Corporation, L=Redmond, S=Washington, C=US</Data><Data Name='User'>NT AUTHORITY\SYSTEM</Data></EventData><RenderingInfo Culture='en-US'><Message>Registry value set:
RuleName: InvDB-Pub
EventType: SetValue
UtcTime: 2022-10-24 14:05:06.324
ProcessGuid: {ef486c7a-9b62-6356-f300-000000001500}
ProcessId: 6784
Image: C:\Windows\system32\CompatTelRunner.exe
TargetObject: \REGISTRY\A\{1bfaa340-1a26-c87c-113a-f26ea2f93fbc}\Root\InventoryApplication\0000bf7e77dcc5c1ad24f13cbd53a35cca5000000904\Publisher
Details: CN=Microsoft Windows, O=Microsoft Corporation, L=Redmond, S=Washington, C=US
User: NT AUTHORITY\SYSTEM</Message><Level>Information</Level><Task>Registry value set (rule: RegistryEvent)</Task><Opcode>Info</Opcode><Channel></Channel><Provider></Provider><Keywords></Keywords></RenderingInfo></Event>","-","Microsoft-Windows-Sysmon","x86_64","vagrant-10","ef486c7a-d018-43ce-bc87-fd5ce10088a9","fe80::650c:205f:e854:a4c3, 192.168.103.3","08:00:27:e3:04:fd","vagrant-10","19043.1348",windows,"10.0.19041.1348 (WinBuild.160101.0800)","Windows 10 Enterprise Evaluation","Windows 10 Enterprise Evaluation",windows,windows,"10.0",information,"Registry value set:
RuleName: InvDB-Pub
EventType: SetValue
UtcTime: 2022-10-24 14:05:06.324
ProcessGuid: {ef486c7a-9b62-6356-f300-000000001500}
ProcessId: 6784
Image: C:\Windows\system32\CompatTelRunner.exe
TargetObject: \REGISTRY\A\{1bfaa340-1a26-c87c-113a-f26ea2f93fbc}\Root\InventoryApplication\0000bf7e77dcc5c1ad24f13cbd53a35cca5000000904\Publisher
Details: CN=Microsoft Windows, O=Microsoft Corporation, L=Redmond, S=Washington, C=US
User: NT AUTHORITY\SYSTEM","-",wineventlog,"Microsoft-Windows-Sysmon/Operational","vagrant-10","-","-","-","-","-","-","-","-","-","-","-","-","-","-","-","-","-","CN=Microsoft Windows, O=Microsoft Corporation, L=Redmond, S=Washington, C=US","-",SetValue,"-","-","C:\Windows\system32\CompatTelRunner.exe","-","-","-","-","-","-","-","-","-","-","-","-","-","-","-","-","-","-","-","-","-","-","-","-","-","-","-","{ef486c7a-9b62-6356-f300-000000001500}",6784,"-","-","-","-","-","-","-","-","-","-","InvDB-Pub","-","-","-","-","-","-","-","-","-","-","-","-","-","-","-","-","-","-","-","-","-","-","-","-","-","-","-","\REGISTRY\A\{1bfaa340-1a26-c87c-113a-f26ea2f93fbc}\Root\InventoryApplication\0000bf7e77dcc5c1ad24f13cbd53a35cca5000000904\Publisher","-","-","-","-","-","-","-","-","-","-","NT AUTHORITY\SYSTEM","2022-10-24 14:05:06.324","-","-","-","-","-","-","-","-","-","-","-","-","-","-","-","-","-","-","-","-","-",13,"-",Info,"2,064","3,220","{5770385f-c22a-43e0-bf4c-06f5698ffbd9}","Microsoft-Windows-Sysmon",1782,"Registry value set (rule: RegistryEvent)","NT AUTHORITY","S-1-5-18",SYSTEM,User,2
"Oct 24, 2022 @ 22:05:05.836","G_JPCoQBQo9Iz8vx1vzP",".ds-winlogbeat-8.4.3-2022.10.17-000001","-","8d24c149-a762-44f9-ba0d-58433a72abc0","vagrant-10","24130491-308c-4270-b613-e4ed7c62ad4a","vagrant-10",winlogbeat,"8.4.3","8.0.0","Registry value set (rule: RegistryEvent)",13,"Oct 24, 2022 @ 22:05:07.092",event,"<Event xmlns='http://schemas.microsoft.com/win/2004/08/events/event'><System><Provider Name='Microsoft-Windows-Sysmon' Guid='{5770385f-c22a-43e0-bf4c-06f5698ffbd9}'/><EventID>13</EventID><Version>2</Version><Level>4</Level><Task>13</Task><Opcode>0</Opcode><Keywords>0x8000000000000000</Keywords><TimeCreated SystemTime='2022-10-24T14:05:05.8364780Z'/><EventRecordID>1781</EventRecordID><Correlation/><Execution ProcessID='2064' ThreadID='3220'/><Channel>Microsoft-Windows-Sysmon/Operational</Channel><Computer>vagrant-10</Computer><Security UserID='S-1-5-18'/></System><EventData><Data Name='RuleName'>InvDB-Pub</Data><Data Name='EventType'>SetValue</Data><Data Name='UtcTime'>2022-10-24 14:05:05.832</Data><Data Name='ProcessGuid'>{ef486c7a-9b62-6356-f300-000000001500}</Data><Data Name='ProcessId'>6784</Data><Data Name='Image'>C:\Windows\system32\CompatTelRunner.exe</Data><Data Name='TargetObject'>\REGISTRY\A\{1bfaa340-1a26-c87c-113a-f26ea2f93fbc}\Root\InventoryApplication\000078b669d89c095a9db6e6317c1c491f3100000904\Publisher</Data><Data Name='Details'>CN=Microsoft Corporation, O=Microsoft Corporation, L=Redmond, S=Washington, C=US</Data><Data Name='User'>NT AUTHORITY\SYSTEM</Data></EventData><RenderingInfo Culture='en-US'><Message>Registry value set:
RuleName: InvDB-Pub
EventType: SetValue
UtcTime: 2022-10-24 14:05:05.832
ProcessGuid: {ef486c7a-9b62-6356-f300-000000001500}
ProcessId: 6784
Image: C:\Windows\system32\CompatTelRunner.exe
TargetObject: \REGISTRY\A\{1bfaa340-1a26-c87c-113a-f26ea2f93fbc}\Root\InventoryApplication\000078b669d89c095a9db6e6317c1c491f3100000904\Publisher
Details: CN=Microsoft Corporation, O=Microsoft Corporation, L=Redmond, S=Washington, C=US
User: NT AUTHORITY\SYSTEM</Message><Level>Information</Level><Task>Registry value set (rule: RegistryEvent)</Task><Opcode>Info</Opcode><Channel></Channel><Provider></Provider><Keywords></Keywords></RenderingInfo></Event>","-","Microsoft-Windows-Sysmon","x86_64","vagrant-10","ef486c7a-d018-43ce-bc87-fd5ce10088a9","fe80::650c:205f:e854:a4c3, 192.168.103.3","08:00:27:e3:04:fd","vagrant-10","19043.1348",windows,"10.0.19041.1348 (WinBuild.160101.0800)","Windows 10 Enterprise Evaluation","Windows 10 Enterprise Evaluation",windows,windows,"10.0",information,"Registry value set:
RuleName: InvDB-Pub
EventType: SetValue
UtcTime: 2022-10-24 14:05:05.832
ProcessGuid: {ef486c7a-9b62-6356-f300-000000001500}
ProcessId: 6784
Image: C:\Windows\system32\CompatTelRunner.exe
TargetObject: \REGISTRY\A\{1bfaa340-1a26-c87c-113a-f26ea2f93fbc}\Root\InventoryApplication\000078b669d89c095a9db6e6317c1c491f3100000904\Publisher
Details: CN=Microsoft Corporation, O=Microsoft Corporation, L=Redmond, S=Washington, C=US
User: NT AUTHORITY\SYSTEM","-",wineventlog,"Microsoft-Windows-Sysmon/Operational","vagrant-10","-","-","-","-","-","-","-","-","-","-","-","-","-","-","-","-","-","CN=Microsoft Corporation, O=Microsoft Corporation, L=Redmond, S=Washington, C=US","-",SetValue,"-","-","C:\Windows\system32\CompatTelRunner.exe","-","-","-","-","-","-","-","-","-","-","-","-","-","-","-","-","-","-","-","-","-","-","-","-","-","-","-","{ef486c7a-9b62-6356-f300-000000001500}",6784,"-","-","-","-","-","-","-","-","-","-","InvDB-Pub","-","-","-","-","-","-","-","-","-","-","-","-","-","-","-","-","-","-","-","-","-","-","-","-","-","-","-","\REGISTRY\A\{1bfaa340-1a26-c87c-113a-f26ea2f93fbc}\Root\InventoryApplication\000078b669d89c095a9db6e6317c1c491f3100000904\Publisher","-","-","-","-","-","-","-","-","-","-","NT AUTHORITY\SYSTEM","2022-10-24 14:05:05.832","-","-","-","-","-","-","-","-","-","-","-","-","-","-","-","-","-","-","-","-","-",13,"-",Info,"2,064","3,220","{5770385f-c22a-43e0-bf4c-06f5698ffbd9}","Microsoft-Windows-Sysmon",1781,"Registry value set (rule: RegistryEvent)","NT AUTHORITY","S-1-5-18",SYSTEM,User,2
"Oct 24, 2022 @ 22:05:05.836","H_JPCoQBQo9Iz8vx1vzP",".ds-winlogbeat-8.4.3-2022.10.17-000001","-","8d24c149-a762-44f9-ba0d-58433a72abc0","vagrant-10","24130491-308c-4270-b613-e4ed7c62ad4a","vagrant-10",winlogbeat,"8.4.3","8.0.0","Registry value set (rule: RegistryEvent)",13,"Oct 24, 2022 @ 22:05:07.093",event,"<Event xmlns='http://schemas.microsoft.com/win/2004/08/events/event'><System><Provider Name='Microsoft-Windows-Sysmon' Guid='{5770385f-c22a-43e0-bf4c-06f5698ffbd9}'/><EventID>13</EventID><Version>2</Version><Level>4</Level><Task>13</Task><Opcode>0</Opcode><Keywords>0x8000000000000000</Keywords><TimeCreated SystemTime='2022-10-24T14:05:05.8364780Z'/><EventRecordID>1781</EventRecordID><Correlation/><Execution ProcessID='2064' ThreadID='3220'/><Channel>Microsoft-Windows-Sysmon/Operational</Channel><Computer>vagrant-10</Computer><Security UserID='S-1-5-18'/></System><EventData><Data Name='RuleName'>InvDB-Pub</Data><Data Name='EventType'>SetValue</Data><Data Name='UtcTime'>2022-10-24 14:05:05.832</Data><Data Name='ProcessGuid'>{ef486c7a-9b62-6356-f300-000000001500}</Data><Data Name='ProcessId'>6784</Data><Data Name='Image'>C:\Windows\system32\CompatTelRunner.exe</Data><Data Name='TargetObject'>\REGISTRY\A\{1bfaa340-1a26-c87c-113a-f26ea2f93fbc}\Root\InventoryApplication\000078b669d89c095a9db6e6317c1c491f3100000904\Publisher</Data><Data Name='Details'>CN=Microsoft Corporation, O=Microsoft Corporation, L=Redmond, S=Washington, C=US</Data><Data Name='User'>NT AUTHORITY\SYSTEM</Data></EventData><RenderingInfo Culture='en-US'><Message>Registry value set:
RuleName: InvDB-Pub
EventType: SetValue
UtcTime: 2022-10-24 14:05:05.832
ProcessGuid: {ef486c7a-9b62-6356-f300-000000001500}
ProcessId: 6784
Image: C:\Windows\system32\CompatTelRunner.exe
TargetObject: \REGISTRY\A\{1bfaa340-1a26-c87c-113a-f26ea2f93fbc}\Root\InventoryApplication\000078b669d89c095a9db6e6317c1c491f3100000904\Publisher
Details: CN=Microsoft Corporation, O=Microsoft Corporation, L=Redmond, S=Washington, C=US
User: NT AUTHORITY\SYSTEM</Message><Level>Information</Level><Task>Registry value set (rule: RegistryEvent)</Task><Opcode>Info</Opcode><Channel></Channel><Provider></Provider><Keywords></Keywords></RenderingInfo></Event>","-","Microsoft-Windows-Sysmon","x86_64","vagrant-10","ef486c7a-d018-43ce-bc87-fd5ce10088a9","fe80::650c:205f:e854:a4c3, 192.168.103.3","08:00:27:e3:04:fd","vagrant-10","19043.1348",windows,"10.0.19041.1348 (WinBuild.160101.0800)","Windows 10 Enterprise Evaluation","Windows 10 Enterprise Evaluation",windows,windows,"10.0",information,"Registry value set:
RuleName: InvDB-Pub
EventType: SetValue
UtcTime: 2022-10-24 14:05:05.832
ProcessGuid: {ef486c7a-9b62-6356-f300-000000001500}
ProcessId: 6784
Image: C:\Windows\system32\CompatTelRunner.exe
TargetObject: \REGISTRY\A\{1bfaa340-1a26-c87c-113a-f26ea2f93fbc}\Root\InventoryApplication\000078b669d89c095a9db6e6317c1c491f3100000904\Publisher
Details: CN=Microsoft Corporation, O=Microsoft Corporation, L=Redmond, S=Washington, C=US
User: NT AUTHORITY\SYSTEM","-",wineventlog,"Microsoft-Windows-Sysmon/Operational","vagrant-10","-","-","-","-","-","-","-","-","-","-","-","-","-","-","-","-","-","CN=Microsoft Corporation, O=Microsoft Corporation, L=Redmond, S=Washington, C=US","-",SetValue,"-","-","C:\Windows\system32\CompatTelRunner.exe","-","-","-","-","-","-","-","-","-","-","-","-","-","-","-","-","-","-","-","-","-","-","-","-","-","-","-","{ef486c7a-9b62-6356-f300-000000001500}",6784,"-","-","-","-","-","-","-","-","-","-","InvDB-Pub","-","-","-","-","-","-","-","-","-","-","-","-","-","-","-","-","-","-","-","-","-","-","-","-","-","-","-","\REGISTRY\A\{1bfaa340-1a26-c87c-113a-f26ea2f93fbc}\Root\InventoryApplication\000078b669d89c095a9db6e6317c1c491f3100000904\Publisher","-","-","-","-","-","-","-","-","-","-","NT AUTHORITY\SYSTEM","2022-10-24 14:05:05.832","-","-","-","-","-","-","-","-","-","-","-","-","-","-","-","-","-","-","-","-","-",13,"-",Info,"2,064","3,220","{5770385f-c22a-43e0-bf4c-06f5698ffbd9}","Microsoft-Windows-Sysmon",1781,"Registry value set (rule: RegistryEvent)","NT AUTHORITY","S-1-5-18",SYSTEM,User,2
"Oct 24, 2022 @ 22:05:05.811","F_JPCoQBQo9Iz8vxz_zF",".ds-winlogbeat-8.4.3-2022.10.17-000001","-","8d24c149-a762-44f9-ba0d-58433a72abc0","vagrant-10","24130491-308c-4270-b613-e4ed7c62ad4a","vagrant-10",winlogbeat,"8.4.3","8.0.0","Engine Lifecycle",403,"Oct 24, 2022 @ 22:05:05.909",event,"<Event xmlns='http://schemas.microsoft.com/win/2004/08/events/event'><System><Provider Name='PowerShell'/><EventID Qualifiers='0'>403</EventID><Version>0</Version><Level>4</Level><Task>4</Task><Opcode>0</Opcode><Keywords>0x80000000000000</Keywords><TimeCreated SystemTime='2022-10-24T14:05:05.8113855Z'/><EventRecordID>545</EventRecordID><Correlation/><Execution ProcessID='0' ThreadID='0'/><Channel>Windows PowerShell</Channel><Computer>vagrant-10</Computer><Security/></System><EventData><Data>Stopped</Data><Data>Available</Data><Data>	NewEngineState=Stopped
	PreviousEngineState=Available

	SequenceNumber=15

	HostName=ConsoleHost
	HostVersion=5.1.19041.1320
	HostId=3a75b840-fbe0-4629-b35d-dd30f359b8ae
	HostApplication=powershell Add-MpPreference -ExclusionPath C:\Temp\\*
	EngineVersion=5.1.19041.1320
	RunspaceId=d8747607-c2a2-4f26-8445-19a31b21ae54
	PipelineId=
	CommandName=
	CommandType=
	ScriptName=
	CommandPath=
	CommandLine=</Data></EventData><RenderingInfo Culture='en-US'><Message>Engine state is changed from Available to Stopped. 

Details: 
	NewEngineState=Stopped
	PreviousEngineState=Available

	SequenceNumber=15

	HostName=ConsoleHost
	HostVersion=5.1.19041.1320
	HostId=3a75b840-fbe0-4629-b35d-dd30f359b8ae
	HostApplication=powershell Add-MpPreference -ExclusionPath C:\Temp\\*
	EngineVersion=5.1.19041.1320
	RunspaceId=d8747607-c2a2-4f26-8445-19a31b21ae54
	PipelineId=
	CommandName=
	CommandType=
	ScriptName=
	CommandPath=
	CommandLine=</Message><Level>Information</Level><Task>Engine Lifecycle</Task><Opcode>Info</Opcode><Channel></Channel><Provider></Provider><Keywords><Keyword>Classic</Keyword></Keywords></RenderingInfo></Event>","-",PowerShell,"x86_64","vagrant-10","ef486c7a-d018-43ce-bc87-fd5ce10088a9","fe80::650c:205f:e854:a4c3, 192.168.103.3","08:00:27:e3:04:fd","vagrant-10","19043.1348",windows,"10.0.19041.1348 (WinBuild.160101.0800)","Windows 10 Enterprise Evaluation","Windows 10 Enterprise Evaluation",windows,windows,"10.0",information,"Engine state is changed from Available to Stopped. 

Details: 
	NewEngineState=Stopped
	PreviousEngineState=Available

	SequenceNumber=15

	HostName=ConsoleHost
	HostVersion=5.1.19041.1320
	HostId=3a75b840-fbe0-4629-b35d-dd30f359b8ae
	HostApplication=powershell Add-MpPreference -ExclusionPath C:\Temp\\*
	EngineVersion=5.1.19041.1320
	RunspaceId=d8747607-c2a2-4f26-8445-19a31b21ae54
	PipelineId=
	CommandName=
	CommandType=
	ScriptName=
	CommandPath=
	CommandLine=","-",wineventlog,"Windows PowerShell","vagrant-10","-","-","-","-","-","-","-","-","-","-","-","-","-","-","-","-","-","-","-","-","-","-","-","-","-","-","-","-","-","-","-","-","-","-","-","-","-","-","-","-","-","-","-","-","-","-","-","-","-","-","-","-","-","-","-","-","-","-","-","-","-","-","-","-","-","-","-","-","-","-","-","-","-","-","-","-","-","-","-","-","-","-","-","-","-","-","-","-","-","-","-","-","-","-","-","-","-","-","-","-","-","-","-","-","-",Stopped,"-","-","-","-","-","-","-",Available,"-","-","-","	NewEngineState=Stopped
	PreviousEngineState=Available

	SequenceNumber=15

	HostName=ConsoleHost
	HostVersion=5.1.19041.1320
	HostId=3a75b840-fbe0-4629-b35d-dd30f359b8ae
	HostApplication=powershell Add-MpPreference -ExclusionPath C:\Temp\\*
	EngineVersion=5.1.19041.1320
	RunspaceId=d8747607-c2a2-4f26-8445-19a31b21ae54
	PipelineId=
	CommandName=
	CommandType=
	ScriptName=
	CommandPath=
	CommandLine=","-","-","-","-","-","-",403,Classic,Info,"-","-","-",PowerShell,545,"Engine Lifecycle","-","-","-","-","-"
"Oct 24, 2022 @ 22:05:05.151","EPJPCoQBQo9Iz8vxy_yh",".ds-winlogbeat-8.4.3-2022.10.17-000001","-","8d24c149-a762-44f9-ba0d-58433a72abc0","vagrant-10","24130491-308c-4270-b613-e4ed7c62ad4a","vagrant-10",winlogbeat,"8.4.3","8.0.0","Execute a Remote Command",4104,"Oct 24, 2022 @ 22:05:05.247",event,"<Event xmlns='http://schemas.microsoft.com/win/2004/08/events/event'><System><Provider Name='Microsoft-Windows-PowerShell' Guid='{a0c1853b-5c40-4b15-8766-3cf1c58f985a}'/><EventID>4104</EventID><Version>1</Version><Level>3</Level><Task>2</Task><Opcode>15</Opcode><Keywords>0x0</Keywords><TimeCreated SystemTime='2022-10-24T14:05:05.1510936Z'/><EventRecordID>249</EventRecordID><Correlation ActivityID='{8268e5b5-e7e9-0000-a10f-6982e9e7d801}'/><Execution ProcessID='2784' ThreadID='992'/><Channel>Microsoft-Windows-PowerShell/Operational</Channel><Computer>vagrant-10</Computer><Security UserID='S-1-5-18'/></System><EventData><Data Name='MessageNumber'>1</Data><Data Name='MessageTotal'>1</Data><Data Name='ScriptBlockText'>
#requires -version 3.0

try { Microsoft.PowerShell.Core\Set-StrictMode -Off } catch { }

$script:MyModule = $MyInvocation.MyCommand.ScriptBlock.Module

$script:ClassName = 'ROOT\Microsoft\Windows\Defender\MSFT_MpWDOScan'
$script:ClassVersion = '1.0'
$script:ModuleVersion = '1.0'
$script:ObjectModelWrapper = [Microsoft.PowerShell.Cmdletization.Cim.CimCmdletAdapter]

$script:PrivateData = [System.Collections.Generic.Dictionary[string,string]]::new()

Microsoft.PowerShell.Core\Export-ModuleMember -Function @()
        

function __cmdletization_BindCommonParameters
{
    param(
        $__cmdletization_objectModelWrapper,
        $myPSBoundParameters
    )       
                

        if ($myPSBoundParameters.ContainsKey('CimSession')) { 
            $__cmdletization_objectModelWrapper.PSObject.Properties['CimSession'].Value = $myPSBoundParameters['CimSession'] 
        }
                    

        if ($myPSBoundParameters.ContainsKey('ThrottleLimit')) { 
            $__cmdletization_objectModelWrapper.PSObject.Properties['ThrottleLimit'].Value = $myPSBoundParameters['ThrottleLimit'] 
        }
                    

        if ($myPSBoundParameters.ContainsKey('AsJob')) { 
            $__cmdletization_objectModelWrapper.PSObject.Properties['AsJob'].Value = $myPSBoundParameters['AsJob'] 
        }
                    

}
                

function Start-MpWDOScan
{
    [CmdletBinding(PositionalBinding=$false)]
    
    
    param(
    
    [Parameter(ParameterSetName='Start0')]
    [Alias('Session')]
    [ValidateNotNullOrEmpty()]
    [CimSession[]]
    ${CimSession},

    [Parameter(ParameterSetName='Start0')]
    [int]
    ${ThrottleLimit},

    [Parameter(ParameterSetName='Start0')]
    [switch]
    ${AsJob})

    DynamicParam {
        try 
        {
            if (-not $__cmdletization_exceptionHasBeenThrown)
            {
                $__cmdletization_objectModelWrapper = $script:ObjectModelWrapper::new()
                $__cmdletization_objectModelWrapper.Initialize($PSCmdlet, $script:ClassName, $script:ClassVersion, $script:ModuleVersion, $script:PrivateData)

                if ($__cmdletization_objectModelWrapper -is [System.Management.Automation.IDynamicParameters])
                {
                    ([System.Management.Automation.IDynamicParameters]$__cmdletization_objectModelWrapper).GetDynamicParameters()
                }
            }
        }
        catch
        {
            $__cmdletization_exceptionHasBeenThrown = $true
            throw
        }
    }

    Begin {
        $__cmdletization_exceptionHasBeenThrown = $false
        try 
        {
            __cmdletization_BindCommonParameters $__cmdletization_objectModelWrapper $PSBoundParameters
            $__cmdletization_objectModelWrapper.BeginProcessing()
        }
        catch
        {
            $__cmdletization_exceptionHasBeenThrown = $true
            throw
        }
    }
        

    Process {
        try 
        {
            if (-not $__cmdletization_exceptionHasBeenThrown)
            {
      $__cmdletization_methodParameters = [System.Collections.Generic.List[Microsoft.PowerShell.Cmdletization.MethodParameter]]::new()

      $__cmdletization_returnValue = [Microsoft.PowerShell.Cmdletization.MethodParameter]@{ Name = 'ReturnValue'; ParameterType = 'System.Int32'; Bindings = 'Error'; Value = $null; IsValuePresent = $false }
      $__cmdletization_methodInvocationInfo = [Microsoft.PowerShell.Cmdletization.MethodInvocationInfo]::new('Start', $__cmdletization_methodParameters, $__cmdletization_returnValue)
      $__cmdletization_objectModelWrapper.ProcessRecord($__cmdletization_methodInvocationInfo)

            }
        }
        catch
        {
            $__cmdletization_exceptionHasBeenThrown = $true
            throw
        }
    }
        

    End {
        try
        {
            if (-not $__cmdletization_exceptionHasBeenThrown)
            {
                $__cmdletization_objectModelWrapper.EndProcessing()
            }
        }
        catch
        {
            throw
        }
    }

    # .EXTERNALHELP MSFT_MpWDOScan.cdxml-Help.xml
}
Microsoft.PowerShell.Core\Export-ModuleMember -Function 'Start-MpWDOScan' -Alias '*'
        
</Data><Data Name='ScriptBlockId'>a38ccbd1-bcca-421d-bab7-dcc2af3b40bf</Data><Data Name='Path'></Data></EventData></Event>","-","Microsoft-Windows-PowerShell","x86_64","vagrant-10","ef486c7a-d018-43ce-bc87-fd5ce10088a9","fe80::650c:205f:e854:a4c3, 192.168.103.3","08:00:27:e3:04:fd","vagrant-10","19043.1348",windows,"10.0.19041.1348 (WinBuild.160101.0800)","Windows 10 Enterprise Evaluation","Windows 10 Enterprise Evaluation",windows,windows,"10.0",warning,"Creating Scriptblock text (1 of 1):

#requires -version 3.0

try { Microsoft.PowerShell.Core\Set-StrictMode -Off } catch { }

$script:MyModule = $MyInvocation.MyCommand.ScriptBlock.Module

$script:ClassName = 'ROOT\Microsoft\Windows\Defender\MSFT_MpWDOScan'
$script:ClassVersion = '1.0'
$script:ModuleVersion = '1.0'
$script:ObjectModelWrapper = [Microsoft.PowerShell.Cmdletization.Cim.CimCmdletAdapter]

$script:PrivateData = [System.Collections.Generic.Dictionary[string,string]]::new()

Microsoft.PowerShell.Core\Export-ModuleMember -Function @()
        

function __cmdletization_BindCommonParameters
{
    param(
        $__cmdletization_objectModelWrapper,
        $myPSBoundParameters
    )       
                

        if ($myPSBoundParameters.ContainsKey('CimSession')) { 
            $__cmdletization_objectModelWrapper.PSObject.Properties['CimSession'].Value = $myPSBoundParameters['CimSession'] 
        }
                    

        if ($myPSBoundParameters.ContainsKey('ThrottleLimit')) { 
            $__cmdletization_objectModelWrapper.PSObject.Properties['ThrottleLimit'].Value = $myPSBoundParameters['ThrottleLimit'] 
        }
                    

        if ($myPSBoundParameters.ContainsKey('AsJob')) { 
            $__cmdletization_objectModelWrapper.PSObject.Properties['AsJob'].Value = $myPSBoundParameters['AsJob'] 
        }
                    

}
                

function Start-MpWDOScan
{
    [CmdletBinding(PositionalBinding=$false)]
    
    
    param(
    
    [Parameter(ParameterSetName='Start0')]
    [Alias('Session')]
    [ValidateNotNullOrEmpty()]
    [CimSession[]]
    ${CimSession},

    [Parameter(ParameterSetName='Start0')]
    [int]
    ${ThrottleLimit},

    [Parameter(ParameterSetName='Start0')]
    [switch]
    ${AsJob})

    DynamicParam {
        try 
        {
            if (-not $__cmdletization_exceptionHasBeenThrown)
            {
                $__cmdletization_objectModelWrapper = $script:ObjectModelWrapper::new()
                $__cmdletization_objectModelWrapper.Initialize($PSCmdlet, $script:ClassName, $script:ClassVersion, $script:ModuleVersion, $script:PrivateData)

                if ($__cmdletization_objectModelWrapper -is [System.Management.Automation.IDynamicParameters])
                {
                    ([System.Management.Automation.IDynamicParameters]$__cmdletization_objectModelWrapper).GetDynamicParameters()
                }
            }
        }
        catch
        {
            $__cmdletization_exceptionHasBeenThrown = $true
            throw
        }
    }

    Begin {
        $__cmdletization_exceptionHasBeenThrown = $false
        try 
        {
            __cmdletization_BindCommonParameters $__cmdletization_objectModelWrapper $PSBoundParameters
            $__cmdletization_objectModelWrapper.BeginProcessing()
        }
        catch
        {
            $__cmdletization_exceptionHasBeenThrown = $true
            throw
        }
    }
        

    Process {
        try 
        {
            if (-not $__cmdletization_exceptionHasBeenThrown)
            {
      $__cmdletization_methodParameters = [System.Collections.Generic.List[Microsoft.PowerShell.Cmdletization.MethodParameter]]::new()

      $__cmdletization_returnValue = [Microsoft.PowerShell.Cmdletization.MethodParameter]@{ Name = 'ReturnValue'; ParameterType = 'System.Int32'; Bindings = 'Error'; Value = $null; IsValuePresent = $false }
      $__cmdletization_methodInvocationInfo = [Microsoft.PowerShell.Cmdletization.MethodInvocationInfo]::new('Start', $__cmdletization_methodParameters, $__cmdletization_returnValue)
      $__cmdletization_objectModelWrapper.ProcessRecord($__cmdletization_methodInvocationInfo)

            }
        }
        catch
        {
            $__cmdletization_exceptionHasBeenThrown = $true
            throw
        }
    }
        

    End {
        try
        {
            if (-not $__cmdletization_exceptionHasBeenThrown)
            {
                $__cmdletization_objectModelWrapper.EndProcessing()
            }
        }
        catch
        {
            throw
        }
    }

    # .EXTERNALHELP MSFT_MpWDOScan.cdxml-Help.xml
}
Microsoft.PowerShell.Core\Export-ModuleMember -Function 'Start-MpWDOScan' -Alias '*'
        


ScriptBlock ID: a38ccbd1-bcca-421d-bab7-dcc2af3b40bf
Path: ","{8268e5b5-e7e9-0000-a10f-6982e9e7d801}",wineventlog,"Microsoft-Windows-PowerShell/Operational","vagrant-10","-","-","-","-","-","-","-","-","-","-","-","-","-","-","-","-","-","-","-","-","-","-","-","-","-","-","-","-","-","-","-","-","-","-","-","-","-","-",1,1,"-","-","-","-","-","-","-","-","-","-","-","-","-","-","-","-","-","-","-","-","-","-","-","a38ccbd1-bcca-421d-bab7-dcc2af3b40bf","
#requires -version 3.0

try { Microsoft.PowerShell.Core\Set-StrictMode -Off } catch { }

$script:MyModule = $MyInvocation.MyCommand.ScriptBlock.Module

$script:ClassName = 'ROOT\Microsoft\Windows\Defender\MSFT_MpWDOScan'
$script:ClassVersion = '1.0'
$script:ModuleVersion = '1.0'
$script:ObjectModelWrapper = [Microsoft.PowerShell.Cmdletization.Cim.CimCmdletAdapter]

$script:PrivateData = [System.Collections.Generic.Dictionary[string,string]]::new()

Microsoft.PowerShell.Core\Export-ModuleMember -Function @()
        

function __cmdletization_BindCommonParameters
{
    param(
        $__cmdletization_objectModelWrapper,
        $myPSBoundParameters
    )       
                

        if ($myPSBoundParameters.ContainsKey('CimSession')) { 
            $__cmdletization_objectModelWrapper.PSObject.Properties['CimSession'].Value = $myPSBoundParameters['CimSession'] 
        }
                    

        if ($myPSBoundParameters.ContainsKey('ThrottleLimit')) { 
            $__cmdletization_objectModelWrapper.PSObject.Properties['ThrottleLimit'].Value = $myPSBoundParameters['ThrottleLimit'] 
        }
                    

        if ($myPSBoundParameters.ContainsKey('AsJob')) { 
            $__cmdletization_objectModelWrapper.PSObject.Properties['AsJob'].Value = $myPSBoundParameters['AsJob'] 
        }
                    

}
                

function Start-MpWDOScan
{
    [CmdletBinding(PositionalBinding=$false)]
    
    
    param(
    
    [Parameter(ParameterSetName='Start0')]
    [Alias('Session')]
    [ValidateNotNullOrEmpty()]
    [CimSession[]]
    ${CimSession},

    [Parameter(ParameterSetName='Start0')]
    [int]
    ${ThrottleLimit},

    [Parameter(ParameterSetName='Start0')]
    [switch]
    ${AsJob})

    DynamicParam {
        try 
        {
            if (-not $__cmdletization_exceptionHasBeenThrown)
            {
                $__cmdletization_objectModelWrapper = $script:ObjectModelWrapper::new()
                $__cmdletization_objectModelWrapper.Initialize($PSCmdlet, $script:ClassName, $script:ClassVersion, $script:ModuleVersion, $script:PrivateData)

                if ($__cmdletization_objectModelWrapper -is [System.Management.Automation.IDynamicParameters])
                {
                    ([System.Management.Automation.IDynamicParameters]$__cmdletization_objectModelWrapper).GetDynamicParameters()
                }
            }
        }
        catch
        {
            $__cmdletization_exceptionHasBeenThrown = $true
            throw
        }
    }

    Begin {
        $__cmdletization_exceptionHasBeenThrown = $false
        try 
        {
            __cmdletization_BindCommonParameters $__cmdletization_objectModelWrapper $PSBoundParameters
            $__cmdletization_objectModelWrapper.BeginProcessing()
        }
        catch
        {
            $__cmdletization_exceptionHasBeenThrown = $true
            throw
        }
    }
        

    Process {
        try 
        {
            if (-not $__cmdletization_exceptionHasBeenThrown)
            {
      $__cmdletization_methodParameters = [System.Collections.Generic.List[Microsoft.PowerShell.Cmdletization.MethodParameter]]::new()

      $__cmdletization_returnValue = [Microsoft.PowerShell.Cmdletization.MethodParameter]@{ Name = 'ReturnValue'; ParameterType = 'System.Int32'; Bindings = 'Error'; Value = $null; IsValuePresent = $false }
      $__cmdletization_methodInvocationInfo = [Microsoft.PowerShell.Cmdletization.MethodInvocationInfo]::new('Start', $__cmdletization_methodParameters, $__cmdletization_returnValue)
      $__cmdletization_objectModelWrapper.ProcessRecord($__cmdletization_methodInvocationInfo)

            }
        }
        catch
        {
            $__cmdletization_exceptionHasBeenThrown = $true
            throw
        }
    }
        

    End {
        try
        {
            if (-not $__cmdletization_exceptionHasBeenThrown)
            {
                $__cmdletization_objectModelWrapper.EndProcessing()
            }
        }
        catch
        {
            throw
        }
    }

    # .EXTERNALHELP MSFT_MpWDOScan.cdxml-Help.xml
}
Microsoft.PowerShell.Core\Export-ModuleMember -Function 'Start-MpWDOScan' -Alias '*'
        ","-","-","-","-","-","-","-","-","-","-","-","-","-","-","-","-","-","-","-","-","-","-","-","-","-","-","-","-","-","-","-","-","-","-","-","-","-","-","-","-","-","-","-","-","-","-","-","-","-","-","-","-","-","-","-","-","-","-","-",4104,"-","-","2,784",992,"{a0c1853b-5c40-4b15-8766-3cf1c58f985a}","Microsoft-Windows-PowerShell",249,"Execute a Remote Command","NT AUTHORITY","S-1-5-18",SYSTEM,User,1
