icrosoft-Windows-Sysmon","x86_64","vagrant-10","ef486c7a-d018-43ce-bc87-fd5ce10088a9","fe80::650c:205f:e854:a4c3, 192.168.103.3","08:00:27:e3:04:fd","vagrant-10","19043.1348",windows,"10.0.19041.1348 (WinBuild.160101.0800)","Windows 10 Enterprise Evaluation","Windows 10 Enterprise Evaluation",windows,windows,"10.0",information,"Registry value set:
RuleName: InvDB-Pub
EventType: SetValue
UtcTime: 2022-10-24 14:04:58.208
ProcessGuid: {ef486c7a-9b62-6356-f300-000000001500}
ProcessId: 6784
Image: C:\Windows\system32\CompatTelRunner.exe
TargetObject: \REGISTRY\A\{1bfaa340-1a26-c87c-113a-f26ea2f93fbc}\Root\InventoryApplication\00008e2a02b740ba9d63c0d766cef9918a2300000904\Publisher
Details: CN=Microsoft Windows, O=Microsoft Corporation, L=Redmond, S=Washington, C=US
User: NT AUTHORITY\SYSTEM","-",wineventlog,"Microsoft-Windows-Sysmon/Operational","vagrant-10","-","-","-","-","-","-","-","-","-","-","-","-","-","-","-","-","-","CN=Microsoft Windows, O=Microsoft Corporation, L=Redmond, S=Washington, C=US","-",SetValue,"-","-","C:\Windows\system32\CompatTelRunner.exe","-","-","-","-","-","-","-","-","-","-","-","-","-","-","-","-","-","-","-","-","-","-","-","-","-","-","-","{ef486c7a-9b62-6356-f300-000000001500}",6784,"-","-","-","-","-","-","-","-","-","-","InvDB-Pub","-","-","-","-","-","-","-","-","-","-","-","-","-","-","-","-","-","-","-","-","-","-","-","-","-","-","-","\REGISTRY\A\{1bfaa340-1a26-c87c-113a-f26ea2f93fbc}\Root\InventoryApplication\00008e2a02b740ba9d63c0d766cef9918a2300000904\Publisher","-","-","-","-","-","-","-","-","-","-","NT AUTHORITY\SYSTEM","2022-10-24 14:04:58.208","-","-","-","-","-","-","-","-","-","-","-","-","-","-","-","-","-","-","-","-","-",13,"-",Info,"2,064","3,220","{5770385f-c22a-43e0-bf4c-06f5698ffbd9}","Microsoft-Windows-Sysmon",1756,"Registry value set (rule: RegistryEvent)","NT AUTHORITY","S-1-5-18",SYSTEM,User,2
"Oct 24, 2022 @ 22:04:58.164",qPJPCoQBQo9Iz8vxnPve,".ds-winlogbeat-8.4.3-2022.10.17-000001","-","8d24c149-a762-44f9-ba0d-58433a72abc0","vagrant-10","24130491-308c-4270-b613-e4ed7c62ad4a","vagrant-10",winlogbeat,"8.4.3","8.0.0","Network connection detected (rule: NetworkConnect)",3,"Oct 24, 2022 @ 22:04:58.187",event,"<Event xmlns='http://schemas.microsoft.com/win/2004/08/events/event'><System><Provider Name='Microsoft-Windows-Sysmon' Guid='{5770385f-c22a-43e0-bf4c-06f5698ffbd9}'/><EventID>3</EventID><Version>5</Version><Level>4</Level><Task>3</Task><Opcode>0</Opcode><Keywords>0x8000000000000000</Keywords><TimeCreated SystemTime='2022-10-24T14:04:58.1646110Z'/><EventRecordID>1755</EventRecordID><Correlation/><Execution ProcessID='2064' ThreadID='3228'/><Channel>Microsoft-Windows-Sysmon/Operational</Channel><Computer>vagrant-10</Computer><Security UserID='S-1-5-18'/></System><EventData><Data Name='RuleName'>-</Data><Data Name='UtcTime'>2022-10-24 14:04:48.650</Data><Data Name='ProcessGuid'>{ef486c7a-9b89-6356-2601-000000001500}</Data><Data Name='ProcessId'>5880</Data><Data Name='Image'>C:\Windows\TEMP\ZNuyqd.exe</Data><Data Name='User'>NT AUTHORITY\SYSTEM</Data><Data Name='Protocol'>tcp</Data><Data Name='Initiated'>true</Data><Data Name='SourceIsIpv6'>false</Data><Data Name='SourceIp'>192.168.103.3</Data><Data Name='SourceHostname'>vagrant-10</Data><Data Name='SourcePort'>59986</Data><Data Name='SourcePortName'>-</Data><Data Name='DestinationIsIpv6'>false</Data><Data Name='DestinationIp'>10.0.0.2</Data><Data Name='DestinationHostname'>-</Data><Data Name='DestinationPort'>4444</Data><Data Name='DestinationPortName'>-</Data></EventData><RenderingInfo Culture='en-US'><Message>Network connection detected:
RuleName: -
UtcTime: 2022-10-24 14:04:48.650
ProcessGuid: {ef486c7a-9b89-6356-2601-000000001500}
ProcessId: 5880
Image: C:\Windows\TEMP\ZNuyqd.exe
User: NT AUTHORITY\SYSTEM
Protocol: tcp
Initiated: true
SourceIsIpv6: false
SourceIp: 192.168.103.3
SourceHostname: vagrant-10
SourcePort: 59986
SourcePortName: -
DestinationIsIpv6: false
DestinationIp: 10.0.0.2
DestinationHostname: -
DestinationPort: 4444
DestinationPortName: -</Message><Level>Information</Level><Task>Network connection detected (rule: NetworkConnect)</Task><Opcode>Info</Opcode><Channel></Channel><Provider></Provider><Keywords></Keywords></RenderingInfo></Event>","-","Microsoft-Windows-Sysmon","x86_64","vagrant-10","ef486c7a-d018-43ce-bc87-fd5ce10088a9","fe80::650c:205f:e854:a4c3, 192.168.103.3","08:00:27:e3:04:fd","vagrant-10","19043.1348",windows,"10.0.19041.1348 (WinBuild.160101.0800)","Windows 10 Enterprise Evaluation","Windows 10 Enterprise Evaluation",windows,windows,"10.0",information,"Network connection detected:
RuleName: -
UtcTime: 2022-10-24 14:04:48.650
ProcessGuid: {ef486c7a-9b89-6356-2601-000000001500}
ProcessId: 5880
Image: C:\Windows\TEMP\ZNuyqd.exe
User: NT AUTHORITY\SYSTEM
Protocol: tcp
Initiated: true
SourceIsIpv6: false
SourceIp: 192.168.103.3
SourceHostname: vagrant-10
SourcePort: 59986
SourcePortName: -
DestinationIsIpv6: false
DestinationIp: 10.0.0.2
DestinationHostname: -
DestinationPort: 4444
DestinationPortName: -","-",wineventlog,"Microsoft-Windows-Sysmon/Operational","vagrant-10","-","-","-","-","-","-","-","-","-","-","-","-","-","10.0.0.2",false,4444,"-","-","-","-","-","-","C:\Windows\TEMP\ZNuyqd.exe","-","-",true,"-","-","-","-","-","-","-","-","-","-","-","-","-","-","-","-","-","-","-","-","-","-","-","-","{ef486c7a-9b89-6356-2601-000000001500}",5880,"-","-",tcp,"-","-","-","-","-","-","-","-","-","-","-","-","vagrant-10","-","192.168.103.3",false,59986,"-","-","-","-","-","-","-","-","-","-","-","-","-","-","-","-","-","-","-","-","-","-","-","-","-","-","-","-","-","NT AUTHORITY\SYSTEM","2022-10-24 14:04:48.650","-","-","-","-","-","-","-","-","-","-","-","-","-","-","-","-","-","-","-","-","-",3,"-",Info,"2,064","3,228","{5770385f-c22a-43e0-bf4c-06f5698ffbd9}","Microsoft-Windows-Sysmon",1755,"Network connection detected (rule: NetworkConnect)","NT AUTHORITY","S-1-5-18",SYSTEM,User,5
"Oct 24, 2022 @ 22:04:58.164",rvJPCoQBQo9Iz8vxnPve,".ds-winlogbeat-8.4.3-2022.10.17-000001","-","8d24c149-a762-44f9-ba0d-58433a72abc0","vagrant-10","24130491-308c-4270-b613-e4ed7c62ad4a","vagrant-10",winlogbeat,"8.4.3","8.0.0","Network connection detected (rule: NetworkConnect)",3,"Oct 24, 2022 @ 22:04:58.187",event,"<Event xmlns='http://schemas.microsoft.com/win/2004/08/events/event'><System><Provider Name='Microsoft-Windows-Sysmon' Guid='{5770385f-c22a-43e0-bf4c-06f5698ffbd9}'/><EventID>3</EventID><Version>5</Version><Level>4</Level><Task>3</Task><Opcode>0</Opcode><Keywords>0x8000000000000000</Keywords><TimeCreated SystemTime='2022-10-24T14:04:58.1646110Z'/><EventRecordID>1755</EventRecordID><Correlation/><Execution ProcessID='2064' ThreadID='3228'/><Channel>Microsoft-Windows-Sysmon/Operational</Channel><Computer>vagrant-10</Computer><Security UserID='S-1-5-18'/></System><EventData><Data Name='RuleName'>-</Data><Data Name='UtcTime'>2022-10-24 14:04:48.650</Data><Data Name='ProcessGuid'>{ef486c7a-9b89-6356-2601-000000001500}</Data><Data Name='ProcessId'>5880</Data><Data Name='Image'>C:\Windows\TEMP\ZNuyqd.exe</Data><Data Name='User'>NT AUTHORITY\SYSTEM</Data><Data Name='Protocol'>tcp</Data><Data Name='Initiated'>true</Data><Data Name='SourceIsIpv6'>false</Data><Data Name='SourceIp'>192.168.103.3</Data><Data Name='SourceHostname'>vagrant-10</Data><Data Name='SourcePort'>59986</Data><Data Name='SourcePortName'>-</Data><Data Name='DestinationIsIpv6'>false</Data><Data Name='DestinationIp'>10.0.0.2</Data><Data Name='DestinationHostname'>-</Data><Data Name='DestinationPort'>4444</Data><Data Name='DestinationPortName'>-</Data></EventData><RenderingInfo Culture='en-US'><Message>Network connection detected:
RuleName: -
UtcTime: 2022-10-24 14:04:48.650
ProcessGuid: {ef486c7a-9b89-6356-2601-000000001500}
ProcessId: 5880
Image: C:\Windows\TEMP\ZNuyqd.exe
User: NT AUTHORITY\SYSTEM
Protocol: tcp
Initiated: true
SourceIsIpv6: false
SourceIp: 192.168.103.3
SourceHostname: vagrant-10
SourcePort: 59986
SourcePortName: -
DestinationIsIpv6: false
DestinationIp: 10.0.0.2
DestinationHostname: -
DestinationPort: 4444
DestinationPortName: -</Message><Level>Information</Level><Task>Network connection detected (rule: NetworkConnect)</Task><Opcode>Info</Opcode><Channel></Channel><Provider></Provider><Keywords></Keywords></RenderingInfo></Event>","-","Microsoft-Windows-Sysmon","x86_64","vagrant-10","ef486c7a-d018-43ce-bc87-fd5ce10088a9","fe80::650c:205f:e854:a4c3, 192.168.103.3","08:00:27:e3:04:fd","vagrant-10","19043.1348",windows,"10.0.19041.1348 (WinBuild.160101.0800)","Windows 10 Enterprise Evaluation","Windows 10 Enterprise Evaluation",windows,windows,"10.0",information,"Network connection detected:
RuleName: -
UtcTime: 2022-10-24 14:04:48.650
ProcessGuid: {ef486c7a-9b89-6356-2601-000000001500}
ProcessId: 5880
Image: C:\Windows\TEMP\ZNuyqd.exe
User: NT AUTHORITY\SYSTEM
Protocol: tcp
Initiated: true
SourceIsIpv6: false
SourceIp: 192.168.103.3
SourceHostname: vagrant-10
SourcePort: 59986
SourcePortName: -
DestinationIsIpv6: false
DestinationIp: 10.0.0.2
DestinationHostname: -
DestinationPort: 4444
DestinationPortName: -","-",wineventlog,"Microsoft-Windows-Sysmon/Operational","vagrant-10","-","-","-","-","-","-","-","-","-","-","-","-","-","10.0.0.2",false,4444,"-","-","-","-","-","-","C:\Windows\TEMP\ZNuyqd.exe","-","-",true,"-","-","-","-","-","-","-","-","-","-","-","-","-","-","-","-","-","-","-","-","-","-","-","-","{ef486c7a-9b89-6356-2601-000000001500}",5880,"-","-",tcp,"-","-","-","-","-","-","-","-","-","-","-","-","vagrant-10","-","192.168.103.3",false,59986,"-","-","-","-","-","-","-","-","-","-","-","-","-","-","-","-","-","-","-","-","-","-","-","-","-","-","-","-","-","NT AUTHORITY\SYSTEM","2022-10-24 14:04:48.650","-","-","-","-","-","-","-","-","-","-","-","-","-","-","-","-","-","-","-","-","-",3,"-",Info,"2,064","3,228","{5770385f-c22a-43e0-bf4c-06f5698ffbd9}","Microsoft-Windows-Sysmon",1755,"Network connection detected (rule: NetworkConnect)","NT AUTHORITY","S-1-5-18",SYSTEM,User,5
"Oct 24, 2022 @ 22:04:58.066","p_JPCoQBQo9Iz8vxnPve",".ds-winlogbeat-8.4.3-2022.10.17-000001","-","8d24c149-a762-44f9-ba0d-58433a72abc0","vagrant-10","24130491-308c-4270-b613-e4ed7c62ad4a","vagrant-10",winlogbeat,"8.4.3","8.0.0","Registry value set (rule: RegistryEvent)",13,"Oct 24, 2022 @ 22:04:58.187",event,"<Event xmlns='http://schemas.microsoft.com/win/2004/08/events/event'><System><Provider Name='Microsoft-Windows-Sysmon' Guid='{5770385f-c22a-43e0-bf4c-06f5698ffbd9}'/><EventID>13</EventID><Version>2</Version><Level>4</Level><Task>13</Task><Opcode>0</Opcode><Keywords>0x8000000000000000</Keywords><TimeCreated SystemTime='2022-10-24T14:04:58.0661718Z'/><EventRecordID>1754</EventRecordID><Correlation/><Execution ProcessID='2064' ThreadID='3220'/><Channel>Microsoft-Windows-Sysmon/Operational</Channel><Computer>vagrant-10</Computer><Security UserID='S-1-5-18'/></System><EventData><Data Name='RuleName'>InvDB-Pub</Data><Data Name='EventType'>SetValue</Data><Data Name='UtcTime'>2022-10-24 14:04:58.059</Data><Data Name='ProcessGuid'>{ef486c7a-9b62-6356-f300-000000001500}</Data><Data Name='ProcessId'>6784</Data><Data Name='Image'>C:\Windows\system32\CompatTelRunner.exe</Data><Data Name='TargetObject'>\REGISTRY\A\{1bfaa340-1a26-c87c-113a-f26ea2f93fbc}\Root\InventoryApplication\0000a84eb34f327a9e73f414f53a483d1e1700000904\Publisher</Data><Data Name='Details'>CN=Microsoft Windows, O=Microsoft Corporation, L=Redmond, S=Washington, C=US</Data><Data Name='User'>NT AUTHORITY\SYSTEM</Data></EventData><RenderingInfo Culture='en-US'><Message>Registry value set:
RuleName: InvDB-Pub
EventType: SetValue
UtcTime: 2022-10-24 14:04:58.059
ProcessGuid: {ef486c7a-9b62-6356-f300-000000001500}
ProcessId: 6784
Image: C:\Windows\system32\CompatTelRunner.exe
TargetObject: \REGISTRY\A\{1bfaa340-1a26-c87c-113a-f26ea2f93fbc}\Root\InventoryApplication\0000a84eb34f327a9e73f414f53a483d1e1700000904\Publisher
Details: CN=Microsoft Windows, O=Microsoft Corporation, L=Redmond, S=Washington, C=US
User: NT AUTHORITY\SYSTEM</Message><Level>Information</Level><Task>Registry value set (rule: RegistryEvent)</Task><Opcode>Info</Opcode><Channel></Channel><Provider></Provider><Keywords></Keywords></RenderingInfo></Event>","-","Microsoft-Windows-Sysmon","x86_64","vagrant-10","ef486c7a-d018-43ce-bc87-fd5ce10088a9","fe80::650c:205f:e854:a4c3, 192.168.103.3","08:00:27:e3:04:fd","vagrant-10","19043.1348",windows,"10.0.19041.1348 (WinBuild.160101.0800)","Windows 10 Enterprise Evaluation","Windows 10 Enterprise Evaluation",windows,windows,"10.0",information,"Registry value set:
RuleName: InvDB-Pub
EventType: SetValue
UtcTime: 2022-10-24 14:04:58.059
ProcessGuid: {ef486c7a-9b62-6356-f300-000000001500}
ProcessId: 6784
Image: C:\Windows\system32\CompatTelRunner.exe
TargetObject: \REGISTRY\A\{1bfaa340-1a26-c87c-113a-f26ea2f93fbc}\Root\InventoryApplication\0000a84eb34f327a9e73f414f53a483d1e1700000904\Publisher
Details: CN=Microsoft Windows, O=Microsoft Corporation, L=Redmond, S=Washington, C=US
User: NT AUTHORITY\SYSTEM","-",wineventlog,"Microsoft-Windows-Sysmon/Operational","vagrant-10","-","-","-","-","-","-","-","-","-","-","-","-","-","-","-","-","-","CN=Microsoft Windows, O=Microsoft Corporation, L=Redmond, S=Washington, C=US","-",SetValue,"-","-","C:\Windows\system32\CompatTelRunner.exe","-","-","-","-","-","-","-","-","-","-","-","-","-","-","-","-","-","-","-","-","-","-","-","-","-","-","-","{ef486c7a-9b62-6356-f300-000000001500}",6784,"-","-","-","-","-","-","-","-","-","-","InvDB-Pub","-","-","-","-","-","-","-","-","-","-","-","-","-","-","-","-","-","-","-","-","-","-","-","-","-","-","-","\REGISTRY\A\{1bfaa340-1a26-c87c-113a-f26ea2f93fbc}\Root\InventoryApplication\0000a84eb34f327a9e73f414f53a483d1e1700000904\Publisher","-","-","-","-","-","-","-","-","-","-","NT AUTHORITY\SYSTEM","2022-10-24 14:04:58.059","-","-","-","-","-","-","-","-","-","-","-","-","-","-","-","-","-","-","-","-","-",13,"-",Info,"2,064","3,220","{5770385f-c22a-43e0-bf4c-06f5698ffbd9}","Microsoft-Windows-Sysmon",1754,"Registry value set (rule: RegistryEvent)","NT AUTHORITY","S-1-5-18",SYSTEM,User,2
"Oct 24, 2022 @ 22:04:58.066",rfJPCoQBQo9Iz8vxnPve,".ds-winlogbeat-8.4.3-2022.10.17-000001","-","8d24c149-a762-44f9-ba0d-58433a72abc0","vagrant-10","24130491-308c-4270-b613-e4ed7c62ad4a","vagrant-10",winlogbeat,"8.4.3","8.0.0","Registry value set (rule: RegistryEvent)",13,"Oct 24, 2022 @ 22:04:58.187",event,"<Event xmlns='http://schemas.microsoft.com/win/2004/08/events/event'><System><Provider Name='Microsoft-Windows-Sysmon' Guid='{5770385f-c22a-43e0-bf4c-06f5698ffbd9}'/><EventID>13</EventID><Version>2</Version><Level>4</Level><Task>13</Task><Opcode>0</Opcode><Keywords>0x8000000000000000</Keywords><TimeCreated SystemTime='2022-10-24T14:04:58.0661718Z'/><EventRecordID>1754</EventRecordID><Correlation/><Execution ProcessID='2064' ThreadID='3220'/><Channel>Microsoft-Windows-Sysmon/Operational</Channel><Computer>vagrant-10</Computer><Security UserID='S-1-5-18'/></System><EventData><Data Name='RuleName'>InvDB-Pub</Data><Data Name='EventType'>SetValue</Data><Data Name='UtcTime'>2022-10-24 14:04:58.059</Data><Data Name='ProcessGuid'>{ef486c7a-9b62-6356-f300-000000001500}</Data><Data Name='ProcessId'>6784</Data><Data Name='Image'>C:\Windows\system32\CompatTelRunner.exe</Data><Data Name='TargetObject'>\REGISTRY\A\{1bfaa340-1a26-c87c-113a-f26ea2f93fbc}\Root\InventoryApplication\0000a84eb34f327a9e73f414f53a483d1e1700000904\Publisher</Data><Data Name='Details'>CN=Microsoft Windows, O=Microsoft Corporation, L=Redmond, S=Washington, C=US</Data><Data Name='User'>NT AUTHORITY\SYSTEM</Data></EventData><RenderingInfo Culture='en-US'><Message>Registry value set:
RuleName: InvDB-Pub
EventType: SetValue
UtcTime: 2022-10-24 14:04:58.059
ProcessGuid: {ef486c7a-9b62-6356-f300-000000001500}
ProcessId: 6784
Image: C:\Windows\system32\CompatTelRunner.exe
TargetObject: \REGISTRY\A\{1bfaa340-1a26-c87c-113a-f26ea2f93fbc}\Root\InventoryApplication\0000a84eb34f327a9e73f414f53a483d1e1700000904\Publisher
Details: CN=Microsoft Windows, O=Microsoft Corporation, L=Redmond, S=Washington, C=US
User: NT AUTHORITY\SYSTEM</Message><Level>Information</Level><Task>Registry value set (rule: RegistryEvent)</Task><Opcode>Info</Opcode><Channel></Channel><Provider></Provider><Keywords></Keywords></RenderingInfo></Event>","-","Microsoft-Windows-Sysmon","x86_64","vagrant-10","ef486c7a-d018-43ce-bc87-fd5ce10088a9","fe80::650c:205f:e854:a4c3, 192.168.103.3","08:00:27:e3:04:fd","vagrant-10","19043.1348",windows,"10.0.19041.1348 (WinBuild.160101.0800)","Windows 10 Enterprise Evaluation","Windows 10 Enterprise Evaluation",windows,windows,"10.0",information,"Registry value set:
RuleName: InvDB-Pub
EventType: SetValue
UtcTime: 2022-10-24 14:04:58.059
ProcessGuid: {ef486c7a-9b62-6356-f300-000000001500}
ProcessId: 6784
Image: C:\Windows\system32\CompatTelRunner.exe
TargetObject: \REGISTRY\A\{1bfaa340-1a26-c87c-113a-f26ea2f93fbc}\Root\InventoryApplication\0000a84eb34f327a9e73f414f53a483d1e1700000904\Publisher
Details: CN=Microsoft Windows, O=Microsoft Corporation, L=Redmond, S=Washington, C=US
User: NT AUTHORITY\SYSTEM","-",wineventlog,"Microsoft-Windows-Sysmon/Operational","vagrant-10","-","-","-","-","-","-","-","-","-","-","-","-","-","-","-","-","-","CN=Microsoft Windows, O=Microsoft Corporation, L=Redmond, S=Washington, C=US","-",SetValue,"-","-","C:\Windows\system32\CompatTelRunner.exe","-","-","-","-","-","-","-","-","-","-","-","-","-","-","-","-","-","-","-","-","-","-","-","-","-","-","-","{ef486c7a-9b62-6356-f300-000000001500}",6784,"-","-","-","-","-","-","-","-","-","-","InvDB-Pub","-","-","-","-","-","-","-","-","-","-","-","-","-","-","-","-","-","-","-","-","-","-","-","-","-","-","-","\REGISTRY\A\{1bfaa340-1a26-c87c-113a-f26ea2f93fbc}\Root\InventoryApplication\0000a84eb34f327a9e73f414f53a483d1e1700000904\Publisher","-","-","-","-","-","-","-","-","-","-","NT AUTHORITY\SYSTEM","2022-10-24 14:04:58.059","-","-","-","-","-","-","-","-","-","-","-","-","-","-","-","-","-","-","-","-","-",13,"-",Info,"2,064","3,220","{5770385f-c22a-43e0-bf4c-06f5698ffbd9}","Microsoft-Windows-Sysmon",1754,"Registry value set (rule: RegistryEvent)","NT AUTHORITY","S-1-5-18",SYSTEM,User,2
"Oct 24, 2022 @ 22:04:57.918",pvJPCoQBQo9Iz8vxnPve,".ds-winlogbeat-8.4.3-2022.10.17-000001","-","8d24c149-a762-44f9-ba0d-58433a72abc0","vagrant-10","24130491-308c-4270-b613-e4ed7c62ad4a","vagrant-10",winlogbeat,"8.4.3","8.0.0","Registry value set (rule: RegistryEvent)",13,"Oct 24, 2022 @ 22:04:58.187",event,"<Event xmlns='http://schemas.microsoft.com/win/2004/08/events/event'><System><Provider Name='Microsoft-Windows-Sysmon' Guid='{5770385f-c22a-43e0-bf4c-06f5698ffbd9}'/><EventID>13</EventID><Version>2</Version><Level>4</Level><Task>13</Task><Opcode>0</Opcode><Keywords>0x8000000000000000</Keywords><TimeCreated SystemTime='2022-10-24T14:04:57.9184076Z'/><EventRecordID>1753</EventRecordID><Correlation/><Execution ProcessID='2064' ThreadID='3220'/><Channel>Microsoft-Windows-Sysmon/Operational</Channel><Computer>vagrant-10</Computer><Security UserID='S-1-5-18'/></System><EventData><Data Name='RuleName'>InvDB-Pub</Data><Data Name='EventType'>SetValue</Data><Data Name='UtcTime'>2022-10-24 14:04:57.913</Data><Data Name='ProcessGuid'>{ef486c7a-9b62-6356-f300-000000001500}</Data><Data Name='ProcessId'>6784</Data><Data Name='Image'>C:\Windows\system32\CompatTelRunner.exe</Data><Data Name='TargetObject'>\REGISTRY\A\{1bfaa340-1a26-c87c-113a-f26ea2f93fbc}\Root\InventoryApplication\00005fff49c9e0e30bc5c9af75c864df863600000904\Publisher</Data><Data Name='Details'>CN=Microsoft Corporation, O=Microsoft Corporation, L=Redmond, S=Washington, C=US</Data><Data Name='User'>NT AUTHORITY\SYSTEM</Data></EventData><RenderingInfo Culture='en-US'><Message>Registry value set:
RuleName: InvDB-Pub
EventType: SetValue
UtcTime: 2022-10-24 14:04:57.913
ProcessGuid: {ef486c7a-9b62-6356-f300-000000001500}
ProcessId: 6784
Image: C:\Windows\system32\CompatTelRunner.exe
TargetObject: \REGISTRY\A\{1bfaa340-1a26-c87c-113a-f26ea2f93fbc}\Root\InventoryApplication\00005fff49c9e0e30bc5c9af75c864df863600000904\Publisher
Details: CN=Microsoft Corporation, O=Microsoft Corporation, L=Redmond, S=Washington, C=US
User: NT AUTHORITY\SYSTEM</Message><Level>Information</Level><Task>Registry value set (rule: RegistryEvent)</Task><Opcode>Info</Opcode><Channel></Channel><Provider></Provider><Keywords></Keywords></RenderingInfo></Event>","-","Microsoft-Windows-Sysmon","x86_64","vagrant-10","ef486c7a-d018-43ce-bc87-fd5ce10088a9","fe80::650c:205f:e854:a4c3, 192.168.103.3","08:00:27:e3:04:fd","vagrant-10","19043.1348",windows,"10.0.19041.1348 (WinBuild.160101.0800)","Windows 10 Enterprise Evaluation","Windows 10 Enterprise Evaluation",windows,windows,"10.0",information,"Registry value set:
RuleName: InvDB-Pub
EventType: SetValue
UtcTime: 2022-10-24 14:04:57.913
ProcessGuid: {ef486c7a-9b62-6356-f300-000000001500}
ProcessId: 6784
Image: C:\Windows\system32\CompatTelRunner.exe
TargetObject: \REGISTRY\A\{1bfaa340-1a26-c87c-113a-f26ea2f93fbc}\Root\InventoryApplication\00005fff49c9e0e30bc5c9af75c864df863600000904\Publisher
Details: CN=Microsoft Corporation, O=Microsoft Corporation, L=Redmond, S=Washington, C=US
User: NT AUTHORITY\SYSTEM","-",wineventlog,"Microsoft-Windows-Sysmon/Operational","vagrant-10","-","-","-","-","-","-","-","-","-","-","-","-","-","-","-","-","-","CN=Microsoft Corporation, O=Microsoft Corporation, L=Redmond, S=Washington, C=US","-",SetValue,"-","-","C:\Windows\system32\CompatTelRunner.exe","-","-","-","-","-","-","-","-","-","-","-","-","-","-","-","-","-","-","-","-","-","-","-","-","-","-","-","{ef486c7a-9b62-6356-f300-000000001500}",6784,"-","-","-","-","-","-","-","-","-","-","InvDB-Pub","-","-","-","-","-","-","-","-","-","-","-","-","-","-","-","-","-","-","-","-","-","-","-","-","-","-","-","\REGISTRY\A\{1bfaa340-1a26-c87c-113a-f26ea2f93fbc}\Root\InventoryApplication\00005fff49c9e0e30bc5c9af75c864df863600000904\Publisher","-","-","-","-","-","-","-","-","-","-","NT AUTHORITY\SYSTEM","2022-10-24 14:04:57.913","-","-","-","-","-","-","-","-","-","-","-","-","-","-","-","-","-","-","-","-","-",13,"-",Info,"2,064","3,220","{5770385f-c22a-43e0-bf4c-06f5698ffbd9}","Microsoft-Windows-Sysmon",1753,"Registry value set (rule: RegistryEvent)","NT AUTHORITY","S-1-5-18",SYSTEM,User,2
"Oct 24, 2022 @ 22:04:57.918",rPJPCoQBQo9Iz8vxnPve,".ds-winlogbeat-8.4.3-2022.10.17-000001","-","8d24c149-a762-44f9-ba0d-58433a72abc0","vagrant-10","24130491-308c-4270-b613-e4ed7c62ad4a","vagrant-10",winlogbeat,"8.4.3","8.0.0","Registry value set (rule: RegistryEvent)",13,"Oct 24, 2022 @ 22:04:58.187",event,"<Event xmlns='http://schemas.microsoft.com/win/2004/08/events/event'><System><Provider Name='Microsoft-Windows-Sysmon' Guid='{5770385f-c22a-43e0-bf4c-06f5698ffbd9}'/><EventID>13</EventID><Version>2</Version><Level>4</Level><Task>13</Task><Opcode>0</Opcode><Keywords>0x8000000000000000</Keywords><TimeCreated SystemTime='2022-10-24T14:04:57.9184076Z'/><EventRecordID>1753</EventRecordID><Correlation/><Execution ProcessID='2064' ThreadID='3220'/><Channel>Microsoft-Windows-Sysmon/Operational</Channel><Computer>vagrant-10</Computer><Security UserID='S-1-5-18'/></System><EventData><Data Name='RuleName'>InvDB-Pub</Data><Data Name='EventType'>SetValue</Data><Data Name='UtcTime'>2022-10-24 14:04:57.913</Data><Data Name='ProcessGuid'>{ef486c7a-9b62-6356-f300-000000001500}</Data><Data Name='ProcessId'>6784</Data><Data Name='Image'>C:\Windows\system32\CompatTelRunner.exe</Data><Data Name='TargetObject'>\REGISTRY\A\{1bfaa340-1a26-c87c-113a-f26ea2f93fbc}\Root\InventoryApplication\00005fff49c9e0e30bc5c9af75c864df863600000904\Publisher</Data><Data Name='Details'>CN=Microsoft Corporation, O=Microsoft Corporation, L=Redmond, S=Washington, C=US</Data><Data Name='User'>NT AUTHORITY\SYSTEM</Data></EventData><RenderingInfo Culture='en-US'><Message>Registry value set:
RuleName: InvDB-Pub
EventType: SetValue
UtcTime: 2022-10-24 14:04:57.913
ProcessGuid: {ef486c7a-9b62-6356-f300-000000001500}
ProcessId: 6784
Image: C:\Windows\system32\CompatTelRunner.exe
TargetObject: \REGISTRY\A\{1bfaa340-1a26-c87c-113a-f26ea2f93fbc}\Root\InventoryApplication\00005fff49c9e0e30bc5c9af75c864df863600000904\Publisher
Details: CN=Microsoft Corporation, O=Microsoft Corporation, L=Redmond, S=Washington, C=US
User: NT AUTHORITY\SYSTEM</Message><Level>Information</Level><Task>Registry value set (rule: RegistryEvent)</Task><Opcode>Info</Opcode><Channel></Channel><Provider></Provider><Keywords></Keywords></RenderingInfo></Event>","-","Microsoft-Windows-Sysmon","x86_64","vagrant-10","ef486c7a-d018-43ce-bc87-fd5ce10088a9","fe80::650c:205f:e854:a4c3, 192.168.103.3","08:00:27:e3:04:fd","vagrant-10","19043.1348",windows,"10.0.19041.1348 (WinBuild.160101.0800)","Windows 10 Enterprise Evaluation","Windows 10 Enterprise Evaluation",windows,windows,"10.0",information,"Registry value set:
RuleName: InvDB-Pub
EventType: SetValue
UtcTime: 2022-10-24 14:04:57.913
ProcessGuid: {ef486c7a-9b62-6356-f300-000000001500}
ProcessId: 6784
Image: C:\Windows\system32\CompatTelRunner.exe
TargetObject: \REGISTRY\A\{1bfaa340-1a26-c87c-113a-f26ea2f93fbc}\Root\InventoryApplication\00005fff49c9e0e30bc5c9af75c864df863600000904\Publisher
Details: CN=Microsoft Corporation, O=Microsoft Corporation, L=Redmond, S=Washington, C=US
User: NT AUTHORITY\SYSTEM","-",wineventlog,"Microsoft-Windows-Sysmon/Operational","vagrant-10","-","-","-","-","-","-","-","-","-","-","-","-","-","-","-","-","-","CN=Microsoft Corporation, O=Microsoft Corporation, L=Redmond, S=Washington, C=US","-",SetValue,"-","-","C:\Windows\system32\CompatTelRunner.exe","-","-","-","-","-","-","-","-","-","-","-","-","-","-","-","-","-","-","-","-","-","-","-","-","-","-","-","{ef486c7a-9b62-6356-f300-000000001500}",6784,"-","-","-","-","-","-","-","-","-","-","InvDB-Pub","-","-","-","-","-","-","-","-","-","-","-","-","-","-","-","-","-","-","-","-","-","-","-","-","-","-","-","\REGISTRY\A\{1bfaa340-1a26-c87c-113a-f26ea2f93fbc}\Root\InventoryApplication\00005fff49c9e0e30bc5c9af75c864df863600000904\Publisher","-","-","-","-","-","-","-","-","-","-","NT AUTHORITY\SYSTEM","2022-10-24 14:04:57.913","-","-","-","-","-","-","-","-","-","-","-","-","-","-","-","-","-","-","-","-","-",13,"-",Info,"2,064","3,220","{5770385f-c22a-43e0-bf4c-06f5698ffbd9}","Microsoft-Windows-Sysmon",1753,"Registry value set (rule: RegistryEvent)","NT AUTHORITY","S-1-5-18",SYSTEM,User,2
"Oct 24, 2022 @ 22:04:57.739",pfJPCoQBQo9Iz8vxnPve,".ds-winlogbeat-8.4.3-2022.10.17-000001","-","8d24c149-a762-44f9-ba0d-58433a72abc0","vagrant-10","24130491-308c-4270-b613-e4ed7c62ad4a","vagrant-10",winlogbeat,"8.4.3","8.0.0","Registry value set (rule: RegistryEvent)",13,"Oct 24, 2022 @ 22:04:58.187",event,"<Event xmlns='http://schemas.microsoft.com/win/2004/08/events/event'><System><Provider Name='Microsoft-Windows-Sysmon' Guid='{5770385f-c22a-43e0-bf4c-06f5698ffbd9}'/><EventID>13</EventID><Version>2</Version><Level>4</Level><Task>13</Task><Opcode>0</Opcode><Keywords>0x8000000000000000</Keywords><TimeCreated SystemTime='2022-10-24T14:04:57.7391503Z'/><EventRecordID>1752</EventRecordID><Correlation/><Execution ProcessID='2064' ThreadID='3220'/><Channel>Microsoft-Windows-Sysmon/Operational</Channel><Computer>vagrant-10</Computer><Security UserID='S-1-5-18'/></System><EventData><Data Name='RuleName'>InvDB-Pub</Data><Data Name='EventType'>SetValue</Data><Data Name='UtcTime'>2022-10-24 14:04:57.735</Data><Data Name='ProcessGuid'>{ef486c7a-9b62-6356-f300-000000001500}</Data><Data Name='ProcessId'>6784</Data><Data Name='Image'>C:\Windows\system32\CompatTelRunner.exe</Data><Data Name='TargetObject'>\REGISTRY\A\{1bfaa340-1a26-c87c-113a-f26ea2f93fbc}\Root\InventoryApplication\0000d5e750432bfef63a56012f35272b5aa000000904\Publisher</Data><Data Name='Details'>CN=Microsoft Windows, O=Microsoft Corporation, L=Redmond, S=Washington, C=US</Data><Data Name='User'>NT AUTHORITY\SYSTEM</Data></EventData><RenderingInfo Culture='en-US'><Message>Registry value set:
RuleName: InvDB-Pub
EventType: SetValue
UtcTime: 2022-10-24 14:04:57.735
ProcessGuid: {ef486c7a-9b62-6356-f300-000000001500}
ProcessId: 6784
Image: C:\Windows\system32\CompatTelRunner.exe
TargetObject: \REGISTRY\A\{1bfaa340-1a26-c87c-113a-f26ea2f93fbc}\Root\InventoryApplication\0000d5e750432bfef63a56012f35272b5aa000000904\Publisher
Details: CN=Microsoft Windows, O=Microsoft Corporation, L=Redmond, S=Washington, C=US
User: NT AUTHORITY\SYSTEM</Message><Level>Information</Level><Task>Registry value set (rule: RegistryEvent)</Task><Opcode>Info</Opcode><Channel></Channel><Provider></Provider><Keywords></Keywords></RenderingInfo></Event>","-","Microsoft-Windows-Sysmon","x86_64","vagrant-10","ef486c7a-d018-43ce-bc87-fd5ce10088a9","fe80::650c:205f:e854:a4c3, 192.168.103.3","08:00:27:e3:04:fd","vagrant-10","19043.1348",windows,"10.0.19041.1348 (WinBuild.160101.0800)","Windows 10 Enterprise Evaluation","Windows 10 Enterprise Evaluation",windows,windows,"10.0",information,"Registry value set:
RuleName: InvDB-Pub
EventType: SetValue
UtcTime: 2022-10-24 14:04:57.735
ProcessGuid: {ef486c7a-9b62-6356-f300-000000001500}
ProcessId: 6784
Image: C:\Windows\system32\CompatTelRunner.exe
TargetObject: \REGISTRY\A\{1bfaa340-1a26-c87c-113a-f26ea2f93fbc}\Root\InventoryApplication\0000d5e750432bfef63a56012f35272b5aa000000904\Publisher
Details: CN=Microsoft Windows, O=Microsoft Corporation, L=Redmond, S=Washington, C=US
User: NT AUTHORITY\SYSTEM","-",wineventlog,"Microsoft-Windows-Sysmon/Operational","vagrant-10","-","-","-","-","-","-","-","-","-","-","-","-","-","-","-","-","-","CN=Microsoft Windows, O=Microsoft Corporation, L=Redmond, S=Washington, C=US","-",SetValue,"-","-","C:\Windows\system32\CompatTelRunner.exe","-","-","-","-","-","-","-","-","-","-","-","-","-","-","-","-","-","-","-","-","-","-","-","-","-","-","-","{ef486c7a-9b62-6356-f300-000000001500}",6784,"-","-","-","-","-","-","-","-","-","-","InvDB-Pub","-","-","-","-","-","-","-","-","-","-","-","-","-","-","-","-","-","-","-","-","-","-","-","-","-","-","-","\REGISTRY\A\{1bfaa340-1a26-c87c-113a-f26ea2f93fbc}\Root\InventoryApplication\0000d5e750432bfef63a56012f35272b5aa000000904\Publisher","-","-","-","-","-","-","-","-","-","-","NT AUTHORITY\SYSTEM","2022-10-24 14:04:57.735","-","-","-","-","-","-","-","-","-","-","-","-","-","-","-","-","-","-","-","-","-",13,"-",Info,"2,064","3,220","{5770385f-c22a-43e0-bf4c-06f5698ffbd9}","Microsoft-Windows-Sysmon",1752,"Registry value set (rule: RegistryEvent)","NT AUTHORITY","S-1-5-18",SYSTEM,User,2
"Oct 24, 2022 @ 22:04:57.739","q_JPCoQBQo9Iz8vxnPve",".ds-winlogbeat-8.4.3-2022.10.17-000001","-","8d24c149-a762-44f9-ba0d-58433a72abc0","vagrant-10","24130491-308c-4270-b613-e4ed7c62ad4a","vagrant-10",winlogbeat,"8.4.3","8.0.0","Registry value set (rule: RegistryEvent)",13,"Oct 24, 2022 @ 22:04:58.187",event,"<Event xmlns='http://schemas.microsoft.com/win/2004/08/events/event'><System><Provider Name='Microsoft-Windows-Sysmon' Guid='{5770385f-c22a-43e0-bf4c-06f5698ffbd9}'/><EventID>13</EventID><Version>2</Version><Level>4</Level><Task>13</Task><Opcode>0</Opcode><Keywords>0x8000000000000000</Keywords><TimeCreated SystemTime='2022-10-24T14:04:57.7391503Z'/><EventRecordID>1752</EventRecordID><Correlation/><Execution ProcessID='2064' ThreadID='3220'/><Channel>Microsoft-Windows-Sysmon/Operational</Channel><Computer>vagrant-10</Computer><Security UserID='S-1-5-18'/></System><EventData><Data Name='RuleName'>InvDB-Pub</Data><Data Name='EventType'>SetValue</Data><Data Name='UtcTime'>2022-10-24 14:04:57.735</Data><Data Name='ProcessGuid'>{ef486c7a-9b62-6356-f300-000000001500}</Data><Data Name='ProcessId'>6784</Data><Data Name='Image'>C:\Windows\system32\CompatTelRunner.exe</Data><Data Name='TargetObject'>\REGISTRY\A\{1bfaa340-1a26-c87c-113a-f26ea2f93fbc}\Root\InventoryApplication\0000d5e750432bfef63a56012f35272b5aa000000904\Publisher</Data><Data Name='Details'>CN=Microsoft Windows, O=Microsoft Corporation, L=Redmond, S=Washington, C=US</Data><Data Name='User'>NT AUTHORITY\SYSTEM</Data></EventData><RenderingInfo Culture='en-US'><Message>Registry value set:
RuleName: InvDB-Pub
EventType: SetValue
UtcTime: 2022-10-24 14:04:57.735
ProcessGuid: {ef486c7a-9b62-6356-f300-000000001500}
ProcessId: 6784
Image: C:\Windows\system32\CompatTelRunner.exe
TargetObject: \REGISTRY\A\{1bfaa340-1a26-c87c-113a-f26ea2f93fbc}\Root\InventoryApplication\0000d5e750432bfef63a56012f35272b5aa000000904\Publisher
Details: CN=Microsoft Windows, O=Microsoft Corporation, L=Redmond, S=Washington, C=US
User: NT AUTHORITY\SYSTEM</Message><Level>Information</Level><Task>Registry value set (rule: RegistryEvent)</Task><Opcode>Info</Opcode><Channel></Channel><Provider></Provider><Keywords></Keywords></RenderingInfo></Event>","-","Microsoft-Windows-Sysmon","x86_64","vagrant-10","ef486c7a-d018-43ce-bc87-fd5ce10088a9","fe80::650c:205f:e854:a4c3, 192.168.103.3","08:00:27:e3:04:fd","vagrant-10","19043.1348",windows,"10.0.19041.1348 (WinBuild.160101.0800)","Windows 10 Enterprise Evaluation","Windows 10 Enterprise Evaluation",windows,windows,"10.0",information,"Registry value set:
RuleName: InvDB-Pub
EventType: SetValue
UtcTime: 2022-10-24 14:04:57.735
ProcessGuid: {ef486c7a-9b62-6356-f300-000000001500}
ProcessId: 6784
Image: C:\Windows\system32\CompatTelRunner.exe
TargetObject: \REGISTRY\A\{1bfaa340-1a26-c87c-113a-f26ea2f93fbc}\Root\InventoryApplication\0000d5e750432bfef63a56012f35272b5aa000000904\Publisher
Details: CN=Microsoft Windows, O=Microsoft Corporation, L=Redmond, S=Washington, C=US
User: NT AUTHORITY\SYSTEM","-",wineventlog,"Microsoft-Windows-Sysmon/Operational","vagrant-10","-","-","-","-","-","-","-","-","-","-","-","-","-","-","-","-","-","CN=Microsoft Windows, O=Microsoft Corporation, L=Redmond, S=Washington, C=US","-",SetValue,"-","-","C:\Windows\system32\CompatTelRunner.exe","-","-","-","-","-","-","-","-","-","-","-","-","-","-","-","-","-","-","-","-","-","-","-","-","-","-","-","{ef486c7a-9b62-6356-f300-000000001500}",6784,"-","-","-","-","-","-","-","-","-","-","InvDB-Pub","-","-","-","-","-","-","-","-","-","-","-","-","-","-","-","-","-","-","-","-","-","-","-","-","-","-","-","\REGISTRY\A\{1bfaa340-1a26-c87c-113a-f26ea2f93fbc}\Root\InventoryApplication\0000d5e750432bfef63a56012f35272b5aa000000904\Publisher","-","-","-","-","-","-","-","-","-","-","NT AUTHORITY\SYSTEM","2022-10-24 14:04:57.735","-","-","-","-","-","-","-","-","-","-","-","-","-","-","-","-","-","-","-","-","-",13,"-",Info,"2,064","3,220","{5770385f-c22a-43e0-bf4c-06f5698ffbd9}","Microsoft-Windows-Sysmon",1752,"Registry value set (rule: RegistryEvent)","NT AUTHORITY","S-1-5-18",SYSTEM,User,2
"Oct 24, 2022 @ 22:04:57.719",pPJPCoQBQo9Iz8vxnPve,".ds-winlogbeat-8.4.3-2022.10.17-000001","-","8d24c149-a762-44f9-ba0d-58433a72abc0","vagrant-10","24130491-308c-4270-b613-e4ed7c62ad4a","vagrant-10",winlogbeat,"8.4.3","8.0.0","Dns query (rule: DnsQuery)",22,"Oct 24, 2022 @ 22:04:58.187",event,"<Event xmlns='http://schemas.microsoft.com/win/2004/08/events/event'><System><Provider Name='Microsoft-Windows-Sysmon' Guid='{5770385f-c22a-43e0-bf4c-06f5698ffbd9}'/><EventID>22</EventID><Version>5</Version><Level>4</Level><Task>22</Task><Opcode>0</Opcode><Keywords>0x8000000000000000</Keywords><TimeCreated SystemTime='2022-10-24T14:04:57.7193985Z'/><EventRecordID>1751</EventRecordID><Correlation/><Execution ProcessID='2064' ThreadID='3240'/><Channel>Microsoft-Windows-Sysmon/Operational</Channel><Computer>vagrant-10</Computer><Security UserID='S-1-5-18'/></System><EventData><Data Name='RuleName'>-</Data><Data Name='UtcTime'>2022-10-24 14:04:48.065</Data><Data Name='ProcessGuid'>{ef486c7a-f97e-6356-1900-000000001500}</Data><Data Name='ProcessId'>1168</Data><Data Name='QueryName'>wpad</Data><Data Name='QueryStatus'>123</Data><Data Name='QueryResults'>-</Data><Data Name='Image'>C:\Windows\System32\svchost.exe</Data><Data Name='User'>NT AUTHORITY\LOCAL SERVICE</Data></EventData><RenderingInfo Culture='en-US'><Message>Dns query:
RuleName: -
UtcTime: 2022-10-24 14:04:48.065
ProcessGuid: {ef486c7a-f97e-6356-1900-000000001500}
ProcessId: 1168
QueryName: wpad
QueryStatus: 123
QueryResults: -
Image: C:\Windows\System32\svchost.exe
User: NT AUTHORITY\LOCAL SERVICE</Message><Level>Information</Level><Task>Dns query (rule: DnsQuery)</Task><Opcode>Info</Opcode><Channel></Channel><Provider></Provider><Keywords></Keywords></RenderingInfo></Event>","-","Microsoft-Windows-Sysmon","x86_64","vagrant-10","ef486c7a-d018-43ce-bc87-fd5ce10088a9","fe80::650c:205f:e854:a4c3, 192.168.103.3","08:00:27:e3:04:fd","vagrant-10","19043.1348",windows,"10.0.19041.1348 (WinBuild.160101.0800)","Windows 10 Enterprise Evaluation","Windows 10 Enterprise Evaluation",windows,windows,"10.0",information,"Dns query:
RuleName: -
UtcTime: 2022-10-24 14:04:48.065
ProcessGuid: {ef486c7a-f97e-6356-1900-000000001500}
ProcessId: 1168
QueryName: wpad
QueryStatus: 123
QueryResults: -
Image: C:\Windows\System32\svchost.exe
User: NT AUTHORITY\LOCAL SERVICE","-",wineventlog,"Microsoft-Windows-Sysmon/Operational","vagrant-10","-","-","-","-","-","-","-","-","-","-","-","-","-","-","-","-","-","-","-","-","-","-","C:\Windows\System32\svchost.exe","-","-","-","-","-","-","-","-","-","-","-","-","-","-","-","-","-","-","-","-","-","-","-","-","-","-","-","{ef486c7a-f97e-6356-1900-000000001500}",1168,"-","-","-","-",wpad,"-",123,"-","-","-","-","-","-","-","-","-","-","-","-","-","-","-","-","-","-","-","-","-","-","-","-","-","-","-","-","-","-","-","-","-","-","-","-","-","-","-","-","-","-","NT AUTHORITY\LOCAL SERVICE","2022-10-24 14:04:48.065","-","-","-","-","-","-","-","-","-","-","-","-","-","-","-","-","-","-","-","-","-",22,"-",Info,"2,064","3,240","{5770385f-c22a-43e0-bf4c-06f5698ffbd9}","Microsoft-Windows-Sysmon",1751,"Dns query (rule: DnsQuery)","NT AUTHORITY","S-1-5-18",SYSTEM,User,5
"Oct 24, 2022 @ 22:04:57.719",qvJPCoQBQo9Iz8vxnPve,".ds-winlogbeat-8.4.3-2022.10.17-000001","-","8d24c149-a762-44f9-ba0d-58433a72abc0","vagrant-10","24130491-308c-4270-b613-e4ed7c62ad4a","vagrant-10",winlogbeat,"8.4.3","8.0.0","Dns query (rule: DnsQuery)",22,"Oct 24, 2022 @ 22:04:58.187",event,"<Event xmlns='http://schemas.microsoft.com/win/2004/08/events/event'><System><Provider Name='Microsoft-Windows-Sysmon' Guid='{5770385f-c22a-43e0-bf4c-06f5698ffbd9}'/><EventID>22</EventID><Version>5</Version><Level>4</Level><Task>22</Task><Opcode>0</Opcode><Keywords>0x8000000000000000</Keywords><TimeCreated SystemTime='2022-10-24T14:04:57.7193985Z'/><EventRecordID>1751</EventRecordID><Correlation/><Execution ProcessID='2064' ThreadID='3240'/><Channel>Microsoft-Windows-Sysmon/Operational</Channel><Computer>vagrant-10</Computer><Security UserID='S-1-5-18'/></System><EventData><Data Name='RuleName'>-</Data><Data Name='UtcTime'>2022-10-24 14:04:48.065</Data><Data Name='ProcessGuid'>{ef486c7a-f97e-6356-1900-000000001500}</Data><Data Name='ProcessId'>1168</Data><Data Name='QueryName'>wpad</Data><Data Name='QueryStatus'>123</Data><Data Name='QueryResults'>-</Data><Data Name='Image'>C:\Windows\System32\svchost.exe</Data><Data Name='User'>NT AUTHORITY\LOCAL SERVICE</Data></EventData><RenderingInfo Culture='en-US'><Message>Dns query:
RuleName: -
UtcTime: 2022-10-24 14:04:48.065
ProcessGuid: {ef486c7a-f97e-6356-1900-000000001500}
ProcessId: 1168
QueryName: wpad
QueryStatus: 123
QueryResults: -
Image: C:\Windows\System32\svchost.exe
User: NT AUTHORITY\LOCAL SERVICE</Message><Level>Information</Level><Task>Dns query (rule: DnsQuery)</Task><Opcode>Info</Opcode><Channel></Channel><Provider></Provider><Keywords></Keywords></RenderingInfo></Event>","-","Microsoft-Windows-Sysmon","x86_64","vagrant-10","ef486c7a-d018-43ce-bc87-fd5ce10088a9","fe80::650c:205f:e854:a4c3, 192.168.103.3","08:00:27:e3:04:fd","vagrant-10","19043.1348",windows,"10.0.19041.1348 (WinBuild.160101.0800)","Windows 10 Enterprise Evaluation","Windows 10 Enterprise Evaluation",windows,windows,"10.0",information,"Dns query:
RuleName: -
UtcTime: 2022-10-24 14:04:48.065
ProcessGuid: {ef486c7a-f97e-6356-1900-000000001500}
ProcessId: 1168
QueryName: wpad
QueryStatus: 123
QueryResults: -
Image: C:\Windows\System32\svchost.exe
User: NT AUTHORITY\LOCAL SERVICE","-",wineventlog,"Microsoft-Windows-Sysmon/Operational","vagrant-10","-","-","-","-","-","-","-","-","-","-","-","-","-","-","-","-","-","-","-","-","-","-","C:\Windows\System32\svchost.exe","-","-","-","-","-","-","-","-","-","-","-","-","-","-","-","-","-","-","-","-","-","-","-","-","-","-","-","{ef486c7a-f97e-6356-1900-000000001500}",1168,"-","-","-","-",wpad,"-",123,"-","-","-","-","-","-","-","-","-","-","-","-","-","-","-","-","-","-","-","-","-","-","-","-","-","-","-","-","-","-","-","-","-","-","-","-","-","-","-","-","-","-","NT AUTHORITY\LOCAL SERVICE","2022-10-24 14:04:48.065","-","-","-","-","-","-","-","-","-","-","-","-","-","-","-","-","-","-","-","-","-",22,"-",Info,"2,064","3,240","{5770385f-c22a-43e0-bf4c-06f5698ffbd9}","Microsoft-Windows-Sysmon",1751,"Dns query (rule: DnsQuery)","NT AUTHORITY","S-1-5-18",SYSTEM,User,5
"Oct 24, 2022 @ 22:04:57.585","o_JPCoQBQo9Iz8vxnPve",".ds-winlogbeat-8.4.3-2022.10.17-000001","-","8d24c149-a762-44f9-ba0d-58433a72abc0","vagrant-10","24130491-308c-4270-b613-e4ed7c62ad4a","vagrant-10",winlogbeat,"8.4.3","8.0.0","Registry value set (rule: RegistryEvent)",13,"Oct 24, 2022 @ 22:04:58.187",event,"<Event xmlns='http://schemas.microsoft.com/win/2004/08/events/event'><System><Provider Name='Microsoft-Windows-Sysmon' Guid='{5770385f-c22a-43e0-bf4c-06f5698ffbd9}'/><EventID>13</EventID><Version>2</Version><Level>4</Level><Task>13</Task><Opcode>0</Opcode><Keywords>0x8000000000000000</Keywords><TimeCreated SystemTime='2022-10-24T14:04:57.5859022Z'/><EventRecordID>1750</EventRecordID><Correlation/><Execution ProcessID='2064' ThreadID='3220'/><Channel>Microsoft-Windows-Sysmon/Operational</Channel><Computer>vagrant-10</Computer><Security UserID='S-1-5-18'/></System><EventData><Data Name='RuleName'>InvDB-Pub</Data><Data Name='EventType'>SetValue</Data><Data Name='UtcTime'>2022-10-24 14:04:57.583</Data><Data Name='ProcessGuid'>{ef486c7a-9b62-6356-f300-000000001500}</Data><Data Name='ProcessId'>6784</Data><Data Name='Image'>C:\Windows\system32\CompatTelRunner.exe</Data><Data Name='TargetObject'>\REGISTRY\A\{1bfaa340-1a26-c87c-113a-f26ea2f93fbc}\Root\InventoryApplication\0000ccd62077e37293b308e34184c180e1cd00000904\Publisher</Data><Data Name='Details'>CN=Microsoft Windows, O=Microsoft Corporation, L=Redmond, S=Washington, C=US</Data><Data Name='User'>NT AUTHORITY\SYSTEM</Data></EventData><RenderingInfo Culture='en-US'><Message>Registry value set:
RuleName: InvDB-Pub
EventType: SetValue
UtcTime: 2022-10-24 14:04:57.583
ProcessGuid: {ef486c7a-9b62-6356-f300-000000001500}
ProcessId: 6784
Image: C:\Windows\system32\CompatTelRunner.exe
TargetObject: \REGISTRY\A\{1bfaa340-1a26-c87c-113a-f26ea2f93fbc}\Root\InventoryApplication\0000ccd62077e37293b308e34184c180e1cd00000904\Publisher
Details: CN=Microsoft Windows, O=Microsoft Corporation, L=Redmond, S=Washington, C=US
User: NT AUTHORITY\SYSTEM</Message><Level>Information</Level><Task>Registry value set (rule: RegistryEvent)</Task><Opcode>Info</Opcode><Channel></Channel><Provider></Provider><Keywords></Keywords></RenderingInfo></Event>","-","Microsoft-Windows-Sysmon","x86_64","vagrant-10","ef486c7a-d018-43ce-bc87-fd5ce10088a9","fe80::650c:205f:e854:a4c3, 192.168.103.3","08:00:27:e3:04:fd","vagrant-10","19043.1348",windows,"10.0.19041.1348 (WinBuild.160101.0800)","Windows 10 Enterprise Evaluation","Windows 10 Enterprise Evaluation",windows,windows,"10.0",information,"Registry value set:
RuleName: InvDB-Pub
EventType: SetValue
UtcTime: 2022-10-24 14:04:57.583
ProcessGuid: {ef486c7a-9b62-6356-f300-000000001500}
ProcessId: 6784
Image: C:\Windows\system32\CompatTelRunner.exe
TargetObject: \REGISTRY\A\{1bfaa340-1a26-c87c-113a-f26ea2f93fbc}\Root\InventoryApplication\0000ccd62077e37293b308e34184c180e1cd00000904\Publisher
Details: CN=Microsoft Windows, O=Microsoft Corporation, L=Redmond, S=Washington, C=US
User: NT AUTHORITY\SYSTEM","-",wineventlog,"Microsoft-Windows-Sysmon/Operational","vagrant-10","-","-","-","-","-","-","-","-","-","-","-","-","-","-","-","-","-","CN=Microsoft Windows, O=Microsoft Corporation, L=Redmond, S=Washington, C=US","-",SetValue,"-","-","C:\Windows\system32\CompatTelRunner.exe","-","-","-","-","-","-","-","-","-","-","-","-","-","-","-","-","-","-","-","-","-","-","-","-","-","-","-","{ef486c7a-9b62-6356-f300-000000001500}",6784,"-","-","-","-","-","-","-","-","-","-","InvDB-Pub","-","-","-","-","-","-","-","-","-","-","-","-","-","-","-","-","-","-","-","-","-","-","-","-","-","-","-","\REGISTRY\A\{1bfaa340-1a26-c87c-113a-f26ea2f93fbc}\Root\InventoryApplication\0000ccd62077e37293b308e34184c180e1cd00000904\Publisher","-","-","-","-","-","-","-","-","-","-","NT AUTHORITY\SYSTEM","2022-10-24 14:04:57.583","-","-","-","-","-","-","-","-","-","-","-","-","-","-","-","-","-","-","-","-","-",13,"-",Info,"2,064","3,220","{5770385f-c22a-43e0-bf4c-06f5698ffbd9}","Microsoft-Windows-Sysmon",1750,"Registry value set (rule: RegistryEvent)","NT AUTHORITY","S-1-5-18",SYSTEM,User,2
"Oct 24, 2022 @ 22:04:57.585",qfJPCoQBQo9Iz8vxnPve,".ds-winlogbeat-8.4.3-2022.10.17-000001","-","8d24c149-a762-44f9-ba0d-58433a72abc0","vagrant-10","24130491-308c-4270-b613-e4ed7c62ad4a","vagrant-10",winlogbeat,"8.4.3","8.0.0","Registry value set (rule: RegistryEvent)",13,"Oct 24, 2022 @ 22:04:58.187",event,"<Event xmlns='http://schemas.microsoft.com/win/2004/08/events/event'><System><Provider Name='Microsoft-Windows-Sysmon' Guid='{5770385f-c22a-43e0-bf4c-06f5698ffbd9}'/><EventID>13</EventID><Version>2</Version><Level>4</Level><Task>13</Task><Opcode>0</Opcode><Keywords>0x8000000000000000</Keywords><TimeCreated SystemTime='2022-10-24T14:04:57.5859022Z'/><EventRecordID>1750</EventRecordID><Correlation/><Execution ProcessID='2064' ThreadID='3220'/><Channel>Microsoft-Windows-Sysmon/Operational</Channel><Computer>vagrant-10</Computer><Security UserID='S-1-5-18'/></System><EventData><Data Name='RuleName'>InvDB-Pub</Data><Data Name='EventType'>SetValue</Data><Data Name='UtcTime'>2022-10-24 14:04:57.583</Data><Data Name='ProcessGuid'>{ef486c7a-9b62-6356-f300-000000001500}</Data><Data Name='ProcessId'>6784</Data><Data Name='Image'>C:\Windows\system32\CompatTelRunner.exe</Data><Data Name='TargetObject'>\REGISTRY\A\{1bfaa340-1a26-c87c-113a-f26ea2f93fbc}\Root\InventoryApplication\0000ccd62077e37293b308e34184c180e1cd00000904\Publisher</Data><Data Name='Details'>CN=Microsoft Windows, O=Microsoft Corporation, L=Redmond, S=Washington, C=US</Data><Data Name='User'>NT AUTHORITY\SYSTEM</Data></EventData><RenderingInfo Culture='en-US'><Message>Registry value set:
RuleName: InvDB-Pub
EventType: SetValue
UtcTime: 2022-10-24 14:04:57.583
ProcessGuid: {ef486c7a-9b62-6356-f300-000000001500}
ProcessId: 6784
Image: C:\Windows\system32\CompatTelRunner.exe
TargetObject: \REGISTRY\A\{1bfaa340-1a26-c87c-113a-f26ea2f93fbc}\Root\InventoryApplication\0000ccd62077e37293b308e34184c180e1cd00000904\Publisher
Details: CN=Microsoft Windows, O=Microsoft Corporation, L=Redmond, S=Washington, C=US
User: NT AUTHORITY\SYSTEM</Message><Level>Information</Level><Task>Registry value set (rule: RegistryEvent)</Task><Opcode>Info</Opcode><Channel></Channel><Provider></Provider><Keywords></Keywords></RenderingInfo></Event>","-","M