icrosoft-Windows-Sysmon","x86_64","vagrant-10","ef486c7a-d018-43ce-bc87-fd5ce10088a9","fe80::650c:205f:e854:a4c3, 192.168.103.3","08:00:27:e3:04:fd","vagrant-10","19043.1348",windows,"10.0.19041.1348 (WinBuild.160101.0800)","Windows 10 Enterprise Evaluation","Windows 10 Enterprise Evaluation",windows,windows,"10.0",information,"Process Create:
RuleName: -
UtcTime: 2022-10-24 14:05:06.835
ProcessGuid: {ef486c7a-9b92-6356-3201-000000001500}
ProcessId: 1424
Image: C:\Windows\SysWOW64\crypt.exe
FileVersion: -
Description: -
Product: -
Company: -
OriginalFileName: -
CommandLine: crypt.exe
CurrentDirectory: C:\Windows\system32\
User: NT AUTHORITY\SYSTEM
LogonGuid: {ef486c7a-f97d-6356-e703-000000000000}
LogonId: 0x3E7
TerminalSessionId: 0
IntegrityLevel: System
Hashes: MD5=EBBD9C2B089762926C26F8CFF6049907,SHA256=910514A3FC11D2C6799B7299806E7174B80337AD07E749D6A818795987A6D0C5,IMPHASH=69EB46A9F63EDCC604B0BDAAA8E0F2F5
ParentProcessGuid: {ef486c7a-9b89-6356-2601-000000001500}
ParentProcessId: 5880
ParentImage: C:\Windows\Temp\ZNuyqd.exe
ParentCommandLine: C:\Windows\TEMP\ZNuyqd.exe
ParentUser: NT AUTHORITY\SYSTEM","-",wineventlog,"Microsoft-Windows-Sysmon/Operational","vagrant-10","-","-","-","-","-","-","crypt.exe","-","-","-","C:\Windows\system32\","-","-","-","-","-","-","-","-","-","-","MD5=EBBD9C2B089762926C26F8CFF6049907,SHA256=910514A3FC11D2C6799B7299806E7174B80337AD07E749D6A818795987A6D0C5,IMPHASH=69EB46A9F63EDCC604B0BDAAA8E0F2F5","C:\Windows\SysWOW64\crypt.exe","-","-","-",System,"-","-","-","-","-","-","-","{ef486c7a-f97d-6356-e703-000000000000}",0x3e7,"-","-","-","-","-","-","-","C:\Windows\TEMP\ZNuyqd.exe","C:\Windows\Temp\ZNuyqd.exe","{ef486c7a-9b89-6356-2601-000000001500}",5880,"NT AUTHORITY\SYSTEM","-","-","{ef486c7a-9b92-6356-3201-000000001500}",1424,"-","-","-","-","-","-","-","-","-","-","-","-","-","-","-","-","-","-","-","-","-","-","-","-","-","-","-","-","-","-","-","-","-","-","-","-","-","-","-","-","-","-","-","-","-","-",0,"-","-","NT AUTHORITY\SYSTEM","2022-10-24 14:05:06.835","-","-","-","-","-","-","-","-","-","-","-","-","-","-","-","-","-","-","-","-","-",1,"-",Info,"2,064","3,220","{5770385f-c22a-43e0-bf4c-06f5698ffbd9}","Microsoft-Windows-Sysmon",1788,"Process Create (rule: ProcessCreate)","NT AUTHORITY","S-1-5-18",SYSTEM,User,5
"Oct 24, 2022 @ 22:05:06.870","KPJPCoQBQo9Iz8vx2_xj",".ds-winlogbeat-8.4.3-2022.10.17-000001","-","8d24c149-a762-44f9-ba0d-58433a72abc0","vagrant-10","24130491-308c-4270-b613-e4ed7c62ad4a","vagrant-10",winlogbeat,"8.4.3","8.0.0","Registry value set (rule: RegistryEvent)",13,"Oct 24, 2022 @ 22:05:07.916",event,"<Event xmlns='http://schemas.microsoft.com/win/2004/08/events/event'><System><Provider Name='Microsoft-Windows-Sysmon' Guid='{5770385f-c22a-43e0-bf4c-06f5698ffbd9}'/><EventID>13</EventID><Version>2</Version><Level>4</Level><Task>13</Task><Opcode>0</Opcode><Keywords>0x8000000000000000</Keywords><TimeCreated SystemTime='2022-10-24T14:05:06.8700588Z'/><EventRecordID>1787</EventRecordID><Correlation/><Execution ProcessID='2064' ThreadID='3220'/><Channel>Microsoft-Windows-Sysmon/Operational</Channel><Computer>vagrant-10</Computer><Security UserID='S-1-5-18'/></System><EventData><Data Name='RuleName'>InvDB-Pub</Data><Data Name='EventType'>SetValue</Data><Data Name='UtcTime'>2022-10-24 14:05:06.856</Data><Data Name='ProcessGuid'>{ef486c7a-9b62-6356-f300-000000001500}</Data><Data Name='ProcessId'>6784</Data><Data Name='Image'>C:\Windows\system32\CompatTelRunner.exe</Data><Data Name='TargetObject'>\REGISTRY\A\{1bfaa340-1a26-c87c-113a-f26ea2f93fbc}\Root\InventoryApplication\00005bfaf1c9a10517c79fd5066b0906890800000904\Publisher</Data><Data Name='Details'>CN=Microsoft Windows, O=Microsoft Corporation, L=Redmond, S=Washington, C=US</Data><Data Name='User'>NT AUTHORITY\SYSTEM</Data></EventData><RenderingInfo Culture='en-US'><Message>Registry value set:
RuleName: InvDB-Pub
EventType: SetValue
UtcTime: 2022-10-24 14:05:06.856
ProcessGuid: {ef486c7a-9b62-6356-f300-000000001500}
ProcessId: 6784
Image: C:\Windows\system32\CompatTelRunner.exe
TargetObject: \REGISTRY\A\{1bfaa340-1a26-c87c-113a-f26ea2f93fbc}\Root\InventoryApplication\00005bfaf1c9a10517c79fd5066b0906890800000904\Publisher
Details: CN=Microsoft Windows, O=Microsoft Corporation, L=Redmond, S=Washington, C=US
User: NT AUTHORITY\SYSTEM</Message><Level>Information</Level><Task>Registry value set (rule: RegistryEvent)</Task><Opcode>Info</Opcode><Channel></Channel><Provider></Provider><Keywords></Keywords></RenderingInfo></Event>","-","Microsoft-Windows-Sysmon","x86_64","vagrant-10","ef486c7a-d018-43ce-bc87-fd5ce10088a9","fe80::650c:205f:e854:a4c3, 192.168.103.3","08:00:27:e3:04:fd","vagrant-10","19043.1348",windows,"10.0.19041.1348 (WinBuild.160101.0800)","Windows 10 Enterprise Evaluation","Windows 10 Enterprise Evaluation",windows,windows,"10.0",information,"Registry value set:
RuleName: InvDB-Pub
EventType: SetValue
UtcTime: 2022-10-24 14:05:06.856
ProcessGuid: {ef486c7a-9b62-6356-f300-000000001500}
ProcessId: 6784
Image: C:\Windows\system32\CompatTelRunner.exe
TargetObject: \REGISTRY\A\{1bfaa340-1a26-c87c-113a-f26ea2f93fbc}\Root\InventoryApplication\00005bfaf1c9a10517c79fd5066b0906890800000904\Publisher
Details: CN=Microsoft Windows, O=Microsoft Corporation, L=Redmond, S=Washington, C=US
User: NT AUTHORITY\SYSTEM","-",wineventlog,"Microsoft-Windows-Sysmon/Operational","vagrant-10","-","-","-","-","-","-","-","-","-","-","-","-","-","-","-","-","-","CN=Microsoft Windows, O=Microsoft Corporation, L=Redmond, S=Washington, C=US","-",SetValue,"-","-","C:\Windows\system32\CompatTelRunner.exe","-","-","-","-","-","-","-","-","-","-","-","-","-","-","-","-","-","-","-","-","-","-","-","-","-","-","-","{ef486c7a-9b62-6356-f300-000000001500}",6784,"-","-","-","-","-","-","-","-","-","-","InvDB-Pub","-","-","-","-","-","-","-","-","-","-","-","-","-","-","-","-","-","-","-","-","-","-","-","-","-","-","-","\REGISTRY\A\{1bfaa340-1a26-c87c-113a-f26ea2f93fbc}\Root\InventoryApplication\00005bfaf1c9a10517c79fd5066b0906890800000904\Publisher","-","-","-","-","-","-","-","-","-","-","NT AUTHORITY\SYSTEM","2022-10-24 14:05:06.856","-","-","-","-","-","-","-","-","-","-","-","-","-","-","-","-","-","-","-","-","-",13,"-",Info,"2,064","3,220","{5770385f-c22a-43e0-bf4c-06f5698ffbd9}","Microsoft-Windows-Sysmon",1787,"Registry value set (rule: RegistryEvent)","NT AUTHORITY","S-1-5-18",SYSTEM,User,2
"Oct 24, 2022 @ 22:05:06.870","W_JPCoQBQo9Iz8vx2_xz",".ds-winlogbeat-8.4.3-2022.10.17-000001","-","8d24c149-a762-44f9-ba0d-58433a72abc0","vagrant-10","24130491-308c-4270-b613-e4ed7c62ad4a","vagrant-10",winlogbeat,"8.4.3","8.0.0","Registry value set (rule: RegistryEvent)",13,"Oct 24, 2022 @ 22:05:07.918",event,"<Event xmlns='http://schemas.microsoft.com/win/2004/08/events/event'><System><Provider Name='Microsoft-Windows-Sysmon' Guid='{5770385f-c22a-43e0-bf4c-06f5698ffbd9}'/><EventID>13</EventID><Version>2</Version><Level>4</Level><Task>13</Task><Opcode>0</Opcode><Keywords>0x8000000000000000</Keywords><TimeCreated SystemTime='2022-10-24T14:05:06.8700588Z'/><EventRecordID>1787</EventRecordID><Correlation/><Execution ProcessID='2064' ThreadID='3220'/><Channel>Microsoft-Windows-Sysmon/Operational</Channel><Computer>vagrant-10</Computer><Security UserID='S-1-5-18'/></System><EventData><Data Name='RuleName'>InvDB-Pub</Data><Data Name='EventType'>SetValue</Data><Data Name='UtcTime'>2022-10-24 14:05:06.856</Data><Data Name='ProcessGuid'>{ef486c7a-9b62-6356-f300-000000001500}</Data><Data Name='ProcessId'>6784</Data><Data Name='Image'>C:\Windows\system32\CompatTelRunner.exe</Data><Data Name='TargetObject'>\REGISTRY\A\{1bfaa340-1a26-c87c-113a-f26ea2f93fbc}\Root\InventoryApplication\00005bfaf1c9a10517c79fd5066b0906890800000904\Publisher</Data><Data Name='Details'>CN=Microsoft Windows, O=Microsoft Corporation, L=Redmond, S=Washington, C=US</Data><Data Name='User'>NT AUTHORITY\SYSTEM</Data></EventData><RenderingInfo Culture='en-US'><Message>Registry value set:
RuleName: InvDB-Pub
EventType: SetValue
UtcTime: 2022-10-24 14:05:06.856
ProcessGuid: {ef486c7a-9b62-6356-f300-000000001500}
ProcessId: 6784
Image: C:\Windows\system32\CompatTelRunner.exe
TargetObject: \REGISTRY\A\{1bfaa340-1a26-c87c-113a-f26ea2f93fbc}\Root\InventoryApplication\00005bfaf1c9a10517c79fd5066b0906890800000904\Publisher
Details: CN=Microsoft Windows, O=Microsoft Corporation, L=Redmond, S=Washington, C=US
User: NT AUTHORITY\SYSTEM</Message><Level>Information</Level><Task>Registry value set (rule: RegistryEvent)</Task><Opcode>Info</Opcode><Channel></Channel><Provider></Provider><Keywords></Keywords></RenderingInfo></Event>","-","Microsoft-Windows-Sysmon","x86_64","vagrant-10","ef486c7a-d018-43ce-bc87-fd5ce10088a9","fe80::650c:205f:e854:a4c3, 192.168.103.3","08:00:27:e3:04:fd","vagrant-10","19043.1348",windows,"10.0.19041.1348 (WinBuild.160101.0800)","Windows 10 Enterprise Evaluation","Windows 10 Enterprise Evaluation",windows,windows,"10.0",information,"Registry value set:
RuleName: InvDB-Pub
EventType: SetValue
UtcTime: 2022-10-24 14:05:06.856
ProcessGuid: {ef486c7a-9b62-6356-f300-000000001500}
ProcessId: 6784
Image: C:\Windows\system32\CompatTelRunner.exe
TargetObject: \REGISTRY\A\{1bfaa340-1a26-c87c-113a-f26ea2f93fbc}\Root\InventoryApplication\00005bfaf1c9a10517c79fd5066b0906890800000904\Publisher
Details: CN=Microsoft Windows, O=Microsoft Corporation, L=Redmond, S=Washington, C=US
User: NT AUTHORITY\SYSTEM","-",wineventlog,"Microsoft-Windows-Sysmon/Operational","vagrant-10","-","-","-","-","-","-","-","-","-","-","-","-","-","-","-","-","-","CN=Microsoft Windows, O=Microsoft Corporation, L=Redmond, S=Washington, C=US","-",SetValue,"-","-","C:\Windows\system32\CompatTelRunner.exe","-","-","-","-","-","-","-","-","-","-","-","-","-","-","-","-","-","-","-","-","-","-","-","-","-","-","-","{ef486c7a-9b62-6356-f300-000000001500}",6784,"-","-","-","-","-","-","-","-","-","-","InvDB-Pub","-","-","-","-","-","-","-","-","-","-","-","-","-","-","-","-","-","-","-","-","-","-","-","-","-","-","-","\REGISTRY\A\{1bfaa340-1a26-c87c-113a-f26ea2f93fbc}\Root\InventoryApplication\00005bfaf1c9a10517c79fd5066b0906890800000904\Publisher","-","-","-","-","-","-","-","-","-","-","NT AUTHORITY\SYSTEM","2022-10-24 14:05:06.856","-","-","-","-","-","-","-","-","-","-","-","-","-","-","-","-","-","-","-","-","-",13,"-",Info,"2,064","3,220","{5770385f-c22a-43e0-bf4c-06f5698ffbd9}","Microsoft-Windows-Sysmon",1787,"Registry value set (rule: RegistryEvent)","NT AUTHORITY","S-1-5-18",SYSTEM,User,2
"Oct 24, 2022 @ 22:05:06.679","J_JPCoQBQo9Iz8vx2_xj",".ds-winlogbeat-8.4.3-2022.10.17-000001","-","8d24c149-a762-44f9-ba0d-58433a72abc0","vagrant-10","24130491-308c-4270-b613-e4ed7c62ad4a","vagrant-10",winlogbeat,"8.4.3","8.0.0","Registry value set (rule: RegistryEvent)",13,"Oct 24, 2022 @ 22:05:07.916",event,"<Event xmlns='http://schemas.microsoft.com/win/2004/08/events/event'><System><Provider Name='Microsoft-Windows-Sysmon' Guid='{5770385f-c22a-43e0-bf4c-06f5698ffbd9}'/><EventID>13</EventID><Version>2</Version><Level>4</Level><Task>13</Task><Opcode>0</Opcode><Keywords>0x8000000000000000</Keywords><TimeCreated SystemTime='2022-10-24T14:05:06.6796284Z'/><EventRecordID>1786</EventRecordID><Correlation/><Execution ProcessID='2064' ThreadID='3220'/><Channel>Microsoft-Windows-Sysmon/Operational</Channel><Computer>vagrant-10</Computer><Security UserID='S-1-5-18'/></System><EventData><Data Name='RuleName'>InvDB-Pub</Data><Data Name='EventType'>SetValue</Data><Data Name='UtcTime'>2022-10-24 14:05:06.676</Data><Data Name='ProcessGuid'>{ef486c7a-9b62-6356-f300-000000001500}</Data><Data Name='ProcessId'>6784</Data><Data Name='Image'>C:\Windows\system32\CompatTelRunner.exe</Data><Data Name='TargetObject'>\REGISTRY\A\{1bfaa340-1a26-c87c-113a-f26ea2f93fbc}\Root\InventoryApplication\0000c6b7f1a394d14a356e2e6de0ba7b2b1300000904\Publisher</Data><Data Name='Details'>CN=Microsoft Windows, O=Microsoft Corporation, L=Redmond, S=Washington, C=US</Data><Data Name='User'>NT AUTHORITY\SYSTEM</Data></EventData><RenderingInfo Culture='en-US'><Message>Registry value set:
RuleName: InvDB-Pub
EventType: SetValue
UtcTime: 2022-10-24 14:05:06.676
ProcessGuid: {ef486c7a-9b62-6356-f300-000000001500}
ProcessId: 6784
Image: C:\Windows\system32\CompatTelRunner.exe
TargetObject: \REGISTRY\A\{1bfaa340-1a26-c87c-113a-f26ea2f93fbc}\Root\InventoryApplication\0000c6b7f1a394d14a356e2e6de0ba7b2b1300000904\Publisher
Details: CN=Microsoft Windows, O=Microsoft Corporation, L=Redmond, S=Washington, C=US
User: NT AUTHORITY\SYSTEM</Message><Level>Information</Level><Task>Registry value set (rule: RegistryEvent)</Task><Opcode>Info</Opcode><Channel></Channel><Provider></Provider><Keywords></Keywords></RenderingInfo></Event>","-","Microsoft-Windows-Sysmon","x86_64","vagrant-10","ef486c7a-d018-43ce-bc87-fd5ce10088a9","fe80::650c:205f:e854:a4c3, 192.168.103.3","08:00:27:e3:04:fd","vagrant-10","19043.1348",windows,"10.0.19041.1348 (WinBuild.160101.0800)","Windows 10 Enterprise Evaluation","Windows 10 Enterprise Evaluation",windows,windows,"10.0",information,"Registry value set:
RuleName: InvDB-Pub
EventType: SetValue
UtcTime: 2022-10-24 14:05:06.676
ProcessGuid: {ef486c7a-9b62-6356-f300-000000001500}
ProcessId: 6784
Image: C:\Windows\system32\CompatTelRunner.exe
TargetObject: \REGISTRY\A\{1bfaa340-1a26-c87c-113a-f26ea2f93fbc}\Root\InventoryApplication\0000c6b7f1a394d14a356e2e6de0ba7b2b1300000904\Publisher
Details: CN=Microsoft Windows, O=Microsoft Corporation, L=Redmond, S=Washington, C=US
User: NT AUTHORITY\SYSTEM","-",wineventlog,"Microsoft-Windows-Sysmon/Operational","vagrant-10","-","-","-","-","-","-","-","-","-","-","-","-","-","-","-","-","-","CN=Microsoft Windows, O=Microsoft Corporation, L=Redmond, S=Washington, C=US","-",SetValue,"-","-","C:\Windows\system32\CompatTelRunner.exe","-","-","-","-","-","-","-","-","-","-","-","-","-","-","-","-","-","-","-","-","-","-","-","-","-","-","-","{ef486c7a-9b62-6356-f300-000000001500}",6784,"-","-","-","-","-","-","-","-","-","-","InvDB-Pub","-","-","-","-","-","-","-","-","-","-","-","-","-","-","-","-","-","-","-","-","-","-","-","-","-","-","-","\REGISTRY\A\{1bfaa340-1a26-c87c-113a-f26ea2f93fbc}\Root\InventoryApplication\0000c6b7f1a394d14a356e2e6de0ba7b2b1300000904\Publisher","-","-","-","-","-","-","-","-","-","-","NT AUTHORITY\SYSTEM","2022-10-24 14:05:06.676","-","-","-","-","-","-","-","-","-","-","-","-","-","-","-","-","-","-","-","-","-",13,"-",Info,"2,064","3,220","{5770385f-c22a-43e0-bf4c-06f5698ffbd9}","Microsoft-Windows-Sysmon",1786,"Registry value set (rule: RegistryEvent)","NT AUTHORITY","S-1-5-18",SYSTEM,User,2
"Oct 24, 2022 @ 22:05:06.679","WvJPCoQBQo9Iz8vx2_xz",".ds-winlogbeat-8.4.3-2022.10.17-000001","-","8d24c149-a762-44f9-ba0d-58433a72abc0","vagrant-10","24130491-308c-4270-b613-e4ed7c62ad4a","vagrant-10",winlogbeat,"8.4.3","8.0.0","Registry value set (rule: RegistryEvent)",13,"Oct 24, 2022 @ 22:05:07.918",event,"<Event xmlns='http://schemas.microsoft.com/win/2004/08/events/event'><System><Provider Name='Microsoft-Windows-Sysmon' Guid='{5770385f-c22a-43e0-bf4c-06f5698ffbd9}'/><EventID>13</EventID><Version>2</Version><Level>4</Level><Task>13</Task><Opcode>0</Opcode><Keywords>0x8000000000000000</Keywords><TimeCreated SystemTime='2022-10-24T14:05:06.6796284Z'/><EventRecordID>1786</EventRecordID><Correlation/><Execution ProcessID='2064' ThreadID='3220'/><Channel>Microsoft-Windows-Sysmon/Operational</Channel><Computer>vagrant-10</Computer><Security UserID='S-1-5-18'/></System><EventData><Data Name='RuleName'>InvDB-Pub</Data><Data Name='EventType'>SetValue</Data><Data Name='UtcTime'>2022-10-24 14:05:06.676</Data><Data Name='ProcessGuid'>{ef486c7a-9b62-6356-f300-000000001500}</Data><Data Name='ProcessId'>6784</Data><Data Name='Image'>C:\Windows\system32\CompatTelRunner.exe</Data><Data Name='TargetObject'>\REGISTRY\A\{1bfaa340-1a26-c87c-113a-f26ea2f93fbc}\Root\InventoryApplication\0000c6b7f1a394d14a356e2e6de0ba7b2b1300000904\Publisher</Data><Data Name='Details'>CN=Microsoft Windows, O=Microsoft Corporation, L=Redmond, S=Washington, C=US</Data><Data Name='User'>NT AUTHORITY\SYSTEM</Data></EventData><RenderingInfo Culture='en-US'><Message>Registry value set:
RuleName: InvDB-Pub
EventType: SetValue
UtcTime: 2022-10-24 14:05:06.676
ProcessGuid: {ef486c7a-9b62-6356-f300-000000001500}
ProcessId: 6784
Image: C:\Windows\system32\CompatTelRunner.exe
TargetObject: \REGISTRY\A\{1bfaa340-1a26-c87c-113a-f26ea2f93fbc}\Root\InventoryApplication\0000c6b7f1a394d14a356e2e6de0ba7b2b1300000904\Publisher
Details: CN=Microsoft Windows, O=Microsoft Corporation, L=Redmond, S=Washington, C=US
User: NT AUTHORITY\SYSTEM</Message><Level>Information</Level><Task>Registry value set (rule: RegistryEvent)</Task><Opcode>Info</Opcode><Channel></Channel><Provider></Provider><Keywords></Keywords></RenderingInfo></Event>","-","Microsoft-Windows-Sysmon","x86_64","vagrant-10","ef486c7a-d018-43ce-bc87-fd5ce10088a9","fe80::650c:205f:e854:a4c3, 192.168.103.3","08:00:27:e3:04:fd","vagrant-10","19043.1348",windows,"10.0.19041.1348 (WinBuild.160101.0800)","Windows 10 Enterprise Evaluation","Windows 10 Enterprise Evaluation",windows,windows,"10.0",information,"Registry value set:
RuleName: InvDB-Pub
EventType: SetValue
UtcTime: 2022-10-24 14:05:06.676
ProcessGuid: {ef486c7a-9b62-6356-f300-000000001500}
ProcessId: 6784
Image: C:\Windows\system32\CompatTelRunner.exe
TargetObject: \REGISTRY\A\{1bfaa340-1a26-c87c-113a-f26ea2f93fbc}\Root\InventoryApplication\0000c6b7f1a394d14a356e2e6de0ba7b2b1300000904\Publisher
Details: CN=Microsoft Windows, O=Microsoft Corporation, L=Redmond, S=Washington, C=US
User: NT AUTHORITY\SYSTEM","-",wineventlog,"Microsoft-Windows-Sysmon/Operational","vagrant-10","-","-","-","-","-","-","-","-","-","-","-","-","-","-","-","-","-","CN=Microsoft Windows, O=Microsoft Corporation, L=Redmond, S=Washington, C=US","-",SetValue,"-","-","C:\Windows\system32\CompatTelRunner.exe","-","-","-","-","-","-","-","-","-","-","-","-","-","-","-","-","-","-","-","-","-","-","-","-","-","-","-","{ef486c7a-9b62-6356-f300-000000001500}",6784,"-","-","-","-","-","-","-","-","-","-","InvDB-Pub","-","-","-","-","-","-","-","-","-","-","-","-","-","-","-","-","-","-","-","-","-","-","-","-","-","-","-","\REGISTRY\A\{1bfaa340-1a26-c87c-113a-f26ea2f93fbc}\Root\InventoryApplication\0000c6b7f1a394d14a356e2e6de0ba7b2b1300000904\Publisher","-","-","-","-","-","-","-","-","-","-","NT AUTHORITY\SYSTEM","2022-10-24 14:05:06.676","-","-","-","-","-","-","-","-","-","-","-","-","-","-","-","-","-","-","-","-","-",13,"-",Info,"2,064","3,220","{5770385f-c22a-43e0-bf4c-06f5698ffbd9}","Microsoft-Windows-Sysmon",1786,"Registry value set (rule: RegistryEvent)","NT AUTHORITY","S-1-5-18",SYSTEM,User,2
"Oct 24, 2022 @ 22:05:06.534","JvJPCoQBQo9Iz8vx2_xj",".ds-winlogbeat-8.4.3-2022.10.17-000001","-","8d24c149-a762-44f9-ba0d-58433a72abc0","vagrant-10","24130491-308c-4270-b613-e4ed7c62ad4a","vagrant-10",winlogbeat,"8.4.3","8.0.0","Registry value set (rule: RegistryEvent)",13,"Oct 24, 2022 @ 22:05:07.916",event,"<Event xmlns='http://schemas.microsoft.com/win/2004/08/events/event'><System><Provider Name='Microsoft-Windows-Sysmon' Guid='{5770385f-c22a-43e0-bf4c-06f5698ffbd9}'/><EventID>13</EventID><Version>2</Version><Level>4</Level><Task>13</Task><Opcode>0</Opcode><Keywords>0x8000000000000000</Keywords><TimeCreated SystemTime='2022-10-24T14:05:06.5347636Z'/><EventRecordID>1785</EventRecordID><Correlation/><Execution ProcessID='2064' ThreadID='3220'/><Channel>Microsoft-Windows-Sysmon/Operational</Channel><Computer>vagrant-10</Computer><Security UserID='S-1-5-18'/></System><EventData><Data Name='RuleName'>InvDB-Pub</Data><Data Name='EventType'>SetValue</Data><Data Name='UtcTime'>2022-10-24 14:05:06.534</Data><Data Name='ProcessGuid'>{ef486c7a-9b62-6356-f300-000000001500}</Data><Data Name='ProcessId'>6784</Data><Data Name='Image'>C:\Windows\system32\CompatTelRunner.exe</Data><Data Name='TargetObject'>\REGISTRY\A\{1bfaa340-1a26-c87c-113a-f26ea2f93fbc}\Root\InventoryApplication\0000dc3ff3a1bc2106e9bcc2bdc922d6f5cb00000904\Publisher</Data><Data Name='Details'>CN=Microsoft Windows, O=Microsoft Corporation, L=Redmond, S=Washington, C=US</Data><Data Name='User'>NT AUTHORITY\SYSTEM</Data></EventData><RenderingInfo Culture='en-US'><Message>Registry value set:
RuleName: InvDB-Pub
EventType: SetValue
UtcTime: 2022-10-24 14:05:06.534
ProcessGuid: {ef486c7a-9b62-6356-f300-000000001500}
ProcessId: 6784
Image: C:\Windows\system32\CompatTelRunner.exe
TargetObject: \REGISTRY\A\{1bfaa340-1a26-c87c-113a-f26ea2f93fbc}\Root\InventoryApplication\0000dc3ff3a1bc2106e9bcc2bdc922d6f5cb00000904\Publisher
Details: CN=Microsoft Windows, O=Microsoft Corporation, L=Redmond, S=Washington, C=US
User: NT AUTHORITY\SYSTEM</Message><Level>Information</Level><Task>Registry value set (rule: RegistryEvent)</Task><Opcode>Info</Opcode><Channel></Channel><Provider></Provider><Keywords></Keywords></RenderingInfo></Event>","-","Microsoft-Windows-Sysmon","x86_64","vagrant-10","ef486c7a-d018-43ce-bc87-fd5ce10088a9","fe80::650c:205f:e854:a4c3, 192.168.103.3","08:00:27:e3:04:fd","vagrant-10","19043.1348",windows,"10.0.19041.1348 (WinBuild.160101.0800)","Windows 10 Enterprise Evaluation","Windows 10 Enterprise Evaluation",windows,windows,"10.0",information,"Registry value set:
RuleName: InvDB-Pub
EventType: SetValue
UtcTime: 2022-10-24 14:05:06.534
ProcessGuid: {ef486c7a-9b62-6356-f300-000000001500}
ProcessId: 6784
Image: C:\Windows\system32\CompatTelRunner.exe
TargetObject: \REGISTRY\A\{1bfaa340-1a26-c87c-113a-f26ea2f93fbc}\Root\InventoryApplication\0000dc3ff3a1bc2106e9bcc2bdc922d6f5cb00000904\Publisher
Details: CN=Microsoft Windows, O=Microsoft Corporation, L=Redmond, S=Washington, C=US
User: NT AUTHORITY\SYSTEM","-",wineventlog,"Microsoft-Windows-Sysmon/Operational","vagrant-10","-","-","-","-","-","-","-","-","-","-","-","-","-","-","-","-","-","CN=Microsoft Windows, O=Microsoft Corporation, L=Redmond, S=Washington, C=US","-",SetValue,"-","-","C:\Windows\system32\CompatTelRunner.exe","-","-","-","-","-","-","-","-","-","-","-","-","-","-","-","-","-","-","-","-","-","-","-","-","-","-","-","{ef486c7a-9b62-6356-f300-000000001500}",6784,"-","-","-","-","-","-","-","-","-","-","InvDB-Pub","-","-","-","-","-","-","-","-","-","-","-","-","-","-","-","-","-","-","-","-","-","-","-","-","-","-","-","\REGISTRY\A\{1bfaa340-1a26-c87c-113a-f26ea2f93fbc}\Root\InventoryApplication\0000dc3ff3a1bc2106e9bcc2bdc922d6f5cb00000904\Publisher","-","-","-","-","-","-","-","-","-","-","NT AUTHORITY\SYSTEM","2022-10-24 14:05:06.534","-","-","-","-","-","-","-","-","-","-","-","-","-","-","-","-","-","-","-","-","-",13,"-",Info,"2,064","3,220","{5770385f-c22a-43e0-bf4c-06f5698ffbd9}","Microsoft-Windows-Sysmon",1785,"Registry value set (rule: RegistryEvent)","NT AUTHORITY","S-1-5-18",SYSTEM,User,2
"Oct 24, 2022 @ 22:05:06.534","WfJPCoQBQo9Iz8vx2_xz",".ds-winlogbeat-8.4.3-2022.10.17-000001","-","8d24c149-a762-44f9-ba0d-58433a72abc0","vagrant-10","24130491-308c-4270-b613-e4ed7c62ad4a","vagrant-10",winlogbeat,"8.4.3","8.0.0","Registry value set (rule: RegistryEvent)",13,"Oct 24, 2022 @ 22:05:07.918",event,"<Event xmlns='http://schemas.microsoft.com/win/2004/08/events/event'><System><Provider Name='Microsoft-Windows-Sysmon' Guid='{5770385f-c22a-43e0-bf4c-06f5698ffbd9}'/><EventID>13</EventID><Version>2</Version><Level>4</Level><Task>13</Task><Opcode>0</Opcode><Keywords>0x8000000000000000</Keywords><TimeCreated SystemTime='2022-10-24T14:05:06.5347636Z'/><EventRecordID>1785</EventRecordID><Correlation/><Execution ProcessID='2064' ThreadID='3220'/><Channel>Microsoft-Windows-Sysmon/Operational</Channel><Computer>vagrant-10</Computer><Security UserID='S-1-5-18'/></System><EventData><Data Name='RuleName'>InvDB-Pub</Data><Data Name='EventType'>SetValue</Data><Data Name='UtcTime'>2022-10-24 14:05:06.534</Data><Data Name='ProcessGuid'>{ef486c7a-9b62-6356-f300-000000001500}</Data><Data Name='ProcessId'>6784</Data><Data Name='Image'>C:\Windows\system32\CompatTelRunner.exe</Data><Data Name='TargetObject'>\REGISTRY\A\{1bfaa340-1a26-c87c-113a-f26ea2f93fbc}\Root\InventoryApplication\0000dc3ff3a1bc2106e9bcc2bdc922d6f5cb00000904\Publisher</Data><Data Name='Details'>CN=Microsoft Windows, O=Microsoft Corporation, L=Redmond, S=Washington, C=US</Data><Data Name='User'>NT AUTHORITY\SYSTEM</Data></EventData><RenderingInfo Culture='en-US'><Message>Registry value set:
RuleName: InvDB-Pub
EventType: SetValue
UtcTime: 2022-10-24 14:05:06.534
ProcessGuid: {ef486c7a-9b62-6356-f300-000000001500}
ProcessId: 6784
Image: C:\Windows\system32\CompatTelRunner.exe
TargetObject: \REGISTRY\A\{1bfaa340-1a26-c87c-113a-f26ea2f93fbc}\Root\InventoryApplication\0000dc3ff3a1bc2106e9bcc2bdc922d6f5cb00000904\Publisher
Details: CN=Microsoft Windows, O=Microsoft Corporation, L=Redmond, S=Washington, C=US
User: NT AUTHORITY\SYSTEM</Message><Level>Information</Level><Task>Registry value set (rule: RegistryEvent)</Task><Opcode>Info</Opcode><Channel></Channel><Provider></Provider><Keywords></Keywords></RenderingInfo></Event>","-","Microsoft-Windows-Sysmon","x86_64","vagrant-10","ef486c7a-d018-43ce-bc87-fd5ce10088a9","fe80::650c:205f:e854:a4c3, 192.168.103.3","08:00:27:e3:04:fd","vagrant-10","19043.1348",windows,"10.0.19041.1348 (WinBuild.160101.0800)","Windows 10 Enterprise Evaluation","Windows 10 Enterprise Evaluation",windows,windows,"10.0",information,"Registry value set:
RuleName: InvDB-Pub
EventType: SetValue
UtcTime: 2022-10-24 14:05:06.534
ProcessGuid: {ef486c7a-9b62-6356-f300-000000001500}
ProcessId: 6784
Image: C:\Windows\system32\CompatTelRunner.exe
TargetObject: \REGISTRY\A\{1bfaa340-1a26-c87c-113a-f26ea2f93fbc}\Root\InventoryApplication\0000dc3ff3a1bc2106e9bcc2bdc922d6f5cb00000904\Publisher
Details: CN=Microsoft Windows, O=Microsoft Corporation, L=Redmond, S=Washington, C=US
User: NT AUTHORITY\SYSTEM","-",wineventlog,"Microsoft-Windows-Sysmon/Operational","vagrant-10","-","-","-","-","-","-","-","-","-","-","-","-","-","-","-","-","-","CN=Microsoft Windows, O=Microsoft Corporation, L=Redmond, S=Washington, C=US","-",SetValue,"-","-","C:\Windows\system32\CompatTelRunner.exe","-","-","-","-","-","-","-","-","-","-","-","-","-","-","-","-","-","-","-","-","-","-","-","-","-","-","-","{ef486c7a-9b62-6356-f300-000000001500}",6784,"-","-","-","-","-","-","-","-","-","-","InvDB-Pub","-","-","-","-","-","-","-","-","-","-","-","-","-","-","-","-","-","-","-","-","-","-","-","-","-","-","-","\REGISTRY\A\{1bfaa340-1a26-c87c-113a-f26ea2f93fbc}\Root\InventoryApplication\0000dc3ff3a1bc2106e9bcc2bdc922d6f5cb00000904\Publisher","-","-","-","-","-","-","-","-","-","-","NT AUTHORITY\SYSTEM","2022-10-24 14:05:06.534","-","-","-","-","-","-","-","-","-","-","-","-","-","-","-","-","-","-","-","-","-",13,"-",Info,"2,064","3,220","{5770385f-c22a-43e0-bf4c-06f5698ffbd9}","Microsoft-Windows-Sysmon",1785,"Registry value set (rule: RegistryEvent)","NT AUTHORITY","S-1-5-18",SYSTEM,User,2
"Oct 24, 2022 @ 22:05:06.429",HvJPCoQBQo9Iz8vx1vzP,".ds-winlogbeat-8.4.3-2022.10.17-000001","-","8d24c149-a762-44f9-ba0d-58433a72abc0","vagrant-10","24130491-308c-4270-b613-e4ed7c62ad4a","vagrant-10",winlogbeat,"8.4.3","8.0.0","Registry value set (rule: RegistryEvent)",13,"Oct 24, 2022 @ 22:05:07.092",event,"<Event xmlns='http://schemas.microsoft.com/win/2004/08/events/event'><System><Provider Name='Microsoft-Windows-Sysmon' Guid='{5770385f-c22a-43e0-bf4c-06f5698ffbd9}'/><EventID>13</EventID><Version>2</Version><Level>4</Level><Task>13</Task><Opcode>0</Opcode><Keywords>0x8000000000000000</Keywords><TimeCreated SystemTime='2022-10-24T14:05:06.4295200Z'/><EventRecordID>1784</EventRecordID><Correlation/><Execution ProcessID='2064' ThreadID='3220'/><Channel>Microsoft-Windows-Sysmon/Operational</Channel><Computer>vagrant-10</Computer><Security UserID='S-1-5-18'/></System><EventData><Data Name='RuleName'>T1031,T1050</Data><Data Name='EventType'>SetValue</Data><Data Name='UtcTime'>2022-10-24 14:05:06.423</Data><Data Name='ProcessGuid'>{ef486c7a-f97d-6356-0b00-000000001500}</Data><Data Name='ProcessId'>624</Data><Data Name='Image'>C:\Windows\system32\services.exe</Data><Data Name='TargetObject'>HKLM\System\CurrentControlSet\Services\WdNisDrv\Start</Data><Data Name='Details'>DWORD (0x00000003)</Data><Data Name='User'>NT AUTHORITY\SYSTEM</Data></EventData><RenderingInfo Culture='en-US'><Message>Registry value set:
RuleName: T1031,T1050
EventType: SetValue
UtcTime: 2022-10-24 14:05:06.423
ProcessGuid: {ef486c7a-f97d-6356-0b00-000000001500}
ProcessId: 624
Image: C:\Windows\system32\services.exe
TargetObject: HKLM\System\CurrentControlSet\Services\WdNisDrv\Start
Details: DWORD (0x00000003)
User: NT AUTHORITY\SYSTEM</Message><Level>Information</Level><Task>Registry value set (rule: RegistryEvent)</Task><Opcode>Info</Opcode><Channel></Channel><Provider></Provider><Keywords></Keywords></RenderingInfo></Event>","-","Microsoft-Windows-Sysmon","x86_64","vagrant-10","ef486c7a-d018-43ce-bc87-fd5ce10088a9","fe80::650c:205f:e854:a4c3, 192.168.103.3","08:00:27:e3:04:fd","vagrant-10","19043.1348",windows,"10.0.19041.1348 (WinBuild.160101.0800)","Windows 10 Enterprise Evaluation","Windows 10 Enterprise Evaluation",windows,windows,"10.0",information,"Registry value set:
RuleName: T1031,T1050
EventType: SetValue
UtcTime: 2022-10-24 14:05:06.423
ProcessGuid: {ef486c7a-f97d-6356-0b00-000000001500}
ProcessId: 624
Image: C:\Windows\system32\services.exe
TargetObject: HKLM\System\CurrentControlSet\Services\WdNisDrv\Start
Details: DWORD (0x00000003)
User: NT AUTHORITY\SYSTEM","-",wineventlog,"Microsoft-Windows-Sysmon/Operational","vagrant-10","-","-","-","-","-","-","-","-","-","-","-","-","-","-","-","-","-","DWORD (0x00000003)","-",SetValue,"-","-","C:\Windows\system32\services.exe","-","-","-","-","-","-","-","-","-","-","-","-","-","-","-","-","-","-","-","-","-","-","-","-","-","-","-","{ef486c7a-f97d-6356-0b00-000000001500}",624,"-","-","-","-","-","-","-","-","-","-","T1031,T1050","-","-","-","-","-","-","-","-","-","-","-","-","-","-","-","-","-","-","-","-","-","-","-","-","-","-","-","HKLM\System\CurrentControlSet\Services\WdNisDrv\Start","-","-","-","-","-","-","-","-","-","-","NT AUTHORITY\SYSTEM","2022-10-24 14:05:06.423","-","-","-","-","-","-","-","-","-","-","-","-","-","-","-","-","-","-","-","-","-",13,"-",Info,"2,064","3,220","{5770385f-c22a-43e0-bf4c-06f5698ffbd9}","Microsoft-Windows-Sysmon",1784,"Registry value set (rule: RegistryEvent)","NT AUTHORITY","S-1-5-18",SYSTEM,User,2
"Oct 24, 2022 @ 22:05:06.429",IvJPCoQBQo9Iz8vx1vzP,".ds-winlogbeat-8.4.3-2022.10.17-000001","-","8d24c149-a762-44f9-ba0d-58433a72abc0","vagrant-10","24130491-308c-4270-b613-e4ed7c62ad4a","vagrant-10",winlogbeat,"8.4.3","8.0.0","Registry value set (rule: RegistryEvent)",13,"Oct 24, 2022 @ 22:05:07.093",event,"<Event xmlns='http://schemas.microsoft.com/win/2004/08/events/event'><System><Provider Name='Microsoft-Windows-Sysmon' Guid='{5770385f-c22a-43e0-bf4c-06f5698ffbd9}'/><EventID>13</EventID><Version>2</Version><Level>4</Level><Task>13</Task><Opcode>0</Opcode><Keywords>0x8000000000000000</Keywords><TimeCreated SystemTime='2022-10-24T14:05:06.4295200Z'/><EventRecordID>1784</EventRecordID><Correlation/><Execution ProcessID='2064' ThreadID='3220'/><Channel>Microsoft-Windows-Sysmon/Operational</Channel><Computer>vagrant-10</Computer><Security UserID='S-1-5-18'/></System><EventData><Data Name='RuleName'>T1031,T1050</Data><Data Name='EventType'>SetValue</Data><Data Name='UtcTime'>2022-10-24 14:05:06.423</Data><Data Name='ProcessGuid'>{ef486c7a-f97d-6356-0b00-000000001500}</Data><Data Name='ProcessId'>624</Data><Data Name='Image'>C:\Windows\system32\services.exe</Data><Data Name='TargetObject'>HKLM\System\CurrentControlSet\Services\WdNisDrv\Start</Data><Data Name='Details'>DWORD (0x00000003)</Data><Data Name='User'>NT AUTHORITY\SYSTEM</Data></EventData><RenderingInfo Culture='en-US'><Message>Registry value set:
RuleName: T1031,T1050
EventType: SetValue
UtcTime: 2022-10-24 14:05:06.423
ProcessGuid: {ef486c7a-f97d-6356-0b00-000000001500}
ProcessId: 624
Image: C:\Windows\system32\services.exe
TargetObject: HKLM\System\CurrentControlSet\Services\WdNisDrv\Start
Details: DWORD (0x00000003)
User: NT AUTHORITY\SYSTEM</Message><Level>Information</Level><Task>Registry value set (rule: RegistryEvent)</Task><Opcode>Info</Opcode><Channel></Channel><Provider></Provider><Keywords></Keywords></RenderingInfo></Event>","-","Microsoft-Windows-Sysmon","x86_64","vagrant-10","ef486c7a-d018-43ce-bc87-fd5ce10088a9","fe80::650c:205f:e854:a4c3, 192.168.103.3","08:00:27:e3:04:fd","vagrant-10","19043.1348",windows,"10.0.19041.1348 (WinBuild.160101.0800)","Windows 10 Enterprise Evaluation","Windows 10 Enterprise Evaluation",windows,windows,"10.0",information,"Registry value set:
RuleName: T1031,T1050
EventType: SetValue
UtcTime: 2022-10-24 14:05:06.423
ProcessGuid: {ef486c7a-f97d-6356-0b00-000000001500}
ProcessId: 624
Image: C:\Windows\system32\services.exe
TargetObject: HKLM\System\CurrentControlSet\Services\WdNisDrv\Start
Details: DWORD (0x00000003)
User: NT AUTHORITY\SYSTEM","-",wineventlog,"Microsoft-Windows-Sysmon/Operational","vagrant-10","-","-","-","-","-","-","-","-","-","-","-","-","-","-","-","-","-","DWORD (0x00000003)","-",SetValue,"-","-","C:\Windows\system32\services.exe","-","-","-","-","-","-","-","-","-","-","-","-","-","-","-","-","-","-","-","-","-","-","-","-","-","-","-","{ef486c7a-f97d-6356-0b00-000000001500}",624,"-","-","-","-","-","-","-","-","-","-","T1031,T1050","-","-","-","-","-","-","-","-","-","-","-","-","-","-","-","-","-","-","-","-","-","-","-","-","-","-","-","HKLM\System\CurrentControlSet\Services\WdNisDrv\Start","-","-","-","-","-","-","-","-","-","-","NT AUTHORITY\SYSTEM","2022-10-24 14:05:06.423","-","-","-","-","-","-","-","-","-","-","-","-","-","-","-","-","-","-","-","-","-",13,"-",Info,"2,064","3,220","{5770385f-c22a-43e0-bf4c-06f5698ffbd9}","Microsoft-Windows-Sysmon",1784,"Registry value set (rule: RegistryEvent)","NT AUTHORITY","S-1-5-18",SYSTEM,User,2
"Oct 24, 2022 @ 22:05:06.402","I_JPCoQBQo9Iz8vx1vzP",".ds-winlogbeat-8.4.3-2022.10.17-000001","-","8d24c149-a762-44f9-ba0d-58433a72abc0","vagrant-10","24130491-308c-4270-b613-e4ed7c62ad4a","vagrant-10",winlogbeat,"8.4.3","8.0.0","User Account Management",5379,"Oct 24, 2022 @ 22:05:07.642",event,"<Event xmlns='http://schemas.microsoft.com/win/2004/08/events/event'><System><Provider Name='Microsoft-Windows-Security-Auditing' Guid='{54849625-5478-4994-a5ba-3e3b0328c30d}'/><EventID>5379</EventID><Version>0</Version><Level>0</Level><Task>13824</Task><Opcode>0</Opcode><Keywords>0x8020000000000000</Keywords><TimeCreated SystemTime='2022-10-24T14:05:06.4024082Z'/><EventRecordID>20113</EventRecordID><Correlation ActivityID='{8268e5b5-e7e9-0000-1be6-6882e9e7d801}'/><Execution ProcessID='660' ThreadID='748'/><Channel>Security</Channel><Computer>vagrant-10</Computer><Security/></System><EventData><Data Name='SubjectUserSid'>S-1-5-20</Data><Data Name='SubjectUserName'>VAGRANT-10$</Data><Data Name='SubjectDomainName'>WORKGROUP</Data><Data Name='SubjectLogonId'>0x3e4</Data><Data Name='TargetName'>WindowsLive:(token):name=02tcpicvjafnkeai;serviceuri=*</Data><Data Name='Type'>0</Data><Data Name='CountOfCredentialsReturned'>0</Data><Data Name='ReadOperation'>%%8100</Data><Data Name='ReturnCode'>3221226021</Data><Data Name='ProcessCreationTime'>2022-10-24T20:45:50.2044542Z</Data><Data Name='ClientProcessId'>384</Data></EventData><RenderingInfo Culture='en-US'><Message>Credential Manager credentials were read.

Subject:
	Security ID:		S-1-5-20
	Account Name:		VAGRANT-10$
	Account Domain:		WORKGROUP
	Logon ID:		0x3E4
	Read Operation:		Enumerate Credentials

This event occurs when a user performs a read operation on stored credentials in Credential Manager.</Message><Level>Information</Level><Task>User Account Management</Task><Opcode>Info</Opcode><Channel>Security</Channel><Provider>Microsoft Windows security auditing.</Provider><Keywords><Keyword>Audit Success</Keyword></Keywords></RenderingInfo></Event>",success,"Microsoft-Windows-Security-Auditing","x86_64","vagrant-10","ef486c7a-d018-43ce-bc87-fd5ce10088a9","fe80::650c:205f:e854:a4c3, 192.168.103.3","08:00:27:e3:04:fd","vagrant-10","19043.1348",windows,"10.0.19041.1348 (WinBuild.160101.0800)","Windows 10 Enterprise Evaluation","Windows 10 Enterprise Evaluation",windows,windows,"10.0",information,"Credential Manager credentials were read.

Subject:
	Security ID:		S-1-5-20
	Account Name:		VAGRANT-10$
	Account Domain:		WORKGROUP
	Logon ID:		0x3E4
	Read Operation:		Enumerate Credentials

This event occurs when a user performs a read operation on stored credentials in Credential Manager.","{8268e5b5-e7e9-0000-1be6-6882e9e7d801}",wineventlog,Security,"vagrant-10","-","-","-","-","-",384,"-","-",0,"-","-","-","-","-","-","-","-","-","-","-","-","-","-","-","-","-","-","-","-","-","-","-","-","-","-","-","-","-","-","-","-","-","-","-","-","-","-","-","-","2022-10-24T20:45:50.2044542Z","-","-","-","-","-","-","-","-","-","%%8100","-",3221226021,"-","-","-","-","-","-","-","-","-","-","-","-","-","-","-","-","-","-",WORKGROUP,0x3e4,"VAGRANT-10$","S-1-5-20","-","-","-","-","-","WindowsLive:(token):name=02tcpicvjafnkeai;serviceuri=*","-","-","-","-","-","-","-","-","-","-",0,"-","-","-","-","-","-","-","-","-","-","-","-","-","-","-","-","-","-","-","-","-","-","-",5379,"Audit Success",Info,660,748,"{54849625-5478-4994-a5ba-3e3b0328c30d}","Microsoft-Windows-Security-Auditing",20113,"User Account Management","-","-","-","-","-"
"Oct 24, 2022 @ 22:05:06.402",JPJPCoQBQo9Iz8vx1vzP,".ds-winlogbeat-8.4.3-2022.10.17-000001","-","8d24c149-a762-44f9-ba0d-58433a72abc0","vagrant-10","24130491-308c-4270-b613-e4ed7c62ad4a","vagrant-10",winlogbeat,"8.4.3","8.0.0","User Account Management",5379,"Oct 24, 2022 @ 22:05:07.642",event,"<Event xmlns='http://schemas.microsoft.com/win/2004/08/events/event'><System><Provider Name='Microsoft-Windows-Security-Auditing' Guid='{54849625-5478-4994-a5ba-3e3b0328c30d}'/><EventID>5379</EventID><Version>0</Version><Level>0</Level><Task>13824</Task><Opcode>0</Opcode><Keywords>0x8020000000000000</Keywords><TimeCreated SystemTime='2022-10-24T14:05:06.4026684Z'/><EventRecordID>20114</EventRecordID><Correlation ActivityID='{8268e5b5-e7e9-0000-1be6-6882e9e7d801}'/><Execution ProcessID='660' ThreadID='748'/><Channel>Security</Channel><Computer>vagrant-10</Computer><Security/></System><EventData><Data Name='SubjectUserSid'>S-1-5-20</Data><Data Name='SubjectUserName'>VAGRANT-10$</Data><Data Name='SubjectDomainName'>WORKGROUP</Data><Data Name='SubjectLogonId'>0x3e4</Data><Data Name='TargetName'>WindowsLive:(cert):name=02tcpicvjafnkeai;serviceuri=*</Data><Data Name='Type'>0</Data><Data Name='CountOfCredentialsReturned'>0</Data><Data Name='ReadOperation'>%%8100</Data><Data Name='ReturnCode'>3221226021</Data><Data Name='ProcessCreationTime'>2022-10-24T20:45:50.2044542Z</Data><Data Name='ClientProcessId'>384</Data></EventData><RenderingInfo Culture='en-US'><Message>Credential Manager credentials were read.

Subject:
	Security ID:		S-1-5-20
	Account Name:		VAGRANT-10$
	Account Domain:		WORKGROUP
	Logon ID:		0x3E4
	Read Operation:		Enumerate Credentials

This event occurs when a user performs a read operation on stored credentials in Credential Manager.</Message><Level>Information</Level><Task>User Account Management</Task><Opcode>Info</Opcode><Channel>Security</Channel><Provider>Microsoft Windows security auditing.</Provider><Keywords><Keyword>Audit Success</Keyword></Keywords></RenderingInfo></Event>",success,"Microsoft-Windows-Security-Auditing","x86_64","vagrant-10","ef486c7a-d018-43ce-bc87-fd5ce10088a9","fe80::650c:205f:e854:a4c3, 192.168.103.3","08:00:27:e3:04:fd","vagrant-10","19043.1348",windows,"10.0.19041.1348 (WinBuild.160101.0800)","Windows 10 Enterprise Evaluation","Windows 10 Enterprise Evaluation",windows,windows,"10.0",information,"Credential Manager credentials were read.

Subject:
	Security ID:		S-1-5-20
	Account Name:		VAGRANT-10$
	Account Domain:		WORKGROUP
	Logon ID:		0x3E4
	Read Operation:		Enumerate Credentials

This event occurs when a user performs a read operation on stored credentials in Credential Manager.","{8268e5b5-e7e9-0000-1be6-6882e9e7d801}",wineventlog,Security,"vagrant-10","-","-","-","-","-",384,"-","-",0,"-","-","-","-","-","-","-","-","-","-","-","-","-","-","-","-","-","-","-","-","-","-","-","-","-","-","-","-","-","-","-","-","-","-","-","-","-","-","-","-","2022-10-24T20:45:50.2044542Z","-","-","-","-","-","-","-","-","-","%%8100","-",3221226021,"-","-","-","-","-","-","-","-","-","-","-","-","-","-","-","-","-","-",WORKGROUP,0x3e4,"VAGRANT-10$","S-1-5-20","-","-","-","-","-","WindowsLive:(cert):name=02tcpicvjafnkeai;serviceuri=*","-","-","-","-","-","-","-","-","-","-",0,"-","-","-","-","-","-","-","-","-","-","-","-","-","-","-","-","-","-","-","-","-","-","-",5379,"Audit Success",Info,660,748,"{54849625-5478-4994-a5ba-3e3b0328c30d}","Microsoft-Windows-Security-Auditing",20114,"User Account Management","-","-","-","-","-"
"Oct 24, 2022 @ 22:05:06.402",JfJPCoQBQo9Iz8vx1vzP,".ds-winlogbeat-8.4.3-2022.10.17-000001","-","8d24c149-a762-44f9-ba0d-58433a72abc0","vagrant-10","24130491-308c-4270-b613-e4ed7c62ad4a","vagrant-10",winlogbeat,"8.4.3","8.0.0","User Account Management",5379,"Oct 24, 2022 @ 22:05:07.642",event,"<Event xmlns='http://schemas.microsoft.com/win/2004/08/events/event'><System><Provider Name='Microsoft-Windows-Security-Auditing' Guid='{54849625-5478-4994-a5ba-3e3b0328c30d}'/><EventID>5379</EventID><Version>0</Version><Level>0</Level><Task>13824</Task><Opcode>0</Opcode><Keywords>0x8020000000000000</Keywords><TimeCreated SystemTime='2022-10-24T14:05:06.4027516Z'/><EventRecordID>20115</EventRecordID><Correlation ActivityID='{8268e5b5-e7e9-0000-1be6-6882e9e7d801}'/><Execution ProcessID='660' ThreadID='748'/><Channel>Security</Channel><Computer>vagrant-10</Computer><Security/></System><EventData><Data Name='SubjectUserSid'>S-1-5-20</Data><Data Name='SubjectUserName'>VAGRANT-10$</Data><Data Name='SubjectDomainName'>WORKGROUP</Data><Data Name='SubjectLogonId'>0x3e4</Data><Data Name='TargetName'>WindowsLive:target=virtualapp/didlogical</Data><Data Name='Type'>0</Data><Data Name='CountOfCredentialsReturned'>0</Data><Data Name='ReadOperation'>%%8100</Data><Data Name='ReturnCode'>3221226021</Data><Data Name='ProcessCreationTime'>2022-10-24T20:45:50.2044542Z</Data><Data Name='ClientProcessId'>384</Data></EventData><RenderingInfo Culture='en-US'><Message>Credential Manager credentials were read.

Subject:
	Security ID:		S-1-5-20
	Account Name:		VAGRANT-10$
	Account Domain:		WORKGROUP
	Logon ID:		0x3E4
	Read Operation:		Enumerate Credentials

This event occurs when a user performs a read operation on stored credentials in Credential Manager.</Message><Level>Information</Level><Task>User Account Management</Task><Opcode>Info</Opcode><Channel>Security</Channel><Provider>Microsoft Windows security auditing.</Provider><Keywords><Keyword>Audit Success</Keyword></Keywords></RenderingInfo></Event>",success,"Microsoft-Windows-Security-Auditing","x86_64","vagrant-10","ef486c7a-d018-43ce-bc87-fd5ce10088a9","fe80::650c:205f:e854:a4c3, 192.168.103.3","08:00:27:e3:04:fd","vagrant-10","19043.1348",windows,"10.0.19041.1348 (WinBuild.160101.0800)","Windows 10 Enterprise Evaluation","Windows 10 Enterprise Evaluation",windows,windows,"10.0",information,"Credential Manager credentials were read.

Subject:
	Security ID:		S-1-5-20
	Account Name:		VAGRANT-10$
	Account Domain:		WORKGROUP
	Logon ID:		0x3E4
	Read Operation:		Enumerate Credentials

This event occurs when a user performs a read operation on stored credentials in Credential Manager.","{8268e5b5-e7e9-0000-1be6-6882e9e7d801}",wineventlog,Security,"vagrant-10","-","-","-","-","-",384,"-","-",0,"-","-","-","-","-","-","-","-","-","-","-","-","-","-","-","-","-","-","-","-","-","-","-","-","-","-","-","-","-","-","-","-","-","-","-","-","-","-","-","-","2022-10-24T20:45:50.2044542Z","-","-","-","-","-","-","-","-","-","%%8100","-",3221226021,"-","-","-","-","-","-","-","-","-","-","-","-","-","-","-","-","-","-",WORKGROUP,0x3e4,"VAGRANT-10$","S-1-5-20","-","-","-","-","-","WindowsLive:target=virtualapp/didlogical","-","-","-","-","-","-","-","-","-","-",0,"-","-","-","-","-","-","-","-","-","-","-","-","-","-","-","-","-","-","-","-","-","-","-",5379,"Audit Success",Info,660,748,"{54849625-5478-4994-a5ba-3e3b0328c30d}","Microsoft-Windows-Security-Auditing",20115,"User Account Management","-","-","-","-","-"
