"Oct 24, 2022 @ 22:05:00.371","w_JPCoQBQo9Iz8vxtvs7",".ds-winlogbeat-8.4.3-2022.10.17-000001","-","8d24c149-a762-44f9-ba0d-58433a72abc0","vagrant-10","24130491-308c-4270-b613-e4ed7c62ad4a","vagrant-10",winlogbeat,"8.4.3","8.0.0","Registry value set (rule: RegistryEvent)",13,"Oct 24, 2022 @ 22:05:01.716",event,"<Event xmlns='http://schemas.microsoft.com/win/2004/08/events/event'><System><Provider Name='Microsoft-Windows-Sysmon' Guid='{5770385f-c22a-43e0-bf4c-06f5698ffbd9}'/><EventID>13</EventID><Version>2</Version><Level>4</Level><Task>13</Task><Opcode>0</Opcode><Keywords>0x8000000000000000</Keywords><TimeCreated SystemTime='2022-10-24T14:05:00.3715697Z'/><EventRecordID>1766</EventRecordID><Correlation/><Execution ProcessID='2064' ThreadID='3220'/><Channel>Microsoft-Windows-Sysmon/Operational</Channel><Computer>vagrant-10</Computer><Security UserID='S-1-5-18'/></System><EventData><Data Name='RuleName'>InvDB-Pub</Data><Data Name='EventType'>SetValue</Data><Data Name='UtcTime'>2022-10-24 14:05:00.367</Data><Data Name='ProcessGuid'>{ef486c7a-9b62-6356-f300-000000001500}</Data><Data Name='ProcessId'>6784</Data><Data Name='Image'>C:\Windows\system32\CompatTelRunner.exe</Data><Data Name='TargetObject'>\REGISTRY\A\{1bfaa340-1a26-c87c-113a-f26ea2f93fbc}\Root\InventoryApplication\0000cc5aef8e2ac7c01425e2a05db1b3c74e00000904\Publisher</Data><Data Name='Details'>CN=Microsoft Windows, O=Microsoft Corporation, L=Redmond, S=Washington, C=US</Data><Data Name='User'>NT AUTHORITY\SYSTEM</Data></EventData><RenderingInfo Culture='en-US'><Message>Registry value set:
RuleName: InvDB-Pub
EventType: SetValue
UtcTime: 2022-10-24 14:05:00.367
ProcessGuid: {ef486c7a-9b62-6356-f300-000000001500}
ProcessId: 6784
Image: C:\Windows\system32\CompatTelRunner.exe
TargetObject: \REGISTRY\A\{1bfaa340-1a26-c87c-113a-f26ea2f93fbc}\Root\InventoryApplication\0000cc5aef8e2ac7c01425e2a05db1b3c74e00000904\Publisher
Details: CN=Microsoft Windows, O=Microsoft Corporation, L=Redmond, S=Washington, C=US
User: NT AUTHORITY\SYSTEM</Message><Level>Information</Level><Task>Registry value set (rule: RegistryEvent)</Task><Opcode>Info</Opcode><Channel></Channel><Provider></Provider><Keywords></Keywords></RenderingInfo></Event>","-","Microsoft-Windows-Sysmon","x86_64","vagrant-10","ef486c7a-d018-43ce-bc87-fd5ce10088a9","fe80::650c:205f:e854:a4c3, 192.168.103.3","08:00:27:e3:04:fd","vagrant-10","19043.1348",windows,"10.0.19041.1348 (WinBuild.160101.0800)","Windows 10 Enterprise Evaluation","Windows 10 Enterprise Evaluation",windows,windows,"10.0",information,"Registry value set:
RuleName: InvDB-Pub
EventType: SetValue
UtcTime: 2022-10-24 14:05:00.367
ProcessGuid: {ef486c7a-9b62-6356-f300-000000001500}
ProcessId: 6784
Image: C:\Windows\system32\CompatTelRunner.exe
TargetObject: \REGISTRY\A\{1bfaa340-1a26-c87c-113a-f26ea2f93fbc}\Root\InventoryApplication\0000cc5aef8e2ac7c01425e2a05db1b3c74e00000904\Publisher
Details: CN=Microsoft Windows, O=Microsoft Corporation, L=Redmond, S=Washington, C=US
User: NT AUTHORITY\SYSTEM","-",wineventlog,"Microsoft-Windows-Sysmon/Operational","vagrant-10","-","-","-","-","-","-","-","-","-","-","-","-","-","-","-","-","-","CN=Microsoft Windows, O=Microsoft Corporation, L=Redmond, S=Washington, C=US","-",SetValue,"-","-","C:\Windows\system32\CompatTelRunner.exe","-","-","-","-","-","-","-","-","-","-","-","-","-","-","-","-","-","-","-","-","-","-","-","-","-","-","-","{ef486c7a-9b62-6356-f300-000000001500}",6784,"-","-","-","-","-","-","-","-","-","-","InvDB-Pub","-","-","-","-","-","-","-","-","-","-","-","-","-","-","-","-","-","-","-","-","-","-","-","-","-","-","-","\REGISTRY\A\{1bfaa340-1a26-c87c-113a-f26ea2f93fbc}\Root\InventoryApplication\0000cc5aef8e2ac7c01425e2a05db1b3c74e00000904\Publisher","-","-","-","-","-","-","-","-","-","-","NT AUTHORITY\SYSTEM","2022-10-24 14:05:00.367","-","-","-","-","-","-","-","-","-","-","-","-","-","-","-","-","-","-","-","-","-",13,"-",Info,"2,064","3,220","{5770385f-c22a-43e0-bf4c-06f5698ffbd9}","Microsoft-Windows-Sysmon",1766,"Registry value set (rule: RegistryEvent)","NT AUTHORITY","S-1-5-18",SYSTEM,User,2
"Oct 24, 2022 @ 22:05:00.371","x_JPCoQBQo9Iz8vxtvs7",".ds-winlogbeat-8.4.3-2022.10.17-000001","-","8d24c149-a762-44f9-ba0d-58433a72abc0","vagrant-10","24130491-308c-4270-b613-e4ed7c62ad4a","vagrant-10",winlogbeat,"8.4.3","8.0.0","Registry value set (rule: RegistryEvent)",13,"Oct 24, 2022 @ 22:05:01.716",event,"<Event xmlns='http://schemas.microsoft.com/win/2004/08/events/event'><System><Provider Name='Microsoft-Windows-Sysmon' Guid='{5770385f-c22a-43e0-bf4c-06f5698ffbd9}'/><EventID>13</EventID><Version>2</Version><Level>4</Level><Task>13</Task><Opcode>0</Opcode><Keywords>0x8000000000000000</Keywords><TimeCreated SystemTime='2022-10-24T14:05:00.3715697Z'/><EventRecordID>1766</EventRecordID><Correlation/><Execution ProcessID='2064' ThreadID='3220'/><Channel>Microsoft-Windows-Sysmon/Operational</Channel><Computer>vagrant-10</Computer><Security UserID='S-1-5-18'/></System><EventData><Data Name='RuleName'>InvDB-Pub</Data><Data Name='EventType'>SetValue</Data><Data Name='UtcTime'>2022-10-24 14:05:00.367</Data><Data Name='ProcessGuid'>{ef486c7a-9b62-6356-f300-000000001500}</Data><Data Name='ProcessId'>6784</Data><Data Name='Image'>C:\Windows\system32\CompatTelRunner.exe</Data><Data Name='TargetObject'>\REGISTRY\A\{1bfaa340-1a26-c87c-113a-f26ea2f93fbc}\Root\InventoryApplication\0000cc5aef8e2ac7c01425e2a05db1b3c74e00000904\Publisher</Data><Data Name='Details'>CN=Microsoft Windows, O=Microsoft Corporation, L=Redmond, S=Washington, C=US</Data><Data Name='User'>NT AUTHORITY\SYSTEM</Data></EventData><RenderingInfo Culture='en-US'><Message>Registry value set:
RuleName: InvDB-Pub
EventType: SetValue
UtcTime: 2022-10-24 14:05:00.367
ProcessGuid: {ef486c7a-9b62-6356-f300-000000001500}
ProcessId: 6784
Image: C:\Windows\system32\CompatTelRunner.exe
TargetObject: \REGISTRY\A\{1bfaa340-1a26-c87c-113a-f26ea2f93fbc}\Root\InventoryApplication\0000cc5aef8e2ac7c01425e2a05db1b3c74e00000904\Publisher
Details: CN=Microsoft Windows, O=Microsoft Corporation, L=Redmond, S=Washington, C=US
User: NT AUTHORITY\SYSTEM</Message><Level>Information</Level><Task>Registry value set (rule: RegistryEvent)</Task><Opcode>Info</Opcode><Channel></Channel><Provider></Provider><Keywords></Keywords></RenderingInfo></Event>","-","Microsoft-Windows-Sysmon","x86_64","vagrant-10","ef486c7a-d018-43ce-bc87-fd5ce10088a9","fe80::650c:205f:e854:a4c3, 192.168.103.3","08:00:27:e3:04:fd","vagrant-10","19043.1348",windows,"10.0.19041.1348 (WinBuild.160101.0800)","Windows 10 Enterprise Evaluation","Windows 10 Enterprise Evaluation",windows,windows,"10.0",information,"Registry value set:
RuleName: InvDB-Pub
EventType: SetValue
UtcTime: 2022-10-24 14:05:00.367
ProcessGuid: {ef486c7a-9b62-6356-f300-000000001500}
ProcessId: 6784
Image: C:\Windows\system32\CompatTelRunner.exe
TargetObject: \REGISTRY\A\{1bfaa340-1a26-c87c-113a-f26ea2f93fbc}\Root\InventoryApplication\0000cc5aef8e2ac7c01425e2a05db1b3c74e00000904\Publisher
Details: CN=Microsoft Windows, O=Microsoft Corporation, L=Redmond, S=Washington, C=US
User: NT AUTHORITY\SYSTEM","-",wineventlog,"Microsoft-Windows-Sysmon/Operational","vagrant-10","-","-","-","-","-","-","-","-","-","-","-","-","-","-","-","-","-","CN=Microsoft Windows, O=Microsoft Corporation, L=Redmond, S=Washington, C=US","-",SetValue,"-","-","C:\Windows\system32\CompatTelRunner.exe","-","-","-","-","-","-","-","-","-","-","-","-","-","-","-","-","-","-","-","-","-","-","-","-","-","-","-","{ef486c7a-9b62-6356-f300-000000001500}",6784,"-","-","-","-","-","-","-","-","-","-","InvDB-Pub","-","-","-","-","-","-","-","-","-","-","-","-","-","-","-","-","-","-","-","-","-","-","-","-","-","-","-","\REGISTRY\A\{1bfaa340-1a26-c87c-113a-f26ea2f93fbc}\Root\InventoryApplication\0000cc5aef8e2ac7c01425e2a05db1b3c74e00000904\Publisher","-","-","-","-","-","-","-","-","-","-","NT AUTHORITY\SYSTEM","2022-10-24 14:05:00.367","-","-","-","-","-","-","-","-","-","-","-","-","-","-","-","-","-","-","-","-","-",13,"-",Info,"2,064","3,220","{5770385f-c22a-43e0-bf4c-06f5698ffbd9}","Microsoft-Windows-Sysmon",1766,"Registry value set (rule: RegistryEvent)","NT AUTHORITY","S-1-5-18",SYSTEM,User,2
"Oct 24, 2022 @ 22:05:00.042",wPJPCoQBQo9Iz8vxtvs7,".ds-winlogbeat-8.4.3-2022.10.17-000001","-","8d24c149-a762-44f9-ba0d-58433a72abc0","vagrant-10","24130491-308c-4270-b613-e4ed7c62ad4a","vagrant-10",winlogbeat,"8.4.3","8.0.0","File created (rule: FileCreate)",11,"Oct 24, 2022 @ 22:05:01.716",event,"<Event xmlns='http://schemas.microsoft.com/win/2004/08/events/event'><System><Provider Name='Microsoft-Windows-Sysmon' Guid='{5770385f-c22a-43e0-bf4c-06f5698ffbd9}'/><EventID>11</EventID><Version>2</Version><Level>4</Level><Task>11</Task><Opcode>0</Opcode><Keywords>0x8000000000000000</Keywords><TimeCreated SystemTime='2022-10-24T14:05:00.0423149Z'/><EventRecordID>1763</EventRecordID><Correlation/><Execution ProcessID='2064' ThreadID='3220'/><Channel>Microsoft-Windows-Sysmon/Operational</Channel><Computer>vagrant-10</Computer><Security UserID='S-1-5-18'/></System><EventData><Data Name='RuleName'>-</Data><Data Name='UtcTime'>2022-10-24 14:05:00.037</Data><Data Name='ProcessGuid'>{ef486c7a-9b8a-6356-2701-000000001500}</Data><Data Name='ProcessId'>2784</Data><Data Name='Image'>C:\Windows\SysWOW64\WindowsPowerShell\v1.0\powershell.exe</Data><Data Name='TargetFilename'>C:\Windows\Temp\__PSScriptPolicyTest_hwtoizo0.gb3.ps1</Data><Data Name='CreationUtcTime'>2022-10-24 14:05:00.037</Data><Data Name='User'>NT AUTHORITY\SYSTEM</Data></EventData><RenderingInfo Culture='en-US'><Message>File created:
RuleName: -
UtcTime: 2022-10-24 14:05:00.037
ProcessGuid: {ef486c7a-9b8a-6356-2701-000000001500}
ProcessId: 2784
Image: C:\Windows\SysWOW64\WindowsPowerShell\v1.0\powershell.exe
TargetFilename: C:\Windows\Temp\__PSScriptPolicyTest_hwtoizo0.gb3.ps1
CreationUtcTime: 2022-10-24 14:05:00.037
User: NT AUTHORITY\SYSTEM</Message><Level>Information</Level><Task>File created (rule: FileCreate)</Task><Opcode>Info</Opcode><Channel></Channel><Provider></Provider><Keywords></Keywords></RenderingInfo></Event>","-","Microsoft-Windows-Sysmon","x86_64","vagrant-10","ef486c7a-d018-43ce-bc87-fd5ce10088a9","fe80::650c:205f:e854:a4c3, 192.168.103.3","08:00:27:e3:04:fd","vagrant-10","19043.1348",windows,"10.0.19041.1348 (WinBuild.160101.0800)","Windows 10 Enterprise Evaluation","Windows 10 Enterprise Evaluation",windows,windows,"10.0",information,"File created:
RuleName: -
UtcTime: 2022-10-24 14:05:00.037
ProcessGuid: {ef486c7a-9b8a-6356-2701-000000001500}
ProcessId: 2784
Image: C:\Windows\SysWOW64\WindowsPowerShell\v1.0\powershell.exe
TargetFilename: C:\Windows\Temp\__PSScriptPolicyTest_hwtoizo0.gb3.ps1
CreationUtcTime: 2022-10-24 14:05:00.037
User: NT AUTHORITY\SYSTEM","-",wineventlog,"Microsoft-Windows-Sysmon/Operational","vagrant-10","-","-","-","-","-","-","-","-","-","2022-10-24 14:05:00.037","-","-","-","-","-","-","-","-","-","-","-","-","C:\Windows\SysWOW64\WindowsPowerShell\v1.0\powershell.exe","-","-","-","-","-","-","-","-","-","-","-","-","-","-","-","-","-","-","-","-","-","-","-","-","-","-","-","{ef486c7a-9b8a-6356-2701-000000001500}",2784,"-","-","-","-","-","-","-","-","-","-","-","-","-","-","-","-","-","-","-","-","-","-","-","-","-","-","-","-","-","-","-","-","-","C:\Windows\Temp\__PSScriptPolicyTest_hwtoizo0.gb3.ps1","-","-","-","-","-","-","-","-","-","-","-","-","-","-","-","NT AUTHORITY\SYSTEM","2022-10-24 14:05:00.037","-","-","-","-","-","-","-","-","-","-","-","-","-","-","-","-","-","-","-","-","-",11,"-",Info,"2,064","3,220","{5770385f-c22a-43e0-bf4c-06f5698ffbd9}","Microsoft-Windows-Sysmon",1763,"File created (rule: FileCreate)","NT AUTHORITY","S-1-5-18",SYSTEM,User,2
"Oct 24, 2022 @ 22:05:00.042",wfJPCoQBQo9Iz8vxtvs7,".ds-winlogbeat-8.4.3-2022.10.17-000001","-","8d24c149-a762-44f9-ba0d-58433a72abc0","vagrant-10","24130491-308c-4270-b613-e4ed7c62ad4a","vagrant-10",winlogbeat,"8.4.3","8.0.0","File created (rule: FileCreate)",11,"Oct 24, 2022 @ 22:05:01.716",event,"<Event xmlns='http://schemas.microsoft.com/win/2004/08/events/event'><System><Provider Name='Microsoft-Windows-Sysmon' Guid='{5770385f-c22a-43e0-bf4c-06f5698ffbd9}'/><EventID>11</EventID><Version>2</Version><Level>4</Level><Task>11</Task><Opcode>0</Opcode><Keywords>0x8000000000000000</Keywords><TimeCreated SystemTime='2022-10-24T14:05:00.0423378Z'/><EventRecordID>1764</EventRecordID><Correlation/><Execution ProcessID='2064' ThreadID='3220'/><Channel>Microsoft-Windows-Sysmon/Operational</Channel><Computer>vagrant-10</Computer><Security UserID='S-1-5-18'/></System><EventData><Data Name='RuleName'>-</Data><Data Name='UtcTime'>2022-10-24 14:05:00.037</Data><Data Name='ProcessGuid'>{ef486c7a-9b8a-6356-2801-000000001500}</Data><Data Name='ProcessId'>2856</Data><Data Name='Image'>C:\Windows\SysWOW64\WindowsPowerShell\v1.0\powershell.exe</Data><Data Name='TargetFilename'>C:\Windows\Temp\__PSScriptPolicyTest_nojscc5o.omn.ps1</Data><Data Name='CreationUtcTime'>2022-10-24 14:05:00.037</Data><Data Name='User'>NT AUTHORITY\SYSTEM</Data></EventData><RenderingInfo Culture='en-US'><Message>File created:
RuleName: -
UtcTime: 2022-10-24 14:05:00.037
ProcessGuid: {ef486c7a-9b8a-6356-2801-000000001500}
ProcessId: 2856
Image: C:\Windows\SysWOW64\WindowsPowerShell\v1.0\powershell.exe
TargetFilename: C:\Windows\Temp\__PSScriptPolicyTest_nojscc5o.omn.ps1
CreationUtcTime: 2022-10-24 14:05:00.037
User: NT AUTHORITY\SYSTEM</Message><Level>Information</Level><Task>File created (rule: FileCreate)</Task><Opcode>Info</Opcode><Channel></Channel><Provider></Provider><Keywords></Keywords></RenderingInfo></Event>","-","Microsoft-Windows-Sysmon","x86_64","vagrant-10","ef486c7a-d018-43ce-bc87-fd5ce10088a9","fe80::650c:205f:e854:a4c3, 192.168.103.3","08:00:27:e3:04:fd","vagrant-10","19043.1348",windows,"10.0.19041.1348 (WinBuild.160101.0800)","Windows 10 Enterprise Evaluation","Windows 10 Enterprise Evaluation",windows,windows,"10.0",information,"File created:
RuleName: -
UtcTime: 2022-10-24 14:05:00.037
ProcessGuid: {ef486c7a-9b8a-6356-2801-000000001500}
ProcessId: 2856
Image: C:\Windows\SysWOW64\WindowsPowerShell\v1.0\powershell.exe
TargetFilename: C:\Windows\Temp\__PSScriptPolicyTest_nojscc5o.omn.ps1
CreationUtcTime: 2022-10-24 14:05:00.037
User: NT AUTHORITY\SYSTEM","-",wineventlog,"Microsoft-Windows-Sysmon/Operational","vagrant-10","-","-","-","-","-","-","-","-","-","2022-10-24 14:05:00.037","-","-","-","-","-","-","-","-","-","-","-","-","C:\Windows\SysWOW64\WindowsPowerShell\v1.0\powershell.exe","-","-","-","-","-","-","-","-","-","-","-","-","-","-","-","-","-","-","-","-","-","-","-","-","-","-","-","{ef486c7a-9b8a-6356-2801-000000001500}",2856,"-","-","-","-","-","-","-","-","-","-","-","-","-","-","-","-","-","-","-","-","-","-","-","-","-","-","-","-","-","-","-","-","-","C:\Windows\Temp\__PSScriptPolicyTest_nojscc5o.omn.ps1","-","-","-","-","-","-","-","-","-","-","-","-","-","-","-","NT AUTHORITY\SYSTEM","2022-10-24 14:05:00.037","-","-","-","-","-","-","-","-","-","-","-","-","-","-","-","-","-","-","-","-","-",11,"-",Info,"2,064","3,220","{5770385f-c22a-43e0-bf4c-06f5698ffbd9}","Microsoft-Windows-Sysmon",1764,"File created (rule: FileCreate)","NT AUTHORITY","S-1-5-18",SYSTEM,User,2
"Oct 24, 2022 @ 22:05:00.042",wvJPCoQBQo9Iz8vxtvs7,".ds-winlogbeat-8.4.3-2022.10.17-000001","-","8d24c149-a762-44f9-ba0d-58433a72abc0","vagrant-10","24130491-308c-4270-b613-e4ed7c62ad4a","vagrant-10",winlogbeat,"8.4.3","8.0.0","File created (rule: FileCreate)",11,"Oct 24, 2022 @ 22:05:01.716",event,"<Event xmlns='http://schemas.microsoft.com/win/2004/08/events/event'><System><Provider Name='Microsoft-Windows-Sysmon' Guid='{5770385f-c22a-43e0-bf4c-06f5698ffbd9}'/><EventID>11</EventID><Version>2</Version><Level>4</Level><Task>11</Task><Opcode>0</Opcode><Keywords>0x8000000000000000</Keywords><TimeCreated SystemTime='2022-10-24T14:05:00.0423697Z'/><EventRecordID>1765</EventRecordID><Correlation/><Execution ProcessID='2064' ThreadID='3220'/><Channel>Microsoft-Windows-Sysmon/Operational</Channel><Computer>vagrant-10</Computer><Security UserID='S-1-5-18'/></System><EventData><Data Name='RuleName'>-</Data><Data Name='UtcTime'>2022-10-24 14:05:00.037</Data><Data Name='ProcessGuid'>{ef486c7a-9b8b-6356-2b01-000000001500}</Data><Data Name='ProcessId'>1880</Data><Data Name='Image'>C:\Windows\SysWOW64\WindowsPowerShell\v1.0\powershell.exe</Data><Data Name='TargetFilename'>C:\Windows\Temp\__PSScriptPolicyTest_oxsuwdbh.ju5.ps1</Data><Data Name='CreationUtcTime'>2022-10-24 14:05:00.037</Data><Data Name='User'>NT AUTHORITY\SYSTEM</Data></EventData><RenderingInfo Culture='en-US'><Message>File created:
RuleName: -
UtcTime: 2022-10-24 14:05:00.037
ProcessGuid: {ef486c7a-9b8b-6356-2b01-000000001500}
ProcessId: 1880
Image: C:\Windows\SysWOW64\WindowsPowerShell\v1.0\powershell.exe
TargetFilename: C:\Windows\Temp\__PSScriptPolicyTest_oxsuwdbh.ju5.ps1
CreationUtcTime: 2022-10-24 14:05:00.037
User: NT AUTHORITY\SYSTEM</Message><Level>Information</Level><Task>File created (rule: FileCreate)</Task><Opcode>Info</Opcode><Channel></Channel><Provider></Provider><Keywords></Keywords></RenderingInfo></Event>","-","Microsoft-Windows-Sysmon","x86_64","vagrant-10","ef486c7a-d018-43ce-bc87-fd5ce10088a9","fe80::650c:205f:e854:a4c3, 192.168.103.3","08:00:27:e3:04:fd","vagrant-10","19043.1348",windows,"10.0.19041.1348 (WinBuild.160101.0800)","Windows 10 Enterprise Evaluation","Windows 10 Enterprise Evaluation",windows,windows,"10.0",information,"File created:
RuleName: -
UtcTime: 2022-10-24 14:05:00.037
ProcessGuid: {ef486c7a-9b8b-6356-2b01-000000001500}
ProcessId: 1880
Image: C:\Windows\SysWOW64\WindowsPowerShell\v1.0\powershell.exe
TargetFilename: C:\Windows\Temp\__PSScriptPolicyTest_oxsuwdbh.ju5.ps1
CreationUtcTime: 2022-10-24 14:05:00.037
User: NT AUTHORITY\SYSTEM","-",wineventlog,"Microsoft-Windows-Sysmon/Operational","vagrant-10","-","-","-","-","-","-","-","-","-","2022-10-24 14:05:00.037","-","-","-","-","-","-","-","-","-","-","-","-","C:\Windows\SysWOW64\WindowsPowerShell\v1.0\powershell.exe","-","-","-","-","-","-","-","-","-","-","-","-","-","-","-","-","-","-","-","-","-","-","-","-","-","-","-","{ef486c7a-9b8b-6356-2b01-000000001500}",1880,"-","-","-","-","-","-","-","-","-","-","-","-","-","-","-","-","-","-","-","-","-","-","-","-","-","-","-","-","-","-","-","-","-","C:\Windows\Temp\__PSScriptPolicyTest_oxsuwdbh.ju5.ps1","-","-","-","-","-","-","-","-","-","-","-","-","-","-","-","NT AUTHORITY\SYSTEM","2022-10-24 14:05:00.037","-","-","-","-","-","-","-","-","-","-","-","-","-","-","-","-","-","-","-","-","-",11,"-",Info,"2,064","3,220","{5770385f-c22a-43e0-bf4c-06f5698ffbd9}","Microsoft-Windows-Sysmon",1765,"File created (rule: FileCreate)","NT AUTHORITY","S-1-5-18",SYSTEM,User,2
"Oct 24, 2022 @ 22:05:00.042",xPJPCoQBQo9Iz8vxtvs7,".ds-winlogbeat-8.4.3-2022.10.17-000001","-","8d24c149-a762-44f9-ba0d-58433a72abc0","vagrant-10","24130491-308c-4270-b613-e4ed7c62ad4a","vagrant-10",winlogbeat,"8.4.3","8.0.0","File created (rule: FileCreate)",11,"Oct 24, 2022 @ 22:05:01.716",event,"<Event xmlns='http://schemas.microsoft.com/win/2004/08/events/event'><System><Provider Name='Microsoft-Windows-Sysmon' Guid='{5770385f-c22a-43e0-bf4c-06f5698ffbd9}'/><EventID>11</EventID><Version>2</Version><Level>4</Level><Task>11</Task><Opcode>0</Opcode><Keywords>0x8000000000000000</Keywords><TimeCreated SystemTime='2022-10-24T14:05:00.0423149Z'/><EventRecordID>1763</EventRecordID><Correlation/><Execution ProcessID='2064' ThreadID='3220'/><Channel>Microsoft-Windows-Sysmon/Operational</Channel><Computer>vagrant-10</Computer><Security UserID='S-1-5-18'/></System><EventData><Data Name='RuleName'>-</Data><Data Name='UtcTime'>2022-10-24 14:05:00.037</Data><Data Name='ProcessGuid'>{ef486c7a-9b8a-6356-2701-000000001500}</Data><Data Name='ProcessId'>2784</Data><Data Name='Image'>C:\Windows\SysWOW64\WindowsPowerShell\v1.0\powershell.exe</Data><Data Name='TargetFilename'>C:\Windows\Temp\__PSScriptPolicyTest_hwtoizo0.gb3.ps1</Data><Data Name='CreationUtcTime'>2022-10-24 14:05:00.037</Data><Data Name='User'>NT AUTHORITY\SYSTEM</Data></EventData><RenderingInfo Culture='en-US'><Message>File created:
RuleName: -
UtcTime: 2022-10-24 14:05:00.037
ProcessGuid: {ef486c7a-9b8a-6356-2701-000000001500}
ProcessId: 2784
Image: C:\Windows\SysWOW64\WindowsPowerShell\v1.0\powershell.exe
TargetFilename: C:\Windows\Temp\__PSScriptPolicyTest_hwtoizo0.gb3.ps1
CreationUtcTime: 2022-10-24 14:05:00.037
User: NT AUTHORITY\SYSTEM</Message><Level>Information</Level><Task>File created (rule: FileCreate)</Task><Opcode>Info</Opcode><Channel></Channel><Provider></Provider><Keywords></Keywords></RenderingInfo></Event>","-","Microsoft-Windows-Sysmon","x86_64","vagrant-10","ef486c7a-d018-43ce-bc87-fd5ce10088a9","fe80::650c:205f:e854:a4c3, 192.168.103.3","08:00:27:e3:04:fd","vagrant-10","19043.1348",windows,"10.0.19041.1348 (WinBuild.160101.0800)","Windows 10 Enterprise Evaluation","Windows 10 Enterprise Evaluation",windows,windows,"10.0",information,"File created:
RuleName: -
UtcTime: 2022-10-24 14:05:00.037
ProcessGuid: {ef486c7a-9b8a-6356-2701-000000001500}
ProcessId: 2784
Image: C:\Windows\SysWOW64\WindowsPowerShell\v1.0\powershell.exe
TargetFilename: C:\Windows\Temp\__PSScriptPolicyTest_hwtoizo0.gb3.ps1
CreationUtcTime: 2022-10-24 14:05:00.037
User: NT AUTHORITY\SYSTEM","-",wineventlog,"Microsoft-Windows-Sysmon/Operational","vagrant-10","-","-","-","-","-","-","-","-","-","2022-10-24 14:05:00.037","-","-","-","-","-","-","-","-","-","-","-","-","C:\Windows\SysWOW64\WindowsPowerShell\v1.0\powershell.exe","-","-","-","-","-","-","-","-","-","-","-","-","-","-","-","-","-","-","-","-","-","-","-","-","-","-","-","{ef486c7a-9b8a-6356-2701-000000001500}",2784,"-","-","-","-","-","-","-","-","-","-","-","-","-","-","-","-","-","-","-","-","-","-","-","-","-","-","-","-","-","-","-","-","-","C:\Windows\Temp\__PSScriptPolicyTest_hwtoizo0.gb3.ps1","-","-","-","-","-","-","-","-","-","-","-","-","-","-","-","NT AUTHORITY\SYSTEM","2022-10-24 14:05:00.037","-","-","-","-","-","-","-","-","-","-","-","-","-","-","-","-","-","-","-","-","-",11,"-",Info,"2,064","3,220","{5770385f-c22a-43e0-bf4c-06f5698ffbd9}","Microsoft-Windows-Sysmon",1763,"File created (rule: FileCreate)","NT AUTHORITY","S-1-5-18",SYSTEM,User,2
"Oct 24, 2022 @ 22:05:00.042",xfJPCoQBQo9Iz8vxtvs7,".ds-winlogbeat-8.4.3-2022.10.17-000001","-","8d24c149-a762-44f9-ba0d-58433a72abc0","vagrant-10","24130491-308c-4270-b613-e4ed7c62ad4a","vagrant-10",winlogbeat,"8.4.3","8.0.0","File created (rule: FileCreate)",11,"Oct 24, 2022 @ 22:05:01.716",event,"<Event xmlns='http://schemas.microsoft.com/win/2004/08/events/event'><System><Provider Name='Microsoft-Windows-Sysmon' Guid='{5770385f-c22a-43e0-bf4c-06f5698ffbd9}'/><EventID>11</EventID><Version>2</Version><Level>4</Level><Task>11</Task><Opcode>0</Opcode><Keywords>0x8000000000000000</Keywords><TimeCreated SystemTime='2022-10-24T14:05:00.0423378Z'/><EventRecordID>1764</EventRecordID><Correlation/><Execution ProcessID='2064' ThreadID='3220'/><Channel>Microsoft-Windows-Sysmon/Operational</Channel><Computer>vagrant-10</Computer><Security UserID='S-1-5-18'/></System><EventData><Data Name='RuleName'>-</Data><Data Name='UtcTime'>2022-10-24 14:05:00.037</Data><Data Name='ProcessGuid'>{ef486c7a-9b8a-6356-2801-000000001500}</Data><Data Name='ProcessId'>2856</Data><Data Name='Image'>C:\Windows\SysWOW64\WindowsPowerShell\v1.0\powershell.exe</Data><Data Name='TargetFilename'>C:\Windows\Temp\__PSScriptPolicyTest_nojscc5o.omn.ps1</Data><Data Name='CreationUtcTime'>2022-10-24 14:05:00.037</Data><Data Name='User'>NT AUTHORITY\SYSTEM</Data></EventData><RenderingInfo Culture='en-US'><Message>File created:
RuleName: -
UtcTime: 2022-10-24 14:05:00.037
ProcessGuid: {ef486c7a-9b8a-6356-2801-000000001500}
ProcessId: 2856
Image: C:\Windows\SysWOW64\WindowsPowerShell\v1.0\powershell.exe
TargetFilename: C:\Windows\Temp\__PSScriptPolicyTest_nojscc5o.omn.ps1
CreationUtcTime: 2022-10-24 14:05:00.037
User: NT AUTHORITY\SYSTEM</Message><Level>Information</Level><Task>File created (rule: FileCreate)</Task><Opcode>Info</Opcode><Channel></Channel><Provider></Provider><Keywords></Keywords></RenderingInfo></Event>","-","Microsoft-Windows-Sysmon","x86_64","vagrant-10","ef486c7a-d018-43ce-bc87-fd5ce10088a9","fe80::650c:205f:e854:a4c3, 192.168.103.3","08:00:27:e3:04:fd","vagrant-10","19043.1348",windows,"10.0.19041.1348 (WinBuild.160101.0800)","Windows 10 Enterprise Evaluation","Windows 10 Enterprise Evaluation",windows,windows,"10.0",information,"File created:
RuleName: -
UtcTime: 2022-10-24 14:05:00.037
ProcessGuid: {ef486c7a-9b8a-6356-2801-000000001500}
ProcessId: 2856
Image: C:\Windows\SysWOW64\WindowsPowerShell\v1.0\powershell.exe
TargetFilename: C:\Windows\Temp\__PSScriptPolicyTest_nojscc5o.omn.ps1
CreationUtcTime: 2022-10-24 14:05:00.037
User: NT AUTHORITY\SYSTEM","-",wineventlog,"Microsoft-Windows-Sysmon/Operational","vagrant-10","-","-","-","-","-","-","-","-","-","2022-10-24 14:05:00.037","-","-","-","-","-","-","-","-","-","-","-","-","C:\Windows\SysWOW64\WindowsPowerShell\v1.0\powershell.exe","-","-","-","-","-","-","-","-","-","-","-","-","-","-","-","-","-","-","-","-","-","-","-","-","-","-","-","{ef486c7a-9b8a-6356-2801-000000001500}",2856,"-","-","-","-","-","-","-","-","-","-","-","-","-","-","-","-","-","-","-","-","-","-","-","-","-","-","-","-","-","-","-","-","-","C:\Windows\Temp\__PSScriptPolicyTest_nojscc5o.omn.ps1","-","-","-","-","-","-","-","-","-","-","-","-","-","-","-","NT AUTHORITY\SYSTEM","2022-10-24 14:05:00.037","-","-","-","-","-","-","-","-","-","-","-","-","-","-","-","-","-","-","-","-","-",11,"-",Info,"2,064","3,220","{5770385f-c22a-43e0-bf4c-06f5698ffbd9}","Microsoft-Windows-Sysmon",1764,"File created (rule: FileCreate)","NT AUTHORITY","S-1-5-18",SYSTEM,User,2
"Oct 24, 2022 @ 22:05:00.042",xvJPCoQBQo9Iz8vxtvs7,".ds-winlogbeat-8.4.3-2022.10.17-000001","-","8d24c149-a762-44f9-ba0d-58433a72abc0","vagrant-10","24130491-308c-4270-b613-e4ed7c62ad4a","vagrant-10",winlogbeat,"8.4.3","8.0.0","File created (rule: FileCreate)",11,"Oct 24, 2022 @ 22:05:01.716",event,"<Event xmlns='http://schemas.microsoft.com/win/2004/08/events/event'><System><Provider Name='Microsoft-Windows-Sysmon' Guid='{5770385f-c22a-43e0-bf4c-06f5698ffbd9}'/><EventID>11</EventID><Version>2</Version><Level>4</Level><Task>11</Task><Opcode>0</Opcode><Keywords>0x8000000000000000</Keywords><TimeCreated SystemTime='2022-10-24T14:05:00.0423697Z'/><EventRecordID>1765</EventRecordID><Correlation/><Execution ProcessID='2064' ThreadID='3220'/><Channel>Microsoft-Windows-Sysmon/Operational</Channel><Computer>vagrant-10</Computer><Security UserID='S-1-5-18'/></System><EventData><Data Name='RuleName'>-</Data><Data Name='UtcTime'>2022-10-24 14:05:00.037</Data><Data Name='ProcessGuid'>{ef486c7a-9b8b-6356-2b01-000000001500}</Data><Data Name='ProcessId'>1880</Data><Data Name='Image'>C:\Windows\SysWOW64\WindowsPowerShell\v1.0\powershell.exe</Data><Data Name='TargetFilename'>C:\Windows\Temp\__PSScriptPolicyTest_oxsuwdbh.ju5.ps1</Data><Data Name='CreationUtcTime'>2022-10-24 14:05:00.037</Data><Data Name='User'>NT AUTHORITY\SYSTEM</Data></EventData><RenderingInfo Culture='en-US'><Message>File created:
RuleName: -
UtcTime: 2022-10-24 14:05:00.037
ProcessGuid: {ef486c7a-9b8b-6356-2b01-000000001500}
ProcessId: 1880
Image: C:\Windows\SysWOW64\WindowsPowerShell\v1.0\powershell.exe
TargetFilename: C:\Windows\Temp\__PSScriptPolicyTest_oxsuwdbh.ju5.ps1
CreationUtcTime: 2022-10-24 14:05:00.037
User: NT AUTHORITY\SYSTEM</Message><Level>Information</Level><Task>File created (rule: FileCreate)</Task><Opcode>Info</Opcode><Channel></Channel><Provider></Provider><Keywords></Keywords></RenderingInfo></Event>","-","Microsoft-Windows-Sysmon","x86_64","vagrant-10","ef486c7a-d018-43ce-bc87-fd5ce10088a9","fe80::650c:205f:e854:a4c3, 192.168.103.3","08:00:27:e3:04:fd","vagrant-10","19043.1348",windows,"10.0.19041.1348 (WinBuild.160101.0800)","Windows 10 Enterprise Evaluation","Windows 10 Enterprise Evaluation",windows,windows,"10.0",information,"File created:
RuleName: -
UtcTime: 2022-10-24 14:05:00.037
ProcessGuid: {ef486c7a-9b8b-6356-2b01-000000001500}
ProcessId: 1880
Image: C:\Windows\SysWOW64\WindowsPowerShell\v1.0\powershell.exe
TargetFilename: C:\Windows\Temp\__PSScriptPolicyTest_oxsuwdbh.ju5.ps1
CreationUtcTime: 2022-10-24 14:05:00.037
User: NT AUTHORITY\SYSTEM","-",wineventlog,"Microsoft-Windows-Sysmon/Operational","vagrant-10","-","-","-","-","-","-","-","-","-","2022-10-24 14:05:00.037","-","-","-","-","-","-","-","-","-","-","-","-","C:\Windows\SysWOW64\WindowsPowerShell\v1.0\powershell.exe","-","-","-","-","-","-","-","-","-","-","-","-","-","-","-","-","-","-","-","-","-","-","-","-","-","-","-","{ef486c7a-9b8b-6356-2b01-000000001500}",1880,"-","-","-","-","-","-","-","-","-","-","-","-","-","-","-","-","-","-","-","-","-","-","-","-","-","-","-","-","-","-","-","-","-","C:\Windows\Temp\__PSScriptPolicyTest_oxsuwdbh.ju5.ps1","-","-","-","-","-","-","-","-","-","-","-","-","-","-","-","NT AUTHORITY\SYSTEM","2022-10-24 14:05:00.037","-","-","-","-","-","-","-","-","-","-","-","-","-","-","-","-","-","-","-","-","-",11,"-",Info,"2,064","3,220","{5770385f-c22a-43e0-bf4c-06f5698ffbd9}","Microsoft-Windows-Sysmon",1765,"File created (rule: FileCreate)","NT AUTHORITY","S-1-5-18",SYSTEM,User,2
"Oct 24, 2022 @ 22:04:59.145","ufJPCoQBQo9Iz8vxq_tb",".ds-winlogbeat-8.4.3-2022.10.17-000001","-","8d24c149-a762-44f9-ba0d-58433a72abc0","vagrant-10","24130491-308c-4270-b613-e4ed7c62ad4a","vagrant-10",winlogbeat,"8.4.3","8.0.0","File created (rule: FileCreate)",11,"Oct 24, 2022 @ 22:04:59.959",event,"<Event xmlns='http://schemas.microsoft.com/win/2004/08/events/event'><System><Provider Name='Microsoft-Windows-Sysmon' Guid='{5770385f-c22a-43e0-bf4c-06f5698ffbd9}'/><EventID>11</EventID><Version>2</Version><Level>4</Level><Task>11</Task><Opcode>0</Opcode><Keywords>0x8000000000000000</Keywords><TimeCreated SystemTime='2022-10-24T14:04:59.1456384Z'/><EventRecordID>1762</EventRecordID><Correlation/><Execution ProcessID='2064' ThreadID='3220'/><Channel>Microsoft-Windows-Sysmon/Operational</Channel><Computer>vagrant-10</Computer><Security UserID='S-1-5-18'/></System><EventData><Data Name='RuleName'>EXE</Data><Data Name='UtcTime'>2022-10-24 14:04:59.143</Data><Data Name='ProcessGuid'>{ef486c7a-9b89-6356-2601-000000001500}</Data><Data Name='ProcessId'>5880</Data><Data Name='Image'>C:\Windows\TEMP\ZNuyqd.exe</Data><Data Name='TargetFilename'>C:\Windows\SysWOW64\crypt.exe</Data><Data Name='CreationUtcTime'>2022-10-24 14:04:59.143</Data><Data Name='User'>NT AUTHORITY\SYSTEM</Data></EventData><RenderingInfo Culture='en-US'><Message>File created:
RuleName: EXE
UtcTime: 2022-10-24 14:04:59.143
ProcessGuid: {ef486c7a-9b89-6356-2601-000000001500}
ProcessId: 5880
Image: C:\Windows\TEMP\ZNuyqd.exe
TargetFilename: C:\Windows\SysWOW64\crypt.exe
CreationUtcTime: 2022-10-24 14:04:59.143
User: NT AUTHORITY\SYSTEM</Message><Level>Information</Level><Task>File created (rule: FileCreate)</Task><Opcode>Info</Opcode><Channel></Channel><Provider></Provider><Keywords></Keywords></RenderingInfo></Event>","-","Microsoft-Windows-Sysmon","x86_64","vagrant-10","ef486c7a-d018-43ce-bc87-fd5ce10088a9","fe80::650c:205f:e854:a4c3, 192.168.103.3","08:00:27:e3:04:fd","vagrant-10","19043.1348",windows,"10.0.19041.1348 (WinBuild.160101.0800)","Windows 10 Enterprise Evaluation","Windows 10 Enterprise Evaluation",windows,windows,"10.0",information,"File created:
RuleName: EXE
UtcTime: 2022-10-24 14:04:59.143
ProcessGuid: {ef486c7a-9b89-6356-2601-000000001500}
ProcessId: 5880
Image: C:\Windows\TEMP\ZNuyqd.exe
TargetFilename: C:\Windows\SysWOW64\crypt.exe
CreationUtcTime: 2022-10-24 14:04:59.143
User: NT AUTHORITY\SYSTEM","-",wineventlog,"Microsoft-Windows-Sysmon/Operational","vagrant-10","-","-","-","-","-","-","-","-","-","2022-10-24 14:04:59.143","-","-","-","-","-","-","-","-","-","-","-","-","C:\Windows\TEMP\ZNuyqd.exe","-","-","-","-","-","-","-","-","-","-","-","-","-","-","-","-","-","-","-","-","-","-","-","-","-","-","-","{ef486c7a-9b89-6356-2601-000000001500}",5880,"-","-","-","-","-","-","-","-","-","-",EXE,"-","-","-","-","-","-","-","-","-","-","-","-","-","-","-","-","-","-","-","-","-","-","C:\Windows\SysWOW64\crypt.exe","-","-","-","-","-","-","-","-","-","-","-","-","-","-","-","NT AUTHORITY\SYSTEM","2022-10-24 14:04:59.143","-","-","-","-","-","-","-","-","-","-","-","-","-","-","-","-","-","-","-","-","-",11,"-",Info,"2,064","3,220","{5770385f-c22a-43e0-bf4c-06f5698ffbd9}","Microsoft-Windows-Sysmon",1762,"File created (rule: FileCreate)","NT AUTHORITY","S-1-5-18",SYSTEM,User,2
"Oct 24, 2022 @ 22:04:59.145","vPJPCoQBQo9Iz8vxq_tb",".ds-winlogbeat-8.4.3-2022.10.17-000001","-","8d24c149-a762-44f9-ba0d-58433a72abc0","vagrant-10","24130491-308c-4270-b613-e4ed7c62ad4a","vagrant-10",winlogbeat,"8.4.3","8.0.0","File created (rule: FileCreate)",11,"Oct 24, 2022 @ 22:04:59.962",event,"<Event xmlns='http://schemas.microsoft.com/win/2004/08/events/event'><System><Provider Name='Microsoft-Windows-Sysmon' Guid='{5770385f-c22a-43e0-bf4c-06f5698ffbd9}'/><EventID>11</EventID><Version>2</Version><Level>4</Level><Task>11</Task><Opcode>0</Opcode><Keywords>0x8000000000000000</Keywords><TimeCreated SystemTime='2022-10-24T14:04:59.1456384Z'/><EventRecordID>1762</EventRecordID><Correlation/><Execution ProcessID='2064' ThreadID='3220'/><Channel>Microsoft-Windows-Sysmon/Operational</Channel><Computer>vagrant-10</Computer><Security UserID='S-1-5-18'/></System><EventData><Data Name='RuleName'>EXE</Data><Data Name='UtcTime'>2022-10-24 14:04:59.143</Data><Data Name='ProcessGuid'>{ef486c7a-9b89-6356-2601-000000001500}</Data><Data Name='ProcessId'>5880</Data><Data Name='Image'>C:\Windows\TEMP\ZNuyqd.exe</Data><Data Name='TargetFilename'>C:\Windows\SysWOW64\crypt.exe</Data><Data Name='CreationUtcTime'>2022-10-24 14:04:59.143</Data><Data Name='User'>NT AUTHORITY\SYSTEM</Data></EventData><RenderingInfo Culture='en-US'><Message>File created:
RuleName: EXE
UtcTime: 2022-10-24 14:04:59.143
ProcessGuid: {ef486c7a-9b89-6356-2601-000000001500}
ProcessId: 5880
Image: C:\Windows\TEMP\ZNuyqd.exe
TargetFilename: C:\Windows\SysWOW64\crypt.exe
CreationUtcTime: 2022-10-24 14:04:59.143
User: NT AUTHORITY\SYSTEM</Message><Level>Information</Level><Task>File created (rule: FileCreate)</Task><Opcode>Info</Opcode><Channel></Channel><Provider></Provider><Keywords></Keywords></RenderingInfo></Event>","-","Microsoft-Windows-Sysmon","x86_64","vagrant-10","ef486c7a-d018-43ce-bc87-fd5ce10088a9","fe80::650c:205f:e854:a4c3, 192.168.103.3","08:00:27:e3:04:fd","vagrant-10","19043.1348",windows,"10.0.19041.1348 (WinBuild.160101.0800)","Windows 10 Enterprise Evaluation","Windows 10 Enterprise Evaluation",windows,windows,"10.0",information,"File created:
RuleName: EXE
UtcTime: 2022-10-24 14:04:59.143
ProcessGuid: {ef486c7a-9b89-6356-2601-000000001500}
ProcessId: 5880
Image: C:\Windows\TEMP\ZNuyqd.exe
TargetFilename: C:\Windows\SysWOW64\crypt.exe
CreationUtcTime: 2022-10-24 14:04:59.143
User: NT AUTHORITY\SYSTEM","-",wineventlog,"Microsoft-Windows-Sysmon/Operational","vagrant-10","-","-","-","-","-","-","-","-","-","2022-10-24 14:04:59.143","-","-","-","-","-","-","-","-","-","-","-","-","C:\Windows\TEMP\ZNuyqd.exe","-","-","-","-","-","-","-","-","-","-","-","-","-","-","-","-","-","-","-","-","-","-","-","-","-","-","-","{ef486c7a-9b89-6356-2601-000000001500}",5880,"-","-","-","-","-","-","-","-","-","-",EXE,"-","-","-","-","-","-","-","-","-","-","-","-","-","-","-","-","-","-","-","-","-","-","C:\Windows\SysWOW64\crypt.exe","-","-","-","-","-","-","-","-","-","-","-","-","-","-","-","NT AUTHORITY\SYSTEM","2022-10-24 14:04:59.143","-","-","-","-","-","-","-","-","-","-","-","-","-","-","-","-","-","-","-","-","-",11,"-",Info,"2,064","3,220","{5770385f-c22a-43e0-bf4c-06f5698ffbd9}","Microsoft-Windows-Sysmon",1762,"File created (rule: FileCreate)","NT AUTHORITY","S-1-5-18",SYSTEM,User,2
"Oct 24, 2022 @ 22:04:59.079","uPJPCoQBQo9Iz8vxq_tb",".ds-winlogbeat-8.4.3-2022.10.17-000001","-","8d24c149-a762-44f9-ba0d-58433a72abc0","vagrant-10","24130491-308c-4270-b613-e4ed7c62ad4a","vagrant-10",winlogbeat,"8.4.3","8.0.0","Process Create (rule: ProcessCreate)",1,"Oct 24, 2022 @ 22:04:59.959",event,"<Event xmlns='http://schemas.microsoft.com/win/2004/08/events/event'><System><Provider Name='Microsoft-Windows-Sysmon' Guid='{5770385f-c22a-43e0-bf4c-06f5698ffbd9}'/><EventID>1</EventID><Version>5</Version><Level>4</Level><Task>1</Task><Opcode>0</Opcode><Keywords>0x8000000000000000</Keywords><TimeCreated SystemTime='2022-10-24T14:04:59.0791416Z'/><EventRecordID>1761</EventRecordID><Correlation/><Execution ProcessID='2064' ThreadID='3220'/><Channel>Microsoft-Windows-Sysmon/Operational</Channel><Computer>vagrant-10</Computer><Security UserID='S-1-5-18'/></System><EventData><Data Name='RuleName'>-</Data><Data Name='UtcTime'>2022-10-24 14:04:59.078</Data><Data Name='ProcessGuid'>{ef486c7a-9b8b-6356-2b01-000000001500}</Data><Data Name='ProcessId'>1880</Data><Data Name='Image'>C:\Windows\SysWOW64\WindowsPowerShell\v1.0\powershell.exe</Data><Data Name='FileVersion'>10.0.19041.546 (WinBuild.160101.0800)</Data><Data Name='Description'>Windows PowerShell</Data><Data Name='Product'>Microsoft Windows Operating System</Data><Data Name='Company'>Microsoft Corporation</Data><Data Name='OriginalFileName'>PowerShell.EXE</Data><Data Name='CommandLine'>powershell.exe ""\Windows\system32\test.ps1"" &gt; output.txt</Data><Data Name='CurrentDirectory'>C:\Windows\system32\</Data><Data Name='User'>NT AUTHORITY\SYSTEM</Data><Data Name='LogonGuid'>{ef486c7a-f97d-6356-e703-000000000000}</Data><Data Name='LogonId'>0x3e7</Data><Data Name='TerminalSessionId'>0</Data><Data Name='IntegrityLevel'>System</Data><Data Name='Hashes'>MD5=C32CA4ACFCC635EC1EA6ED8A34DF5FAC,SHA256=73A3C4AEF5DE385875339FC2EB7E58A9E8A47B6161BDC6436BF78A763537BE70,IMPHASH=194427A488ED1DD0A91731658B071667</Data><Data Name='ParentProcessGuid'>{ef486c7a-9b89-6356-2601-000000001500}</Data><Data Name='ParentProcessId'>5880</Data><Data Name='ParentImage'>C:\Windows\Temp\ZNuyqd.exe</Data><Data Name='ParentCommandLine'>C:\Windows\TEMP\ZNuyqd.exe</Data><Data Name='ParentUser'>NT AUTHORITY\SYSTEM</Data></EventData><RenderingInfo Culture='en-US'><Message>Process Create:
RuleName: -
UtcTime: 2022-10-24 14:04:59.078
ProcessGuid: {ef486c7a-9b8b-6356-2b01-000000001500}
ProcessId: 1880
Image: C:\Windows\SysWOW64\WindowsPowerShell\v1.0\powershell.exe
FileVersion: 10.0.19041.546 (WinBuild.160101.0800)
Description: Windows PowerShell
Product: Microsoft Windows Operating System
Company: Microsoft Corporation
OriginalFileName: PowerShell.EXE
CommandLine: powershell.exe ""\Windows\system32\test.ps1"" &gt; output.txt
CurrentDirectory: C:\Windows\system32\
User: NT AUTHORITY\SYSTEM
LogonGuid: {ef486c7a-f97d-6356-e703-000000000000}
LogonId: 0x3E7
TerminalSessionId: 0
IntegrityLevel: System
Hashes: MD5=C32CA4ACFCC635EC1EA6ED8A34DF5FAC,SHA256=73A3C4AEF5DE385875339FC2EB7E58A9E8A47B6161BDC6436BF78A763537BE70,IMPHASH=194427A488ED1DD0A91731658B071667
ParentProcessGuid: {ef486c7a-9b89-6356-2601-000000001500}
ParentProcessId: 5880
ParentImage: C:\Windows\Temp\ZNuyqd.exe
ParentCommandLine: C:\Windows\TEMP\ZNuyqd.exe
ParentUser: NT AUTHORITY\SYSTEM</Message><Level>Information</Level><Task>Process Create (rule: ProcessCreate)</Task><Opcode>Info</Opcode><Channel></Channel><Provider></Provider><Keywords></Keywords></RenderingInfo></Event>","-","Microsoft-Windows-Sysmon","x86_64","vagrant-10","ef486c7a-d018-43ce-bc87-fd5ce10088a9","fe80::650c:205f:e854:a4c3, 192.168.103.3","08:00:27:e3:04:fd","vagrant-10","19043.1348",windows,"10.0.19041.1348 (WinBuild.160101.0800)","Windows 10 Enterprise Evaluation","Windows 10 Enterprise Evaluation",windows,windows,"10.0",information,"Process Create:
RuleName: -
UtcTime: 2022-10-24 14:04:59.078
ProcessGuid: {ef486c7a-9b8b-6356-2b01-000000001500}
ProcessId: 1880
Image: C:\Windows\SysWOW64\WindowsPowerShell\v1.0\powershell.exe
FileVersion: 10.0.19041.546 (WinBuild.160101.0800)
Description: Windows PowerShell
Product: Microsoft Windows Operating System
Company: Microsoft Corporation
OriginalFileName: PowerShell.EXE
CommandLine: powershell.exe ""\Windows\system32\test.ps1"" > output.txt
CurrentDirectory: C:\Windows\system32\
User: NT AUTHORITY\SYSTEM
LogonGuid: {ef486c7a-f97d-6356-e703-000000000000}
LogonId: 0x3E7
TerminalSessionId: 0
IntegrityLevel: System
Hashes: MD5=C32CA4ACFCC635EC1EA6ED8A34DF5FAC,SHA256=73A3C4AEF5DE385875339FC2EB7E58A9E8A47B6161BDC6436BF78A763537BE70,IMPHASH=194427A488ED1DD0A91731658B071667
ParentProcessGuid: {ef486c7a-9b89-6356-2601-000000001500}
ParentProcessId: 5880
ParentImage: C:\Windows\Temp\ZNuyqd.exe
ParentCommandLine: C:\Windows\TEMP\ZNuyqd.exe
ParentUser: NT AUTHORITY\SYSTEM","-",wineventlog,"Microsoft-Windows-Sysmon/Operational","vagrant-10","-","-","-","-","-","-","powershell.exe ""\Windows\system32\test.ps1"" > output.txt","Microsoft Corporation","-","-","C:\Windows\system32\","Windows PowerShell","-","-","-","-","-","-","-","-","10.0.19041.546 (WinBuild.160101.0800)","MD5=C32CA4ACFCC635EC1EA6ED8A34DF5FAC,SHA256=73A3C4AEF5DE385875339FC2EB7E58A9E8A47B6161BDC6436BF78A763537BE70,IMPHASH=194427A488ED1DD0A91731658B071667","C:\Windows\SysWOW64\WindowsPowerShell\v1.0\powershell.exe","-","-","-",System,"-","-","-","-","-","-","-","{ef486c7a-f97d-6356-e703-000000000000}",0x3e7,"-","-","-","-","-","-","PowerShell.EXE","C:\Windows\TEMP\ZNuyqd.exe","C:\Windows\Temp\ZNuyqd.exe","{ef486c7a-9b89-6356-2601-000000001500}",5880,"NT AUTHORITY\SYSTEM","-","-","{ef486c7a-9b8b-6356-2b01-000000001500}",1880,"-","Microsoft Windows Operating System","-","-","-","-","-","-","-","-","-","-","-","-","-","-","-","-","-","-","-","-","-","-","-","-","-","-","-","-","-","-","-","-","-","-","-","-","-","-","-","-","-","-","-","-",0,"-","-","NT AUTHORITY\SYSTEM","2022-10-24 14:04:59.078","-","-","-","-","-","-","-","-","-","-","-","-","-","-","-","-","-","-","-","-","-",1,"-",Info,"2,064","3,220","{5770385f-c22a-43e0-bf4c-06f5698ffbd9}","Microsoft-Windows-Sysmon",1761,"Process Create (rule: ProcessCreate)","NT AUTHORITY","S-1-5-18",SYSTEM,User,5
"Oct 24, 2022 @ 22:04:59.079","u_JPCoQBQo9Iz8vxq_tb",".ds-winlogbeat-8.4.3-2022.10.17-000001","-","8d24c149-a762-44f9-ba0d-58433a72abc0","vagrant-10","24130491-308c-4270-b613-e4ed7c62ad4a","vagrant-10",winlogbeat,"8.4.3","8.0.0","Process Create (rule: ProcessCreate)",1,"Oct 24, 2022 @ 22:04:59.962",event,"<Event xmlns='http://schemas.microsoft.com/win/2004/08/events/event'><System><Provider Name='Microsoft-Windows-Sysmon' Guid='{5770385f-c22a-43e0-bf4c-06f5698ffbd9}'/><EventID>1</EventID><Version>5</Version><Level>4</Level><Task>1</Task><Opcode>0</Opcode><Keywords>0x8000000000000000</Keywords><TimeCreated SystemTime='2022-10-24T14:04:59.0791416Z'/><EventRecordID>1761</EventRecordID><Correlation/><Execution ProcessID='2064' ThreadID='3220'/><Channel>Microsoft-Windows-Sysmon/Operational</Channel><Computer>vagrant-10</Computer><Security UserID='S-1-5-18'/></System><EventData><Data Name='RuleName'>-</Data><Data Name='UtcTime'>2022-10-24 14:04:59.078</Data><Data Name='ProcessGuid'>{ef486c7a-9b8b-6356-2b01-000000001500}</Data><Data Name='ProcessId'>1880</Data><Data Name='Image'>C:\Windows\SysWOW64\WindowsPowerShell\v1.0\powershell.exe</Data><Data Name='FileVersion'>10.0.19041.546 (WinBuild.160101.0800)</Data><Data Name='Description'>Windows PowerShell</Data><Data Name='Product'>Microsoft Windows Operating System</Data><Data Name='Company'>Microsoft Corporation</Data><Data Name='OriginalFileName'>PowerShell.EXE</Data><Data Name='CommandLine'>powershell.exe ""\Windows\system32\test.ps1"" &gt; output.txt</Data><Data Name='CurrentDirectory'>C:\Windows\system32\</Data><Data Name='User'>NT AUTHORITY\SYSTEM</Data><Data Name='LogonGuid'>{ef486c7a-f97d-6356-e703-000000000000}</Data><Data Name='LogonId'>0x3e7</Data><Data Name='TerminalSessionId'>0</Data><Data Name='IntegrityLevel'>System</Data><Data Name='Hashes'>MD5=C32CA4ACFCC635EC1EA6ED8A34DF5FAC,SHA256=73A3C4AEF5DE385875339FC2EB7E58A9E8A47B6161BDC6436BF78A763537BE70,IMPHASH=194427A488ED1DD0A91731658B071667</Data><Data Name='ParentProcessGuid'>{ef486c7a-9b89-6356-2601-000000001500}</Data><Data Name='ParentProcessId'>5880</Data><Data Name='ParentImage'>C:\Windows\Temp\ZNuyqd.exe</Data><Data Name='ParentCommandLine'>C:\Windows\TEMP\ZNuyqd.exe</Data><Data Name='ParentUser'>NT AUTHORITY\SYSTEM</Data></EventData><RenderingInfo Culture='en-US'><Message>Process Create:
RuleName: -
UtcTime: 2022-10-24 14:04:59.078
ProcessGuid: {ef486c7a-9b8b-6356-2b01-000000001500}
ProcessId: 1880
Image: C:\Windows\SysWOW64\WindowsPowerShell\v1.0\powershell.exe
FileVersion: 10.0.19041.546 (WinBuild.160101.0800)
Description: Windows PowerShell
Product: Microsoft Windows Operating System
Company: Microsoft Corporation
OriginalFileName: PowerShell.EXE
CommandLine: powershell.exe ""\Windows\system32\test.ps1"" &gt; output.txt
CurrentDirectory: C:\Windows\system32\
User: NT AUTHORITY\SYSTEM
LogonGuid: {ef486c7a-f97d-6356-e703-000000000000}
LogonId: 0x3E7
TerminalSessionId: 0
IntegrityLevel: System
Hashes: MD5=C32CA4ACFCC635EC1EA6ED8A34DF5FAC,SHA256=73A3C4AEF5DE385875339FC2EB7E58A9E8A47B6161BDC6436BF78A763537BE70,IMPHASH=194427A488ED1DD0A91731658B071667
ParentProcessGuid: {ef486c7a-9b89-6356-2601-000000001500}
ParentProcessId: 5880
ParentImage: C:\Windows\Temp\ZNuyqd.exe
ParentCommandLine: C:\Windows\TEMP\ZNuyqd.exe
ParentUser: NT AUTHORITY\SYSTEM</Message><Level>Information</Level><Task>Process Create (rule: ProcessCreate)</Task><Opcode>Info</Opcode><Channel></Channel><Provider></Provider><Keywords></Keywords></RenderingInfo></Event>","-","M