"Oct 24, 2022 @ 22:05:05.138","FPJPCoQBQo9Iz8vxy_yh",".ds-winlogbeat-8.4.3-2022.10.17-000001","-","8d24c149-a762-44f9-ba0d-58433a72abc0","vagrant-10","24130491-308c-4270-b613-e4ed7c62ad4a","vagrant-10",winlogbeat,"8.4.3","8.0.0","File created (rule: FileCreate)",11,"Oct 24, 2022 @ 22:05:05.750",event,"<Event xmlns='http://schemas.microsoft.com/win/2004/08/events/event'><System><Provider Name='Microsoft-Windows-Sysmon' Guid='{5770385f-c22a-43e0-bf4c-06f5698ffbd9}'/><EventID>11</EventID><Version>2</Version><Level>4</Level><Task>11</Task><Opcode>0</Opcode><Keywords>0x8000000000000000</Keywords><TimeCreated SystemTime='2022-10-24T14:05:05.1386768Z'/><EventRecordID>1780</EventRecordID><Correlation/><Execution ProcessID='2064' ThreadID='3220'/><Channel>Microsoft-Windows-Sysmon/Operational</Channel><Computer>vagrant-10</Computer><Security UserID='S-1-5-18'/></System><EventData><Data Name='RuleName'>ProcessHostingdotNETCode</Data><Data Name='UtcTime'>2022-10-24 14:05:05.138</Data><Data Name='ProcessGuid'>{ef486c7a-9b8a-6356-2801-000000001500}</Data><Data Name='ProcessId'>2856</Data><Data Name='Image'>C:\Windows\SysWOW64\WindowsPowerShell\v1.0\powershell.exe</Data><Data Name='TargetFilename'>C:\Windows\SysWOW64\config\systemprofile\AppData\Local\Microsoft\CLR_v4.0_32\UsageLogs\powershell.exe.log</Data><Data Name='CreationUtcTime'>2022-10-24 14:05:05.137</Data><Data Name='User'>NT AUTHORITY\SYSTEM</Data></EventData><RenderingInfo Culture='en-US'><Message>File created:
RuleName: ProcessHostingdotNETCode
UtcTime: 2022-10-24 14:05:05.138
ProcessGuid: {ef486c7a-9b8a-6356-2801-000000001500}
ProcessId: 2856
Image: C:\Windows\SysWOW64\WindowsPowerShell\v1.0\powershell.exe
TargetFilename: C:\Windows\SysWOW64\config\systemprofile\AppData\Local\Microsoft\CLR_v4.0_32\UsageLogs\powershell.exe.log
CreationUtcTime: 2022-10-24 14:05:05.137
User: NT AUTHORITY\SYSTEM</Message><Level>Information</Level><Task>File created (rule: FileCreate)</Task><Opcode>Info</Opcode><Channel></Channel><Provider></Provider><Keywords></Keywords></RenderingInfo></Event>","-","Microsoft-Windows-Sysmon","x86_64","vagrant-10","ef486c7a-d018-43ce-bc87-fd5ce10088a9","fe80::650c:205f:e854:a4c3, 192.168.103.3","08:00:27:e3:04:fd","vagrant-10","19043.1348",windows,"10.0.19041.1348 (WinBuild.160101.0800)","Windows 10 Enterprise Evaluation","Windows 10 Enterprise Evaluation",windows,windows,"10.0",information,"File created:
RuleName: ProcessHostingdotNETCode
UtcTime: 2022-10-24 14:05:05.138
ProcessGuid: {ef486c7a-9b8a-6356-2801-000000001500}
ProcessId: 2856
Image: C:\Windows\SysWOW64\WindowsPowerShell\v1.0\powershell.exe
TargetFilename: C:\Windows\SysWOW64\config\systemprofile\AppData\Local\Microsoft\CLR_v4.0_32\UsageLogs\powershell.exe.log
CreationUtcTime: 2022-10-24 14:05:05.137
User: NT AUTHORITY\SYSTEM","-",wineventlog,"Microsoft-Windows-Sysmon/Operational","vagrant-10","-","-","-","-","-","-","-","-","-","2022-10-24 14:05:05.137","-","-","-","-","-","-","-","-","-","-","-","-","C:\Windows\SysWOW64\WindowsPowerShell\v1.0\powershell.exe","-","-","-","-","-","-","-","-","-","-","-","-","-","-","-","-","-","-","-","-","-","-","-","-","-","-","-","{ef486c7a-9b8a-6356-2801-000000001500}",2856,"-","-","-","-","-","-","-","-","-","-",ProcessHostingdotNETCode,"-","-","-","-","-","-","-","-","-","-","-","-","-","-","-","-","-","-","-","-","-","-","C:\Windows\SysWOW64\config\systemprofile\AppData\Local\Microsoft\CLR_v4.0_32\UsageLogs\powershell.exe.log","-","-","-","-","-","-","-","-","-","-","-","-","-","-","-","NT AUTHORITY\SYSTEM","2022-10-24 14:05:05.138","-","-","-","-","-","-","-","-","-","-","-","-","-","-","-","-","-","-","-","-","-",11,"-",Info,"2,064","3,220","{5770385f-c22a-43e0-bf4c-06f5698ffbd9}","Microsoft-Windows-Sysmon",1780,"File created (rule: FileCreate)","NT AUTHORITY","S-1-5-18",SYSTEM,User,2
"Oct 24, 2022 @ 22:05:05.138","FvJPCoQBQo9Iz8vxy_yh",".ds-winlogbeat-8.4.3-2022.10.17-000001","-","8d24c149-a762-44f9-ba0d-58433a72abc0","vagrant-10","24130491-308c-4270-b613-e4ed7c62ad4a","vagrant-10",winlogbeat,"8.4.3","8.0.0","File created (rule: FileCreate)",11,"Oct 24, 2022 @ 22:05:05.750",event,"<Event xmlns='http://schemas.microsoft.com/win/2004/08/events/event'><System><Provider Name='Microsoft-Windows-Sysmon' Guid='{5770385f-c22a-43e0-bf4c-06f5698ffbd9}'/><EventID>11</EventID><Version>2</Version><Level>4</Level><Task>11</Task><Opcode>0</Opcode><Keywords>0x8000000000000000</Keywords><TimeCreated SystemTime='2022-10-24T14:05:05.1386768Z'/><EventRecordID>1780</EventRecordID><Correlation/><Execution ProcessID='2064' ThreadID='3220'/><Channel>Microsoft-Windows-Sysmon/Operational</Channel><Computer>vagrant-10</Computer><Security UserID='S-1-5-18'/></System><EventData><Data Name='RuleName'>ProcessHostingdotNETCode</Data><Data Name='UtcTime'>2022-10-24 14:05:05.138</Data><Data Name='ProcessGuid'>{ef486c7a-9b8a-6356-2801-000000001500}</Data><Data Name='ProcessId'>2856</Data><Data Name='Image'>C:\Windows\SysWOW64\WindowsPowerShell\v1.0\powershell.exe</Data><Data Name='TargetFilename'>C:\Windows\SysWOW64\config\systemprofile\AppData\Local\Microsoft\CLR_v4.0_32\UsageLogs\powershell.exe.log</Data><Data Name='CreationUtcTime'>2022-10-24 14:05:05.137</Data><Data Name='User'>NT AUTHORITY\SYSTEM</Data></EventData><RenderingInfo Culture='en-US'><Message>File created:
RuleName: ProcessHostingdotNETCode
UtcTime: 2022-10-24 14:05:05.138
ProcessGuid: {ef486c7a-9b8a-6356-2801-000000001500}
ProcessId: 2856
Image: C:\Windows\SysWOW64\WindowsPowerShell\v1.0\powershell.exe
TargetFilename: C:\Windows\SysWOW64\config\systemprofile\AppData\Local\Microsoft\CLR_v4.0_32\UsageLogs\powershell.exe.log
CreationUtcTime: 2022-10-24 14:05:05.137
User: NT AUTHORITY\SYSTEM</Message><Level>Information</Level><Task>File created (rule: FileCreate)</Task><Opcode>Info</Opcode><Channel></Channel><Provider></Provider><Keywords></Keywords></RenderingInfo></Event>","-","Microsoft-Windows-Sysmon","x86_64","vagrant-10","ef486c7a-d018-43ce-bc87-fd5ce10088a9","fe80::650c:205f:e854:a4c3, 192.168.103.3","08:00:27:e3:04:fd","vagrant-10","19043.1348",windows,"10.0.19041.1348 (WinBuild.160101.0800)","Windows 10 Enterprise Evaluation","Windows 10 Enterprise Evaluation",windows,windows,"10.0",information,"File created:
RuleName: ProcessHostingdotNETCode
UtcTime: 2022-10-24 14:05:05.138
ProcessGuid: {ef486c7a-9b8a-6356-2801-000000001500}
ProcessId: 2856
Image: C:\Windows\SysWOW64\WindowsPowerShell\v1.0\powershell.exe
TargetFilename: C:\Windows\SysWOW64\config\systemprofile\AppData\Local\Microsoft\CLR_v4.0_32\UsageLogs\powershell.exe.log
CreationUtcTime: 2022-10-24 14:05:05.137
User: NT AUTHORITY\SYSTEM","-",wineventlog,"Microsoft-Windows-Sysmon/Operational","vagrant-10","-","-","-","-","-","-","-","-","-","2022-10-24 14:05:05.137","-","-","-","-","-","-","-","-","-","-","-","-","C:\Windows\SysWOW64\WindowsPowerShell\v1.0\powershell.exe","-","-","-","-","-","-","-","-","-","-","-","-","-","-","-","-","-","-","-","-","-","-","-","-","-","-","-","{ef486c7a-9b8a-6356-2801-000000001500}",2856,"-","-","-","-","-","-","-","-","-","-",ProcessHostingdotNETCode,"-","-","-","-","-","-","-","-","-","-","-","-","-","-","-","-","-","-","-","-","-","-","C:\Windows\SysWOW64\config\systemprofile\AppData\Local\Microsoft\CLR_v4.0_32\UsageLogs\powershell.exe.log","-","-","-","-","-","-","-","-","-","-","-","-","-","-","-","NT AUTHORITY\SYSTEM","2022-10-24 14:05:05.138","-","-","-","-","-","-","-","-","-","-","-","-","-","-","-","-","-","-","-","-","-",11,"-",Info,"2,064","3,220","{5770385f-c22a-43e0-bf4c-06f5698ffbd9}","Microsoft-Windows-Sysmon",1780,"File created (rule: FileCreate)","NT AUTHORITY","S-1-5-18",SYSTEM,User,2
"Oct 24, 2022 @ 22:05:05.135","D_JPCoQBQo9Iz8vxy_yh",".ds-winlogbeat-8.4.3-2022.10.17-000001","-","8d24c149-a762-44f9-ba0d-58433a72abc0","vagrant-10","24130491-308c-4270-b613-e4ed7c62ad4a","vagrant-10",winlogbeat,"8.4.3","8.0.0","Execute a Remote Command",4104,"Oct 24, 2022 @ 22:05:05.247",event,"<Event xmlns='http://schemas.microsoft.com/win/2004/08/events/event'><System><Provider Name='Microsoft-Windows-PowerShell' Guid='{a0c1853b-5c40-4b15-8766-3cf1c58f985a}'/><EventID>4104</EventID><Version>1</Version><Level>3</Level><Task>2</Task><Opcode>15</Opcode><Keywords>0x0</Keywords><TimeCreated SystemTime='2022-10-24T14:05:05.1353103Z'/><EventRecordID>248</EventRecordID><Correlation ActivityID='{8268e5b5-e7e9-0001-1313-6982e9e7d801}'/><Execution ProcessID='2784' ThreadID='992'/><Channel>Microsoft-Windows-PowerShell/Operational</Channel><Computer>vagrant-10</Computer><Security UserID='S-1-5-18'/></System><EventData><Data Name='MessageNumber'>1</Data><Data Name='MessageTotal'>1</Data><Data Name='ScriptBlockText'>
#requires -version 3.0

try { Microsoft.PowerShell.Core\Set-StrictMode -Off } catch { }

$script:MyModule = $MyInvocation.MyCommand.ScriptBlock.Module

$script:ClassName = 'ROOT\Microsoft\Windows\Defender\MSFT_MpSignature'
$script:ClassVersion = '1.0'
$script:ModuleVersion = '1.0'
$script:ObjectModelWrapper = [Microsoft.PowerShell.Cmdletization.Cim.CimCmdletAdapter]

$script:PrivateData = [System.Collections.Generic.Dictionary[string,string]]::new()

Microsoft.PowerShell.Core\Export-ModuleMember -Function @()
        

function __cmdletization_BindCommonParameters
{
    param(
        $__cmdletization_objectModelWrapper,
        $myPSBoundParameters
    )       
                

        if ($myPSBoundParameters.ContainsKey('CimSession')) { 
            $__cmdletization_objectModelWrapper.PSObject.Properties['CimSession'].Value = $myPSBoundParameters['CimSession'] 
        }
                    

        if ($myPSBoundParameters.ContainsKey('ThrottleLimit')) { 
            $__cmdletization_objectModelWrapper.PSObject.Properties['ThrottleLimit'].Value = $myPSBoundParameters['ThrottleLimit'] 
        }
                    

        if ($myPSBoundParameters.ContainsKey('AsJob')) { 
            $__cmdletization_objectModelWrapper.PSObject.Properties['AsJob'].Value = $myPSBoundParameters['AsJob'] 
        }
                    

}
                

function Update-MpSignature
{
    [CmdletBinding(PositionalBinding=$false)]
    
    
    param(
    
    [Parameter(ParameterSetName='Update0')]
    [AllowEmptyString()]
    [AllowNull()]
    [ValidateNotNull()]
    [ValidateNotNullOrEmpty()]
    [ValidateSet('InternalDefinitionUpdateServer','MicrosoftUpdateServer','MMPC','FileShares')]
    [Microsoft.PowerShell.Cmdletization.GeneratedTypes.MpSignature.UpdateSource]
    ${UpdateSource},

    [Parameter(ParameterSetName='Update0')]
    [Alias('Session')]
    [ValidateNotNullOrEmpty()]
    [CimSession[]]
    ${CimSession},

    [Parameter(ParameterSetName='Update0')]
    [int]
    ${ThrottleLimit},

    [Parameter(ParameterSetName='Update0')]
    [switch]
    ${AsJob})

    DynamicParam {
        try 
        {
            if (-not $__cmdletization_exceptionHasBeenThrown)
            {
                $__cmdletization_objectModelWrapper = $script:ObjectModelWrapper::new()
                $__cmdletization_objectModelWrapper.Initialize($PSCmdlet, $script:ClassName, $script:ClassVersion, $script:ModuleVersion, $script:PrivateData)

                if ($__cmdletization_objectModelWrapper -is [System.Management.Automation.IDynamicParameters])
                {
                    ([System.Management.Automation.IDynamicParameters]$__cmdletization_objectModelWrapper).GetDynamicParameters()
                }
            }
        }
        catch
        {
            $__cmdletization_exceptionHasBeenThrown = $true
            throw
        }
    }

    Begin {
        $__cmdletization_exceptionHasBeenThrown = $false
        try 
        {
            __cmdletization_BindCommonParameters $__cmdletization_objectModelWrapper $PSBoundParameters
            $__cmdletization_objectModelWrapper.BeginProcessing()
        }
        catch
        {
            $__cmdletization_exceptionHasBeenThrown = $true
            throw
        }
    }
        

    Process {
        try 
        {
            if (-not $__cmdletization_exceptionHasBeenThrown)
            {
      $__cmdletization_methodParameters = [System.Collections.Generic.List[Microsoft.PowerShell.Cmdletization.MethodParameter]]::new()

        [object]$__cmdletization_defaultValue = $null
        [object]$__cmdletization_defaultValueIsPresent = $false
        if ($PSBoundParameters.ContainsKey('UpdateSource')) {
          [object]$__cmdletization_value = ${UpdateSource}
          $__cmdletization_methodParameter = [Microsoft.PowerShell.Cmdletization.MethodParameter]@{Name = 'UpdateSource'; ParameterType = 'Microsoft.PowerShell.Cmdletization.GeneratedTypes.MpSignature.UpdateSource'; Bindings = 'In'; Value = $__cmdletization_value; IsValuePresent = $true}
        } else {
          $__cmdletization_methodParameter = [Microsoft.PowerShell.Cmdletization.MethodParameter]@{Name = 'UpdateSource'; ParameterType = 'Microsoft.PowerShell.Cmdletization.GeneratedTypes.MpSignature.UpdateSource'; Bindings = 'In'; Value = $__cmdletization_defaultValue; IsValuePresent = $__cmdletization_defaultValueIsPresent}
        }
        $__cmdletization_methodParameters.Add($__cmdletization_methodParameter)

      $__cmdletization_returnValue = [Microsoft.PowerShell.Cmdletization.MethodParameter]@{ Name = 'ReturnValue'; ParameterType = 'System.Int32'; Bindings = 'Error'; Value = $null; IsValuePresent = $false }
      $__cmdletization_methodInvocationInfo = [Microsoft.PowerShell.Cmdletization.MethodInvocationInfo]::new('Update', $__cmdletization_methodParameters, $__cmdletization_returnValue)
      $__cmdletization_objectModelWrapper.ProcessRecord($__cmdletization_methodInvocationInfo)

            }
        }
        catch
        {
            $__cmdletization_exceptionHasBeenThrown = $true
            throw
        }
    }
        

    End {
        try
        {
            if (-not $__cmdletization_exceptionHasBeenThrown)
            {
                $__cmdletization_objectModelWrapper.EndProcessing()
            }
        }
        catch
        {
            throw
        }
    }

    # .EXTERNALHELP MSFT_MpSignature.cdxml-Help.xml
}
Microsoft.PowerShell.Core\Export-ModuleMember -Function 'Update-MpSignature' -Alias '*'
        
</Data><Data Name='ScriptBlockId'>372f6a67-2ab3-4ab9-9f49-1572d9c27a2d</Data><Data Name='Path'></Data></EventData></Event>","-","Microsoft-Windows-PowerShell","x86_64","vagrant-10","ef486c7a-d018-43ce-bc87-fd5ce10088a9","fe80::650c:205f:e854:a4c3, 192.168.103.3","08:00:27:e3:04:fd","vagrant-10","19043.1348",windows,"10.0.19041.1348 (WinBuild.160101.0800)","Windows 10 Enterprise Evaluation","Windows 10 Enterprise Evaluation",windows,windows,"10.0",warning,"Creating Scriptblock text (1 of 1):

#requires -version 3.0

try { Microsoft.PowerShell.Core\Set-StrictMode -Off } catch { }

$script:MyModule = $MyInvocation.MyCommand.ScriptBlock.Module

$script:ClassName = 'ROOT\Microsoft\Windows\Defender\MSFT_MpSignature'
$script:ClassVersion = '1.0'
$script:ModuleVersion = '1.0'
$script:ObjectModelWrapper = [Microsoft.PowerShell.Cmdletization.Cim.CimCmdletAdapter]

$script:PrivateData = [System.Collections.Generic.Dictionary[string,string]]::new()

Microsoft.PowerShell.Core\Export-ModuleMember -Function @()
        

function __cmdletization_BindCommonParameters
{
    param(
        $__cmdletization_objectModelWrapper,
        $myPSBoundParameters
    )       
                

        if ($myPSBoundParameters.ContainsKey('CimSession')) { 
            $__cmdletization_objectModelWrapper.PSObject.Properties['CimSession'].Value = $myPSBoundParameters['CimSession'] 
        }
                    

        if ($myPSBoundParameters.ContainsKey('ThrottleLimit')) { 
            $__cmdletization_objectModelWrapper.PSObject.Properties['ThrottleLimit'].Value = $myPSBoundParameters['ThrottleLimit'] 
        }
                    

        if ($myPSBoundParameters.ContainsKey('AsJob')) { 
            $__cmdletization_objectModelWrapper.PSObject.Properties['AsJob'].Value = $myPSBoundParameters['AsJob'] 
        }
                    

}
                

function Update-MpSignature
{
    [CmdletBinding(PositionalBinding=$false)]
    
    
    param(
    
    [Parameter(ParameterSetName='Update0')]
    [AllowEmptyString()]
    [AllowNull()]
    [ValidateNotNull()]
    [ValidateNotNullOrEmpty()]
    [ValidateSet('InternalDefinitionUpdateServer','MicrosoftUpdateServer','MMPC','FileShares')]
    [Microsoft.PowerShell.Cmdletization.GeneratedTypes.MpSignature.UpdateSource]
    ${UpdateSource},

    [Parameter(ParameterSetName='Update0')]
    [Alias('Session')]
    [ValidateNotNullOrEmpty()]
    [CimSession[]]
    ${CimSession},

    [Parameter(ParameterSetName='Update0')]
    [int]
    ${ThrottleLimit},

    [Parameter(ParameterSetName='Update0')]
    [switch]
    ${AsJob})

    DynamicParam {
        try 
        {
            if (-not $__cmdletization_exceptionHasBeenThrown)
            {
                $__cmdletization_objectModelWrapper = $script:ObjectModelWrapper::new()
                $__cmdletization_objectModelWrapper.Initialize($PSCmdlet, $script:ClassName, $script:ClassVersion, $script:ModuleVersion, $script:PrivateData)

                if ($__cmdletization_objectModelWrapper -is [System.Management.Automation.IDynamicParameters])
                {
                    ([System.Management.Automation.IDynamicParameters]$__cmdletization_objectModelWrapper).GetDynamicParameters()
                }
            }
        }
        catch
        {
            $__cmdletization_exceptionHasBeenThrown = $true
            throw
        }
    }

    Begin {
        $__cmdletization_exceptionHasBeenThrown = $false
        try 
        {
            __cmdletization_BindCommonParameters $__cmdletization_objectModelWrapper $PSBoundParameters
            $__cmdletization_objectModelWrapper.BeginProcessing()
        }
        catch
        {
            $__cmdletization_exceptionHasBeenThrown = $true
            throw
        }
    }
        

    Process {
        try 
        {
            if (-not $__cmdletization_exceptionHasBeenThrown)
            {
      $__cmdletization_methodParameters = [System.Collections.Generic.List[Microsoft.PowerShell.Cmdletization.MethodParameter]]::new()

        [object]$__cmdletization_defaultValue = $null
        [object]$__cmdletization_defaultValueIsPresent = $false
        if ($PSBoundParameters.ContainsKey('UpdateSource')) {
          [object]$__cmdletization_value = ${UpdateSource}
          $__cmdletization_methodParameter = [Microsoft.PowerShell.Cmdletization.MethodParameter]@{Name = 'UpdateSource'; ParameterType = 'Microsoft.PowerShell.Cmdletization.GeneratedTypes.MpSignature.UpdateSource'; Bindings = 'In'; Value = $__cmdletization_value; IsValuePresent = $true}
        } else {
          $__cmdletization_methodParameter = [Microsoft.PowerShell.Cmdletization.MethodParameter]@{Name = 'UpdateSource'; ParameterType = 'Microsoft.PowerShell.Cmdletization.GeneratedTypes.MpSignature.UpdateSource'; Bindings = 'In'; Value = $__cmdletization_defaultValue; IsValuePresent = $__cmdletization_defaultValueIsPresent}
        }
        $__cmdletization_methodParameters.Add($__cmdletization_methodParameter)

      $__cmdletization_returnValue = [Microsoft.PowerShell.Cmdletization.MethodParameter]@{ Name = 'ReturnValue'; ParameterType = 'System.Int32'; Bindings = 'Error'; Value = $null; IsValuePresent = $false }
      $__cmdletization_methodInvocationInfo = [Microsoft.PowerShell.Cmdletization.MethodInvocationInfo]::new('Update', $__cmdletization_methodParameters, $__cmdletization_returnValue)
      $__cmdletization_objectModelWrapper.ProcessRecord($__cmdletization_methodInvocationInfo)

            }
        }
        catch
        {
            $__cmdletization_exceptionHasBeenThrown = $true
            throw
        }
    }
        

    End {
        try
        {
            if (-not $__cmdletization_exceptionHasBeenThrown)
            {
                $__cmdletization_objectModelWrapper.EndProcessing()
            }
        }
        catch
        {
            throw
        }
    }

    # .EXTERNALHELP MSFT_MpSignature.cdxml-Help.xml
}
Microsoft.PowerShell.Core\Export-ModuleMember -Function 'Update-MpSignature' -Alias '*'
        


ScriptBlock ID: 372f6a67-2ab3-4ab9-9f49-1572d9c27a2d
Path: ","{8268e5b5-e7e9-0001-1313-6982e9e7d801}",wineventlog,"Microsoft-Windows-PowerShell/Operational","vagrant-10","-","-","-","-","-","-","-","-","-","-","-","-","-","-","-","-","-","-","-","-","-","-","-","-","-","-","-","-","-","-","-","-","-","-","-","-","-","-",1,1,"-","-","-","-","-","-","-","-","-","-","-","-","-","-","-","-","-","-","-","-","-","-","-","372f6a67-2ab3-4ab9-9f49-1572d9c27a2d","
#requires -version 3.0

try { Microsoft.PowerShell.Core\Set-StrictMode -Off } catch { }

$script:MyModule = $MyInvocation.MyCommand.ScriptBlock.Module

$script:ClassName = 'ROOT\Microsoft\Windows\Defender\MSFT_MpSignature'
$script:ClassVersion = '1.0'
$script:ModuleVersion = '1.0'
$script:ObjectModelWrapper = [Microsoft.PowerShell.Cmdletization.Cim.CimCmdletAdapter]

$script:PrivateData = [System.Collections.Generic.Dictionary[string,string]]::new()

Microsoft.PowerShell.Core\Export-ModuleMember -Function @()
        

function __cmdletization_BindCommonParameters
{
    param(
        $__cmdletization_objectModelWrapper,
        $myPSBoundParameters
    )       
                

        if ($myPSBoundParameters.ContainsKey('CimSession')) { 
            $__cmdletization_objectModelWrapper.PSObject.Properties['CimSession'].Value = $myPSBoundParameters['CimSession'] 
        }
                    

        if ($myPSBoundParameters.ContainsKey('ThrottleLimit')) { 
            $__cmdletization_objectModelWrapper.PSObject.Properties['ThrottleLimit'].Value = $myPSBoundParameters['ThrottleLimit'] 
        }
                    

        if ($myPSBoundParameters.ContainsKey('AsJob')) { 
            $__cmdletization_objectModelWrapper.PSObject.Properties['AsJob'].Value = $myPSBoundParameters['AsJob'] 
        }
                    

}
                

function Update-MpSignature
{
    [CmdletBinding(PositionalBinding=$false)]
    
    
    param(
    
    [Parameter(ParameterSetName='Update0')]
    [AllowEmptyString()]
    [AllowNull()]
    [ValidateNotNull()]
    [ValidateNotNullOrEmpty()]
    [ValidateSet('InternalDefinitionUpdateServer','MicrosoftUpdateServer','MMPC','FileShares')]
    [Microsoft.PowerShell.Cmdletization.GeneratedTypes.MpSignature.UpdateSource]
    ${UpdateSource},

    [Parameter(ParameterSetName='Update0')]
    [Alias('Session')]
    [ValidateNotNullOrEmpty()]
    [CimSession[]]
    ${CimSession},

    [Parameter(ParameterSetName='Update0')]
    [int]
    ${ThrottleLimit},

    [Parameter(ParameterSetName='Update0')]
    [switch]
    ${AsJob})

    DynamicParam {
        try 
        {
            if (-not $__cmdletization_exceptionHasBeenThrown)
            {
                $__cmdletization_objectModelWrapper = $script:ObjectModelWrapper::new()
                $__cmdletization_objectModelWrapper.Initialize($PSCmdlet, $script:ClassName, $script:ClassVersion, $script:ModuleVersion, $script:PrivateData)

                if ($__cmdletization_objectModelWrapper -is [System.Management.Automation.IDynamicParameters])
                {
                    ([System.Management.Automation.IDynamicParameters]$__cmdletization_objectModelWrapper).GetDynamicParameters()
                }
            }
        }
        catch
        {
            $__cmdletization_exceptionHasBeenThrown = $true
            throw
        }
    }

    Begin {
        $__cmdletization_exceptionHasBeenThrown = $false
        try 
        {
            __cmdletization_BindCommonParameters $__cmdletization_objectModelWrapper $PSBoundParameters
            $__cmdletization_objectModelWrapper.BeginProcessing()
        }
        catch
        {
            $__cmdletization_exceptionHasBeenThrown = $true
            throw
        }
    }
        

    Process {
        try 
        {
            if (-not $__cmdletization_exceptionHasBeenThrown)
            {
      $__cmdletization_methodParameters = [System.Collections.Generic.List[Microsoft.PowerShell.Cmdletization.MethodParameter]]::new()

        [object]$__cmdletization_defaultValue = $null
        [object]$__cmdletization_defaultValueIsPresent = $false
        if ($PSBoundParameters.ContainsKey('UpdateSource')) {
          [object]$__cmdletization_value = ${UpdateSource}
          $__cmdletization_methodParameter = [Microsoft.PowerShell.Cmdletization.MethodParameter]@{Name = 'UpdateSource'; ParameterType = 'Microsoft.PowerShell.Cmdletization.GeneratedTypes.MpSignature.UpdateSource'; Bindings = 'In'; Value = $__cmdletization_value; IsValuePresent = $true}
        } else {
          $__cmdletization_methodParameter = [Microsoft.PowerShell.Cmdletization.MethodParameter]@{Name = 'UpdateSource'; ParameterType = 'Microsoft.PowerShell.Cmdletization.GeneratedTypes.MpSignature.UpdateSource'; Bindings = 'In'; Value = $__cmdletization_defaultValue; IsValuePresent = $__cmdletization_defaultValueIsPresent}
        }
        $__cmdletization_methodParameters.Add($__cmdletization_methodParameter)

      $__cmdletization_returnValue = [Microsoft.PowerShell.Cmdletization.MethodParameter]@{ Name = 'ReturnValue'; ParameterType = 'System.Int32'; Bindings = 'Error'; Value = $null; IsValuePresent = $false }
      $__cmdletization_methodInvocationInfo = [Microsoft.PowerShell.Cmdletization.MethodInvocationInfo]::new('Update', $__cmdletization_methodParameters, $__cmdletization_returnValue)
      $__cmdletization_objectModelWrapper.ProcessRecord($__cmdletization_methodInvocationInfo)

            }
        }
        catch
        {
            $__cmdletization_exceptionHasBeenThrown = $true
            throw
        }
    }
        

    End {
        try
        {
            if (-not $__cmdletization_exceptionHasBeenThrown)
            {
                $__cmdletization_objectModelWrapper.EndProcessing()
            }
        }
        catch
        {
            throw
        }
    }

    # .EXTERNALHELP MSFT_MpSignature.cdxml-Help.xml
}
Microsoft.PowerShell.Core\Export-ModuleMember -Function 'Update-MpSignature' -Alias '*'
        ","-","-","-","-","-","-","-","-","-","-","-","-","-","-","-","-","-","-","-","-","-","-","-","-","-","-","-","-","-","-","-","-","-","-","-","-","-","-","-","-","-","-","-","-","-","-","-","-","-","-","-","-","-","-","-","-","-","-","-",4104,"-","-","2,784",992,"{a0c1853b-5c40-4b15-8766-3cf1c58f985a}","Microsoft-Windows-PowerShell",248,"Execute a Remote Command","NT AUTHORITY","S-1-5-18",SYSTEM,User,1
"Oct 24, 2022 @ 22:05:05.128","EvJPCoQBQo9Iz8vxy_yh",".ds-winlogbeat-8.4.3-2022.10.17-000001","-","8d24c149-a762-44f9-ba0d-58433a72abc0","vagrant-10","24130491-308c-4270-b613-e4ed7c62ad4a","vagrant-10",winlogbeat,"8.4.3","8.0.0","Engine Lifecycle",403,"Oct 24, 2022 @ 22:05:05.263",event,"<Event xmlns='http://schemas.microsoft.com/win/2004/08/events/event'><System><Provider Name='PowerShell'/><EventID Qualifiers='0'>403</EventID><Version>0</Version><Level>4</Level><Task>4</Task><Opcode>0</Opcode><Keywords>0x80000000000000</Keywords><TimeCreated SystemTime='2022-10-24T14:05:05.1280311Z'/><EventRecordID>544</EventRecordID><Correlation/><Execution ProcessID='0' ThreadID='0'/><Channel>Windows PowerShell</Channel><Computer>vagrant-10</Computer><Security/></System><EventData><Data>Stopped</Data><Data>Available</Data><Data>	NewEngineState=Stopped
	PreviousEngineState=Available

	SequenceNumber=18

	HostName=ConsoleHost
	HostVersion=5.1.19041.1320
	HostId=860a972d-e672-4182-b148-f4fe672b187f
	HostApplication=powershell Set-ExecutionPolicy -ExecutionPolicy unrestricted
	EngineVersion=5.1.19041.1320
	RunspaceId=07c6372e-8d6a-4ae2-9e96-884cee2d7097
	PipelineId=
	CommandName=
	CommandType=
	ScriptName=
	CommandPath=
	CommandLine=</Data></EventData><RenderingInfo Culture='en-US'><Message>Engine state is changed from Available to Stopped. 

Details: 
	NewEngineState=Stopped
	PreviousEngineState=Available

	SequenceNumber=18

	HostName=ConsoleHost
	HostVersion=5.1.19041.1320
	HostId=860a972d-e672-4182-b148-f4fe672b187f
	HostApplication=powershell Set-ExecutionPolicy -ExecutionPolicy unrestricted
	EngineVersion=5.1.19041.1320
	RunspaceId=07c6372e-8d6a-4ae2-9e96-884cee2d7097
	PipelineId=
	CommandName=
	CommandType=
	ScriptName=
	CommandPath=
	CommandLine=</Message><Level>Information</Level><Task>Engine Lifecycle</Task><Opcode>Info</Opcode><Channel></Channel><Provider></Provider><Keywords><Keyword>Classic</Keyword></Keywords></RenderingInfo></Event>","-",PowerShell,"x86_64","vagrant-10","ef486c7a-d018-43ce-bc87-fd5ce10088a9","fe80::650c:205f:e854:a4c3, 192.168.103.3","08:00:27:e3:04:fd","vagrant-10","19043.1348",windows,"10.0.19041.1348 (WinBuild.160101.0800)","Windows 10 Enterprise Evaluation","Windows 10 Enterprise Evaluation",windows,windows,"10.0",information,"Engine state is changed from Available to Stopped. 

Details: 
	NewEngineState=Stopped
	PreviousEngineState=Available

	SequenceNumber=18

	HostName=ConsoleHost
	HostVersion=5.1.19041.1320
	HostId=860a972d-e672-4182-b148-f4fe672b187f
	HostApplication=powershell Set-ExecutionPolicy -ExecutionPolicy unrestricted
	EngineVersion=5.1.19041.1320
	RunspaceId=07c6372e-8d6a-4ae2-9e96-884cee2d7097
	PipelineId=
	CommandName=
	CommandType=
	ScriptName=
	CommandPath=
	CommandLine=","-",wineventlog,"Windows PowerShell","vagrant-10","-","-","-","-","-","-","-","-","-","-","-","-","-","-","-","-","-","-","-","-","-","-","-","-","-","-","-","-","-","-","-","-","-","-","-","-","-","-","-","-","-","-","-","-","-","-","-","-","-","-","-","-","-","-","-","-","-","-","-","-","-","-","-","-","-","-","-","-","-","-","-","-","-","-","-","-","-","-","-","-","-","-","-","-","-","-","-","-","-","-","-","-","-","-","-","-","-","-","-","-","-","-","-","-","-",Stopped,"-","-","-","-","-","-","-",Available,"-","-","-","	NewEngineState=Stopped
	PreviousEngineState=Available

	SequenceNumber=18

	HostName=ConsoleHost
	HostVersion=5.1.19041.1320
	HostId=860a972d-e672-4182-b148-f4fe672b187f
	HostApplication=powershell Set-ExecutionPolicy -ExecutionPolicy unrestricted
	EngineVersion=5.1.19041.1320
	RunspaceId=07c6372e-8d6a-4ae2-9e96-884cee2d7097
	PipelineId=
	CommandName=
	CommandType=
	ScriptName=
	CommandPath=
	CommandLine=","-","-","-","-","-","-",403,Classic,Info,"-","-","-",PowerShell,544,"Engine Lifecycle","-","-","-","-","-"
