"Oct 24, 2022 @ 22:05:01.311","0_JPCoQBQo9Iz8vxtvs7",".ds-winlogbeat-8.4.3-2022.10.17-000001","-","8d24c149-a762-44f9-ba0d-58433a72abc0","vagrant-10","24130491-308c-4270-b613-e4ed7c62ad4a","vagrant-10",winlogbeat,"8.4.3","8.0.0","Provider Lifecycle",600,"Oct 24, 2022 @ 22:05:02.036",event,"<Event xmlns='http://schemas.microsoft.com/win/2004/08/events/event'><System><Provider Name='PowerShell'/><EventID Qualifiers='0'>600</EventID><Version>0</Version><Level>4</Level><Task>6</Task><Opcode>0</Opcode><Keywords>0x80000000000000</Keywords><TimeCreated SystemTime='2022-10-24T14:05:01.3115713Z'/><EventRecordID>525</EventRecordID><Correlation/><Execution ProcessID='0' ThreadID='0'/><Channel>Windows PowerShell</Channel><Computer>vagrant-10</Computer><Security/></System><EventData><Data>FileSystem</Data><Data>Started</Data><Data>	ProviderName=FileSystem
	NewProviderState=Started

	SequenceNumber=7

	HostName=ConsoleHost
	HostVersion=5.1.19041.1320
	HostId=860a972d-e672-4182-b148-f4fe672b187f
	HostApplication=powershell Set-ExecutionPolicy -ExecutionPolicy unrestricted
	EngineVersion=
	RunspaceId=
	PipelineId=
	CommandName=
	CommandType=
	ScriptName=
	CommandPath=
	CommandLine=</Data></EventData><RenderingInfo Culture='en-US'><Message>Provider ""FileSystem"" is Started. 

Details: 
	ProviderName=FileSystem
	NewProviderState=Started

	SequenceNumber=7

	HostName=ConsoleHost
	HostVersion=5.1.19041.1320
	HostId=860a972d-e672-4182-b148-f4fe672b187f
	HostApplication=powershell Set-ExecutionPolicy -ExecutionPolicy unrestricted
	EngineVersion=
	RunspaceId=
	PipelineId=
	CommandName=
	CommandType=
	ScriptName=
	CommandPath=
	CommandLine=</Message><Level>Information</Level><Task>Provider Lifecycle</Task><Opcode>Info</Opcode><Channel></Channel><Provider></Provider><Keywords><Keyword>Classic</Keyword></Keywords></RenderingInfo></Event>","-",PowerShell,"x86_64","vagrant-10","ef486c7a-d018-43ce-bc87-fd5ce10088a9","fe80::650c:205f:e854:a4c3, 192.168.103.3","08:00:27:e3:04:fd","vagrant-10","19043.1348",windows,"10.0.19041.1348 (WinBuild.160101.0800)","Windows 10 Enterprise Evaluation","Windows 10 Enterprise Evaluation",windows,windows,"10.0",information,"Provider ""FileSystem"" is Started. 

Details: 
	ProviderName=FileSystem
	NewProviderState=Started

	SequenceNumber=7

	HostName=ConsoleHost
	HostVersion=5.1.19041.1320
	HostId=860a972d-e672-4182-b148-f4fe672b187f
	HostApplication=powershell Set-ExecutionPolicy -ExecutionPolicy unrestricted
	EngineVersion=
	RunspaceId=
	PipelineId=
	CommandName=
	CommandType=
	ScriptName=
	CommandPath=
	CommandLine=","-",wineventlog,"Windows PowerShell","vagrant-10","-","-","-","-","-","-","-","-","-","-","-","-","-","-","-","-","-","-","-","-","-","-","-","-","-","-","-","-","-","-","-","-","-","-","-","-","-","-","-","-","-","-","-","-","-","-","-","-","-","-","-","-","-","-","-","-","-","-","-","-","-","-","-","-","-","-","-","-","-","-","-","-","-","-","-","-","-","-","-","-","-","-","-","-","-","-","-","-","-","-","-","-","-","-","-","-","-","-","-","-","-","-","-","-","-",FileSystem,"-","-","-","-","-","-","-",Started,"-","-","-","	ProviderName=FileSystem
	NewProviderState=Started

	SequenceNumber=7

	HostName=ConsoleHost
	HostVersion=5.1.19041.1320
	HostId=860a972d-e672-4182-b148-f4fe672b187f
	HostApplication=powershell Set-ExecutionPolicy -ExecutionPolicy unrestricted
	EngineVersion=
	RunspaceId=
	PipelineId=
	CommandName=
	CommandType=
	ScriptName=
	CommandPath=
	CommandLine=","-","-","-","-","-","-",600,Classic,Info,"-","-","-",PowerShell,525,"Provider Lifecycle","-","-","-","-","-"
"Oct 24, 2022 @ 22:05:01.311",1PJPCoQBQo9Iz8vxtvs7,".ds-winlogbeat-8.4.3-2022.10.17-000001","-","8d24c149-a762-44f9-ba0d-58433a72abc0","vagrant-10","24130491-308c-4270-b613-e4ed7c62ad4a","vagrant-10",winlogbeat,"8.4.3","8.0.0","Provider Lifecycle",600,"Oct 24, 2022 @ 22:05:02.036",event,"<Event xmlns='http://schemas.microsoft.com/win/2004/08/events/event'><System><Provider Name='PowerShell'/><EventID Qualifiers='0'>600</EventID><Version>0</Version><Level>4</Level><Task>6</Task><Opcode>0</Opcode><Keywords>0x80000000000000</Keywords><TimeCreated SystemTime='2022-10-24T14:05:01.3115713Z'/><EventRecordID>526</EventRecordID><Correlation/><Execution ProcessID='0' ThreadID='0'/><Channel>Windows PowerShell</Channel><Computer>vagrant-10</Computer><Security/></System><EventData><Data>Function</Data><Data>Started</Data><Data>	ProviderName=Function
	NewProviderState=Started

	SequenceNumber=9

	HostName=ConsoleHost
	HostVersion=5.1.19041.1320
	HostId=860a972d-e672-4182-b148-f4fe672b187f
	HostApplication=powershell Set-ExecutionPolicy -ExecutionPolicy unrestricted
	EngineVersion=
	RunspaceId=
	PipelineId=
	CommandName=
	CommandType=
	ScriptName=
	CommandPath=
	CommandLine=</Data></EventData><RenderingInfo Culture='en-US'><Message>Provider ""Function"" is Started. 

Details: 
	ProviderName=Function
	NewProviderState=Started

	SequenceNumber=9

	HostName=ConsoleHost
	HostVersion=5.1.19041.1320
	HostId=860a972d-e672-4182-b148-f4fe672b187f
	HostApplication=powershell Set-ExecutionPolicy -ExecutionPolicy unrestricted
	EngineVersion=
	RunspaceId=
	PipelineId=
	CommandName=
	CommandType=
	ScriptName=
	CommandPath=
	CommandLine=</Message><Level>Information</Level><Task>Provider Lifecycle</Task><Opcode>Info</Opcode><Channel></Channel><Provider></Provider><Keywords><Keyword>Classic</Keyword></Keywords></RenderingInfo></Event>","-",PowerShell,"x86_64","vagrant-10","ef486c7a-d018-43ce-bc87-fd5ce10088a9","fe80::650c:205f:e854:a4c3, 192.168.103.3","08:00:27:e3:04:fd","vagrant-10","19043.1348",windows,"10.0.19041.1348 (WinBuild.160101.0800)","Windows 10 Enterprise Evaluation","Windows 10 Enterprise Evaluation",windows,windows,"10.0",information,"Provider ""Function"" is Started. 

Details: 
	ProviderName=Function
	NewProviderState=Started

	SequenceNumber=9

	HostName=ConsoleHost
	HostVersion=5.1.19041.1320
	HostId=860a972d-e672-4182-b148-f4fe672b187f
	HostApplication=powershell Set-ExecutionPolicy -ExecutionPolicy unrestricted
	EngineVersion=
	RunspaceId=
	PipelineId=
	CommandName=
	CommandType=
	ScriptName=
	CommandPath=
	CommandLine=","-",wineventlog,"Windows PowerShell","vagrant-10","-","-","-","-","-","-","-","-","-","-","-","-","-","-","-","-","-","-","-","-","-","-","-","-","-","-","-","-","-","-","-","-","-","-","-","-","-","-","-","-","-","-","-","-","-","-","-","-","-","-","-","-","-","-","-","-","-","-","-","-","-","-","-","-","-","-","-","-","-","-","-","-","-","-","-","-","-","-","-","-","-","-","-","-","-","-","-","-","-","-","-","-","-","-","-","-","-","-","-","-","-","-","-","-","-",Function,"-","-","-","-","-","-","-",Started,"-","-","-","	ProviderName=Function
	NewProviderState=Started

	SequenceNumber=9

	HostName=ConsoleHost
	HostVersion=5.1.19041.1320
	HostId=860a972d-e672-4182-b148-f4fe672b187f
	HostApplication=powershell Set-ExecutionPolicy -ExecutionPolicy unrestricted
	EngineVersion=
	RunspaceId=
	PipelineId=
	CommandName=
	CommandType=
	ScriptName=
	CommandPath=
	CommandLine=","-","-","-","-","-","-",600,Classic,Info,"-","-","-",PowerShell,526,"Provider Lifecycle","-","-","-","-","-"
"Oct 24, 2022 @ 22:05:01.233",5fJPCoQBQo9Iz8vxuvsr,".ds-winlogbeat-8.4.3-2022.10.17-000001","-","8d24c149-a762-44f9-ba0d-58433a72abc0","vagrant-10","24130491-308c-4270-b613-e4ed7c62ad4a","vagrant-10",winlogbeat,"8.4.3","8.0.0","Registry value set (rule: RegistryEvent)",13,"Oct 24, 2022 @ 22:05:02.377",event,"<Event xmlns='http://schemas.microsoft.com/win/2004/08/events/event'><System><Provider Name='Microsoft-Windows-Sysmon' Guid='{5770385f-c22a-43e0-bf4c-06f5698ffbd9}'/><EventID>13</EventID><Version>2</Version><Level>4</Level><Task>13</Task><Opcode>0</Opcode><Keywords>0x8000000000000000</Keywords><TimeCreated SystemTime='2022-10-24T14:05:01.2332015Z'/><EventRecordID>1767</EventRecordID><Correlation/><Execution ProcessID='2064' ThreadID='3220'/><Channel>Microsoft-Windows-Sysmon/Operational</Channel><Computer>vagrant-10</Computer><Security UserID='S-1-5-18'/></System><EventData><Data Name='RuleName'>InvDB-Pub</Data><Data Name='EventType'>SetValue</Data><Data Name='UtcTime'>2022-10-24 14:05:01.162</Data><Data Name='ProcessGuid'>{ef486c7a-9b62-6356-f300-000000001500}</Data><Data Name='ProcessId'>6784</Data><Data Name='Image'>C:\Windows\system32\CompatTelRunner.exe</Data><Data Name='TargetObject'>\REGISTRY\A\{1bfaa340-1a26-c87c-113a-f26ea2f93fbc}\Root\InventoryApplication\0000f9e0cd25484d472b0c20efdf037d22dc00000904\Publisher</Data><Data Name='Details'>CN=Microsoft Corporation, O=Microsoft Corporation, L=Redmond, S=Washington, C=US</Data><Data Name='User'>NT AUTHORITY\SYSTEM</Data></EventData><RenderingInfo Culture='en-US'><Message>Registry value set:
RuleName: InvDB-Pub
EventType: SetValue
UtcTime: 2022-10-24 14:05:01.162
ProcessGuid: {ef486c7a-9b62-6356-f300-000000001500}
ProcessId: 6784
Image: C:\Windows\system32\CompatTelRunner.exe
TargetObject: \REGISTRY\A\{1bfaa340-1a26-c87c-113a-f26ea2f93fbc}\Root\InventoryApplication\0000f9e0cd25484d472b0c20efdf037d22dc00000904\Publisher
Details: CN=Microsoft Corporation, O=Microsoft Corporation, L=Redmond, S=Washington, C=US
User: NT AUTHORITY\SYSTEM</Message><Level>Information</Level><Task>Registry value set (rule: RegistryEvent)</Task><Opcode>Info</Opcode><Channel></Channel><Provider></Provider><Keywords></Keywords></RenderingInfo></Event>","-","Microsoft-Windows-Sysmon","x86_64","vagrant-10","ef486c7a-d018-43ce-bc87-fd5ce10088a9","fe80::650c:205f:e854:a4c3, 192.168.103.3","08:00:27:e3:04:fd","vagrant-10","19043.1348",windows,"10.0.19041.1348 (WinBuild.160101.0800)","Windows 10 Enterprise Evaluation","Windows 10 Enterprise Evaluation",windows,windows,"10.0",information,"Registry value set:
RuleName: InvDB-Pub
EventType: SetValue
UtcTime: 2022-10-24 14:05:01.162
ProcessGuid: {ef486c7a-9b62-6356-f300-000000001500}
ProcessId: 6784
Image: C:\Windows\system32\CompatTelRunner.exe
TargetObject: \REGISTRY\A\{1bfaa340-1a26-c87c-113a-f26ea2f93fbc}\Root\InventoryApplication\0000f9e0cd25484d472b0c20efdf037d22dc00000904\Publisher
Details: CN=Microsoft Corporation, O=Microsoft Corporation, L=Redmond, S=Washington, C=US
User: NT AUTHORITY\SYSTEM","-",wineventlog,"Microsoft-Windows-Sysmon/Operational","vagrant-10","-","-","-","-","-","-","-","-","-","-","-","-","-","-","-","-","-","CN=Microsoft Corporation, O=Microsoft Corporation, L=Redmond, S=Washington, C=US","-",SetValue,"-","-","C:\Windows\system32\CompatTelRunner.exe","-","-","-","-","-","-","-","-","-","-","-","-","-","-","-","-","-","-","-","-","-","-","-","-","-","-","-","{ef486c7a-9b62-6356-f300-000000001500}",6784,"-","-","-","-","-","-","-","-","-","-","InvDB-Pub","-","-","-","-","-","-","-","-","-","-","-","-","-","-","-","-","-","-","-","-","-","-","-","-","-","-","-","\REGISTRY\A\{1bfaa340-1a26-c87c-113a-f26ea2f93fbc}\Root\InventoryApplication\0000f9e0cd25484d472b0c20efdf037d22dc00000904\Publisher","-","-","-","-","-","-","-","-","-","-","NT AUTHORITY\SYSTEM","2022-10-24 14:05:01.162","-","-","-","-","-","-","-","-","-","-","-","-","-","-","-","-","-","-","-","-","-",13,"-",Info,"2,064","3,220","{5770385f-c22a-43e0-bf4c-06f5698ffbd9}","Microsoft-Windows-Sysmon",1767,"Registry value set (rule: RegistryEvent)","NT AUTHORITY","S-1-5-18",SYSTEM,User,2
"Oct 24, 2022 @ 22:05:01.233",5vJPCoQBQo9Iz8vxuvsr,".ds-winlogbeat-8.4.3-2022.10.17-000001","-","8d24c149-a762-44f9-ba0d-58433a72abc0","vagrant-10","24130491-308c-4270-b613-e4ed7c62ad4a","vagrant-10",winlogbeat,"8.4.3","8.0.0","Registry value set (rule: RegistryEvent)",13,"Oct 24, 2022 @ 22:05:02.379",event,"<Event xmlns='http://schemas.microsoft.com/win/2004/08/events/event'><System><Provider Name='Microsoft-Windows-Sysmon' Guid='{5770385f-c22a-43e0-bf4c-06f5698ffbd9}'/><EventID>13</EventID><Version>2</Version><Level>4</Level><Task>13</Task><Opcode>0</Opcode><Keywords>0x8000000000000000</Keywords><TimeCreated SystemTime='2022-10-24T14:05:01.2332015Z'/><EventRecordID>1767</EventRecordID><Correlation/><Execution ProcessID='2064' ThreadID='3220'/><Channel>Microsoft-Windows-Sysmon/Operational</Channel><Computer>vagrant-10</Computer><Security UserID='S-1-5-18'/></System><EventData><Data Name='RuleName'>InvDB-Pub</Data><Data Name='EventType'>SetValue</Data><Data Name='UtcTime'>2022-10-24 14:05:01.162</Data><Data Name='ProcessGuid'>{ef486c7a-9b62-6356-f300-000000001500}</Data><Data Name='ProcessId'>6784</Data><Data Name='Image'>C:\Windows\system32\CompatTelRunner.exe</Data><Data Name='TargetObject'>\REGISTRY\A\{1bfaa340-1a26-c87c-113a-f26ea2f93fbc}\Root\InventoryApplication\0000f9e0cd25484d472b0c20efdf037d22dc00000904\Publisher</Data><Data Name='Details'>CN=Microsoft Corporation, O=Microsoft Corporation, L=Redmond, S=Washington, C=US</Data><Data Name='User'>NT AUTHORITY\SYSTEM</Data></EventData><RenderingInfo Culture='en-US'><Message>Registry value set:
RuleName: InvDB-Pub
EventType: SetValue
UtcTime: 2022-10-24 14:05:01.162
ProcessGuid: {ef486c7a-9b62-6356-f300-000000001500}
ProcessId: 6784
Image: C:\Windows\system32\CompatTelRunner.exe
TargetObject: \REGISTRY\A\{1bfaa340-1a26-c87c-113a-f26ea2f93fbc}\Root\InventoryApplication\0000f9e0cd25484d472b0c20efdf037d22dc00000904\Publisher
Details: CN=Microsoft Corporation, O=Microsoft Corporation, L=Redmond, S=Washington, C=US
User: NT AUTHORITY\SYSTEM</Message><Level>Information</Level><Task>Registry value set (rule: RegistryEvent)</Task><Opcode>Info</Opcode><Channel></Channel><Provider></Provider><Keywords></Keywords></RenderingInfo></Event>","-","Microsoft-Windows-Sysmon","x86_64","vagrant-10","ef486c7a-d018-43ce-bc87-fd5ce10088a9","fe80::650c:205f:e854:a4c3, 192.168.103.3","08:00:27:e3:04:fd","vagrant-10","19043.1348",windows,"10.0.19041.1348 (WinBuild.160101.0800)","Windows 10 Enterprise Evaluation","Windows 10 Enterprise Evaluation",windows,windows,"10.0",information,"Registry value set:
RuleName: InvDB-Pub
EventType: SetValue
UtcTime: 2022-10-24 14:05:01.162
ProcessGuid: {ef486c7a-9b62-6356-f300-000000001500}
ProcessId: 6784
Image: C:\Windows\system32\CompatTelRunner.exe
TargetObject: \REGISTRY\A\{1bfaa340-1a26-c87c-113a-f26ea2f93fbc}\Root\InventoryApplication\0000f9e0cd25484d472b0c20efdf037d22dc00000904\Publisher
Details: CN=Microsoft Corporation, O=Microsoft Corporation, L=Redmond, S=Washington, C=US
User: NT AUTHORITY\SYSTEM","-",wineventlog,"Microsoft-Windows-Sysmon/Operational","vagrant-10","-","-","-","-","-","-","-","-","-","-","-","-","-","-","-","-","-","CN=Microsoft Corporation, O=Microsoft Corporation, L=Redmond, S=Washington, C=US","-",SetValue,"-","-","C:\Windows\system32\CompatTelRunner.exe","-","-","-","-","-","-","-","-","-","-","-","-","-","-","-","-","-","-","-","-","-","-","-","-","-","-","-","{ef486c7a-9b62-6356-f300-000000001500}",6784,"-","-","-","-","-","-","-","-","-","-","InvDB-Pub","-","-","-","-","-","-","-","-","-","-","-","-","-","-","-","-","-","-","-","-","-","-","-","-","-","-","-","\REGISTRY\A\{1bfaa340-1a26-c87c-113a-f26ea2f93fbc}\Root\InventoryApplication\0000f9e0cd25484d472b0c20efdf037d22dc00000904\Publisher","-","-","-","-","-","-","-","-","-","-","NT AUTHORITY\SYSTEM","2022-10-24 14:05:01.162","-","-","-","-","-","-","-","-","-","-","-","-","-","-","-","-","-","-","-","-","-",13,"-",Info,"2,064","3,220","{5770385f-c22a-43e0-bf4c-06f5698ffbd9}","Microsoft-Windows-Sysmon",1767,"Registry value set (rule: RegistryEvent)","NT AUTHORITY","S-1-5-18",SYSTEM,User,2
"Oct 24, 2022 @ 22:05:00.652",zvJPCoQBQo9Iz8vxtvs7,".ds-winlogbeat-8.4.3-2022.10.17-000001","-","8d24c149-a762-44f9-ba0d-58433a72abc0","vagrant-10","24130491-308c-4270-b613-e4ed7c62ad4a","vagrant-10",winlogbeat,"8.4.3","8.0.0","System Integrity",5061,"Oct 24, 2022 @ 22:05:01.722",event,"<Event xmlns='http://schemas.microsoft.com/win/2004/08/events/event'><System><Provider Name='Microsoft-Windows-Security-Auditing' Guid='{54849625-5478-4994-a5ba-3e3b0328c30d}'/><EventID>5061</EventID><Version>0</Version><Level>0</Level><Task>12290</Task><Opcode>0</Opcode><Keywords>0x8020000000000000</Keywords><TimeCreated SystemTime='2022-10-24T14:05:00.6521374Z'/><EventRecordID>20111</EventRecordID><Correlation ActivityID='{8268e5b5-e7e9-0000-1be6-6882e9e7d801}'/><Execution ProcessID='660' ThreadID='748'/><Channel>Security</Channel><Computer>vagrant-10</Computer><Security/></System><EventData><Data Name='SubjectUserSid'>S-1-5-18</Data><Data Name='SubjectUserName'>VAGRANT-10$</Data><Data Name='SubjectDomainName'>WORKGROUP</Data><Data Name='SubjectLogonId'>0x3e7</Data><Data Name='ProviderName'>Microsoft Software Key Storage Provider</Data><Data Name='AlgorithmName'>RSA</Data><Data Name='KeyName'>4df1daa9-d8f8-bc26-7c8d-ae64f563cfde</Data><Data Name='KeyType'>%%2500</Data><Data Name='Operation'>%%2480</Data><Data Name='ReturnCode'>0x0</Data></EventData><RenderingInfo Culture='en-US'><Message>Cryptographic operation.

Subject:
	Security ID:		S-1-5-18
	Account Name:		VAGRANT-10$
	Account Domain:		WORKGROUP
	Logon ID:		0x3E7

Cryptographic Parameters:
	Provider Name:	Microsoft Software Key Storage Provider
	Algorithm Name:	RSA
	Key Name:	4df1daa9-d8f8-bc26-7c8d-ae64f563cfde
	Key Type:	User key.

Cryptographic Operation:
	Operation:	Open Key.
	Return Code:	0x0</Message><Level>Information</Level><Task>System Integrity</Task><Opcode>Info</Opcode><Channel>Security</Channel><Provider>Microsoft Windows security auditing.</Provider><Keywords><Keyword>Audit Success</Keyword></Keywords></RenderingInfo></Event>",success,"Microsoft-Windows-Security-Auditing","x86_64","vagrant-10","ef486c7a-d018-43ce-bc87-fd5ce10088a9","fe80::650c:205f:e854:a4c3, 192.168.103.3","08:00:27:e3:04:fd","vagrant-10","19043.1348",windows,"10.0.19041.1348 (WinBuild.160101.0800)","Windows 10 Enterprise Evaluation","Windows 10 Enterprise Evaluation",windows,windows,"10.0",information,"Cryptographic operation.

Subject:
	Security ID:		S-1-5-18
	Account Name:		VAGRANT-10$
	Account Domain:		WORKGROUP
	Logon ID:		0x3E7

Cryptographic Parameters:
	Provider Name:	Microsoft Software Key Storage Provider
	Algorithm Name:	RSA
	Key Name:	4df1daa9-d8f8-bc26-7c8d-ae64f563cfde
	Key Type:	User key.

Cryptographic Operation:
	Operation:	Open Key.
	Return Code:	0x0","{8268e5b5-e7e9-0000-1be6-6882e9e7d801}",wineventlog,Security,"vagrant-10","-",RSA,"-","-","-","-","-","-","-","-","-","-","-","-","-","-","-","-","-","-","-","-","-","-","-","-","-","-","-","-","-","4df1daa9-d8f8-bc26-7c8d-ae64f563cfde","%%2500","-","-","-","-","-","-","-","-","%%2480","-","-","-","-","-","-","-","-","-","-","-","-","-","Microsoft Software Key Storage Provider","-","-","-","-","-",0x0,"-","-","-","-","-","-","-","-","-","-","-","-","-","-","-","-","-","-",WORKGROUP,0x3e7,"VAGRANT-10$","S-1-5-18","-","-","-","-","-","-","-","-","-","-","-","-","-","-","-","-","-","-","-","-","-","-","-","-","-","-","-","-","-","-","-","-","-","-","-","-","-","-","-","-",5061,"Audit Success",Info,660,748,"{54849625-5478-4994-a5ba-3e3b0328c30d}","Microsoft-Windows-Security-Auditing",20111,"System Integrity","-","-","-","-","-"
"Oct 24, 2022 @ 22:05:00.652","z_JPCoQBQo9Iz8vxtvs7",".ds-winlogbeat-8.4.3-2022.10.17-000001","-","8d24c149-a762-44f9-ba0d-58433a72abc0","vagrant-10","24130491-308c-4270-b613-e4ed7c62ad4a","vagrant-10",winlogbeat,"8.4.3","8.0.0","Other System Events",5059,"Oct 24, 2022 @ 22:05:01.722",event,"<Event xmlns='http://schemas.microsoft.com/win/2004/08/events/event'><System><Provider Name='Microsoft-Windows-Security-Auditing' Guid='{54849625-5478-4994-a5ba-3e3b0328c30d}'/><EventID>5059</EventID><Version>1</Version><Level>0</Level><Task>12292</Task><Opcode>0</Opcode><Keywords>0x8020000000000000</Keywords><TimeCreated SystemTime='2022-10-24T14:05:00.6522469Z'/><EventRecordID>20112</EventRecordID><Correlation ActivityID='{8268e5b5-e7e9-0000-1be6-6882e9e7d801}'/><Execution ProcessID='660' ThreadID='748'/><Channel>Security</Channel><Computer>vagrant-10</Computer><Security/></System><EventData><Data Name='SubjectUserSid'>S-1-5-18</Data><Data Name='SubjectUserName'>VAGRANT-10$</Data><Data Name='SubjectDomainName'>WORKGROUP</Data><Data Name='SubjectLogonId'>0x3e7</Data><Data Name='ClientProcessId'>384</Data><Data Name='ClientCreationTime'>2022-10-24T20:45:50.2044542Z</Data><Data Name='ProviderName'>Microsoft Software Key Storage Provider</Data><Data Name='AlgorithmName'>RSA</Data><Data Name='KeyName'>4df1daa9-d8f8-bc26-7c8d-ae64f563cfde</Data><Data Name='KeyType'>%%2500</Data><Data Name='Operation'>%%2464</Data><Data Name='ReturnCode'>0x0</Data></EventData><RenderingInfo Culture='en-US'><Message>Key migration operation.

Subject:
	Security ID:		S-1-5-18
	Account Name:		VAGRANT-10$
	Account Domain:		WORKGROUP
	Logon ID:		0x3E7

Process Information:
	Process ID:		384
	Process Creation Time:	2022-10-24T20:45:50.204454200Z

Cryptographic Parameters:
	Provider Name:	Microsoft Software Key Storage Provider
	Algorithm Name:	RSA
	Key Name:	4df1daa9-d8f8-bc26-7c8d-ae64f563cfde
	Key Type:	User key.

Additional Information:
	Operation:	Export of persistent cryptographic key.
	Return Code:	0x0</Message><Level>Information</Level><Task>Other System Events</Task><Opcode>Info</Opcode><Channel>Security</Channel><Provider>Microsoft Windows security auditing.</Provider><Keywords><Keyword>Audit Success</Keyword></Keywords></RenderingInfo></Event>",success,"Microsoft-Windows-Security-Auditing","x86_64","vagrant-10","ef486c7a-d018-43ce-bc87-fd5ce10088a9","fe80::650c:205f:e854:a4c3, 192.168.103.3","08:00:27:e3:04:fd","vagrant-10","19043.1348",windows,"10.0.19041.1348 (WinBuild.160101.0800)","Windows 10 Enterprise Evaluation","Windows 10 Enterprise Evaluation",windows,windows,"10.0",information,"Key migration operation.

Subject:
	Security ID:		S-1-5-18
	Account Name:		VAGRANT-10$
	Account Domain:		WORKGROUP
	Logon ID:		0x3E7

Process Information:
	Process ID:		384
	Process Creation Time:	2022-10-24T20:45:50.204454200Z

Cryptographic Parameters:
	Provider Name:	Microsoft Software Key Storage Provider
	Algorithm Name:	RSA
	Key Name:	4df1daa9-d8f8-bc26-7c8d-ae64f563cfde
	Key Type:	User key.

Additional Information:
	Operation:	Export of persistent cryptographic key.
	Return Code:	0x0","{8268e5b5-e7e9-0000-1be6-6882e9e7d801}",wineventlog,Security,"vagrant-10","-",RSA,"-","-","2022-10-24T20:45:50.2044542Z",384,"-","-","-","-","-","-","-","-","-","-","-","-","-","-","-","-","-","-","-","-","-","-","-","-","-","4df1daa9-d8f8-bc26-7c8d-ae64f563cfde","%%2500","-","-","-","-","-","-","-","-","%%2464","-","-","-","-","-","-","-","-","-","-","-","-","-","Microsoft Software Key Storage Provider","-","-","-","-","-",0x0,"-","-","-","-","-","-","-","-","-","-","-","-","-","-","-","-","-","-",WORKGROUP,0x3e7,"VAGRANT-10$","S-1-5-18","-","-","-","-","-","-","-","-","-","-","-","-","-","-","-","-","-","-","-","-","-","-","-","-","-","-","-","-","-","-","-","-","-","-","-","-","-","-","-","-",5059,"Audit Success",Info,660,748,"{54849625-5478-4994-a5ba-3e3b0328c30d}","Microsoft-Windows-Security-Auditing",20112,"Other System Events","-","-","-","-",1
"Oct 24, 2022 @ 22:05:00.651",zfJPCoQBQo9Iz8vxtvs7,".ds-winlogbeat-8.4.3-2022.10.17-000001","-","8d24c149-a762-44f9-ba0d-58433a72abc0","vagrant-10","24130491-308c-4270-b613-e4ed7c62ad4a","vagrant-10",winlogbeat,"8.4.3","8.0.0","Other System Events",5058,"Oct 24, 2022 @ 22:05:01.722",event,"<Event xmlns='http://schemas.microsoft.com/win/2004/08/events/event'><System><Provider Name='Microsoft-Windows-Security-Auditing' Guid='{54849625-5478-4994-a5ba-3e3b0328c30d}'/><EventID>5058</EventID><Version>1</Version><Level>0</Level><Task>12292</Task><Opcode>0</Opcode><Keywords>0x8020000000000000</Keywords><TimeCreated SystemTime='2022-10-24T14:05:00.6519336Z'/><EventRecordID>20110</EventRecordID><Correlation ActivityID='{8268e5b5-e7e9-0000-1be6-6882e9e7d801}'/><Execution ProcessID='660' ThreadID='748'/><Channel>Security</Channel><Computer>vagrant-10</Computer><Security/></System><EventData><Data Name='SubjectUserSid'>S-1-5-18</Data><Data Name='SubjectUserName'>VAGRANT-10$</Data><Data Name='SubjectDomainName'>WORKGROUP</Data><Data Name='SubjectLogonId'>0x3e7</Data><Data Name='ClientProcessId'>384</Data><Data Name='ClientCreationTime'>2022-10-24T20:45:50.2044542Z</Data><Data Name='ProviderName'>Microsoft Software Key Storage Provider</Data><Data Name='AlgorithmName'>UNKNOWN</Data><Data Name='KeyName'>4df1daa9-d8f8-bc26-7c8d-ae64f563cfde</Data><Data Name='KeyType'>%%2500</Data><Data Name='KeyFilePath'>C:\ProgramData\Microsoft\Crypto\SystemKeys\1aa135d237be4945f94c882756764c98_ef486c7a-d018-43ce-bc87-fd5ce10088a9</Data><Data Name='Operation'>%%2458</Data><Data Name='ReturnCode'>0x0</Data></EventData><RenderingInfo Culture='en-US'><Message>Key file operation.

Subject:
	Security ID:		S-1-5-18
	Account Name:		VAGRANT-10$
	Account Domain:		WORKGROUP
	Logon ID:		0x3E7

Process Information:
	Process ID:		384
	Process Creation Time:	2022-10-24T20:45:50.204454200Z

Cryptographic Parameters:
	Provider Name:	Microsoft Software Key Storage Provider
	Algorithm Name:	UNKNOWN
	Key Name:	4df1daa9-d8f8-bc26-7c8d-ae64f563cfde
	Key Type:	User key.

Key File Operation Information:
	File Path:	C:\ProgramData\Microsoft\Crypto\SystemKeys\1aa135d237be4945f94c882756764c98_ef486c7a-d018-43ce-bc87-fd5ce10088a9
	Operation:	Read persisted key from file.
	Return Code:	0x0</Message><Level>Information</Level><Task>Other System Events</Task><Opcode>Info</Opcode><Channel>Security</Channel><Provider>Microsoft Windows security auditing.</Provider><Keywords><Keyword>Audit Success</Keyword></Keywords></RenderingInfo></Event>",success,"Microsoft-Windows-Security-Auditing","x86_64","vagrant-10","ef486c7a-d018-43ce-bc87-fd5ce10088a9","fe80::650c:205f:e854:a4c3, 192.168.103.3","08:00:27:e3:04:fd","vagrant-10","19043.1348",windows,"10.0.19041.1348 (WinBuild.160101.0800)","Windows 10 Enterprise Evaluation","Windows 10 Enterprise Evaluation",windows,windows,"10.0",information,"Key file operation.

Subject:
	Security ID:		S-1-5-18
	Account Name:		VAGRANT-10$
	Account Domain:		WORKGROUP
	Logon ID:		0x3E7

Process Information:
	Process ID:		384
	Process Creation Time:	2022-10-24T20:45:50.204454200Z

Cryptographic Parameters:
	Provider Name:	Microsoft Software Key Storage Provider
	Algorithm Name:	UNKNOWN
	Key Name:	4df1daa9-d8f8-bc26-7c8d-ae64f563cfde
	Key Type:	User key.

Key File Operation Information:
	File Path:	C:\ProgramData\Microsoft\Crypto\SystemKeys\1aa135d237be4945f94c882756764c98_ef486c7a-d018-43ce-bc87-fd5ce10088a9
	Operation:	Read persisted key from file.
	Return Code:	0x0","{8268e5b5-e7e9-0000-1be6-6882e9e7d801}",wineventlog,Security,"vagrant-10","-",UNKNOWN,"-","-","2022-10-24T20:45:50.2044542Z",384,"-","-","-","-","-","-","-","-","-","-","-","-","-","-","-","-","-","-","-","-","-","-","-","C:\ProgramData\Microsoft\Crypto\SystemKeys\1aa135d237be4945f94c882756764c98_ef486c7a-d018-43ce-bc87-fd5ce10088a9","-","4df1daa9-d8f8-bc26-7c8d-ae64f563cfde","%%2500","-","-","-","-","-","-","-","-","%%2458","-","-","-","-","-","-","-","-","-","-","-","-","-","Microsoft Software Key Storage Provider","-","-","-","-","-",0x0,"-","-","-","-","-","-","-","-","-","-","-","-","-","-","-","-","-","-",WORKGROUP,0x3e7,"VAGRANT-10$","S-1-5-18","-","-","-","-","-","-","-","-","-","-","-","-","-","-","-","-","-","-","-","-","-","-","-","-","-","-","-","-","-","-","-","-","-","-","-","-","-","-","-","-",5058,"Audit Success",Info,660,748,"{54849625-5478-4994-a5ba-3e3b0328c30d}","Microsoft-Windows-Security-Auditing",20110,"Other System Events","-","-","-","-",1
"Oct 24, 2022 @ 22:05:00.650","y_JPCoQBQo9Iz8vxtvs7",".ds-winlogbeat-8.4.3-2022.10.17-000001","-","8d24c149-a762-44f9-ba0d-58433a72abc0","vagrant-10","24130491-308c-4270-b613-e4ed7c62ad4a","vagrant-10",winlogbeat,"8.4.3","8.0.0","Other System Events",5058,"Oct 24, 2022 @ 22:05:01.722",event,"<Event xmlns='http://schemas.microsoft.com/win/2004/08/events/event'><System><Provider Name='Microsoft-Windows-Security-Auditing' Guid='{54849625-5478-4994-a5ba-3e3b0328c30d}'/><EventID>5058</EventID><Version>1</Version><Level>0</Level><Task>12292</Task><Opcode>0</Opcode><Keywords>0x8020000000000000</Keywords><TimeCreated SystemTime='2022-10-24T14:05:00.6505878Z'/><EventRecordID>20108</EventRecordID><Correlation ActivityID='{8268e5b5-e7e9-0000-1be6-6882e9e7d801}'/><Execution ProcessID='660' ThreadID='748'/><Channel>Security</Channel><Computer>vagrant-10</Computer><Security/></System><EventData><Data Name='SubjectUserSid'>S-1-5-18</Data><Data Name='SubjectUserName'>VAGRANT-10$</Data><Data Name='SubjectDomainName'>WORKGROUP</Data><Data Name='SubjectLogonId'>0x3e7</Data><Data Name='ClientProcessId'>384</Data><Data Name='ClientCreationTime'>2022-10-24T20:45:50.2044542Z</Data><Data Name='ProviderName'>Microsoft Software Key Storage Provider</Data><Data Name='AlgorithmName'>UNKNOWN</Data><Data Name='KeyName'>4df1daa9-d8f8-bc26-7c8d-ae64f563cfde</Data><Data Name='KeyType'>%%2500</Data><Data Name='KeyFilePath'>C:\ProgramData\Microsoft\Crypto\SystemKeys\1aa135d237be4945f94c882756764c98_ef486c7a-d018-43ce-bc87-fd5ce10088a9</Data><Data Name='Operation'>%%2458</Data><Data Name='ReturnCode'>0x0</Data></EventData><RenderingInfo Culture='en-US'><Message>Key file operation.

Subject:
	Security ID:		S-1-5-18
	Account Name:		VAGRANT-10$
	Account Domain:		WORKGROUP
	Logon ID:		0x3E7

Process Information:
	Process ID:		384
	Process Creation Time:	2022-10-24T20:45:50.204454200Z

Cryptographic Parameters:
	Provider Name:	Microsoft Software Key Storage Provider
	Algorithm Name:	UNKNOWN
	Key Name:	4df1daa9-d8f8-bc26-7c8d-ae64f563cfde
	Key Type:	User key.

Key File Operation Information:
	File Path:	C:\ProgramData\Microsoft\Crypto\SystemKeys\1aa135d237be4945f94c882756764c98_ef486c7a-d018-43ce-bc87-fd5ce10088a9
	Operation:	Read persisted key from file.
	Return Code:	0x0</Message><Level>Information</Level><Task>Other System Events</Task><Opcode>Info</Opcode><Channel>Security</Channel><Provider>Microsoft Windows security auditing.</Provider><Keywords><Keyword>Audit Success</Keyword></Keywords></RenderingInfo></Event>",success,"Microsoft-Windows-Security-Auditing","x86_64","vagrant-10","ef486c7a-d018-43ce-bc87-fd5ce10088a9","fe80::650c:205f:e854:a4c3, 192.168.103.3","08:00:27:e3:04:fd","vagrant-10","19043.1348",windows,"10.0.19041.1348 (WinBuild.160101.0800)","Windows 10 Enterprise Evaluation","Windows 10 Enterprise Evaluation",windows,windows,"10.0",information,"Key file operation.

Subject:
	Security ID:		S-1-5-18
	Account Name:		VAGRANT-10$
	Account Domain:		WORKGROUP
	Logon ID:		0x3E7

Process Information:
	Process ID:		384
	Process Creation Time:	2022-10-24T20:45:50.204454200Z

Cryptographic Parameters:
	Provider Name:	Microsoft Software Key Storage Provider
	Algorithm Name:	UNKNOWN
	Key Name:	4df1daa9-d8f8-bc26-7c8d-ae64f563cfde
	Key Type:	User key.

Key File Operation Information:
	File Path:	C:\ProgramData\Microsoft\Crypto\SystemKeys\1aa135d237be4945f94c882756764c98_ef486c7a-d018-43ce-bc87-fd5ce10088a9
	Operation:	Read persisted key from file.
	Return Code:	0x0","{8268e5b5-e7e9-0000-1be6-6882e9e7d801}",wineventlog,Security,"vagrant-10","-",UNKNOWN,"-","-","2022-10-24T20:45:50.2044542Z",384,"-","-","-","-","-","-","-","-","-","-","-","-","-","-","-","-","-","-","-","-","-","-","-","C:\ProgramData\Microsoft\Crypto\SystemKeys\1aa135d237be4945f94c882756764c98_ef486c7a-d018-43ce-bc87-fd5ce10088a9","-","4df1daa9-d8f8-bc26-7c8d-ae64f563cfde","%%2500","-","-","-","-","-","-","-","-","%%2458","-","-","-","-","-","-","-","-","-","-","-","-","-","Microsoft Software Key Storage Provider","-","-","-","-","-",0x0,"-","-","-","-","-","-","-","-","-","-","-","-","-","-","-","-","-","-",WORKGROUP,0x3e7,"VAGRANT-10$","S-1-5-18","-","-","-","-","-","-","-","-","-","-","-","-","-","-","-","-","-","-","-","-","-","-","-","-","-","-","-","-","-","-","-","-","-","-","-","-","-","-","-","-",5058,"Audit Success",Info,660,748,"{54849625-5478-4994-a5ba-3e3b0328c30d}","Microsoft-Windows-Security-Auditing",20108,"Other System Events","-","-","-","-",1
"Oct 24, 2022 @ 22:05:00.650",zPJPCoQBQo9Iz8vxtvs7,".ds-winlogbeat-8.4.3-2022.10.17-000001","-","8d24c149-a762-44f9-ba0d-58433a72abc0","vagrant-10","24130491-308c-4270-b613-e4ed7c62ad4a","vagrant-10",winlogbeat,"8.4.3","8.0.0","System Integrity",5061,"Oct 24, 2022 @ 22:05:01.722",event,"<Event xmlns='http://schemas.microsoft.com/win/2004/08/events/event'><System><Provider Name='Microsoft-Windows-Security-Auditing' Guid='{54849625-5478-4994-a5ba-3e3b0328c30d}'/><EventID>5061</EventID><Version>0</Version><Level>0</Level><Task>12290</Task><Opcode>0</Opcode><Keywords>0x8020000000000000</Keywords><TimeCreated SystemTime='2022-10-24T14:05:00.6508243Z'/><EventRecordID>20109</EventRecordID><Correlation ActivityID='{8268e5b5-e7e9-0000-1be6-6882e9e7d801}'/><Execution ProcessID='660' ThreadID='748'/><Channel>Security</Channel><Computer>vagrant-10</Computer><Security/></System><EventData><Data Name='SubjectUserSid'>S-1-5-18</Data><Data Name='SubjectUserName'>VAGRANT-10$</Data><Data Name='SubjectDomainName'>WORKGROUP</Data><Data Name='SubjectLogonId'>0x3e7</Data><Data Name='ProviderName'>Microsoft Software Key Storage Provider</Data><Data Name='AlgorithmName'>RSA</Data><Data Name='KeyName'>4df1daa9-d8f8-bc26-7c8d-ae64f563cfde</Data><Data Name='KeyType'>%%2500</Data><Data Name='Operation'>%%2480</Data><Data Name='ReturnCode'>0x0</Data></EventData><RenderingInfo Culture='en-US'><Message>Cryptographic operation.

Subject:
	Security ID:		S-1-5-18
	Account Name:		VAGRANT-10$
	Account Domain:		WORKGROUP
	Logon ID:		0x3E7

Cryptographic Parameters:
	Provider Name:	Microsoft Software Key Storage Provider
	Algorithm Name:	RSA
	Key Name:	4df1daa9-d8f8-bc26-7c8d-ae64f563cfde
	Key Type:	User key.

Cryptographic Operation:
	Operation:	Open Key.
	Return Code:	0x0</Message><Level>Information</Level><Task>System Integrity</Task><Opcode>Info</Opcode><Channel>Security</Channel><Provider>Microsoft Windows security auditing.</Provider><Keywords><Keyword>Audit Success</Keyword></Keywords></RenderingInfo></Event>",success,"Microsoft-Windows-Security-Auditing","x86_64","vagrant-10","ef486c7a-d018-43ce-bc87-fd5ce10088a9","fe80::650c:205f:e854:a4c3, 192.168.103.3","08:00:27:e3:04:fd","vagrant-10","19043.1348",windows,"10.0.19041.1348 (WinBuild.160101.0800)","Windows 10 Enterprise Evaluation","Windows 10 Enterprise Evaluation",windows,windows,"10.0",information,"Cryptographic operation.

Subject:
	Security ID:		S-1-5-18
	Account Name:		VAGRANT-10$
	Account Domain:		WORKGROUP
	Logon ID:		0x3E7

Cryptographic Parameters:
	Provider Name:	Microsoft Software Key Storage Provider
	Algorithm Name:	RSA
	Key Name:	4df1daa9-d8f8-bc26-7c8d-ae64f563cfde
	Key Type:	User key.

Cryptographic Operation:
	Operation:	Open Key.
	Return Code:	0x0","{8268e5b5-e7e9-0000-1be6-6882e9e7d801}",wineventlog,Security,"vagrant-10","-",RSA,"-","-","-","-","-","-","-","-","-","-","-","-","-","-","-","-","-","-","-","-","-","-","-","-","-","-","-","-","-","4df1daa9-d8f8-bc26-7c8d-ae64f563cfde","%%2500","-","-","-","-","-","-","-","-","%%2480","-","-","-","-","-","-","-","-","-","-","-","-","-","Microsoft Software Key Storage Provider","-","-","-","-","-",0x0,"-","-","-","-","-","-","-","-","-","-","-","-","-","-","-","-","-","-",WORKGROUP,0x3e7,"VAGRANT-10$","S-1-5-18","-","-","-","-","-","-","-","-","-","-","-","-","-","-","-","-","-","-","-","-","-","-","-","-","-","-","-","-","-","-","-","-","-","-","-","-","-","-","-","-",5061,"Audit Success",Info,660,748,"{54849625-5478-4994-a5ba-3e3b0328c30d}","Microsoft-Windows-Security-Auditing",20109,"System Integrity","-","-","-","-","-"
"Oct 24, 2022 @ 22:05:00.640",yPJPCoQBQo9Iz8vxtvs7,".ds-winlogbeat-8.4.3-2022.10.17-000001","-","8d24c149-a762-44f9-ba0d-58433a72abc0","vagrant-10","24130491-308c-4270-b613-e4ed7c62ad4a","vagrant-10",winlogbeat,"8.4.3","8.0.0","User Account Management",5379,"Oct 24, 2022 @ 22:05:01.722",event,"<Event xmlns='http://schemas.microsoft.com/win/2004/08/events/event'><System><Provider Name='Microsoft-Windows-Security-Auditing' Guid='{54849625-5478-4994-a5ba-3e3b0328c30d}'/><EventID>5379</EventID><Version>0</Version><Level>0</Level><Task>13824</Task><Opcode>0</Opcode><Keywords>0x8020000000000000</Keywords><TimeCreated SystemTime='2022-10-24T14:05:00.6403065Z'/><EventRecordID>20105</EventRecordID><Correlation ActivityID='{8268e5b5-e7e9-0000-1be6-6882e9e7d801}'/><Execution ProcessID='660' ThreadID='748'/><Channel>Security</Channel><Computer>vagrant-10</Computer><Security/></System><EventData><Data Name='SubjectUserSid'>S-1-5-18</Data><Data Name='SubjectUserName'>VAGRANT-10$</Data><Data Name='SubjectDomainName'>WORKGROUP</Data><Data Name='SubjectLogonId'>0x3e7</Data><Data Name='TargetName'>WindowsLive:(token):name=02rqbtqfuqlqmejx;serviceuri=*</Data><Data Name='Type'>0</Data><Data Name='CountOfCredentialsReturned'>0</Data><Data Name='ReadOperation'>%%8100</Data><Data Name='ReturnCode'>3221226021</Data><Data Name='ProcessCreationTime'>2022-10-24T20:45:50.2044542Z</Data><Data Name='ClientProcessId'>384</Data></EventData><RenderingInfo Culture='en-US'><Message>Credential Manager credentials were read.

Subject:
	Security ID:		S-1-5-18
	Account Name:		VAGRANT-10$
	Account Domain:		WORKGROUP
	Logon ID:		0x3E7
	Read Operation:		Enumerate Credentials

This event occurs when a user performs a read operation on stored credentials in Credential Manager.</Message><Level>Information</Level><Task>User Account Management</Task><Opcode>Info</Opcode><Channel>Security</Channel><Provider>Microsoft Windows security auditing.</Provider><Keywords><Keyword>Audit Success</Keyword></Keywords></RenderingInfo></Event>",success,"Microsoft-Windows-Security-Auditing","x86_64","vagrant-10","ef486c7a-d018-43ce-bc87-fd5ce10088a9","fe80::650c:205f:e854:a4c3, 192.168.103.3","08:00:27:e3:04:fd","vagrant-10","19043.1348",windows,"10.0.19041.1348 (WinBuild.160101.0800)","Windows 10 Enterprise Evaluation","Windows 10 Enterprise Evaluation",windows,windows,"10.0",information,"Credential Manager credentials were read.

Subject:
	Security ID:		S-1-5-18
	Account Name:		VAGRANT-10$
	Account Domain:		WORKGROUP
	Logon ID:		0x3E7
	Read Operation:		Enumerate Credentials

This event occurs when a user performs a read operation on stored credentials in Credential Manager.","{8268e5b5-e7e9-0000-1be6-6882e9e7d801}",wineventlog,Security,"vagrant-10","-","-","-","-","-",384,"-","-",0,"-","-","-","-","-","-","-","-","-","-","-","-","-","-","-","-","-","-","-","-","-","-","-","-","-","-","-","-","-","-","-","-","-","-","-","-","-","-","-","-","2022-10-24T20:45:50.2044542Z","-","-","-","-","-","-","-","-","-","%%8100","-",3221226021,"-","-","-","-","-","-","-","-","-","-","-","-","-","-","-","-","-","-",WORKGROUP,0x3e7,"VAGRANT-10$","S-1-5-18","-","-","-","-","-","WindowsLive:(token):name=02rqbtqfuqlqmejx;serviceuri=*","-","-","-","-","-","-","-","-","-","-",0,"-","-","-","-","-","-","-","-","-","-","-","-","-","-","-","-","-","-","-","-","-","-","-",5379,"Audit Success",Info,660,748,"{54849625-5478-4994-a5ba-3e3b0328c30d}","Microsoft-Windows-Security-Auditing",20105,"User Account Management","-","-","-","-","-"
"Oct 24, 2022 @ 22:05:00.640",yfJPCoQBQo9Iz8vxtvs7,".ds-winlogbeat-8.4.3-2022.10.17-000001","-","8d24c149-a762-44f9-ba0d-58433a72abc0","vagrant-10","24130491-308c-4270-b613-e4ed7c62ad4a","vagrant-10",winlogbeat,"8.4.3","8.0.0","User Account Management",5379,"Oct 24, 2022 @ 22:05:01.722",event,"<Event xmlns='http://schemas.microsoft.com/win/2004/08/events/event'><System><Provider Name='Microsoft-Windows-Security-Auditing' Guid='{54849625-5478-4994-a5ba-3e3b0328c30d}'/><EventID>5379</EventID><Version>0</Version><Level>0</Level><Task>13824</Task><Opcode>0</Opcode><Keywords>0x8020000000000000</Keywords><TimeCreated SystemTime='2022-10-24T14:05:00.6405121Z'/><EventRecordID>20106</EventRecordID><Correlation ActivityID='{8268e5b5-e7e9-0000-1be6-6882e9e7d801}'/><Execution ProcessID='660' ThreadID='748'/><Channel>Security</Channel><Computer>vagrant-10</Computer><Security/></System><EventData><Data Name='SubjectUserSid'>S-1-5-18</Data><Data Name='SubjectUserName'>VAGRANT-10$</Data><Data Name='SubjectDomainName'>WORKGROUP</Data><Data Name='SubjectLogonId'>0x3e7</Data><Data Name='TargetName'>WindowsLive:(cert):name=02rqbtqfuqlqmejx;serviceuri=*</Data><Data Name='Type'>0</Data><Data Name='CountOfCredentialsReturned'>0</Data><Data Name='ReadOperation'>%%8100</Data><Data Name='ReturnCode'>3221226021</Data><Data Name='ProcessCreationTime'>2022-10-24T20:45:50.2044542Z</Data><Data Name='ClientProcessId'>384</Data></EventData><RenderingInfo Culture='en-US'><Message>Credential Manager credentials were read.

Subject:
	Security ID:		S-1-5-18
	Account Name:		VAGRANT-10$
	Account Domain:		WORKGROUP
	Logon ID:		0x3E7
	Read Operation:		Enumerate Credentials

This event occurs when a user performs a read operation on stored credentials in Credential Manager.</Message><Level>Information</Level><Task>User Account Management</Task><Opcode>Info</Opcode><Channel>Security</Channel><Provider>Microsoft Windows security auditing.</Provider><Keywords><Keyword>Audit Success</Keyword></Keywords></RenderingInfo></Event>",success,"Microsoft-Windows-Security-Auditing","x86_64","vagrant-10","ef486c7a-d018-43ce-bc87-fd5ce10088a9","fe80::650c:205f:e854:a4c3, 192.168.103.3","08:00:27:e3:04:fd","vagrant-10","19043.1348",windows,"10.0.19041.1348 (WinBuild.160101.0800)","Windows 10 Enterprise Evaluation","Windows 10 Enterprise Evaluation",windows,windows,"10.0",information,"Credential Manager credentials were read.

Subject:
	Security ID:		S-1-5-18
	Account Name:		VAGRANT-10$
	Account Domain:		WORKGROUP
	Logon ID:		0x3E7
	Read Operation:		Enumerate Credentials

This event occurs when a user performs a read operation on stored credentials in Credential Manager.","{8268e5b5-e7e9-0000-1be6-6882e9e7d801}",wineventlog,Security,"vagrant-10","-","-","-","-","-",384,"-","-",0,"-","-","-","-","-","-","-","-","-","-","-","-","-","-","-","-","-","-","-","-","-","-","-","-","-","-","-","-","-","-","-","-","-","-","-","-","-","-","-","-","2022-10-24T20:45:50.2044542Z","-","-","-","-","-","-","-","-","-","%%8100","-",3221226021,"-","-","-","-","-","-","-","-","-","-","-","-","-","-","-","-","-","-",WORKGROUP,0x3e7,"VAGRANT-10$","S-1-5-18","-","-","-","-","-","WindowsLive:(cert):name=02rqbtqfuqlqmejx;serviceuri=*","-","-","-","-","-","-","-","-","-","-",0,"-","-","-","-","-","-","-","-","-","-","-","-","-","-","-","-","-","-","-","-","-","-","-",5379,"Audit Success",Info,660,748,"{54849625-5478-4994-a5ba-3e3b0328c30d}","Microsoft-Windows-Security-Auditing",20106,"User Account Management","-","-","-","-","-"
"Oct 24, 2022 @ 22:05:00.640",yvJPCoQBQo9Iz8vxtvs7,".ds-winlogbeat-8.4.3-2022.10.17-000001","-","8d24c149-a762-44f9-ba0d-58433a72abc0","vagrant-10","24130491-308c-4270-b613-e4ed7c62ad4a","vagrant-10",winlogbeat,"8.4.3","8.0.0","User Account Management",5379,"Oct 24, 2022 @ 22:05:01.722",event,"<Event xmlns='http://schemas.microsoft.com/win/2004/08/events/event'><System><Provider Name='Microsoft-Windows-Security-Auditing' Guid='{54849625-5478-4994-a5ba-3e3b0328c30d}'/><EventID>5379</EventID><Version>0</Version><Level>0</Level><Task>13824</Task><Opcode>0</Opcode><Keywords>0x8020000000000000</Keywords><TimeCreated SystemTime='2022-10-24T14:05:00.6405710Z'/><EventRecordID>20107</EventRecordID><Correlation ActivityID='{8268e5b5-e7e9-0000-1be6-6882e9e7d801}'/><Execution ProcessID='660' ThreadID='748'/><Channel>Security</Channel><Computer>vagrant-10</Computer><Security/></System><EventData><Data Name='SubjectUserSid'>S-1-5-18</Data><Data Name='SubjectUserName'>VAGRANT-10$</Data><Data Name='SubjectDomainName'>WORKGROUP</Data><Data Name='SubjectLogonId'>0x3e7</Data><Data Name='TargetName'>WindowsLive:target=virtualapp/didlogical</Data><Data Name='Type'>0</Data><Data Name='CountOfCredentialsReturned'>0</Data><Data Name='ReadOperation'>%%8100</Data><Data Name='ReturnCode'>3221226021</Data><Data Name='ProcessCreationTime'>2022-10-24T20:45:50.2044542Z</Data><Data Name='ClientProcessId'>384</Data></EventData><RenderingInfo Culture='en-US'><Message>Credential Manager credentials were read.

Subject:
	Security ID:		S-1-5-18
	Account Name:		VAGRANT-10$
	Account Domain:		WORKGROUP
	Logon ID:		0x3E7
	Read Operation:		Enumerate Credentials

This event occurs when a user performs a read operation on stored credentials in Credential Manager.</Message><Level>Information</Level><Task>User Account Management</Task><Opcode>Info</Opcode><Channel>Security</Channel><Provider>Microsoft Windows security auditing.</Provider><Keywords><Keyword>Audit Success</Keyword></Keywords></RenderingInfo></Event>",success,"Microsoft-Windows-Security-Auditing","x86_64","vagrant-10","ef486c7a-d018-43ce-bc87-fd5ce10088a9","fe80::650c:205f:e854:a4c3, 192.168.103.3","08:00:27:e3:04:fd","vagrant-10","19043.1348",windows,"10.0.19041.1348 (WinBuild.160101.0800)","Windows 10 Enterprise Evaluation","Windows 10 Enterprise Evaluation",windows,windows,"10.0",information,"Credential Manager credentials were read.

Subject:
	Security ID:		S-1-5-18
	Account Name:		VAGRANT-10$
	Account Domain:		WORKGROUP
	Logon ID:		0x3E7
	Read Operation:		Enumerate Credentials

This event occurs when a user performs a read operation on stored credentials in Credential Manager.","{8268e5b5-e7e9-0000-1be6-6882e9e7d801}",wineventlog,Security,"vagrant-10","-","-","-","-","-",384,"-","-",0,"-","-","-","-","-","-","-","-","-","-","-","-","-","-","-","-","-","-","-","-","-","-","-","-","-","-","-","-","-","-","-","-","-","-","-","-","-","-","-","-","2022-10-24T20:45:50.2044542Z","-","-","-","-","-","-","-","-","-","%%8100","-",3221226021,"-","-","-","-","-","-","-","-","-","-","-","-","-","-","-","-","-","-",WORKGROUP,0x3e7,"VAGRANT-10$","S-1-5-18","-","-","-","-","-","WindowsLive:target=virtualapp/didlogical","-","-","-","-","-","-","-","-","-","-",0,"-","-","-","-","-","-","-","-","-","-","-","-","-","-","-","-","-","-","-","-","-","-","-",5379,"Audit Success",Info,660,748,"{54849625-5478-4994-a5ba-3e3b0328c30d}","Microsoft-Windows-Security-Auditing",20107,"User Account Management","-","-","-","-","-"
