icrosoft-Windows-Sysmon","x86_64","vagrant-10","ef486c7a-d018-43ce-bc87-fd5ce10088a9","fe80::650c:205f:e854:a4c3, 192.168.103.3","08:00:27:e3:04:fd","vagrant-10","19043.1348",windows,"10.0.19041.1348 (WinBuild.160101.0800)","Windows 10 Enterprise Evaluation","Windows 10 Enterprise Evaluation",windows,windows,"10.0",information,"File created:
RuleName: DLL
UtcTime: 2022-10-24 14:05:07.021
ProcessGuid: {ef486c7a-9b92-6356-3201-000000001500}
ProcessId: 1424
Image: C:\Windows\SysWOW64\crypt.exe
TargetFilename: C:\Windows\Temp\_MEI14242\api-ms-win-core-console-l1-1-0.dll
CreationUtcTime: 2022-10-24 14:05:07.021
User: NT AUTHORITY\SYSTEM","-",wineventlog,"Microsoft-Windows-Sysmon/Operational","vagrant-10","-","-","-","-","-","-","-","-","-","2022-10-24 14:05:07.021","-","-","-","-","-","-","-","-","-","-","-","-","C:\Windows\SysWOW64\crypt.exe","-","-","-","-","-","-","-","-","-","-","-","-","-","-","-","-","-","-","-","-","-","-","-","-","-","-","-","{ef486c7a-9b92-6356-3201-000000001500}",1424,"-","-","-","-","-","-","-","-","-","-",DLL,"-","-","-","-","-","-","-","-","-","-","-","-","-","-","-","-","-","-","-","-","-","-","C:\Windows\Temp\_MEI14242\api-ms-win-core-console-l1-1-0.dll","-","-","-","-","-","-","-","-","-","-","-","-","-","-","-","NT AUTHORITY\SYSTEM","2022-10-24 14:05:07.021","-","-","-","-","-","-","-","-","-","-","-","-","-","-","-","-","-","-","-","-","-",11,"-",Info,"2,064","3,220","{5770385f-c22a-43e0-bf4c-06f5698ffbd9}","Microsoft-Windows-Sysmon",1790,"File created (rule: FileCreate)","NT AUTHORITY","S-1-5-18",SYSTEM,User,2
"Oct 24, 2022 @ 22:05:07.028","LPJPCoQBQo9Iz8vx2_xj",".ds-winlogbeat-8.4.3-2022.10.17-000001","-","8d24c149-a762-44f9-ba0d-58433a72abc0","vagrant-10","24130491-308c-4270-b613-e4ed7c62ad4a","vagrant-10",winlogbeat,"8.4.3","8.0.0","File created (rule: FileCreate)",11,"Oct 24, 2022 @ 22:05:07.916",event,"<Event xmlns='http://schemas.microsoft.com/win/2004/08/events/event'><System><Provider Name='Microsoft-Windows-Sysmon' Guid='{5770385f-c22a-43e0-bf4c-06f5698ffbd9}'/><EventID>11</EventID><Version>2</Version><Level>4</Level><Task>11</Task><Opcode>0</Opcode><Keywords>0x8000000000000000</Keywords><TimeCreated SystemTime='2022-10-24T14:05:07.0288178Z'/><EventRecordID>1791</EventRecordID><Correlation/><Execution ProcessID='2064' ThreadID='3220'/><Channel>Microsoft-Windows-Sysmon/Operational</Channel><Computer>vagrant-10</Computer><Security UserID='S-1-5-18'/></System><EventData><Data Name='RuleName'>DLL</Data><Data Name='UtcTime'>2022-10-24 14:05:07.021</Data><Data Name='ProcessGuid'>{ef486c7a-9b92-6356-3201-000000001500}</Data><Data Name='ProcessId'>1424</Data><Data Name='Image'>C:\Windows\SysWOW64\crypt.exe</Data><Data Name='TargetFilename'>C:\Windows\Temp\_MEI14242\api-ms-win-core-datetime-l1-1-0.dll</Data><Data Name='CreationUtcTime'>2022-10-24 14:05:07.021</Data><Data Name='User'>NT AUTHORITY\SYSTEM</Data></EventData><RenderingInfo Culture='en-US'><Message>File created:
RuleName: DLL
UtcTime: 2022-10-24 14:05:07.021
ProcessGuid: {ef486c7a-9b92-6356-3201-000000001500}
ProcessId: 1424
Image: C:\Windows\SysWOW64\crypt.exe
TargetFilename: C:\Windows\Temp\_MEI14242\api-ms-win-core-datetime-l1-1-0.dll
CreationUtcTime: 2022-10-24 14:05:07.021
User: NT AUTHORITY\SYSTEM</Message><Level>Information</Level><Task>File created (rule: FileCreate)</Task><Opcode>Info</Opcode><Channel></Channel><Provider></Provider><Keywords></Keywords></RenderingInfo></Event>","-","Microsoft-Windows-Sysmon","x86_64","vagrant-10","ef486c7a-d018-43ce-bc87-fd5ce10088a9","fe80::650c:205f:e854:a4c3, 192.168.103.3","08:00:27:e3:04:fd","vagrant-10","19043.1348",windows,"10.0.19041.1348 (WinBuild.160101.0800)","Windows 10 Enterprise Evaluation","Windows 10 Enterprise Evaluation",windows,windows,"10.0",information,"File created:
RuleName: DLL
UtcTime: 2022-10-24 14:05:07.021
ProcessGuid: {ef486c7a-9b92-6356-3201-000000001500}
ProcessId: 1424
Image: C:\Windows\SysWOW64\crypt.exe
TargetFilename: C:\Windows\Temp\_MEI14242\api-ms-win-core-datetime-l1-1-0.dll
CreationUtcTime: 2022-10-24 14:05:07.021
User: NT AUTHORITY\SYSTEM","-",wineventlog,"Microsoft-Windows-Sysmon/Operational","vagrant-10","-","-","-","-","-","-","-","-","-","2022-10-24 14:05:07.021","-","-","-","-","-","-","-","-","-","-","-","-","C:\Windows\SysWOW64\crypt.exe","-","-","-","-","-","-","-","-","-","-","-","-","-","-","-","-","-","-","-","-","-","-","-","-","-","-","-","{ef486c7a-9b92-6356-3201-000000001500}",1424,"-","-","-","-","-","-","-","-","-","-",DLL,"-","-","-","-","-","-","-","-","-","-","-","-","-","-","-","-","-","-","-","-","-","-","C:\Windows\Temp\_MEI14242\api-ms-win-core-datetime-l1-1-0.dll","-","-","-","-","-","-","-","-","-","-","-","-","-","-","-","NT AUTHORITY\SYSTEM","2022-10-24 14:05:07.021","-","-","-","-","-","-","-","-","-","-","-","-","-","-","-","-","-","-","-","-","-",11,"-",Info,"2,064","3,220","{5770385f-c22a-43e0-bf4c-06f5698ffbd9}","Microsoft-Windows-Sysmon",1791,"File created (rule: FileCreate)","NT AUTHORITY","S-1-5-18",SYSTEM,User,2
"Oct 24, 2022 @ 22:05:07.028","LfJPCoQBQo9Iz8vx2_xj",".ds-winlogbeat-8.4.3-2022.10.17-000001","-","8d24c149-a762-44f9-ba0d-58433a72abc0","vagrant-10","24130491-308c-4270-b613-e4ed7c62ad4a","vagrant-10",winlogbeat,"8.4.3","8.0.0","File created (rule: FileCreate)",11,"Oct 24, 2022 @ 22:05:07.916",event,"<Event xmlns='http://schemas.microsoft.com/win/2004/08/events/event'><System><Provider Name='Microsoft-Windows-Sysmon' Guid='{5770385f-c22a-43e0-bf4c-06f5698ffbd9}'/><EventID>11</EventID><Version>2</Version><Level>4</Level><Task>11</Task><Opcode>0</Opcode><Keywords>0x8000000000000000</Keywords><TimeCreated SystemTime='2022-10-24T14:05:07.0288305Z'/><EventRecordID>1792</EventRecordID><Correlation/><Execution ProcessID='2064' ThreadID='3220'/><Channel>Microsoft-Windows-Sysmon/Operational</Channel><Computer>vagrant-10</Computer><Security UserID='S-1-5-18'/></System><EventData><Data Name='RuleName'>DLL</Data><Data Name='UtcTime'>2022-10-24 14:05:07.021</Data><Data Name='ProcessGuid'>{ef486c7a-9b92-6356-3201-000000001500}</Data><Data Name='ProcessId'>1424</Data><Data Name='Image'>C:\Windows\SysWOW64\crypt.exe</Data><Data Name='TargetFilename'>C:\Windows\Temp\_MEI14242\api-ms-win-core-debug-l1-1-0.dll</Data><Data Name='CreationUtcTime'>2022-10-24 14:05:07.021</Data><Data Name='User'>NT AUTHORITY\SYSTEM</Data></EventData><RenderingInfo Culture='en-US'><Message>File created:
RuleName: DLL
UtcTime: 2022-10-24 14:05:07.021
ProcessGuid: {ef486c7a-9b92-6356-3201-000000001500}
ProcessId: 1424
Image: C:\Windows\SysWOW64\crypt.exe
TargetFilename: C:\Windows\Temp\_MEI14242\api-ms-win-core-debug-l1-1-0.dll
CreationUtcTime: 2022-10-24 14:05:07.021
User: NT AUTHORITY\SYSTEM</Message><Level>Information</Level><Task>File created (rule: FileCreate)</Task><Opcode>Info</Opcode><Channel></Channel><Provider></Provider><Keywords></Keywords></RenderingInfo></Event>","-","Microsoft-Windows-Sysmon","x86_64","vagrant-10","ef486c7a-d018-43ce-bc87-fd5ce10088a9","fe80::650c:205f:e854:a4c3, 192.168.103.3","08:00:27:e3:04:fd","vagrant-10","19043.1348",windows,"10.0.19041.1348 (WinBuild.160101.0800)","Windows 10 Enterprise Evaluation","Windows 10 Enterprise Evaluation",windows,windows,"10.0",information,"File created:
RuleName: DLL
UtcTime: 2022-10-24 14:05:07.021
ProcessGuid: {ef486c7a-9b92-6356-3201-000000001500}
ProcessId: 1424
Image: C:\Windows\SysWOW64\crypt.exe
TargetFilename: C:\Windows\Temp\_MEI14242\api-ms-win-core-debug-l1-1-0.dll
CreationUtcTime: 2022-10-24 14:05:07.021
User: NT AUTHORITY\SYSTEM","-",wineventlog,"Microsoft-Windows-Sysmon/Operational","vagrant-10","-","-","-","-","-","-","-","-","-","2022-10-24 14:05:07.021","-","-","-","-","-","-","-","-","-","-","-","-","C:\Windows\SysWOW64\crypt.exe","-","-","-","-","-","-","-","-","-","-","-","-","-","-","-","-","-","-","-","-","-","-","-","-","-","-","-","{ef486c7a-9b92-6356-3201-000000001500}",1424,"-","-","-","-","-","-","-","-","-","-",DLL,"-","-","-","-","-","-","-","-","-","-","-","-","-","-","-","-","-","-","-","-","-","-","C:\Windows\Temp\_MEI14242\api-ms-win-core-debug-l1-1-0.dll","-","-","-","-","-","-","-","-","-","-","-","-","-","-","-","NT AUTHORITY\SYSTEM","2022-10-24 14:05:07.021","-","-","-","-","-","-","-","-","-","-","-","-","-","-","-","-","-","-","-","-","-",11,"-",Info,"2,064","3,220","{5770385f-c22a-43e0-bf4c-06f5698ffbd9}","Microsoft-Windows-Sysmon",1792,"File created (rule: FileCreate)","NT AUTHORITY","S-1-5-18",SYSTEM,User,2
"Oct 24, 2022 @ 22:05:07.028","LvJPCoQBQo9Iz8vx2_xj",".ds-winlogbeat-8.4.3-2022.10.17-000001","-","8d24c149-a762-44f9-ba0d-58433a72abc0","vagrant-10","24130491-308c-4270-b613-e4ed7c62ad4a","vagrant-10",winlogbeat,"8.4.3","8.0.0","File created (rule: FileCreate)",11,"Oct 24, 2022 @ 22:05:07.916",event,"<Event xmlns='http://schemas.microsoft.com/win/2004/08/events/event'><System><Provider Name='Microsoft-Windows-Sysmon' Guid='{5770385f-c22a-43e0-bf4c-06f5698ffbd9}'/><EventID>11</EventID><Version>2</Version><Level>4</Level><Task>11</Task><Opcode>0</Opcode><Keywords>0x8000000000000000</Keywords><TimeCreated SystemTime='2022-10-24T14:05:07.0288428Z'/><EventRecordID>1793</EventRecordID><Correlation/><Execution ProcessID='2064' ThreadID='3220'/><Channel>Microsoft-Windows-Sysmon/Operational</Channel><Computer>vagrant-10</Computer><Security UserID='S-1-5-18'/></System><EventData><Data Name='RuleName'>DLL</Data><Data Name='UtcTime'>2022-10-24 14:05:07.021</Data><Data Name='ProcessGuid'>{ef486c7a-9b92-6356-3201-000000001500}</Data><Data Name='ProcessId'>1424</Data><Data Name='Image'>C:\Windows\SysWOW64\crypt.exe</Data><Data Name='TargetFilename'>C:\Windows\Temp\_MEI14242\api-ms-win-core-errorhandling-l1-1-0.dll</Data><Data Name='CreationUtcTime'>2022-10-24 14:05:07.021</Data><Data Name='User'>NT AUTHORITY\SYSTEM</Data></EventData><RenderingInfo Culture='en-US'><Message>File created:
RuleName: DLL
UtcTime: 2022-10-24 14:05:07.021
ProcessGuid: {ef486c7a-9b92-6356-3201-000000001500}
ProcessId: 1424
Image: C:\Windows\SysWOW64\crypt.exe
TargetFilename: C:\Windows\Temp\_MEI14242\api-ms-win-core-errorhandling-l1-1-0.dll
CreationUtcTime: 2022-10-24 14:05:07.021
User: NT AUTHORITY\SYSTEM</Message><Level>Information</Level><Task>File created (rule: FileCreate)</Task><Opcode>Info</Opcode><Channel></Channel><Provider></Provider><Keywords></Keywords></RenderingInfo></Event>","-","Microsoft-Windows-Sysmon","x86_64","vagrant-10","ef486c7a-d018-43ce-bc87-fd5ce10088a9","fe80::650c:205f:e854:a4c3, 192.168.103.3","08:00:27:e3:04:fd","vagrant-10","19043.1348",windows,"10.0.19041.1348 (WinBuild.160101.0800)","Windows 10 Enterprise Evaluation","Windows 10 Enterprise Evaluation",windows,windows,"10.0",information,"File created:
RuleName: DLL
UtcTime: 2022-10-24 14:05:07.021
ProcessGuid: {ef486c7a-9b92-6356-3201-000000001500}
ProcessId: 1424
Image: C:\Windows\SysWOW64\crypt.exe
TargetFilename: C:\Windows\Temp\_MEI14242\api-ms-win-core-errorhandling-l1-1-0.dll
CreationUtcTime: 2022-10-24 14:05:07.021
User: NT AUTHORITY\SYSTEM","-",wineventlog,"Microsoft-Windows-Sysmon/Operational","vagrant-10","-","-","-","-","-","-","-","-","-","2022-10-24 14:05:07.021","-","-","-","-","-","-","-","-","-","-","-","-","C:\Windows\SysWOW64\crypt.exe","-","-","-","-","-","-","-","-","-","-","-","-","-","-","-","-","-","-","-","-","-","-","-","-","-","-","-","{ef486c7a-9b92-6356-3201-000000001500}",1424,"-","-","-","-","-","-","-","-","-","-",DLL,"-","-","-","-","-","-","-","-","-","-","-","-","-","-","-","-","-","-","-","-","-","-","C:\Windows\Temp\_MEI14242\api-ms-win-core-errorhandling-l1-1-0.dll","-","-","-","-","-","-","-","-","-","-","-","-","-","-","-","NT AUTHORITY\SYSTEM","2022-10-24 14:05:07.021","-","-","-","-","-","-","-","-","-","-","-","-","-","-","-","-","-","-","-","-","-",11,"-",Info,"2,064","3,220","{5770385f-c22a-43e0-bf4c-06f5698ffbd9}","Microsoft-Windows-Sysmon",1793,"File created (rule: FileCreate)","NT AUTHORITY","S-1-5-18",SYSTEM,User,2
"Oct 24, 2022 @ 22:05:07.028","L_JPCoQBQo9Iz8vx2_xj",".ds-winlogbeat-8.4.3-2022.10.17-000001","-","8d24c149-a762-44f9-ba0d-58433a72abc0","vagrant-10","24130491-308c-4270-b613-e4ed7c62ad4a","vagrant-10",winlogbeat,"8.4.3","8.0.0","File created (rule: FileCreate)",11,"Oct 24, 2022 @ 22:05:07.916",event,"<Event xmlns='http://schemas.microsoft.com/win/2004/08/events/event'><System><Provider Name='Microsoft-Windows-Sysmon' Guid='{5770385f-c22a-43e0-bf4c-06f5698ffbd9}'/><EventID>11</EventID><Version>2</Version><Level>4</Level><Task>11</Task><Opcode>0</Opcode><Keywords>0x8000000000000000</Keywords><TimeCreated SystemTime='2022-10-24T14:05:07.0288546Z'/><EventRecordID>1794</EventRecordID><Correlation/><Execution ProcessID='2064' ThreadID='3220'/><Channel>Microsoft-Windows-Sysmon/Operational</Channel><Computer>vagrant-10</Computer><Security UserID='S-1-5-18'/></System><EventData><Data Name='RuleName'>DLL</Data><Data Name='UtcTime'>2022-10-24 14:05:07.021</Data><Data Name='ProcessGuid'>{ef486c7a-9b92-6356-3201-000000001500}</Data><Data Name='ProcessId'>1424</Data><Data Name='Image'>C:\Windows\SysWOW64\crypt.exe</Data><Data Name='TargetFilename'>C:\Windows\Temp\_MEI14242\api-ms-win-core-file-l1-1-0.dll</Data><Data Name='CreationUtcTime'>2022-10-24 14:05:07.021</Data><Data Name='User'>NT AUTHORITY\SYSTEM</Data></EventData><RenderingInfo Culture='en-US'><Message>File created:
RuleName: DLL
UtcTime: 2022-10-24 14:05:07.021
ProcessGuid: {ef486c7a-9b92-6356-3201-000000001500}
ProcessId: 1424
Image: C:\Windows\SysWOW64\crypt.exe
TargetFilename: C:\Windows\Temp\_MEI14242\api-ms-win-core-file-l1-1-0.dll
CreationUtcTime: 2022-10-24 14:05:07.021
User: NT AUTHORITY\SYSTEM</Message><Level>Information</Level><Task>File created (rule: FileCreate)</Task><Opcode>Info</Opcode><Channel></Channel><Provider></Provider><Keywords></Keywords></RenderingInfo></Event>","-","Microsoft-Windows-Sysmon","x86_64","vagrant-10","ef486c7a-d018-43ce-bc87-fd5ce10088a9","fe80::650c:205f:e854:a4c3, 192.168.103.3","08:00:27:e3:04:fd","vagrant-10","19043.1348",windows,"10.0.19041.1348 (WinBuild.160101.0800)","Windows 10 Enterprise Evaluation","Windows 10 Enterprise Evaluation",windows,windows,"10.0",information,"File created:
RuleName: DLL
UtcTime: 2022-10-24 14:05:07.021
ProcessGuid: {ef486c7a-9b92-6356-3201-000000001500}
ProcessId: 1424
Image: C:\Windows\SysWOW64\crypt.exe
TargetFilename: C:\Windows\Temp\_MEI14242\api-ms-win-core-file-l1-1-0.dll
CreationUtcTime: 2022-10-24 14:05:07.021
User: NT AUTHORITY\SYSTEM","-",wineventlog,"Microsoft-Windows-Sysmon/Operational","vagrant-10","-","-","-","-","-","-","-","-","-","2022-10-24 14:05:07.021","-","-","-","-","-","-","-","-","-","-","-","-","C:\Windows\SysWOW64\crypt.exe","-","-","-","-","-","-","-","-","-","-","-","-","-","-","-","-","-","-","-","-","-","-","-","-","-","-","-","{ef486c7a-9b92-6356-3201-000000001500}",1424,"-","-","-","-","-","-","-","-","-","-",DLL,"-","-","-","-","-","-","-","-","-","-","-","-","-","-","-","-","-","-","-","-","-","-","C:\Windows\Temp\_MEI14242\api-ms-win-core-file-l1-1-0.dll","-","-","-","-","-","-","-","-","-","-","-","-","-","-","-","NT AUTHORITY\SYSTEM","2022-10-24 14:05:07.021","-","-","-","-","-","-","-","-","-","-","-","-","-","-","-","-","-","-","-","-","-",11,"-",Info,"2,064","3,220","{5770385f-c22a-43e0-bf4c-06f5698ffbd9}","Microsoft-Windows-Sysmon",1794,"File created (rule: FileCreate)","NT AUTHORITY","S-1-5-18",SYSTEM,User,2
"Oct 24, 2022 @ 22:05:07.028","XvJPCoQBQo9Iz8vx2_xz",".ds-winlogbeat-8.4.3-2022.10.17-000001","-","8d24c149-a762-44f9-ba0d-58433a72abc0","vagrant-10","24130491-308c-4270-b613-e4ed7c62ad4a","vagrant-10",winlogbeat,"8.4.3","8.0.0","File created (rule: FileCreate)",11,"Oct 24, 2022 @ 22:05:07.918",event,"<Event xmlns='http://schemas.microsoft.com/win/2004/08/events/event'><System><Provider Name='Microsoft-Windows-Sysmon' Guid='{5770385f-c22a-43e0-bf4c-06f5698ffbd9}'/><EventID>11</EventID><Version>2</Version><Level>4</Level><Task>11</Task><Opcode>0</Opcode><Keywords>0x8000000000000000</Keywords><TimeCreated SystemTime='2022-10-24T14:05:07.0288042Z'/><EventRecordID>1790</EventRecordID><Correlation/><Execution ProcessID='2064' ThreadID='3220'/><Channel>Microsoft-Windows-Sysmon/Operational</Channel><Computer>vagrant-10</Computer><Security UserID='S-1-5-18'/></System><EventData><Data Name='RuleName'>DLL</Data><Data Name='UtcTime'>2022-10-24 14:05:07.021</Data><Data Name='ProcessGuid'>{ef486c7a-9b92-6356-3201-000000001500}</Data><Data Name='ProcessId'>1424</Data><Data Name='Image'>C:\Windows\SysWOW64\crypt.exe</Data><Data Name='TargetFilename'>C:\Windows\Temp\_MEI14242\api-ms-win-core-console-l1-1-0.dll</Data><Data Name='CreationUtcTime'>2022-10-24 14:05:07.021</Data><Data Name='User'>NT AUTHORITY\SYSTEM</Data></EventData><RenderingInfo Culture='en-US'><Message>File created:
RuleName: DLL
UtcTime: 2022-10-24 14:05:07.021
ProcessGuid: {ef486c7a-9b92-6356-3201-000000001500}
ProcessId: 1424
Image: C:\Windows\SysWOW64\crypt.exe
TargetFilename: C:\Windows\Temp\_MEI14242\api-ms-win-core-console-l1-1-0.dll
CreationUtcTime: 2022-10-24 14:05:07.021
User: NT AUTHORITY\SYSTEM</Message><Level>Information</Level><Task>File created (rule: FileCreate)</Task><Opcode>Info</Opcode><Channel></Channel><Provider></Provider><Keywords></Keywords></RenderingInfo></Event>","-","Microsoft-Windows-Sysmon","x86_64","vagrant-10","ef486c7a-d018-43ce-bc87-fd5ce10088a9","fe80::650c:205f:e854:a4c3, 192.168.103.3","08:00:27:e3:04:fd","vagrant-10","19043.1348",windows,"10.0.19041.1348 (WinBuild.160101.0800)","Windows 10 Enterprise Evaluation","Windows 10 Enterprise Evaluation",windows,windows,"10.0",information,"File created:
RuleName: DLL
UtcTime: 2022-10-24 14:05:07.021
ProcessGuid: {ef486c7a-9b92-6356-3201-000000001500}
ProcessId: 1424
Image: C:\Windows\SysWOW64\crypt.exe
TargetFilename: C:\Windows\Temp\_MEI14242\api-ms-win-core-console-l1-1-0.dll
CreationUtcTime: 2022-10-24 14:05:07.021
User: NT AUTHORITY\SYSTEM","-",wineventlog,"Microsoft-Windows-Sysmon/Operational","vagrant-10","-","-","-","-","-","-","-","-","-","2022-10-24 14:05:07.021","-","-","-","-","-","-","-","-","-","-","-","-","C:\Windows\SysWOW64\crypt.exe","-","-","-","-","-","-","-","-","-","-","-","-","-","-","-","-","-","-","-","-","-","-","-","-","-","-","-","{ef486c7a-9b92-6356-3201-000000001500}",1424,"-","-","-","-","-","-","-","-","-","-",DLL,"-","-","-","-","-","-","-","-","-","-","-","-","-","-","-","-","-","-","-","-","-","-","C:\Windows\Temp\_MEI14242\api-ms-win-core-console-l1-1-0.dll","-","-","-","-","-","-","-","-","-","-","-","-","-","-","-","NT AUTHORITY\SYSTEM","2022-10-24 14:05:07.021","-","-","-","-","-","-","-","-","-","-","-","-","-","-","-","-","-","-","-","-","-",11,"-",Info,"2,064","3,220","{5770385f-c22a-43e0-bf4c-06f5698ffbd9}","Microsoft-Windows-Sysmon",1790,"File created (rule: FileCreate)","NT AUTHORITY","S-1-5-18",SYSTEM,User,2
"Oct 24, 2022 @ 22:05:07.028","X_JPCoQBQo9Iz8vx2_xz",".ds-winlogbeat-8.4.3-2022.10.17-000001","-","8d24c149-a762-44f9-ba0d-58433a72abc0","vagrant-10","24130491-308c-4270-b613-e4ed7c62ad4a","vagrant-10",winlogbeat,"8.4.3","8.0.0","File created (rule: FileCreate)",11,"Oct 24, 2022 @ 22:05:07.918",event,"<Event xmlns='http://schemas.microsoft.com/win/2004/08/events/event'><System><Provider Name='Microsoft-Windows-Sysmon' Guid='{5770385f-c22a-43e0-bf4c-06f5698ffbd9}'/><EventID>11</EventID><Version>2</Version><Level>4</Level><Task>11</Task><Opcode>0</Opcode><Keywords>0x8000000000000000</Keywords><TimeCreated SystemTime='2022-10-24T14:05:07.0288178Z'/><EventRecordID>1791</EventRecordID><Correlation/><Execution ProcessID='2064' ThreadID='3220'/><Channel>Microsoft-Windows-Sysmon/Operational</Channel><Computer>vagrant-10</Computer><Security UserID='S-1-5-18'/></System><EventData><Data Name='RuleName'>DLL</Data><Data Name='UtcTime'>2022-10-24 14:05:07.021</Data><Data Name='ProcessGuid'>{ef486c7a-9b92-6356-3201-000000001500}</Data><Data Name='ProcessId'>1424</Data><Data Name='Image'>C:\Windows\SysWOW64\crypt.exe</Data><Data Name='TargetFilename'>C:\Windows\Temp\_MEI14242\api-ms-win-core-datetime-l1-1-0.dll</Data><Data Name='CreationUtcTime'>2022-10-24 14:05:07.021</Data><Data Name='User'>NT AUTHORITY\SYSTEM</Data></EventData><RenderingInfo Culture='en-US'><Message>File created:
RuleName: DLL
UtcTime: 2022-10-24 14:05:07.021
ProcessGuid: {ef486c7a-9b92-6356-3201-000000001500}
ProcessId: 1424
Image: C:\Windows\SysWOW64\crypt.exe
TargetFilename: C:\Windows\Temp\_MEI14242\api-ms-win-core-datetime-l1-1-0.dll
CreationUtcTime: 2022-10-24 14:05:07.021
User: NT AUTHORITY\SYSTEM</Message><Level>Information</Level><Task>File created (rule: FileCreate)</Task><Opcode>Info</Opcode><Channel></Channel><Provider></Provider><Keywords></Keywords></RenderingInfo></Event>","-","Microsoft-Windows-Sysmon","x86_64","vagrant-10","ef486c7a-d018-43ce-bc87-fd5ce10088a9","fe80::650c:205f:e854:a4c3, 192.168.103.3","08:00:27:e3:04:fd","vagrant-10","19043.1348",windows,"10.0.19041.1348 (WinBuild.160101.0800)","Windows 10 Enterprise Evaluation","Windows 10 Enterprise Evaluation",windows,windows,"10.0",information,"File created:
RuleName: DLL
UtcTime: 2022-10-24 14:05:07.021
ProcessGuid: {ef486c7a-9b92-6356-3201-000000001500}
ProcessId: 1424
Image: C:\Windows\SysWOW64\crypt.exe
TargetFilename: C:\Windows\Temp\_MEI14242\api-ms-win-core-datetime-l1-1-0.dll
CreationUtcTime: 2022-10-24 14:05:07.021
User: NT AUTHORITY\SYSTEM","-",wineventlog,"Microsoft-Windows-Sysmon/Operational","vagrant-10","-","-","-","-","-","-","-","-","-","2022-10-24 14:05:07.021","-","-","-","-","-","-","-","-","-","-","-","-","C:\Windows\SysWOW64\crypt.exe","-","-","-","-","-","-","-","-","-","-","-","-","-","-","-","-","-","-","-","-","-","-","-","-","-","-","-","{ef486c7a-9b92-6356-3201-000000001500}",1424,"-","-","-","-","-","-","-","-","-","-",DLL,"-","-","-","-","-","-","-","-","-","-","-","-","-","-","-","-","-","-","-","-","-","-","C:\Windows\Temp\_MEI14242\api-ms-win-core-datetime-l1-1-0.dll","-","-","-","-","-","-","-","-","-","-","-","-","-","-","-","NT AUTHORITY\SYSTEM","2022-10-24 14:05:07.021","-","-","-","-","-","-","-","-","-","-","-","-","-","-","-","-","-","-","-","-","-",11,"-",Info,"2,064","3,220","{5770385f-c22a-43e0-bf4c-06f5698ffbd9}","Microsoft-Windows-Sysmon",1791,"File created (rule: FileCreate)","NT AUTHORITY","S-1-5-18",SYSTEM,User,2
"Oct 24, 2022 @ 22:05:07.028","YPJPCoQBQo9Iz8vx2_xz",".ds-winlogbeat-8.4.3-2022.10.17-000001","-","8d24c149-a762-44f9-ba0d-58433a72abc0","vagrant-10","24130491-308c-4270-b613-e4ed7c62ad4a","vagrant-10",winlogbeat,"8.4.3","8.0.0","File created (rule: FileCreate)",11,"Oct 24, 2022 @ 22:05:07.918",event,"<Event xmlns='http://schemas.microsoft.com/win/2004/08/events/event'><System><Provider Name='Microsoft-Windows-Sysmon' Guid='{5770385f-c22a-43e0-bf4c-06f5698ffbd9}'/><EventID>11</EventID><Version>2</Version><Level>4</Level><Task>11</Task><Opcode>0</Opcode><Keywords>0x8000000000000000</Keywords><TimeCreated SystemTime='2022-10-24T14:05:07.0288305Z'/><EventRecordID>1792</EventRecordID><Correlation/><Execution ProcessID='2064' ThreadID='3220'/><Channel>Microsoft-Windows-Sysmon/Operational</Channel><Computer>vagrant-10</Computer><Security UserID='S-1-5-18'/></System><EventData><Data Name='RuleName'>DLL</Data><Data Name='UtcTime'>2022-10-24 14:05:07.021</Data><Data Name='ProcessGuid'>{ef486c7a-9b92-6356-3201-000000001500}</Data><Data Name='ProcessId'>1424</Data><Data Name='Image'>C:\Windows\SysWOW64\crypt.exe</Data><Data Name='TargetFilename'>C:\Windows\Temp\_MEI14242\api-ms-win-core-debug-l1-1-0.dll</Data><Data Name='CreationUtcTime'>2022-10-24 14:05:07.021</Data><Data Name='User'>NT AUTHORITY\SYSTEM</Data></EventData><RenderingInfo Culture='en-US'><Message>File created:
RuleName: DLL
UtcTime: 2022-10-24 14:05:07.021
ProcessGuid: {ef486c7a-9b92-6356-3201-000000001500}
ProcessId: 1424
Image: C:\Windows\SysWOW64\crypt.exe
TargetFilename: C:\Windows\Temp\_MEI14242\api-ms-win-core-debug-l1-1-0.dll
CreationUtcTime: 2022-10-24 14:05:07.021
User: NT AUTHORITY\SYSTEM</Message><Level>Information</Level><Task>File created (rule: FileCreate)</Task><Opcode>Info</Opcode><Channel></Channel><Provider></Provider><Keywords></Keywords></RenderingInfo></Event>","-","Microsoft-Windows-Sysmon","x86_64","vagrant-10","ef486c7a-d018-43ce-bc87-fd5ce10088a9","fe80::650c:205f:e854:a4c3, 192.168.103.3","08:00:27:e3:04:fd","vagrant-10","19043.1348",windows,"10.0.19041.1348 (WinBuild.160101.0800)","Windows 10 Enterprise Evaluation","Windows 10 Enterprise Evaluation",windows,windows,"10.0",information,"File created:
RuleName: DLL
UtcTime: 2022-10-24 14:05:07.021
ProcessGuid: {ef486c7a-9b92-6356-3201-000000001500}
ProcessId: 1424
Image: C:\Windows\SysWOW64\crypt.exe
TargetFilename: C:\Windows\Temp\_MEI14242\api-ms-win-core-debug-l1-1-0.dll
CreationUtcTime: 2022-10-24 14:05:07.021
User: NT AUTHORITY\SYSTEM","-",wineventlog,"Microsoft-Windows-Sysmon/Operational","vagrant-10","-","-","-","-","-","-","-","-","-","2022-10-24 14:05:07.021","-","-","-","-","-","-","-","-","-","-","-","-","C:\Windows\SysWOW64\crypt.exe","-","-","-","-","-","-","-","-","-","-","-","-","-","-","-","-","-","-","-","-","-","-","-","-","-","-","-","{ef486c7a-9b92-6356-3201-000000001500}",1424,"-","-","-","-","-","-","-","-","-","-",DLL,"-","-","-","-","-","-","-","-","-","-","-","-","-","-","-","-","-","-","-","-","-","-","C:\Windows\Temp\_MEI14242\api-ms-win-core-debug-l1-1-0.dll","-","-","-","-","-","-","-","-","-","-","-","-","-","-","-","NT AUTHORITY\SYSTEM","2022-10-24 14:05:07.021","-","-","-","-","-","-","-","-","-","-","-","-","-","-","-","-","-","-","-","-","-",11,"-",Info,"2,064","3,220","{5770385f-c22a-43e0-bf4c-06f5698ffbd9}","Microsoft-Windows-Sysmon",1792,"File created (rule: FileCreate)","NT AUTHORITY","S-1-5-18",SYSTEM,User,2
"Oct 24, 2022 @ 22:05:07.028","YfJPCoQBQo9Iz8vx2_xz",".ds-winlogbeat-8.4.3-2022.10.17-000001","-","8d24c149-a762-44f9-ba0d-58433a72abc0","vagrant-10","24130491-308c-4270-b613-e4ed7c62ad4a","vagrant-10",winlogbeat,"8.4.3","8.0.0","File created (rule: FileCreate)",11,"Oct 24, 2022 @ 22:05:07.918",event,"<Event xmlns='http://schemas.microsoft.com/win/2004/08/events/event'><System><Provider Name='Microsoft-Windows-Sysmon' Guid='{5770385f-c22a-43e0-bf4c-06f5698ffbd9}'/><EventID>11</EventID><Version>2</Version><Level>4</Level><Task>11</Task><Opcode>0</Opcode><Keywords>0x8000000000000000</Keywords><TimeCreated SystemTime='2022-10-24T14:05:07.0288428Z'/><EventRecordID>1793</EventRecordID><Correlation/><Execution ProcessID='2064' ThreadID='3220'/><Channel>Microsoft-Windows-Sysmon/Operational</Channel><Computer>vagrant-10</Computer><Security UserID='S-1-5-18'/></System><EventData><Data Name='RuleName'>DLL</Data><Data Name='UtcTime'>2022-10-24 14:05:07.021</Data><Data Name='ProcessGuid'>{ef486c7a-9b92-6356-3201-000000001500}</Data><Data Name='ProcessId'>1424</Data><Data Name='Image'>C:\Windows\SysWOW64\crypt.exe</Data><Data Name='TargetFilename'>C:\Windows\Temp\_MEI14242\api-ms-win-core-errorhandling-l1-1-0.dll</Data><Data Name='CreationUtcTime'>2022-10-24 14:05:07.021</Data><Data Name='User'>NT AUTHORITY\SYSTEM</Data></EventData><RenderingInfo Culture='en-US'><Message>File created:
RuleName: DLL
UtcTime: 2022-10-24 14:05:07.021
ProcessGuid: {ef486c7a-9b92-6356-3201-000000001500}
ProcessId: 1424
Image: C:\Windows\SysWOW64\crypt.exe
TargetFilename: C:\Windows\Temp\_MEI14242\api-ms-win-core-errorhandling-l1-1-0.dll
CreationUtcTime: 2022-10-24 14:05:07.021
User: NT AUTHORITY\SYSTEM</Message><Level>Information</Level><Task>File created (rule: FileCreate)</Task><Opcode>Info</Opcode><Channel></Channel><Provider></Provider><Keywords></Keywords></RenderingInfo></Event>","-","Microsoft-Windows-Sysmon","x86_64","vagrant-10","ef486c7a-d018-43ce-bc87-fd5ce10088a9","fe80::650c:205f:e854:a4c3, 192.168.103.3","08:00:27:e3:04:fd","vagrant-10","19043.1348",windows,"10.0.19041.1348 (WinBuild.160101.0800)","Windows 10 Enterprise Evaluation","Windows 10 Enterprise Evaluation",windows,windows,"10.0",information,"File created:
RuleName: DLL
UtcTime: 2022-10-24 14:05:07.021
ProcessGuid: {ef486c7a-9b92-6356-3201-000000001500}
ProcessId: 1424
Image: C:\Windows\SysWOW64\crypt.exe
TargetFilename: C:\Windows\Temp\_MEI14242\api-ms-win-core-errorhandling-l1-1-0.dll
CreationUtcTime: 2022-10-24 14:05:07.021
User: NT AUTHORITY\SYSTEM","-",wineventlog,"Microsoft-Windows-Sysmon/Operational","vagrant-10","-","-","-","-","-","-","-","-","-","2022-10-24 14:05:07.021","-","-","-","-","-","-","-","-","-","-","-","-","C:\Windows\SysWOW64\crypt.exe","-","-","-","-","-","-","-","-","-","-","-","-","-","-","-","-","-","-","-","-","-","-","-","-","-","-","-","{ef486c7a-9b92-6356-3201-000000001500}",1424,"-","-","-","-","-","-","-","-","-","-",DLL,"-","-","-","-","-","-","-","-","-","-","-","-","-","-","-","-","-","-","-","-","-","-","C:\Windows\Temp\_MEI14242\api-ms-win-core-errorhandling-l1-1-0.dll","-","-","-","-","-","-","-","-","-","-","-","-","-","-","-","NT AUTHORITY\SYSTEM","2022-10-24 14:05:07.021","-","-","-","-","-","-","-","-","-","-","-","-","-","-","-","-","-","-","-","-","-",11,"-",Info,"2,064","3,220","{5770385f-c22a-43e0-bf4c-06f5698ffbd9}","Microsoft-Windows-Sysmon",1793,"File created (rule: FileCreate)","NT AUTHORITY","S-1-5-18",SYSTEM,User,2
"Oct 24, 2022 @ 22:05:07.028","YvJPCoQBQo9Iz8vx2_xz",".ds-winlogbeat-8.4.3-2022.10.17-000001","-","8d24c149-a762-44f9-ba0d-58433a72abc0","vagrant-10","24130491-308c-4270-b613-e4ed7c62ad4a","vagrant-10",winlogbeat,"8.4.3","8.0.0","File created (rule: FileCreate)",11,"Oct 24, 2022 @ 22:05:07.918",event,"<Event xmlns='http://schemas.microsoft.com/win/2004/08/events/event'><System><Provider Name='Microsoft-Windows-Sysmon' Guid='{5770385f-c22a-43e0-bf4c-06f5698ffbd9}'/><EventID>11</EventID><Version>2</Version><Level>4</Level><Task>11</Task><Opcode>0</Opcode><Keywords>0x8000000000000000</Keywords><TimeCreated SystemTime='2022-10-24T14:05:07.0288546Z'/><EventRecordID>1794</EventRecordID><Correlation/><Execution ProcessID='2064' ThreadID='3220'/><Channel>Microsoft-Windows-Sysmon/Operational</Channel><Computer>vagrant-10</Computer><Security UserID='S-1-5-18'/></System><EventData><Data Name='RuleName'>DLL</Data><Data Name='UtcTime'>2022-10-24 14:05:07.021</Data><Data Name='ProcessGuid'>{ef486c7a-9b92-6356-3201-000000001500}</Data><Data Name='ProcessId'>1424</Data><Data Name='Image'>C:\Windows\SysWOW64\crypt.exe</Data><Data Name='TargetFilename'>C:\Windows\Temp\_MEI14242\api-ms-win-core-file-l1-1-0.dll</Data><Data Name='CreationUtcTime'>2022-10-24 14:05:07.021</Data><Data Name='User'>NT AUTHORITY\SYSTEM</Data></EventData><RenderingInfo Culture='en-US'><Message>File created:
RuleName: DLL
UtcTime: 2022-10-24 14:05:07.021
ProcessGuid: {ef486c7a-9b92-6356-3201-000000001500}
ProcessId: 1424
Image: C:\Windows\SysWOW64\crypt.exe
TargetFilename: C:\Windows\Temp\_MEI14242\api-ms-win-core-file-l1-1-0.dll
CreationUtcTime: 2022-10-24 14:05:07.021
User: NT AUTHORITY\SYSTEM</Message><Level>Information</Level><Task>File created (rule: FileCreate)</Task><Opcode>Info</Opcode><Channel></Channel><Provider></Provider><Keywords></Keywords></RenderingInfo></Event>","-","Microsoft-Windows-Sysmon","x86_64","vagrant-10","ef486c7a-d018-43ce-bc87-fd5ce10088a9","fe80::650c:205f:e854:a4c3, 192.168.103.3","08:00:27:e3:04:fd","vagrant-10","19043.1348",windows,"10.0.19041.1348 (WinBuild.160101.0800)","Windows 10 Enterprise Evaluation","Windows 10 Enterprise Evaluation",windows,windows,"10.0",information,"File created:
RuleName: DLL
UtcTime: 2022-10-24 14:05:07.021
ProcessGuid: {ef486c7a-9b92-6356-3201-000000001500}
ProcessId: 1424
Image: C:\Windows\SysWOW64\crypt.exe
TargetFilename: C:\Windows\Temp\_MEI14242\api-ms-win-core-file-l1-1-0.dll
CreationUtcTime: 2022-10-24 14:05:07.021
User: NT AUTHORITY\SYSTEM","-",wineventlog,"Microsoft-Windows-Sysmon/Operational","vagrant-10","-","-","-","-","-","-","-","-","-","2022-10-24 14:05:07.021","-","-","-","-","-","-","-","-","-","-","-","-","C:\Windows\SysWOW64\crypt.exe","-","-","-","-","-","-","-","-","-","-","-","-","-","-","-","-","-","-","-","-","-","-","-","-","-","-","-","{ef486c7a-9b92-6356-3201-000000001500}",1424,"-","-","-","-","-","-","-","-","-","-",DLL,"-","-","-","-","-","-","-","-","-","-","-","-","-","-","-","-","-","-","-","-","-","-","C:\Windows\Temp\_MEI14242\api-ms-win-core-file-l1-1-0.dll","-","-","-","-","-","-","-","-","-","-","-","-","-","-","-","NT AUTHORITY\SYSTEM","2022-10-24 14:05:07.021","-","-","-","-","-","-","-","-","-","-","-","-","-","-","-","-","-","-","-","-","-",11,"-",Info,"2,064","3,220","{5770385f-c22a-43e0-bf4c-06f5698ffbd9}","Microsoft-Windows-Sysmon",1794,"File created (rule: FileCreate)","NT AUTHORITY","S-1-5-18",SYSTEM,User,2
"Oct 24, 2022 @ 22:05:07.022","KvJPCoQBQo9Iz8vx2_xj",".ds-winlogbeat-8.4.3-2022.10.17-000001","-","8d24c149-a762-44f9-ba0d-58433a72abc0","vagrant-10","24130491-308c-4270-b613-e4ed7c62ad4a","vagrant-10",winlogbeat,"8.4.3","8.0.0","File created (rule: FileCreate)",11,"Oct 24, 2022 @ 22:05:07.916",event,"<Event xmlns='http://schemas.microsoft.com/win/2004/08/events/event'><System><Provider Name='Microsoft-Windows-Sysmon' Guid='{5770385f-c22a-43e0-bf4c-06f5698ffbd9}'/><EventID>11</EventID><Version>2</Version><Level>4</Level><Task>11</Task><Opcode>0</Opcode><Keywords>0x8000000000000000</Keywords><TimeCreated SystemTime='2022-10-24T14:05:07.0224386Z'/><EventRecordID>1789</EventRecordID><Correlation/><Execution ProcessID='2064' ThreadID='3220'/><Channel>Microsoft-Windows-Sysmon/Operational</Channel><Computer>vagrant-10</Computer><Security UserID='S-1-5-18'/></System><EventData><Data Name='RuleName'>DLL</Data><Data Name='UtcTime'>2022-10-24 14:05:07.010</Data><Data Name='ProcessGuid'>{ef486c7a-9b92-6356-3201-000000001500}</Data><Data Name='ProcessId'>1424</Data><Data Name='Image'>C:\Windows\SysWOW64\crypt.exe</Data><Data Name='TargetFilename'>C:\Windows\Temp\_MEI14242\VCRUNTIME140.dll</Data><Data Name='CreationUtcTime'>2022-10-24 14:05:07.010</Data><Data Name='User'>NT AUTHORITY\SYSTEM</Data></EventData><RenderingInfo Culture='en-US'><Message>File created:
RuleName: DLL
UtcTime: 2022-10-24 14:05:07.010
ProcessGuid: {ef486c7a-9b92-6356-3201-000000001500}
ProcessId: 1424
Image: C:\Windows\SysWOW64\crypt.exe
TargetFilename: C:\Windows\Temp\_MEI14242\VCRUNTIME140.dll
CreationUtcTime: 2022-10-24 14:05:07.010
User: NT AUTHORITY\SYSTEM</Message><Level>Information</Level><Task>File created (rule: FileCreate)</Task><Opcode>Info</Opcode><Channel></Channel><Provider></Provider><Keywords></Keywords></RenderingInfo></Event>","-","Microsoft-Windows-Sysmon","x86_64","vagrant-10","ef486c7a-d018-43ce-bc87-fd5ce10088a9","fe80::650c:205f:e854:a4c3, 192.168.103.3","08:00:27:e3:04:fd","vagrant-10","19043.1348",windows,"10.0.19041.1348 (WinBuild.160101.0800)","Windows 10 Enterprise Evaluation","Windows 10 Enterprise Evaluation",windows,windows,"10.0",information,"File created:
RuleName: DLL
UtcTime: 2022-10-24 14:05:07.010
ProcessGuid: {ef486c7a-9b92-6356-3201-000000001500}
ProcessId: 1424
Image: C:\Windows\SysWOW64\crypt.exe
TargetFilename: C:\Windows\Temp\_MEI14242\VCRUNTIME140.dll
CreationUtcTime: 2022-10-24 14:05:07.010
User: NT AUTHORITY\SYSTEM","-",wineventlog,"Microsoft-Windows-Sysmon/Operational","vagrant-10","-","-","-","-","-","-","-","-","-","2022-10-24 14:05:07.010","-","-","-","-","-","-","-","-","-","-","-","-","C:\Windows\SysWOW64\crypt.exe","-","-","-","-","-","-","-","-","-","-","-","-","-","-","-","-","-","-","-","-","-","-","-","-","-","-","-","{ef486c7a-9b92-6356-3201-000000001500}",1424,"-","-","-","-","-","-","-","-","-","-",DLL,"-","-","-","-","-","-","-","-","-","-","-","-","-","-","-","-","-","-","-","-","-","-","C:\Windows\Temp\_MEI14242\VCRUNTIME140.dll","-","-","-","-","-","-","-","-","-","-","-","-","-","-","-","NT AUTHORITY\SYSTEM","2022-10-24 14:05:07.010","-","-","-","-","-","-","-","-","-","-","-","-","-","-","-","-","-","-","-","-","-",11,"-",Info,"2,064","3,220","{5770385f-c22a-43e0-bf4c-06f5698ffbd9}","Microsoft-Windows-Sysmon",1789,"File created (rule: FileCreate)","NT AUTHORITY","S-1-5-18",SYSTEM,User,2
"Oct 24, 2022 @ 22:05:07.022","XfJPCoQBQo9Iz8vx2_xz",".ds-winlogbeat-8.4.3-2022.10.17-000001","-","8d24c149-a762-44f9-ba0d-58433a72abc0","vagrant-10","24130491-308c-4270-b613-e4ed7c62ad4a","vagrant-10",winlogbeat,"8.4.3","8.0.0","File created (rule: FileCreate)",11,"Oct 24, 2022 @ 22:05:07.918",event,"<Event xmlns='http://schemas.microsoft.com/win/2004/08/events/event'><System><Provider Name='Microsoft-Windows-Sysmon' Guid='{5770385f-c22a-43e0-bf4c-06f5698ffbd9}'/><EventID>11</EventID><Version>2</Version><Level>4</Level><Task>11</Task><Opcode>0</Opcode><Keywords>0x8000000000000000</Keywords><TimeCreated SystemTime='2022-10-24T14:05:07.0224386Z'/><EventRecordID>1789</EventRecordID><Correlation/><Execution ProcessID='2064' ThreadID='3220'/><Channel>Microsoft-Windows-Sysmon/Operational</Channel><Computer>vagrant-10</Computer><Security UserID='S-1-5-18'/></System><EventData><Data Name='RuleName'>DLL</Data><Data Name='UtcTime'>2022-10-24 14:05:07.010</Data><Data Name='ProcessGuid'>{ef486c7a-9b92-6356-3201-000000001500}</Data><Data Name='ProcessId'>1424</Data><Data Name='Image'>C:\Windows\SysWOW64\crypt.exe</Data><Data Name='TargetFilename'>C:\Windows\Temp\_MEI14242\VCRUNTIME140.dll</Data><Data Name='CreationUtcTime'>2022-10-24 14:05:07.010</Data><Data Name='User'>NT AUTHORITY\SYSTEM</Data></EventData><RenderingInfo Culture='en-US'><Message>File created:
RuleName: DLL
UtcTime: 2022-10-24 14:05:07.010
ProcessGuid: {ef486c7a-9b92-6356-3201-000000001500}
ProcessId: 1424
Image: C:\Windows\SysWOW64\crypt.exe
TargetFilename: C:\Windows\Temp\_MEI14242\VCRUNTIME140.dll
CreationUtcTime: 2022-10-24 14:05:07.010
User: NT AUTHORITY\SYSTEM</Message><Level>Information</Level><Task>File created (rule: FileCreate)</Task><Opcode>Info</Opcode><Channel></Channel><Provider></Provider><Keywords></Keywords></RenderingInfo></Event>","-","Microsoft-Windows-Sysmon","x86_64","vagrant-10","ef486c7a-d018-43ce-bc87-fd5ce10088a9","fe80::650c:205f:e854:a4c3, 192.168.103.3","08:00:27:e3:04:fd","vagrant-10","19043.1348",windows,"10.0.19041.1348 (WinBuild.160101.0800)","Windows 10 Enterprise Evaluation","Windows 10 Enterprise Evaluation",windows,windows,"10.0",information,"File created:
RuleName: DLL
UtcTime: 2022-10-24 14:05:07.010
ProcessGuid: {ef486c7a-9b92-6356-3201-000000001500}
ProcessId: 1424
Image: C:\Windows\SysWOW64\crypt.exe
TargetFilename: C:\Windows\Temp\_MEI14242\VCRUNTIME140.dll
CreationUtcTime: 2022-10-24 14:05:07.010
User: NT AUTHORITY\SYSTEM","-",wineventlog,"Microsoft-Windows-Sysmon/Operational","vagrant-10","-","-","-","-","-","-","-","-","-","2022-10-24 14:05:07.010","-","-","-","-","-","-","-","-","-","-","-","-","C:\Windows\SysWOW64\crypt.exe","-","-","-","-","-","-","-","-","-","-","-","-","-","-","-","-","-","-","-","-","-","-","-","-","-","-","-","{ef486c7a-9b92-6356-3201-000000001500}",1424,"-","-","-","-","-","-","-","-","-","-",DLL,"-","-","-","-","-","-","-","-","-","-","-","-","-","-","-","-","-","-","-","-","-","-","C:\Windows\Temp\_MEI14242\VCRUNTIME140.dll","-","-","-","-","-","-","-","-","-","-","-","-","-","-","-","NT AUTHORITY\SYSTEM","2022-10-24 14:05:07.010","-","-","-","-","-","-","-","-","-","-","-","-","-","-","-","-","-","-","-","-","-",11,"-",Info,"2,064","3,220","{5770385f-c22a-43e0-bf4c-06f5698ffbd9}","Microsoft-Windows-Sysmon",1789,"File created (rule: FileCreate)","NT AUTHORITY","S-1-5-18",SYSTEM,User,2
"Oct 24, 2022 @ 22:05:06.889","KfJPCoQBQo9Iz8vx2_xj",".ds-winlogbeat-8.4.3-2022.10.17-000001","-","8d24c149-a762-44f9-ba0d-58433a72abc0","vagrant-10","24130491-308c-4270-b613-e4ed7c62ad4a","vagrant-10",winlogbeat,"8.4.3","8.0.0","Process Create (rule: ProcessCreate)",1,"Oct 24, 2022 @ 22:05:07.916",event,"<Event xmlns='http://schemas.microsoft.com/win/2004/08/events/event'><System><Provider Name='Microsoft-Windows-Sysmon' Guid='{5770385f-c22a-43e0-bf4c-06f5698ffbd9}'/><EventID>1</EventID><Version>5</Version><Level>4</Level><Task>1</Task><Opcode>0</Opcode><Keywords>0x8000000000000000</Keywords><TimeCreated SystemTime='2022-10-24T14:05:06.8892075Z'/><EventRecordID>1788</EventRecordID><Correlation/><Execution ProcessID='2064' ThreadID='3220'/><Channel>Microsoft-Windows-Sysmon/Operational</Channel><Computer>vagrant-10</Computer><Security UserID='S-1-5-18'/></System><EventData><Data Name='RuleName'>-</Data><Data Name='UtcTime'>2022-10-24 14:05:06.835</Data><Data Name='ProcessGuid'>{ef486c7a-9b92-6356-3201-000000001500}</Data><Data Name='ProcessId'>1424</Data><Data Name='Image'>C:\Windows\SysWOW64\crypt.exe</Data><Data Name='FileVersion'>-</Data><Data Name='Description'>-</Data><Data Name='Product'>-</Data><Data Name='Company'>-</Data><Data Name='OriginalFileName'>-</Data><Data Name='CommandLine'>crypt.exe</Data><Data Name='CurrentDirectory'>C:\Windows\system32\</Data><Data Name='User'>NT AUTHORITY\SYSTEM</Data><Data Name='LogonGuid'>{ef486c7a-f97d-6356-e703-000000000000}</Data><Data Name='LogonId'>0x3e7</Data><Data Name='TerminalSessionId'>0</Data><Data Name='IntegrityLevel'>System</Data><Data Name='Hashes'>MD5=EBBD9C2B089762926C26F8CFF6049907,SHA256=910514A3FC11D2C6799B7299806E7174B80337AD07E749D6A818795987A6D0C5,IMPHASH=69EB46A9F63EDCC604B0BDAAA8E0F2F5</Data><Data Name='ParentProcessGuid'>{ef486c7a-9b89-6356-2601-000000001500}</Data><Data Name='ParentProcessId'>5880</Data><Data Name='ParentImage'>C:\Windows\Temp\ZNuyqd.exe</Data><Data Name='ParentCommandLine'>C:\Windows\TEMP\ZNuyqd.exe</Data><Data Name='ParentUser'>NT AUTHORITY\SYSTEM</Data></EventData><RenderingInfo Culture='en-US'><Message>Process Create:
RuleName: -
UtcTime: 2022-10-24 14:05:06.835
ProcessGuid: {ef486c7a-9b92-6356-3201-000000001500}
ProcessId: 1424
Image: C:\Windows\SysWOW64\crypt.exe
FileVersion: -
Description: -
Product: -
Company: -
OriginalFileName: -
CommandLine: crypt.exe
CurrentDirectory: C:\Windows\system32\
User: NT AUTHORITY\SYSTEM
LogonGuid: {ef486c7a-f97d-6356-e703-000000000000}
LogonId: 0x3E7
TerminalSessionId: 0
IntegrityLevel: System
Hashes: MD5=EBBD9C2B089762926C26F8CFF6049907,SHA256=910514A3FC11D2C6799B7299806E7174B80337AD07E749D6A818795987A6D0C5,IMPHASH=69EB46A9F63EDCC604B0BDAAA8E0F2F5
ParentProcessGuid: {ef486c7a-9b89-6356-2601-000000001500}
ParentProcessId: 5880
ParentImage: C:\Windows\Temp\ZNuyqd.exe
ParentCommandLine: C:\Windows\TEMP\ZNuyqd.exe
ParentUser: NT AUTHORITY\SYSTEM</Message><Level>Information</Level><Task>Process Create (rule: ProcessCreate)</Task><Opcode>Info</Opcode><Channel></Channel><Provider></Provider><Keywords></Keywords></RenderingInfo></Event>","-","Microsoft-Windows-Sysmon","x86_64","vagrant-10","ef486c7a-d018-43ce-bc87-fd5ce10088a9","fe80::650c:205f:e854:a4c3, 192.168.103.3","08:00:27:e3:04:fd","vagrant-10","19043.1348",windows,"10.0.19041.1348 (WinBuild.160101.0800)","Windows 10 Enterprise Evaluation","Windows 10 Enterprise Evaluation",windows,windows,"10.0",information,"Process Create:
RuleName: -
UtcTime: 2022-10-24 14:05:06.835
ProcessGuid: {ef486c7a-9b92-6356-3201-000000001500}
ProcessId: 1424
Image: C:\Windows\SysWOW64\crypt.exe
FileVersion: -
Description: -
Product: -
Company: -
OriginalFileName: -
CommandLine: crypt.exe
CurrentDirectory: C:\Windows\system32\
User: NT AUTHORITY\SYSTEM
LogonGuid: {ef486c7a-f97d-6356-e703-000000000000}
LogonId: 0x3E7
TerminalSessionId: 0
IntegrityLevel: System
Hashes: MD5=EBBD9C2B089762926C26F8CFF6049907,SHA256=910514A3FC11D2C6799B7299806E7174B80337AD07E749D6A818795987A6D0C5,IMPHASH=69EB46A9F63EDCC604B0BDAAA8E0F2F5
ParentProcessGuid: {ef486c7a-9b89-6356-2601-000000001500}
ParentProcessId: 5880
ParentImage: C:\Windows\Temp\ZNuyqd.exe
ParentCommandLine: C:\Windows\TEMP\ZNuyqd.exe
ParentUser: NT AUTHORITY\SYSTEM","-",wineventlog,"Microsoft-Windows-Sysmon/Operational","vagrant-10","-","-","-","-","-","-","crypt.exe","-","-","-","C:\Windows\system32\","-","-","-","-","-","-","-","-","-","-","MD5=EBBD9C2B089762926C26F8CFF6049907,SHA256=910514A3FC11D2C6799B7299806E7174B80337AD07E749D6A818795987A6D0C5,IMPHASH=69EB46A9F63EDCC604B0BDAAA8E0F2F5","C:\Windows\SysWOW64\crypt.exe","-","-","-",System,"-","-","-","-","-","-","-","{ef486c7a-f97d-6356-e703-000000000000}",0x3e7,"-","-","-","-","-","-","-","C:\Windows\TEMP\ZNuyqd.exe","C:\Windows\Temp\ZNuyqd.exe","{ef486c7a-9b89-6356-2601-000000001500}",5880,"NT AUTHORITY\SYSTEM","-","-","{ef486c7a-9b92-6356-3201-000000001500}",1424,"-","-","-","-","-","-","-","-","-","-","-","-","-","-","-","-","-","-","-","-","-","-","-","-","-","-","-","-","-","-","-","-","-","-","-","-","-","-","-","-","-","-","-","-","-","-",0,"-","-","NT AUTHORITY\SYSTEM","2022-10-24 14:05:06.835","-","-","-","-","-","-","-","-","-","-","-","-","-","-","-","-","-","-","-","-","-",1,"-",Info,"2,064","3,220","{5770385f-c22a-43e0-bf4c-06f5698ffbd9}","Microsoft-Windows-Sysmon",1788,"Process Create (rule: ProcessCreate)","NT AUTHORITY","S-1-5-18",SYSTEM,User,5
"Oct 24, 2022 @ 22:05:06.889","XPJPCoQBQo9Iz8vx2_xz",".ds-winlogbeat-8.4.3-2022.10.17-000001","-","8d24c149-a762-44f9-ba0d-58433a72abc0","vagrant-10","24130491-308c-4270-b613-e4ed7c62ad4a","vagrant-10",winlogbeat,"8.4.3","8.0.0","Process Create (rule: ProcessCreate)",1,"Oct 24, 2022 @ 22:05:07.918",event,"<Event xmlns='http://schemas.microsoft.com/win/2004/08/events/event'><System><Provider Name='Microsoft-Windows-Sysmon' Guid='{5770385f-c22a-43e0-bf4c-06f5698ffbd9}'/><EventID>1</EventID><Version>5</Version><Level>4</Level><Task>1</Task><Opcode>0</Opcode><Keywords>0x8000000000000000</Keywords><TimeCreated SystemTime='2022-10-24T14:05:06.8892075Z'/><EventRecordID>1788</EventRecordID><Correlation/><Execution ProcessID='2064' ThreadID='3220'/><Channel>Microsoft-Windows-Sysmon/Operational</Channel><Computer>vagrant-10</Computer><Security UserID='S-1-5-18'/></System><EventData><Data Name='RuleName'>-</Data><Data Name='UtcTime'>2022-10-24 14:05:06.835</Data><Data Name='ProcessGuid'>{ef486c7a-9b92-6356-3201-000000001500}</Data><Data Name='ProcessId'>1424</Data><Data Name='Image'>C:\Windows\SysWOW64\crypt.exe</Data><Data Name='FileVersion'>-</Data><Data Name='Description'>-</Data><Data Name='Product'>-</Data><Data Name='Company'>-</Data><Data Name='OriginalFileName'>-</Data><Data Name='CommandLine'>crypt.exe</Data><Data Name='CurrentDirectory'>C:\Windows\system32\</Data><Data Name='User'>NT AUTHORITY\SYSTEM</Data><Data Name='LogonGuid'>{ef486c7a-f97d-6356-e703-000000000000}</Data><Data Name='LogonId'>0x3e7</Data><Data Name='TerminalSessionId'>0</Data><Data Name='IntegrityLevel'>System</Data><Data Name='Hashes'>MD5=EBBD9C2B089762926C26F8CFF6049907,SHA256=910514A3FC11D2C6799B7299806E7174B80337AD07E749D6A818795987A6D0C5,IMPHASH=69EB46A9F63EDCC604B0BDAAA8E0F2F5</Data><Data Name='ParentProcessGuid'>{ef486c7a-9b89-6356-2601-000000001500}</Data><Data Name='ParentProcessId'>5880</Data><Data Name='ParentImage'>C:\Windows\Temp\ZNuyqd.exe</Data><Data Name='ParentCommandLine'>C:\Windows\TEMP\ZNuyqd.exe</Data><Data Name='ParentUser'>NT AUTHORITY\SYSTEM</Data></EventData><RenderingInfo Culture='en-US'><Message>Process Create:
RuleName: -
UtcTime: 2022-10-24 14:05:06.835
ProcessGuid: {ef486c7a-9b92-6356-3201-000000001500}
ProcessId: 1424
Image: C:\Windows\SysWOW64\crypt.exe
FileVersion: -
Description: -
Product: -
Company: -
OriginalFileName: -
CommandLine: crypt.exe
CurrentDirectory: C:\Windows\system32\
User: NT AUTHORITY\SYSTEM
LogonGuid: {ef486c7a-f97d-6356-e703-000000000000}
LogonId: 0x3E7
TerminalSessionId: 0
IntegrityLevel: System
Hashes: MD5=EBBD9C2B089762926C26F8CFF6049907,SHA256=910514A3FC11D2C6799B7299806E7174B80337AD07E749D6A818795987A6D0C5,IMPHASH=69EB46A9F63EDCC604B0BDAAA8E0F2F5
ParentProcessGuid: {ef486c7a-9b89-6356-2601-000000001500}
ParentProcessId: 5880
ParentImage: C:\Windows\Temp\ZNuyqd.exe
ParentCommandLine: C:\Windows\TEMP\ZNuyqd.exe
ParentUser: NT AUTHORITY\SYSTEM</Message><Level>Information</Level><Task>Process Create (rule: ProcessCreate)</Task><Opcode>Info</Opcode><Channel></Channel><Provider></Provider><Keywords></Keywords></RenderingInfo></Event>","-","M