icrosoft-Windows-Sysmon","x86_64","vagrant-10","ef486c7a-d018-43ce-bc87-fd5ce10088a9","fe80::650c:205f:e854:a4c3, 192.168.103.3","08:00:27:e3:04:fd","vagrant-10","19043.1348",windows,"10.0.19041.1348 (WinBuild.160101.0800)","Windows 10 Enterprise Evaluation","Windows 10 Enterprise Evaluation",windows,windows,"10.0",information,"Registry value set:
RuleName: InvDB-Pub
EventType: SetValue
UtcTime: 2022-10-24 14:04:57.583
ProcessGuid: {ef486c7a-9b62-6356-f300-000000001500}
ProcessId: 6784
Image: C:\Windows\system32\CompatTelRunner.exe
TargetObject: \REGISTRY\A\{1bfaa340-1a26-c87c-113a-f26ea2f93fbc}\Root\InventoryApplication\0000ccd62077e37293b308e34184c180e1cd00000904\Publisher
Details: CN=Microsoft Windows, O=Microsoft Corporation, L=Redmond, S=Washington, C=US
User: NT AUTHORITY\SYSTEM","-",wineventlog,"Microsoft-Windows-Sysmon/Operational","vagrant-10","-","-","-","-","-","-","-","-","-","-","-","-","-","-","-","-","-","CN=Microsoft Windows, O=Microsoft Corporation, L=Redmond, S=Washington, C=US","-",SetValue,"-","-","C:\Windows\system32\CompatTelRunner.exe","-","-","-","-","-","-","-","-","-","-","-","-","-","-","-","-","-","-","-","-","-","-","-","-","-","-","-","{ef486c7a-9b62-6356-f300-000000001500}",6784,"-","-","-","-","-","-","-","-","-","-","InvDB-Pub","-","-","-","-","-","-","-","-","-","-","-","-","-","-","-","-","-","-","-","-","-","-","-","-","-","-","-","\REGISTRY\A\{1bfaa340-1a26-c87c-113a-f26ea2f93fbc}\Root\InventoryApplication\0000ccd62077e37293b308e34184c180e1cd00000904\Publisher","-","-","-","-","-","-","-","-","-","-","NT AUTHORITY\SYSTEM","2022-10-24 14:04:57.583","-","-","-","-","-","-","-","-","-","-","-","-","-","-","-","-","-","-","-","-","-",13,"-",Info,"2,064","3,220","{5770385f-c22a-43e0-bf4c-06f5698ffbd9}","Microsoft-Windows-Sysmon",1750,"Registry value set (rule: RegistryEvent)","NT AUTHORITY","S-1-5-18",SYSTEM,User,2
"Oct 24, 2022 @ 22:04:57.456","l_JPCoQBQo9Iz8vxnPve",".ds-winlogbeat-8.4.3-2022.10.17-000001","-","8d24c149-a762-44f9-ba0d-58433a72abc0","vagrant-10","24130491-308c-4270-b613-e4ed7c62ad4a","vagrant-10",winlogbeat,"8.4.3","8.0.0","Registry value set (rule: RegistryEvent)",13,"Oct 24, 2022 @ 22:04:58.180",event,"<Event xmlns='http://schemas.microsoft.com/win/2004/08/events/event'><System><Provider Name='Microsoft-Windows-Sysmon' Guid='{5770385f-c22a-43e0-bf4c-06f5698ffbd9}'/><EventID>13</EventID><Version>2</Version><Level>4</Level><Task>13</Task><Opcode>0</Opcode><Keywords>0x8000000000000000</Keywords><TimeCreated SystemTime='2022-10-24T14:04:57.4561233Z'/><EventRecordID>1749</EventRecordID><Correlation/><Execution ProcessID='2064' ThreadID='3220'/><Channel>Microsoft-Windows-Sysmon/Operational</Channel><Computer>vagrant-10</Computer><Security UserID='S-1-5-18'/></System><EventData><Data Name='RuleName'>InvDB-Pub</Data><Data Name='EventType'>SetValue</Data><Data Name='UtcTime'>2022-10-24 14:04:57.451</Data><Data Name='ProcessGuid'>{ef486c7a-9b62-6356-f300-000000001500}</Data><Data Name='ProcessId'>6784</Data><Data Name='Image'>C:\Windows\system32\CompatTelRunner.exe</Data><Data Name='TargetObject'>\REGISTRY\A\{1bfaa340-1a26-c87c-113a-f26ea2f93fbc}\Root\InventoryApplication\0000b5581fc0b7faddaec2a271d9fd6fbec200000904\Publisher</Data><Data Name='Details'>CN=Microsoft Windows, O=Microsoft Corporation, L=Redmond, S=Washington, C=US</Data><Data Name='User'>NT AUTHORITY\SYSTEM</Data></EventData><RenderingInfo Culture='en-US'><Message>Registry value set:
RuleName: InvDB-Pub
EventType: SetValue
UtcTime: 2022-10-24 14:04:57.451
ProcessGuid: {ef486c7a-9b62-6356-f300-000000001500}
ProcessId: 6784
Image: C:\Windows\system32\CompatTelRunner.exe
TargetObject: \REGISTRY\A\{1bfaa340-1a26-c87c-113a-f26ea2f93fbc}\Root\InventoryApplication\0000b5581fc0b7faddaec2a271d9fd6fbec200000904\Publisher
Details: CN=Microsoft Windows, O=Microsoft Corporation, L=Redmond, S=Washington, C=US
User: NT AUTHORITY\SYSTEM</Message><Level>Information</Level><Task>Registry value set (rule: RegistryEvent)</Task><Opcode>Info</Opcode><Channel></Channel><Provider></Provider><Keywords></Keywords></RenderingInfo></Event>","-","Microsoft-Windows-Sysmon","x86_64","vagrant-10","ef486c7a-d018-43ce-bc87-fd5ce10088a9","fe80::650c:205f:e854:a4c3, 192.168.103.3","08:00:27:e3:04:fd","vagrant-10","19043.1348",windows,"10.0.19041.1348 (WinBuild.160101.0800)","Windows 10 Enterprise Evaluation","Windows 10 Enterprise Evaluation",windows,windows,"10.0",information,"Registry value set:
RuleName: InvDB-Pub
EventType: SetValue
UtcTime: 2022-10-24 14:04:57.451
ProcessGuid: {ef486c7a-9b62-6356-f300-000000001500}
ProcessId: 6784
Image: C:\Windows\system32\CompatTelRunner.exe
TargetObject: \REGISTRY\A\{1bfaa340-1a26-c87c-113a-f26ea2f93fbc}\Root\InventoryApplication\0000b5581fc0b7faddaec2a271d9fd6fbec200000904\Publisher
Details: CN=Microsoft Windows, O=Microsoft Corporation, L=Redmond, S=Washington, C=US
User: NT AUTHORITY\SYSTEM","-",wineventlog,"Microsoft-Windows-Sysmon/Operational","vagrant-10","-","-","-","-","-","-","-","-","-","-","-","-","-","-","-","-","-","CN=Microsoft Windows, O=Microsoft Corporation, L=Redmond, S=Washington, C=US","-",SetValue,"-","-","C:\Windows\system32\CompatTelRunner.exe","-","-","-","-","-","-","-","-","-","-","-","-","-","-","-","-","-","-","-","-","-","-","-","-","-","-","-","{ef486c7a-9b62-6356-f300-000000001500}",6784,"-","-","-","-","-","-","-","-","-","-","InvDB-Pub","-","-","-","-","-","-","-","-","-","-","-","-","-","-","-","-","-","-","-","-","-","-","-","-","-","-","-","\REGISTRY\A\{1bfaa340-1a26-c87c-113a-f26ea2f93fbc}\Root\InventoryApplication\0000b5581fc0b7faddaec2a271d9fd6fbec200000904\Publisher","-","-","-","-","-","-","-","-","-","-","NT AUTHORITY\SYSTEM","2022-10-24 14:04:57.451","-","-","-","-","-","-","-","-","-","-","-","-","-","-","-","-","-","-","-","-","-",13,"-",Info,"2,064","3,220","{5770385f-c22a-43e0-bf4c-06f5698ffbd9}","Microsoft-Windows-Sysmon",1749,"Registry value set (rule: RegistryEvent)","NT AUTHORITY","S-1-5-18",SYSTEM,User,2
"Oct 24, 2022 @ 22:04:57.456",ovJPCoQBQo9Iz8vxnPve,".ds-winlogbeat-8.4.3-2022.10.17-000001","-","8d24c149-a762-44f9-ba0d-58433a72abc0","vagrant-10","24130491-308c-4270-b613-e4ed7c62ad4a","vagrant-10",winlogbeat,"8.4.3","8.0.0","Registry value set (rule: RegistryEvent)",13,"Oct 24, 2022 @ 22:04:58.183",event,"<Event xmlns='http://schemas.microsoft.com/win/2004/08/events/event'><System><Provider Name='Microsoft-Windows-Sysmon' Guid='{5770385f-c22a-43e0-bf4c-06f5698ffbd9}'/><EventID>13</EventID><Version>2</Version><Level>4</Level><Task>13</Task><Opcode>0</Opcode><Keywords>0x8000000000000000</Keywords><TimeCreated SystemTime='2022-10-24T14:04:57.4561233Z'/><EventRecordID>1749</EventRecordID><Correlation/><Execution ProcessID='2064' ThreadID='3220'/><Channel>Microsoft-Windows-Sysmon/Operational</Channel><Computer>vagrant-10</Computer><Security UserID='S-1-5-18'/></System><EventData><Data Name='RuleName'>InvDB-Pub</Data><Data Name='EventType'>SetValue</Data><Data Name='UtcTime'>2022-10-24 14:04:57.451</Data><Data Name='ProcessGuid'>{ef486c7a-9b62-6356-f300-000000001500}</Data><Data Name='ProcessId'>6784</Data><Data Name='Image'>C:\Windows\system32\CompatTelRunner.exe</Data><Data Name='TargetObject'>\REGISTRY\A\{1bfaa340-1a26-c87c-113a-f26ea2f93fbc}\Root\InventoryApplication\0000b5581fc0b7faddaec2a271d9fd6fbec200000904\Publisher</Data><Data Name='Details'>CN=Microsoft Windows, O=Microsoft Corporation, L=Redmond, S=Washington, C=US</Data><Data Name='User'>NT AUTHORITY\SYSTEM</Data></EventData><RenderingInfo Culture='en-US'><Message>Registry value set:
RuleName: InvDB-Pub
EventType: SetValue
UtcTime: 2022-10-24 14:04:57.451
ProcessGuid: {ef486c7a-9b62-6356-f300-000000001500}
ProcessId: 6784
Image: C:\Windows\system32\CompatTelRunner.exe
TargetObject: \REGISTRY\A\{1bfaa340-1a26-c87c-113a-f26ea2f93fbc}\Root\InventoryApplication\0000b5581fc0b7faddaec2a271d9fd6fbec200000904\Publisher
Details: CN=Microsoft Windows, O=Microsoft Corporation, L=Redmond, S=Washington, C=US
User: NT AUTHORITY\SYSTEM</Message><Level>Information</Level><Task>Registry value set (rule: RegistryEvent)</Task><Opcode>Info</Opcode><Channel></Channel><Provider></Provider><Keywords></Keywords></RenderingInfo></Event>","-","Microsoft-Windows-Sysmon","x86_64","vagrant-10","ef486c7a-d018-43ce-bc87-fd5ce10088a9","fe80::650c:205f:e854:a4c3, 192.168.103.3","08:00:27:e3:04:fd","vagrant-10","19043.1348",windows,"10.0.19041.1348 (WinBuild.160101.0800)","Windows 10 Enterprise Evaluation","Windows 10 Enterprise Evaluation",windows,windows,"10.0",information,"Registry value set:
RuleName: InvDB-Pub
EventType: SetValue
UtcTime: 2022-10-24 14:04:57.451
ProcessGuid: {ef486c7a-9b62-6356-f300-000000001500}
ProcessId: 6784
Image: C:\Windows\system32\CompatTelRunner.exe
TargetObject: \REGISTRY\A\{1bfaa340-1a26-c87c-113a-f26ea2f93fbc}\Root\InventoryApplication\0000b5581fc0b7faddaec2a271d9fd6fbec200000904\Publisher
Details: CN=Microsoft Windows, O=Microsoft Corporation, L=Redmond, S=Washington, C=US
User: NT AUTHORITY\SYSTEM","-",wineventlog,"Microsoft-Windows-Sysmon/Operational","vagrant-10","-","-","-","-","-","-","-","-","-","-","-","-","-","-","-","-","-","CN=Microsoft Windows, O=Microsoft Corporation, L=Redmond, S=Washington, C=US","-",SetValue,"-","-","C:\Windows\system32\CompatTelRunner.exe","-","-","-","-","-","-","-","-","-","-","-","-","-","-","-","-","-","-","-","-","-","-","-","-","-","-","-","{ef486c7a-9b62-6356-f300-000000001500}",6784,"-","-","-","-","-","-","-","-","-","-","InvDB-Pub","-","-","-","-","-","-","-","-","-","-","-","-","-","-","-","-","-","-","-","-","-","-","-","-","-","-","-","\REGISTRY\A\{1bfaa340-1a26-c87c-113a-f26ea2f93fbc}\Root\InventoryApplication\0000b5581fc0b7faddaec2a271d9fd6fbec200000904\Publisher","-","-","-","-","-","-","-","-","-","-","NT AUTHORITY\SYSTEM","2022-10-24 14:04:57.451","-","-","-","-","-","-","-","-","-","-","-","-","-","-","-","-","-","-","-","-","-",13,"-",Info,"2,064","3,220","{5770385f-c22a-43e0-bf4c-06f5698ffbd9}","Microsoft-Windows-Sysmon",1749,"Registry value set (rule: RegistryEvent)","NT AUTHORITY","S-1-5-18",SYSTEM,User,2
"Oct 24, 2022 @ 22:04:57.440",lvJPCoQBQo9Iz8vxnPve,".ds-winlogbeat-8.4.3-2022.10.17-000001","-","8d24c149-a762-44f9-ba0d-58433a72abc0","vagrant-10","24130491-308c-4270-b613-e4ed7c62ad4a","vagrant-10",winlogbeat,"8.4.3","8.0.0","Process Create (rule: ProcessCreate)",1,"Oct 24, 2022 @ 22:04:58.180",event,"<Event xmlns='http://schemas.microsoft.com/win/2004/08/events/event'><System><Provider Name='Microsoft-Windows-Sysmon' Guid='{5770385f-c22a-43e0-bf4c-06f5698ffbd9}'/><EventID>1</EventID><Version>5</Version><Level>4</Level><Task>1</Task><Opcode>0</Opcode><Keywords>0x8000000000000000</Keywords><TimeCreated SystemTime='2022-10-24T14:04:57.4404182Z'/><EventRecordID>1748</EventRecordID><Correlation/><Execution ProcessID='2064' ThreadID='3220'/><Channel>Microsoft-Windows-Sysmon/Operational</Channel><Computer>vagrant-10</Computer><Security UserID='S-1-5-18'/></System><EventData><Data Name='RuleName'>-</Data><Data Name='UtcTime'>2022-10-24 14:04:57.440</Data><Data Name='ProcessGuid'>{ef486c7a-9b89-6356-2601-000000001500}</Data><Data Name='ProcessId'>5880</Data><Data Name='Image'>C:\Windows\Temp\ZNuyqd.exe</Data><Data Name='FileVersion'>-</Data><Data Name='Description'>-</Data><Data Name='Product'>-</Data><Data Name='Company'>-</Data><Data Name='OriginalFileName'>-</Data><Data Name='CommandLine'>C:\Windows\TEMP\ZNuyqd.exe</Data><Data Name='CurrentDirectory'>C:\Windows\system32\</Data><Data Name='User'>NT AUTHORITY\SYSTEM</Data><Data Name='LogonGuid'>{ef486c7a-f97d-6356-e703-000000000000}</Data><Data Name='LogonId'>0x3e7</Data><Data Name='TerminalSessionId'>0</Data><Data Name='IntegrityLevel'>System</Data><Data Name='Hashes'>MD5=1FC7420322C67EA0278047BEACEC66CA,SHA256=38B831C09191B664140BAE79C8E03E095C692F059A62C2B6A65E339778511A05,IMPHASH=72CAEE80095D7901C5F615BADED3F611</Data><Data Name='ParentProcessGuid'>{ef486c7a-9b89-6356-2501-000000001500}</Data><Data Name='ParentProcessId'>528</Data><Data Name='ParentImage'>C:\Windows\Temp\ZNuyqd.exe</Data><Data Name='ParentCommandLine'>""C:\Windows\TEMP\ZNuyqd.exe"" ohvXI</Data><Data Name='ParentUser'>NT AUTHORITY\SYSTEM</Data></EventData><RenderingInfo Culture='en-US'><Message>Process Create:
RuleName: -
UtcTime: 2022-10-24 14:04:57.440
ProcessGuid: {ef486c7a-9b89-6356-2601-000000001500}
ProcessId: 5880
Image: C:\Windows\Temp\ZNuyqd.exe
FileVersion: -
Description: -
Product: -
Company: -
OriginalFileName: -
CommandLine: C:\Windows\TEMP\ZNuyqd.exe
CurrentDirectory: C:\Windows\system32\
User: NT AUTHORITY\SYSTEM
LogonGuid: {ef486c7a-f97d-6356-e703-000000000000}
LogonId: 0x3E7
TerminalSessionId: 0
IntegrityLevel: System
Hashes: MD5=1FC7420322C67EA0278047BEACEC66CA,SHA256=38B831C09191B664140BAE79C8E03E095C692F059A62C2B6A65E339778511A05,IMPHASH=72CAEE80095D7901C5F615BADED3F611
ParentProcessGuid: {ef486c7a-9b89-6356-2501-000000001500}
ParentProcessId: 528
ParentImage: C:\Windows\Temp\ZNuyqd.exe
ParentCommandLine: ""C:\Windows\TEMP\ZNuyqd.exe"" ohvXI
ParentUser: NT AUTHORITY\SYSTEM</Message><Level>Information</Level><Task>Process Create (rule: ProcessCreate)</Task><Opcode>Info</Opcode><Channel></Channel><Provider></Provider><Keywords></Keywords></RenderingInfo></Event>","-","Microsoft-Windows-Sysmon","x86_64","vagrant-10","ef486c7a-d018-43ce-bc87-fd5ce10088a9","fe80::650c:205f:e854:a4c3, 192.168.103.3","08:00:27:e3:04:fd","vagrant-10","19043.1348",windows,"10.0.19041.1348 (WinBuild.160101.0800)","Windows 10 Enterprise Evaluation","Windows 10 Enterprise Evaluation",windows,windows,"10.0",information,"Process Create:
RuleName: -
UtcTime: 2022-10-24 14:04:57.440
ProcessGuid: {ef486c7a-9b89-6356-2601-000000001500}
ProcessId: 5880
Image: C:\Windows\Temp\ZNuyqd.exe
FileVersion: -
Description: -
Product: -
Company: -
OriginalFileName: -
CommandLine: C:\Windows\TEMP\ZNuyqd.exe
CurrentDirectory: C:\Windows\system32\
User: NT AUTHORITY\SYSTEM
LogonGuid: {ef486c7a-f97d-6356-e703-000000000000}
LogonId: 0x3E7
TerminalSessionId: 0
IntegrityLevel: System
Hashes: MD5=1FC7420322C67EA0278047BEACEC66CA,SHA256=38B831C09191B664140BAE79C8E03E095C692F059A62C2B6A65E339778511A05,IMPHASH=72CAEE80095D7901C5F615BADED3F611
ParentProcessGuid: {ef486c7a-9b89-6356-2501-000000001500}
ParentProcessId: 528
ParentImage: C:\Windows\Temp\ZNuyqd.exe
ParentCommandLine: ""C:\Windows\TEMP\ZNuyqd.exe"" ohvXI
ParentUser: NT AUTHORITY\SYSTEM","-",wineventlog,"Microsoft-Windows-Sysmon/Operational","vagrant-10","-","-","-","-","-","-","C:\Windows\TEMP\ZNuyqd.exe","-","-","-","C:\Windows\system32\","-","-","-","-","-","-","-","-","-","-","MD5=1FC7420322C67EA0278047BEACEC66CA,SHA256=38B831C09191B664140BAE79C8E03E095C692F059A62C2B6A65E339778511A05,IMPHASH=72CAEE80095D7901C5F615BADED3F611","C:\Windows\Temp\ZNuyqd.exe","-","-","-",System,"-","-","-","-","-","-","-","{ef486c7a-f97d-6356-e703-000000000000}",0x3e7,"-","-","-","-","-","-","-","""C:\Windows\TEMP\ZNuyqd.exe"" ohvXI","C:\Windows\Temp\ZNuyqd.exe","{ef486c7a-9b89-6356-2501-000000001500}",528,"NT AUTHORITY\SYSTEM","-","-","{ef486c7a-9b89-6356-2601-000000001500}",5880,"-","-","-","-","-","-","-","-","-","-","-","-","-","-","-","-","-","-","-","-","-","-","-","-","-","-","-","-","-","-","-","-","-","-","-","-","-","-","-","-","-","-","-","-","-","-",0,"-","-","NT AUTHORITY\SYSTEM","2022-10-24 14:04:57.440","-","-","-","-","-","-","-","-","-","-","-","-","-","-","-","-","-","-","-","-","-",1,"-",Info,"2,064","3,220","{5770385f-c22a-43e0-bf4c-06f5698ffbd9}","Microsoft-Windows-Sysmon",1748,"Process Create (rule: ProcessCreate)","NT AUTHORITY","S-1-5-18",SYSTEM,User,5
"Oct 24, 2022 @ 22:04:57.440",ofJPCoQBQo9Iz8vxnPve,".ds-winlogbeat-8.4.3-2022.10.17-000001","-","8d24c149-a762-44f9-ba0d-58433a72abc0","vagrant-10","24130491-308c-4270-b613-e4ed7c62ad4a","vagrant-10",winlogbeat,"8.4.3","8.0.0","Process Create (rule: ProcessCreate)",1,"Oct 24, 2022 @ 22:04:58.183",event,"<Event xmlns='http://schemas.microsoft.com/win/2004/08/events/event'><System><Provider Name='Microsoft-Windows-Sysmon' Guid='{5770385f-c22a-43e0-bf4c-06f5698ffbd9}'/><EventID>1</EventID><Version>5</Version><Level>4</Level><Task>1</Task><Opcode>0</Opcode><Keywords>0x8000000000000000</Keywords><TimeCreated SystemTime='2022-10-24T14:04:57.4404182Z'/><EventRecordID>1748</EventRecordID><Correlation/><Execution ProcessID='2064' ThreadID='3220'/><Channel>Microsoft-Windows-Sysmon/Operational</Channel><Computer>vagrant-10</Computer><Security UserID='S-1-5-18'/></System><EventData><Data Name='RuleName'>-</Data><Data Name='UtcTime'>2022-10-24 14:04:57.440</Data><Data Name='ProcessGuid'>{ef486c7a-9b89-6356-2601-000000001500}</Data><Data Name='ProcessId'>5880</Data><Data Name='Image'>C:\Windows\Temp\ZNuyqd.exe</Data><Data Name='FileVersion'>-</Data><Data Name='Description'>-</Data><Data Name='Product'>-</Data><Data Name='Company'>-</Data><Data Name='OriginalFileName'>-</Data><Data Name='CommandLine'>C:\Windows\TEMP\ZNuyqd.exe</Data><Data Name='CurrentDirectory'>C:\Windows\system32\</Data><Data Name='User'>NT AUTHORITY\SYSTEM</Data><Data Name='LogonGuid'>{ef486c7a-f97d-6356-e703-000000000000}</Data><Data Name='LogonId'>0x3e7</Data><Data Name='TerminalSessionId'>0</Data><Data Name='IntegrityLevel'>System</Data><Data Name='Hashes'>MD5=1FC7420322C67EA0278047BEACEC66CA,SHA256=38B831C09191B664140BAE79C8E03E095C692F059A62C2B6A65E339778511A05,IMPHASH=72CAEE80095D7901C5F615BADED3F611</Data><Data Name='ParentProcessGuid'>{ef486c7a-9b89-6356-2501-000000001500}</Data><Data Name='ParentProcessId'>528</Data><Data Name='ParentImage'>C:\Windows\Temp\ZNuyqd.exe</Data><Data Name='ParentCommandLine'>""C:\Windows\TEMP\ZNuyqd.exe"" ohvXI</Data><Data Name='ParentUser'>NT AUTHORITY\SYSTEM</Data></EventData><RenderingInfo Culture='en-US'><Message>Process Create:
RuleName: -
UtcTime: 2022-10-24 14:04:57.440
ProcessGuid: {ef486c7a-9b89-6356-2601-000000001500}
ProcessId: 5880
Image: C:\Windows\Temp\ZNuyqd.exe
FileVersion: -
Description: -
Product: -
Company: -
OriginalFileName: -
CommandLine: C:\Windows\TEMP\ZNuyqd.exe
CurrentDirectory: C:\Windows\system32\
User: NT AUTHORITY\SYSTEM
LogonGuid: {ef486c7a-f97d-6356-e703-000000000000}
LogonId: 0x3E7
TerminalSessionId: 0
IntegrityLevel: System
Hashes: MD5=1FC7420322C67EA0278047BEACEC66CA,SHA256=38B831C09191B664140BAE79C8E03E095C692F059A62C2B6A65E339778511A05,IMPHASH=72CAEE80095D7901C5F615BADED3F611
ParentProcessGuid: {ef486c7a-9b89-6356-2501-000000001500}
ParentProcessId: 528
ParentImage: C:\Windows\Temp\ZNuyqd.exe
ParentCommandLine: ""C:\Windows\TEMP\ZNuyqd.exe"" ohvXI
ParentUser: NT AUTHORITY\SYSTEM</Message><Level>Information</Level><Task>Process Create (rule: ProcessCreate)</Task><Opcode>Info</Opcode><Channel></Channel><Provider></Provider><Keywords></Keywords></RenderingInfo></Event>","-","Microsoft-Windows-Sysmon","x86_64","vagrant-10","ef486c7a-d018-43ce-bc87-fd5ce10088a9","fe80::650c:205f:e854:a4c3, 192.168.103.3","08:00:27:e3:04:fd","vagrant-10","19043.1348",windows,"10.0.19041.1348 (WinBuild.160101.0800)","Windows 10 Enterprise Evaluation","Windows 10 Enterprise Evaluation",windows,windows,"10.0",information,"Process Create:
RuleName: -
UtcTime: 2022-10-24 14:04:57.440
ProcessGuid: {ef486c7a-9b89-6356-2601-000000001500}
ProcessId: 5880
Image: C:\Windows\Temp\ZNuyqd.exe
FileVersion: -
Description: -
Product: -
Company: -
OriginalFileName: -
CommandLine: C:\Windows\TEMP\ZNuyqd.exe
CurrentDirectory: C:\Windows\system32\
User: NT AUTHORITY\SYSTEM
LogonGuid: {ef486c7a-f97d-6356-e703-000000000000}
LogonId: 0x3E7
TerminalSessionId: 0
IntegrityLevel: System
Hashes: MD5=1FC7420322C67EA0278047BEACEC66CA,SHA256=38B831C09191B664140BAE79C8E03E095C692F059A62C2B6A65E339778511A05,IMPHASH=72CAEE80095D7901C5F615BADED3F611
ParentProcessGuid: {ef486c7a-9b89-6356-2501-000000001500}
ParentProcessId: 528
ParentImage: C:\Windows\Temp\ZNuyqd.exe
ParentCommandLine: ""C:\Windows\TEMP\ZNuyqd.exe"" ohvXI
ParentUser: NT AUTHORITY\SYSTEM","-",wineventlog,"Microsoft-Windows-Sysmon/Operational","vagrant-10","-","-","-","-","-","-","C:\Windows\TEMP\ZNuyqd.exe","-","-","-","C:\Windows\system32\","-","-","-","-","-","-","-","-","-","-","MD5=1FC7420322C67EA0278047BEACEC66CA,SHA256=38B831C09191B664140BAE79C8E03E095C692F059A62C2B6A65E339778511A05,IMPHASH=72CAEE80095D7901C5F615BADED3F611","C:\Windows\Temp\ZNuyqd.exe","-","-","-",System,"-","-","-","-","-","-","-","{ef486c7a-f97d-6356-e703-000000000000}",0x3e7,"-","-","-","-","-","-","-","""C:\Windows\TEMP\ZNuyqd.exe"" ohvXI","C:\Windows\Temp\ZNuyqd.exe","{ef486c7a-9b89-6356-2501-000000001500}",528,"NT AUTHORITY\SYSTEM","-","-","{ef486c7a-9b89-6356-2601-000000001500}",5880,"-","-","-","-","-","-","-","-","-","-","-","-","-","-","-","-","-","-","-","-","-","-","-","-","-","-","-","-","-","-","-","-","-","-","-","-","-","-","-","-","-","-","-","-","-","-",0,"-","-","NT AUTHORITY\SYSTEM","2022-10-24 14:04:57.440","-","-","-","-","-","-","-","-","-","-","-","-","-","-","-","-","-","-","-","-","-",1,"-",Info,"2,064","3,220","{5770385f-c22a-43e0-bf4c-06f5698ffbd9}","Microsoft-Windows-Sysmon",1748,"Process Create (rule: ProcessCreate)","NT AUTHORITY","S-1-5-18",SYSTEM,User,5
"Oct 24, 2022 @ 22:04:57.416",lfJPCoQBQo9Iz8vxnPve,".ds-winlogbeat-8.4.3-2022.10.17-000001","-","8d24c149-a762-44f9-ba0d-58433a72abc0","vagrant-10","24130491-308c-4270-b613-e4ed7c62ad4a","vagrant-10",winlogbeat,"8.4.3","8.0.0","Process Create (rule: ProcessCreate)",1,"Oct 24, 2022 @ 22:04:58.180",event,"<Event xmlns='http://schemas.microsoft.com/win/2004/08/events/event'><System><Provider Name='Microsoft-Windows-Sysmon' Guid='{5770385f-c22a-43e0-bf4c-06f5698ffbd9}'/><EventID>1</EventID><Version>5</Version><Level>4</Level><Task>1</Task><Opcode>0</Opcode><Keywords>0x8000000000000000</Keywords><TimeCreated SystemTime='2022-10-24T14:04:57.4167901Z'/><EventRecordID>1747</EventRecordID><Correlation/><Execution ProcessID='2064' ThreadID='3220'/><Channel>Microsoft-Windows-Sysmon/Operational</Channel><Computer>vagrant-10</Computer><Security UserID='S-1-5-18'/></System><EventData><Data Name='RuleName'>-</Data><Data Name='UtcTime'>2022-10-24 14:04:57.416</Data><Data Name='ProcessGuid'>{ef486c7a-9b89-6356-2501-000000001500}</Data><Data Name='ProcessId'>528</Data><Data Name='Image'>C:\Windows\Temp\ZNuyqd.exe</Data><Data Name='FileVersion'>-</Data><Data Name='Description'>-</Data><Data Name='Product'>-</Data><Data Name='Company'>-</Data><Data Name='OriginalFileName'>-</Data><Data Name='CommandLine'>""C:\Windows\TEMP\ZNuyqd.exe"" ohvXI</Data><Data Name='CurrentDirectory'>C:\Windows\system32\</Data><Data Name='User'>NT AUTHORITY\SYSTEM</Data><Data Name='LogonGuid'>{ef486c7a-f97d-6356-e703-000000000000}</Data><Data Name='LogonId'>0x3e7</Data><Data Name='TerminalSessionId'>0</Data><Data Name='IntegrityLevel'>System</Data><Data Name='Hashes'>MD5=1FC7420322C67EA0278047BEACEC66CA,SHA256=38B831C09191B664140BAE79C8E03E095C692F059A62C2B6A65E339778511A05,IMPHASH=72CAEE80095D7901C5F615BADED3F611</Data><Data Name='ParentProcessGuid'>{00000000-0000-0000-0000-000000000000}</Data><Data Name='ParentProcessId'>624</Data><Data Name='ParentImage'>-</Data><Data Name='ParentCommandLine'>-</Data><Data Name='ParentUser'>-</Data></EventData><RenderingInfo Culture='en-US'><Message>Process Create:
RuleName: -
UtcTime: 2022-10-24 14:04:57.416
ProcessGuid: {ef486c7a-9b89-6356-2501-000000001500}
ProcessId: 528
Image: C:\Windows\Temp\ZNuyqd.exe
FileVersion: -
Description: -
Product: -
Company: -
OriginalFileName: -
CommandLine: ""C:\Windows\TEMP\ZNuyqd.exe"" ohvXI
CurrentDirectory: C:\Windows\system32\
User: NT AUTHORITY\SYSTEM
LogonGuid: {ef486c7a-f97d-6356-e703-000000000000}
LogonId: 0x3E7
TerminalSessionId: 0
IntegrityLevel: System
Hashes: MD5=1FC7420322C67EA0278047BEACEC66CA,SHA256=38B831C09191B664140BAE79C8E03E095C692F059A62C2B6A65E339778511A05,IMPHASH=72CAEE80095D7901C5F615BADED3F611
ParentProcessGuid: {00000000-0000-0000-0000-000000000000}
ParentProcessId: 624
ParentImage: -
ParentCommandLine: -
ParentUser: -</Message><Level>Information</Level><Task>Process Create (rule: ProcessCreate)</Task><Opcode>Info</Opcode><Channel></Channel><Provider></Provider><Keywords></Keywords></RenderingInfo></Event>","-","Microsoft-Windows-Sysmon","x86_64","vagrant-10","ef486c7a-d018-43ce-bc87-fd5ce10088a9","fe80::650c:205f:e854:a4c3, 192.168.103.3","08:00:27:e3:04:fd","vagrant-10","19043.1348",windows,"10.0.19041.1348 (WinBuild.160101.0800)","Windows 10 Enterprise Evaluation","Windows 10 Enterprise Evaluation",windows,windows,"10.0",information,"Process Create:
RuleName: -
UtcTime: 2022-10-24 14:04:57.416
ProcessGuid: {ef486c7a-9b89-6356-2501-000000001500}
ProcessId: 528
Image: C:\Windows\Temp\ZNuyqd.exe
FileVersion: -
Description: -
Product: -
Company: -
OriginalFileName: -
CommandLine: ""C:\Windows\TEMP\ZNuyqd.exe"" ohvXI
CurrentDirectory: C:\Windows\system32\
User: NT AUTHORITY\SYSTEM
LogonGuid: {ef486c7a-f97d-6356-e703-000000000000}
LogonId: 0x3E7
TerminalSessionId: 0
IntegrityLevel: System
Hashes: MD5=1FC7420322C67EA0278047BEACEC66CA,SHA256=38B831C09191B664140BAE79C8E03E095C692F059A62C2B6A65E339778511A05,IMPHASH=72CAEE80095D7901C5F615BADED3F611
ParentProcessGuid: {00000000-0000-0000-0000-000000000000}
ParentProcessId: 624
ParentImage: -
ParentCommandLine: -
ParentUser: -","-",wineventlog,"Microsoft-Windows-Sysmon/Operational","vagrant-10","-","-","-","-","-","-","""C:\Windows\TEMP\ZNuyqd.exe"" ohvXI","-","-","-","C:\Windows\system32\","-","-","-","-","-","-","-","-","-","-","MD5=1FC7420322C67EA0278047BEACEC66CA,SHA256=38B831C09191B664140BAE79C8E03E095C692F059A62C2B6A65E339778511A05,IMPHASH=72CAEE80095D7901C5F615BADED3F611","C:\Windows\Temp\ZNuyqd.exe","-","-","-",System,"-","-","-","-","-","-","-","{ef486c7a-f97d-6356-e703-000000000000}",0x3e7,"-","-","-","-","-","-","-","-","-","{00000000-0000-0000-0000-000000000000}",624,"-","-","-","{ef486c7a-9b89-6356-2501-000000001500}",528,"-","-","-","-","-","-","-","-","-","-","-","-","-","-","-","-","-","-","-","-","-","-","-","-","-","-","-","-","-","-","-","-","-","-","-","-","-","-","-","-","-","-","-","-","-","-",0,"-","-","NT AUTHORITY\SYSTEM","2022-10-24 14:04:57.416","-","-","-","-","-","-","-","-","-","-","-","-","-","-","-","-","-","-","-","-","-",1,"-",Info,"2,064","3,220","{5770385f-c22a-43e0-bf4c-06f5698ffbd9}","Microsoft-Windows-Sysmon",1747,"Process Create (rule: ProcessCreate)","NT AUTHORITY","S-1-5-18",SYSTEM,User,5
"Oct 24, 2022 @ 22:04:57.416",oPJPCoQBQo9Iz8vxnPve,".ds-winlogbeat-8.4.3-2022.10.17-000001","-","8d24c149-a762-44f9-ba0d-58433a72abc0","vagrant-10","24130491-308c-4270-b613-e4ed7c62ad4a","vagrant-10",winlogbeat,"8.4.3","8.0.0","Process Create (rule: ProcessCreate)",1,"Oct 24, 2022 @ 22:04:58.183",event,"<Event xmlns='http://schemas.microsoft.com/win/2004/08/events/event'><System><Provider Name='Microsoft-Windows-Sysmon' Guid='{5770385f-c22a-43e0-bf4c-06f5698ffbd9}'/><EventID>1</EventID><Version>5</Version><Level>4</Level><Task>1</Task><Opcode>0</Opcode><Keywords>0x8000000000000000</Keywords><TimeCreated SystemTime='2022-10-24T14:04:57.4167901Z'/><EventRecordID>1747</EventRecordID><Correlation/><Execution ProcessID='2064' ThreadID='3220'/><Channel>Microsoft-Windows-Sysmon/Operational</Channel><Computer>vagrant-10</Computer><Security UserID='S-1-5-18'/></System><EventData><Data Name='RuleName'>-</Data><Data Name='UtcTime'>2022-10-24 14:04:57.416</Data><Data Name='ProcessGuid'>{ef486c7a-9b89-6356-2501-000000001500}</Data><Data Name='ProcessId'>528</Data><Data Name='Image'>C:\Windows\Temp\ZNuyqd.exe</Data><Data Name='FileVersion'>-</Data><Data Name='Description'>-</Data><Data Name='Product'>-</Data><Data Name='Company'>-</Data><Data Name='OriginalFileName'>-</Data><Data Name='CommandLine'>""C:\Windows\TEMP\ZNuyqd.exe"" ohvXI</Data><Data Name='CurrentDirectory'>C:\Windows\system32\</Data><Data Name='User'>NT AUTHORITY\SYSTEM</Data><Data Name='LogonGuid'>{ef486c7a-f97d-6356-e703-000000000000}</Data><Data Name='LogonId'>0x3e7</Data><Data Name='TerminalSessionId'>0</Data><Data Name='IntegrityLevel'>System</Data><Data Name='Hashes'>MD5=1FC7420322C67EA0278047BEACEC66CA,SHA256=38B831C09191B664140BAE79C8E03E095C692F059A62C2B6A65E339778511A05,IMPHASH=72CAEE80095D7901C5F615BADED3F611</Data><Data Name='ParentProcessGuid'>{00000000-0000-0000-0000-000000000000}</Data><Data Name='ParentProcessId'>624</Data><Data Name='ParentImage'>-</Data><Data Name='ParentCommandLine'>-</Data><Data Name='ParentUser'>-</Data></EventData><RenderingInfo Culture='en-US'><Message>Process Create:
RuleName: -
UtcTime: 2022-10-24 14:04:57.416
ProcessGuid: {ef486c7a-9b89-6356-2501-000000001500}
ProcessId: 528
Image: C:\Windows\Temp\ZNuyqd.exe
FileVersion: -
Description: -
Product: -
Company: -
OriginalFileName: -
CommandLine: ""C:\Windows\TEMP\ZNuyqd.exe"" ohvXI
CurrentDirectory: C:\Windows\system32\
User: NT AUTHORITY\SYSTEM
LogonGuid: {ef486c7a-f97d-6356-e703-000000000000}
LogonId: 0x3E7
TerminalSessionId: 0
IntegrityLevel: System
Hashes: MD5=1FC7420322C67EA0278047BEACEC66CA,SHA256=38B831C09191B664140BAE79C8E03E095C692F059A62C2B6A65E339778511A05,IMPHASH=72CAEE80095D7901C5F615BADED3F611
ParentProcessGuid: {00000000-0000-0000-0000-000000000000}
ParentProcessId: 624
ParentImage: -
ParentCommandLine: -
ParentUser: -</Message><Level>Information</Level><Task>Process Create (rule: ProcessCreate)</Task><Opcode>Info</Opcode><Channel></Channel><Provider></Provider><Keywords></Keywords></RenderingInfo></Event>","-","Microsoft-Windows-Sysmon","x86_64","vagrant-10","ef486c7a-d018-43ce-bc87-fd5ce10088a9","fe80::650c:205f:e854:a4c3, 192.168.103.3","08:00:27:e3:04:fd","vagrant-10","19043.1348",windows,"10.0.19041.1348 (WinBuild.160101.0800)","Windows 10 Enterprise Evaluation","Windows 10 Enterprise Evaluation",windows,windows,"10.0",information,"Process Create:
RuleName: -
UtcTime: 2022-10-24 14:04:57.416
ProcessGuid: {ef486c7a-9b89-6356-2501-000000001500}
ProcessId: 528
Image: C:\Windows\Temp\ZNuyqd.exe
FileVersion: -
Description: -
Product: -
Company: -
OriginalFileName: -
CommandLine: ""C:\Windows\TEMP\ZNuyqd.exe"" ohvXI
CurrentDirectory: C:\Windows\system32\
User: NT AUTHORITY\SYSTEM
LogonGuid: {ef486c7a-f97d-6356-e703-000000000000}
LogonId: 0x3E7
TerminalSessionId: 0
IntegrityLevel: System
Hashes: MD5=1FC7420322C67EA0278047BEACEC66CA,SHA256=38B831C09191B664140BAE79C8E03E095C692F059A62C2B6A65E339778511A05,IMPHASH=72CAEE80095D7901C5F615BADED3F611
ParentProcessGuid: {00000000-0000-0000-0000-000000000000}
ParentProcessId: 624
ParentImage: -
ParentCommandLine: -
ParentUser: -","-",wineventlog,"Microsoft-Windows-Sysmon/Operational","vagrant-10","-","-","-","-","-","-","""C:\Windows\TEMP\ZNuyqd.exe"" ohvXI","-","-","-","C:\Windows\system32\","-","-","-","-","-","-","-","-","-","-","MD5=1FC7420322C67EA0278047BEACEC66CA,SHA256=38B831C09191B664140BAE79C8E03E095C692F059A62C2B6A65E339778511A05,IMPHASH=72CAEE80095D7901C5F615BADED3F611","C:\Windows\Temp\ZNuyqd.exe","-","-","-",System,"-","-","-","-","-","-","-","{ef486c7a-f97d-6356-e703-000000000000}",0x3e7,"-","-","-","-","-","-","-","-","-","{00000000-0000-0000-0000-000000000000}",624,"-","-","-","{ef486c7a-9b89-6356-2501-000000001500}",528,"-","-","-","-","-","-","-","-","-","-","-","-","-","-","-","-","-","-","-","-","-","-","-","-","-","-","-","-","-","-","-","-","-","-","-","-","-","-","-","-","-","-","-","-","-","-",0,"-","-","NT AUTHORITY\SYSTEM","2022-10-24 14:04:57.416","-","-","-","-","-","-","-","-","-","-","-","-","-","-","-","-","-","-","-","-","-",1,"-",Info,"2,064","3,220","{5770385f-c22a-43e0-bf4c-06f5698ffbd9}","Microsoft-Windows-Sysmon",1747,"Process Create (rule: ProcessCreate)","NT AUTHORITY","S-1-5-18",SYSTEM,User,5
"Oct 24, 2022 @ 22:04:57.415",jPJPCoQBQo9Iz8vxnPve,".ds-winlogbeat-8.4.3-2022.10.17-000001","-","8d24c149-a762-44f9-ba0d-58433a72abc0","vagrant-10","24130491-308c-4270-b613-e4ed7c62ad4a","vagrant-10",winlogbeat,"8.4.3","8.0.0",None,7030,"Oct 24, 2022 @ 22:04:58.107",event,"<Event xmlns='http://schemas.microsoft.com/win/2004/08/events/event'><System><Provider Name='Service Control Manager' Guid='{555908d1-a6d7-4695-8e1e-26931d2012f4}' EventSourceName='Service Control Manager'/><EventID Qualifiers='49152'>7030</EventID><Version>0</Version><Level>2</Level><Task>0</Task><Opcode>0</Opcode><Keywords>0x8080000000000000</Keywords><TimeCreated SystemTime='2022-10-24T14:04:57.4155254Z'/><EventRecordID>1574</EventRecordID><Correlation/><Execution ProcessID='624' ThreadID='6576'/><Channel>System</Channel><Computer>vagrant-10</Computer><Security/></System><EventData><Data Name='param1'>hVZFYJAMsB</Data></EventData><RenderingInfo Culture='en-US'><Message>The hVZFYJAMsB service is marked as an interactive service.  However, the system is configured to not allow interactive services.  This service may not function properly.</Message><Level>Error</Level><Task></Task><Opcode></Opcode><Channel></Channel><Provider>Microsoft-Windows-Service Control Manager</Provider><Keywords><Keyword>Classic</Keyword></Keywords></RenderingInfo></Event>","-","Service Control Manager","x86_64","vagrant-10","ef486c7a-d018-43ce-bc87-fd5ce10088a9","fe80::650c:205f:e854:a4c3, 192.168.103.3","08:00:27:e3:04:fd","vagrant-10","19043.1348",windows,"10.0.19041.1348 (WinBuild.160101.0800)","Windows 10 Enterprise Evaluation","Windows 10 Enterprise Evaluation",windows,windows,"10.0",error,"The hVZFYJAMsB service is marked as an interactive service.  However, the system is configured to not allow interactive services.  This service may not function properly.","-",wineventlog,System,"vagrant-10","-","-","-","-","-","-","-","-","-","-","-","-","-","-","-","-","-","-","-","-","-","-","-","-","-","-","-","-","-","-","-","-","-","-","-","-","-","-","-","-","-","-","-","-","-","-","-","-","-","-","-","-","-","-","-","-","-","-","-","-","-","-","-","-","-","-","-","-","-","-","-","-","-","-","-","-","-","-","-","-","-","-","-","-","-","-","-","-","-","-","-","-","-","-","-","-","-","-","-","-","-","-","-","-","-",hVZFYJAMsB,"-","-","-","-","-","-","-","-","-","-","-","-","-","-","-","-","-","-",7030,Classic,Info,624,"6,576","{555908d1-a6d7-4695-8e1e-26931d2012f4}","Service Control Manager",1574,None,"-","-","-","-","-"
"Oct 24, 2022 @ 22:04:57.415","k_JPCoQBQo9Iz8vxnPve",".ds-winlogbeat-8.4.3-2022.10.17-000001","-","8d24c149-a762-44f9-ba0d-58433a72abc0","vagrant-10","24130491-308c-4270-b613-e4ed7c62ad4a","vagrant-10",winlogbeat,"8.4.3","8.0.0","Registry value set (rule: RegistryEvent)",13,"Oct 24, 2022 @ 22:04:58.180",event,"<Event xmlns='http://schemas.microsoft.com/win/2004/08/events/event'><System><Provider Name='Microsoft-Windows-Sysmon' Guid='{5770385f-c22a-43e0-bf4c-06f5698ffbd9}'/><EventID>13</EventID><Version>2</Version><Level>4</Level><Task>13</Task><Opcode>0</Opcode><Keywords>0x8000000000000000</Keywords><TimeCreated SystemTime='2022-10-24T14:04:57.4154630Z'/><EventRecordID>1745</EventRecordID><Correlation/><Execution ProcessID='2064' ThreadID='3220'/><Channel>Microsoft-Windows-Sysmon/Operational</Channel><Computer>vagrant-10</Computer><Security UserID='S-1-5-18'/></System><EventData><Data Name='RuleName'>T1031,T1050</Data><Data Name='EventType'>SetValue</Data><Data Name='UtcTime'>2022-10-24 14:04:57.405</Data><Data Name='ProcessGuid'>{ef486c7a-f97d-6356-0b00-000000001500}</Data><Data Name='ProcessId'>624</Data><Data Name='Image'>C:\Windows\system32\services.exe</Data><Data Name='TargetObject'>HKLM\System\CurrentControlSet\Services\ahHeQbOD\Start</Data><Data Name='Details'>DWORD (0x00000002)</Data><Data Name='User'>NT AUTHORITY\SYSTEM</Data></EventData><RenderingInfo Culture='en-US'><Message>Registry value set:
RuleName: T1031,T1050
EventType: SetValue
UtcTime: 2022-10-24 14:04:57.405
ProcessGuid: {ef486c7a-f97d-6356-0b00-000000001500}
ProcessId: 624
Image: C:\Windows\system32\services.exe
TargetObject: HKLM\System\CurrentControlSet\Services\ahHeQbOD\Start
Details: DWORD (0x00000002)
User: NT AUTHORITY\SYSTEM</Message><Level>Information</Level><Task>Registry value set (rule: RegistryEvent)</Task><Opcode>Info</Opcode><Channel></Channel><Provider></Provider><Keywords></Keywords></RenderingInfo></Event>","-","Microsoft-Windows-Sysmon","x86_64","vagrant-10","ef486c7a-d018-43ce-bc87-fd5ce10088a9","fe80::650c:205f:e854:a4c3, 192.168.103.3","08:00:27:e3:04:fd","vagrant-10","19043.1348",windows,"10.0.19041.1348 (WinBuild.160101.0800)","Windows 10 Enterprise Evaluation","Windows 10 Enterprise Evaluation",windows,windows,"10.0",information,"Registry value set:
RuleName: T1031,T1050
EventType: SetValue
UtcTime: 2022-10-24 14:04:57.405
ProcessGuid: {ef486c7a-f97d-6356-0b00-000000001500}
ProcessId: 624
Image: C:\Windows\system32\services.exe
TargetObject: HKLM\System\CurrentControlSet\Services\ahHeQbOD\Start
Details: DWORD (0x00000002)
User: NT AUTHORITY\SYSTEM","-",wineventlog,"Microsoft-Windows-Sysmon/Operational","vagrant-10","-","-","-","-","-","-","-","-","-","-","-","-","-","-","-","-","-","DWORD (0x00000002)","-",SetValue,"-","-","C:\Windows\system32\services.exe","-","-","-","-","-","-","-","-","-","-","-","-","-","-","-","-","-","-","-","-","-","-","-","-","-","-","-","{ef486c7a-f97d-6356-0b00-000000001500}",624,"-","-","-","-","-","-","-","-","-","-","T1031,T1050","-","-","-","-","-","-","-","-","-","-","-","-","-","-","-","-","-","-","-","-","-","-","-","-","-","-","-","HKLM\System\CurrentControlSet\Services\ahHeQbOD\Start","-","-","-","-","-","-","-","-","-","-","NT AUTHORITY\SYSTEM","2022-10-24 14:04:57.405","-","-","-","-","-","-","-","-","-","-","-","-","-","-","-","-","-","-","-","-","-",13,"-",Info,"2,064","3,220","{5770385f-c22a-43e0-bf4c-06f5698ffbd9}","Microsoft-Windows-Sysmon",1745,"Registry value set (rule: RegistryEvent)","NT AUTHORITY","S-1-5-18",SYSTEM,User,2
"Oct 24, 2022 @ 22:04:57.415",lPJPCoQBQo9Iz8vxnPve,".ds-winlogbeat-8.4.3-2022.10.17-000001","-","8d24c149-a762-44f9-ba0d-58433a72abc0","vagrant-10","24130491-308c-4270-b613-e4ed7c62ad4a","vagrant-10",winlogbeat,"8.4.3","8.0.0","Registry value set (rule: RegistryEvent)",13,"Oct 24, 2022 @ 22:04:58.180",event,"<Event xmlns='http://schemas.microsoft.com/win/2004/08/events/event'><System><Provider Name='Microsoft-Windows-Sysmon' Guid='{5770385f-c22a-43e0-bf4c-06f5698ffbd9}'/><EventID>13</EventID><Version>2</Version><Level>4</Level><Task>13</Task><Opcode>0</Opcode><Keywords>0x8000000000000000</Keywords><TimeCreated SystemTime='2022-10-24T14:04:57.4158338Z'/><EventRecordID>1746</EventRecordID><Correlation/><Execution ProcessID='2064' ThreadID='3220'/><Channel>Microsoft-Windows-Sysmon/Operational</Channel><Computer>vagrant-10</Computer><Security UserID='S-1-5-18'/></System><EventData><Data Name='RuleName'>T1031,T1050</Data><Data Name='EventType'>SetValue</Data><Data Name='UtcTime'>2022-10-24 14:04:57.405</Data><Data Name='ProcessGuid'>{ef486c7a-f97d-6356-0b00-000000001500}</Data><Data Name='ProcessId'>624</Data><Data Name='Image'>C:\Windows\system32\services.exe</Data><Data Name='TargetObject'>HKLM\System\CurrentControlSet\Services\ahHeQbOD\ImagePath</Data><Data Name='Details'>""C:\Windows\TEMP\ZNuyqd.exe"" ohvXI</Data><Data Name='User'>NT AUTHORITY\SYSTEM</Data></EventData><RenderingInfo Culture='en-US'><Message>Registry value set:
RuleName: T1031,T1050
EventType: SetValue
UtcTime: 2022-10-24 14:04:57.405
ProcessGuid: {ef486c7a-f97d-6356-0b00-000000001500}
ProcessId: 624
Image: C:\Windows\system32\services.exe
TargetObject: HKLM\System\CurrentControlSet\Services\ahHeQbOD\ImagePath
Details: ""C:\Windows\TEMP\ZNuyqd.exe"" ohvXI
User: NT AUTHORITY\SYSTEM</Message><Level>Information</Level><Task>Registry value set (rule: RegistryEvent)</Task><Opcode>Info</Opcode><Channel></Channel><Provider></Provider><Keywords></Keywords></RenderingInfo></Event>","-","Microsoft-Windows-Sysmon","x86_64","vagrant-10","ef486c7a-d018-43ce-bc87-fd5ce10088a9","fe80::650c:205f:e854:a4c3, 192.168.103.3","08:00:27:e3:04:fd","vagrant-10","19043.1348",windows,"10.0.19041.1348 (WinBuild.160101.0800)","Windows 10 Enterprise Evaluation","Windows 10 Enterprise Evaluation",windows,windows,"10.0",information,"Registry value set:
RuleName: T1031,T1050
EventType: SetValue
UtcTime: 2022-10-24 14:04:57.405
ProcessGuid: {ef486c7a-f97d-6356-0b00-000000001500}
ProcessId: 624
Image: C:\Windows\system32\services.exe
TargetObject: HKLM\System\CurrentControlSet\Services\ahHeQbOD\ImagePath
Details: ""C:\Windows\TEMP\ZNuyqd.exe"" ohvXI
User: NT AUTHORITY\SYSTEM","-",wineventlog,"Microsoft-Windows-Sysmon/Operational","vagrant-10","-","-","-","-","-","-","-","-","-","-","-","-","-","-","-","-","-","""C:\Windows\TEMP\ZNuyqd.exe"" ohvXI","-",SetValue,"-","-","C:\Windows\system32\services.exe","-","-","-","-","-","-","-","-","-","-","-","-","-","-","-","-","-","-","-","-","-","-","-","-","-","-","-","{ef486c7a-f97d-6356-0b00-000000001500}",624,"-","-","-","-","-","-","-","-","-","-","T1031,T1050","-","-","-","-","-","-","-","-","-","-","-","-","-","-","-","-","-","-","-","-","-","-","-","-","-","-","-","HKLM\System\CurrentControlSet\Services\ahHeQbOD\ImagePath","-","-","-","-","-","-","-","-","-","-","NT AUTHORITY\SYSTEM","2022-10-24 14:04:57.405","-","-","-","-","-","-","-","-","-","-","-","-","-","-","-","-","-","-","-","-","-",13,"-",Info,"2,064","3,220","{5770385f-c22a-43e0-bf4c-06f5698ffbd9}","Microsoft-Windows-Sysmon",1746,"Registry value set (rule: RegistryEvent)","NT AUTHORITY","S-1-5-18",SYSTEM,User,2
"Oct 24, 2022 @ 22:04:57.415",nvJPCoQBQo9Iz8vxnPve,".ds-winlogbeat-8.4.3-2022.10.17-000001","-","8d24c149-a762-44f9-ba0d-58433a72abc0","vagrant-10","24130491-308c-4270-b613-e4ed7c62ad4a","vagrant-10",winlogbeat,"8.4.3","8.0.0","Registry value set (rule: RegistryEvent)",13,"Oct 24, 2022 @ 22:04:58.182",event,"<Event xmlns='http://schemas.microsoft.com/win/2004/08/events/event'><System><Provider Name='Microsoft-Windows-Sysmon' Guid='{5770385f-c22a-43e0-bf4c-06f5698ffbd9}'/><EventID>13</EventID><Version>2</Version><Level>4</Level><Task>13</Task><Opcode>0</Opcode><Keywords>0x8000000000000000</Keywords><TimeCreated SystemTime='2022-10-24T14:04:57.4154630Z'/><EventRecordID>1745</EventRecordID><Correlation/><Execution ProcessID='2064' ThreadID='3220'/><Channel>Microsoft-Windows-Sysmon/Operational</Channel><Computer>vagrant-10</Computer><Security UserID='S-1-5-18'/></System><EventData><Data Name='RuleName'>T1031,T1050</Data><Data Name='EventType'>SetValue</Data><Data Name='UtcTime'>2022-10-24 14:04:57.405</Data><Data Name='ProcessGuid'>{ef486c7a-f97d-6356-0b00-000000001500}</Data><Data Name='ProcessId'>624</Data><Data Name='Image'>C:\Windows\system32\services.exe</Data><Data Name='TargetObject'>HKLM\System\CurrentControlSet\Services\ahHeQbOD\Start</Data><Data Name='Details'>DWORD (0x00000002)</Data><Data Name='User'>NT AUTHORITY\SYSTEM</Data></EventData><RenderingInfo Culture='en-US'><Message>Registry value set:
RuleName: T1031,T1050
EventType: SetValue
UtcTime: 2022-10-24 14:04:57.405
ProcessGuid: {ef486c7a-f97d-6356-0b00-000000001500}
ProcessId: 624
Image: C:\Windows\system32\services.exe
TargetObject: HKLM\System\CurrentControlSet\Services\ahHeQbOD\Start
Details: DWORD (0x00000002)
User: NT AUTHORITY\SYSTEM</Message><Level>Information</Level><Task>Registry value set (rule: RegistryEvent)</Task><Opcode>Info</Opcode><Channel></Channel><Provider></Provider><Keywords></Keywords></RenderingInfo></Event>","-","Microsoft-Windows-Sysmon","x86_64","vagrant-10","ef486c7a-d018-43ce-bc87-fd5ce10088a9","fe80::650c:205f:e854:a4c3, 192.168.103.3","08:00:27:e3:04:fd","vagrant-10","19043.1348",windows,"10.0.19041.1348 (WinBuild.160101.0800)","Windows 10 Enterprise Evaluation","Windows 10 Enterprise Evaluation",windows,windows,"10.0",information,"Registry value set:
RuleName: T1031,T1050
EventType: SetValue
UtcTime: 2022-10-24 14:04:57.405
ProcessGuid: {ef486c7a-f97d-6356-0b00-000000001500}
ProcessId: 624
Image: C:\Windows\system32\services.exe
TargetObject: HKLM\System\CurrentControlSet\Services\ahHeQbOD\Start
Details: DWORD (0x00000002)
User: NT AUTHORITY\SYSTEM","-",wineventlog,"Microsoft-Windows-Sysmon/Operational","vagrant-10","-","-","-","-","-","-","-","-","-","-","-","-","-","-","-","-","-","DWORD (0x00000002)","-",SetValue,"-","-","C:\Windows\system32\services.exe","-","-","-","-","-","-","-","-","-","-","-","-","-","-","-","-","-","-","-","-","-","-","-","-","-","-","-","{ef486c7a-f97d-6356-0b00-000000001500}",624,"-","-","-","-","-","-","-","-","-","-","T1031,T1050","-","-","-","-","-","-","-","-","-","-","-","-","-","-","-","-","-","-","-","-","-","-","-","-","-","-","-","HKLM\System\CurrentControlSet\Services\ahHeQbOD\Start","-","-","-","-","-","-","-","-","-","-","NT AUTHORITY\SYSTEM","2022-10-24 14:04:57.405","-","-","-","-","-","-","-","-","-","-","-","-","-","-","-","-","-","-","-","-","-",13,"-",Info,"2,064","3,220","{5770385f-c22a-43e0-bf4c-06f5698ffbd9}","Microsoft-Windows-Sysmon",1745,"Registry value set (rule: RegistryEvent)","NT AUTHORITY","S-1-5-18",SYSTEM,User,2
"Oct 24, 2022 @ 22:04:57.415","n_JPCoQBQo9Iz8vxnPve",".ds-winlogbeat-8.4.3-2022.10.17-000001","-","8d24c149-a762-44f9-ba0d-58433a72abc0","vagrant-10","24130491-308c-4270-b613-e4ed7c62ad4a","vagrant-10",winlogbeat,"8.4.3","8.0.0","Registry value set (rule: RegistryEvent)",13,"Oct 24, 2022 @ 22:04:58.183",event,"<Event xmlns='http://schemas.microsoft.com/win/2004/08/events/event'><System><Provider Name='Microsoft-Windows-Sysmon' Guid='{5770385f-c22a-43e0-bf4c-06f5698ffbd9}'/><EventID>13</EventID><Version>2</Version><Level>4</Level><Task>13</Task><Opcode>0</Opcode><Keywords>0x8000000000000000</Keywords><TimeCreated SystemTime='2022-10-24T14:04:57.4158338Z'/><EventRecordID>1746</EventRecordID><Correlation/><Execution ProcessID='2064' ThreadID='3220'/><Channel>Microsoft-Windows-Sysmon/Operational</Channel><Computer>vagrant-10</Computer><Security UserID='S-1-5-18'/></System><EventData><Data Name='RuleName'>T1031,T1050</Data><Data Name='EventType'>SetValue</Data><Data Name='UtcTime'>2022-10-24 14:04:57.405</Data><Data Name='ProcessGuid'>{ef486c7a-f97d-6356-0b00-000000001500}</Data><Data Name='ProcessId'>624</Data><Data Name='Image'>C:\Windows\system32\services.exe</Data><Data Name='TargetObject'>HKLM\System\CurrentControlSet\Services\ahHeQbOD\ImagePath</Data><Data Name='Details'>""C:\Windows\TEMP\ZNuyqd.exe"" ohvXI</Data><Data Name='User'>NT AUTHORITY\SYSTEM</Data></EventData><RenderingInfo Culture='en-US'><Message>Registry value set:
RuleName: T1031,T1050
EventType: SetValue
UtcTime: 2022-10-24 14:04:57.405
ProcessGuid: {ef486c7a-f97d-6356-0b00-000000001500}
ProcessId: 624
Image: C:\Windows\system32\services.exe
TargetObject: HKLM\System\CurrentControlSet\Services\ahHeQbOD\ImagePath
Details: ""C:\Windows\TEMP\ZNuyqd.exe"" ohvXI
User: NT AUTHORITY\SYSTEM</Message><Level>Information</Level><Task>Registry value set (rule: RegistryEvent)</Task><Opcode>Info</Opcode><Channel></Channel><Provider></Provider><Keywords></Keywords></RenderingInfo></Event>","-","Microsoft-Windows-Sysmon","x86_64","vagrant-10","ef486c7a-d018-43ce-bc87-fd5ce10088a9","fe80::650c:205f:e854:a4c3, 192.168.103.3","08:00:27:e3:04:fd","vagrant-10","19043.1348",windows,"10.0.19041.1348 (WinBuild.160101.0800)","Windows 10 Enterprise Evaluation","Windows 10 Enterprise Evaluation",windows,windows,"10.0",information,"Registry value set:
RuleName: T1031,T1050
EventType: SetValue
UtcTime: 2022-10-24 14:04:57.405
ProcessGuid: {ef486c7a-f97d-6356-0b00-000000001500}
ProcessId: 624
Image: C:\Windows\system32\services.exe
TargetObject: HKLM\System\CurrentControlSet\Services\ahHeQbOD\ImagePath
Details: ""C:\Windows\TEMP\ZNuyqd.exe"" ohvXI
User: NT AUTHORITY\SYSTEM","-",wineventlog,"Microsoft-Windows-Sysmon/Operational","vagrant-10","-","-","-","-","-","-","-","-","-","-","-","-","-","-","-","-","-","""C:\Windows\TEMP\ZNuyqd.exe"" ohvXI","-",SetValue,"-","-","C:\Windows\system32\services.exe","-","-","-","-","-","-","-","-","-","-","-","-","-","-","-","-","-","-","-","-","-","-","-","-","-","-","-","{ef486c7a-f97d-6356-0b00-000000001500}",624,"-","-","-","-","-","-","-","-","-","-","T1031,T1050","-","-","-","-","-","-","-","-","-","-","-","-","-","-","-","-","-","-","-","-","-","-","-","-","-","-","-","HKLM\System\CurrentControlSet\Services\ahHeQbOD\ImagePath","-","-","-","-","-","-","-","-","-","-","NT AUTHORITY\SYSTEM","2022-10-24 14:04:57.405","-","-","-","-","-","-","-","-","-","-","-","-","-","-","-","-","-","-","-","-","-",13,"-",Info,"2,064","3,220","{5770385f-c22a-43e0-bf4c-06f5698ffbd9}","Microsoft-Windows-Sysmon",1746,"Registry value set (rule: RegistryEvent)","NT AUTHORITY","S-1-5-18",SYSTEM,User,2
"Oct 24, 2022 @ 22:04:57.405","i_JPCoQBQo9Iz8vxnPve",".ds-winlogbeat-8.4.3-2022.10.17-000001","-","8d24c149-a762-44f9-ba0d-58433a72abc0","vagrant-10","24130491-308c-4270-b613-e4ed7c62ad4a","vagrant-10",winlogbeat,"8.4.3","8.0.0",None,7045,"Oct 24, 2022 @ 22:04:58.107",event,"<Event xmlns='http://schemas.microsoft.com/win/2004/08/events/event'><System><Provider Name='Service Control Manager' Guid='{555908d1-a6d7-4695-8e1e-26931d2012f4}' EventSourceName='Service Control Manager'/><EventID Qualifiers='16384'>7045</EventID><Version>0</Version><Level>4</Level><Task>0</Task><Opcode>0</Opcode><Keywords>0x8080000000000000</Keywords><TimeCreated SystemTime='2022-10-24T14:04:57.4056446Z'/><EventRecordID>1573</EventRecordID><Correlation/><Execution ProcessID='624' ThreadID='6576'/><Channel>System</Channel><Computer>vagrant-10</Computer><Security UserID='S-1-5-18'/></System><EventData><Data Name='ServiceName'>hVZFYJAMsB</Data><Data Name='ImagePath'>""C:\Windows\TEMP\ZNuyqd.exe"" ohvXI</Data><Data Name='ServiceType'>user mode service</Data><Data Name='StartType'>auto start</Data><Data Name='AccountName'>LocalSystem</Data></EventData><RenderingInfo Culture='en-US'><Message>A service was installed in the system.

Service Name:  hVZFYJAMsB
Service File Name:  ""C:\Windows\TEMP\ZNuyqd.exe"" ohvXI
Service Type:  user mode service
Service Start Type:  auto start
Service Account:  LocalSystem</Message><Level>Information</Level><Task></Task><Opcode></Opcode><Channel></Channel><Provider>Microsoft-Windows-Service Control Manager</Provider><Keywords><Keyword>Classic</Keyword></Keywords></RenderingInfo></Event>","-","S